[ 2017-04-18T17:31:58+08:00 ] ::1 /jfsc/
INFO: [ app_init ] --START--
INFO: Run Behavior\BuildLiteBehavior [ RunTime:0.000026s ]
INFO: [ app_init ] --END-- [ RunTime:0.000653s ]
INFO: [ app_begin ] --START--
INFO: Run Behavior\ReadHtmlCacheBehavior [ RunTime:0.001310s ]
INFO: [ app_begin ] --END-- [ RunTime:0.001434s ]
NOTIC: [8] Undefined index: Hukcuser E:\phpstudy\WWW\jfsc\Application\Index\Home\Controller\IndexController.class.php Á¨¨ 11 Ë°å.
NOTIC: [8] Use of undefined constant neq - assumed 'neq' E:\phpstudy\WWW\jfsc\Application\Index\Home\Controller\IndexController.class.php Á¨¨ 17 Ë°å.
SQL: SHOW COLUMNS FROM `jf_type` [ RunTime:0.005021s ]
SQL: SELECT * FROM `jf_type` WHERE ( type_pid=0 ) ORDER BY type_sort asc  [ RunTime:0.000428s ]
SQL: SHOW COLUMNS FROM `jf_slide` [ RunTime:0.054244s ]
SQL: SELECT * FROM `jf_slide`  [ RunTime:0.000245s ]
SQL: SHOW COLUMNS FROM `jf_prd` [ RunTime:0.003382s ]
SQL: SELECT * FROM `jf_prd` WHERE `status` <> -1 ORDER BY prd_id desc LIMIT 8   [ RunTime:0.000330s ]
SQL: SELECT * FROM `jf_prd` WHERE `status` <> -1 ORDER BY clicknum desc LIMIT 8   [ RunTime:0.000255s ]
SQL: SELECT * FROM `jf_type` WHERE ( type_pid=68 )  [ RunTime:0.000158s ]
SQL: SELECT * FROM `jf_type` WHERE ( type_pid=74 )  [ RunTime:0.000143s ]
SQL: SELECT * FROM `jf_type` WHERE ( type_pid=79 )  [ RunTime:0.000137s ]
SQL: SELECT * FROM `jf_type` WHERE ( type_pid=53 )  [ RunTime:0.000139s ]
SQL: SELECT * FROM `jf_type` WHERE ( type_pid=59 )  [ RunTime:0.000147s ]
NOTIC: [8] Undefined offset: 5 E:\phpstudy\WWW\jfsc\Application\Index\Home\Controller\IndexController.class.php Á¨¨ 37 Ë°å.
SQL: SELECT * FROM `jf_type` WHERE ( type_pid= )  [ RunTime:0.000086s ]
ERR: 1064:You have an error in your SQL syntax; check the manual that corresponds to your MySQL server version for the right syntax to use near ')' at line 1
 [ SQLËØ≠Âè• ] : SELECT * FROM `jf_type` WHERE ( type_pid= ) 
INFO: [ view_parse ] --START--
INFO: [ template_filter ] --START--
INFO: Run Behavior\ContentReplaceBehavior [ RunTime:0.000152s ]
INFO: [ template_filter ] --END-- [ RunTime:0.000246s ]
NOTIC: [8] Undefined variable: Hukcuser E:\phpstudy\WWW\jfsc\Application\Index\Runtime\Cache\Home\2955b94ad7a1053942104bcab546ee6e.php Á¨¨ 182 Ë°å.
NOTIC: [8] Undefined variable: Hukcuser E:\phpstudy\WWW\jfsc\Application\Index\Runtime\Cache\Home\2955b94ad7a1053942104bcab546ee6e.php Á¨¨ 184 Ë°å.
NOTIC: [8] Undefined variable: Hukcuser E:\phpstudy\WWW\jfsc\Application\Index\Runtime\Cache\Home\2955b94ad7a1053942104bcab546ee6e.php Á¨¨ 185 Ë°å.
INFO: Run Behavior\ParseTemplateBehavior [ RunTime:0.096828s ]
INFO: [ view_parse ] --END-- [ RunTime:0.096952s ]
INFO: [ view_filter ] --START--
INFO: Run Behavior\WriteHtmlCacheBehavior [ RunTime:0.000646s ]
INFO: [ view_filter ] --END-- [ RunTime:0.000700s ]
INFO: [ app_end ] --START--
INFO: Run Behavior\ShowPageTraceBehavior [ RunTime:0.001165s ]
INFO: [ app_end ] --END-- [ RunTime:0.001236s ]

[ 2017-04-18T17:40:35+08:00 ] ::1 /jfsc/
INFO: [ app_init ] --START--
INFO: Run Behavior\BuildLiteBehavior [ RunTime:0.000028s ]
INFO: [ app_init ] --END-- [ RunTime:0.000660s ]
INFO: [ app_begin ] --START--
INFO: Run Behavior\ReadHtmlCacheBehavior [ RunTime:0.000943s ]
INFO: [ app_begin ] --END-- [ RunTime:0.001020s ]
NOTIC: [8] Undefined index: Hukcuser E:\phpstudy\WWW\jfsc\Application\Index\Home\Controller\IndexController.class.php Á¨¨ 11 Ë°å.
NOTIC: [8] Use of undefined constant neq - assumed 'neq' E:\phpstudy\WWW\jfsc\Application\Index\Home\Controller\IndexController.class.php Á¨¨ 17 Ë°å.
SQL: SHOW COLUMNS FROM `jf_type` [ RunTime:0.003800s ]
SQL: SELECT * FROM `jf_type` WHERE ( type_pid=0 ) ORDER BY type_sort asc  [ RunTime:0.000295s ]
SQL: SHOW COLUMNS FROM `jf_slide` [ RunTime:0.009052s ]
SQL: SELECT * FROM `jf_slide`  [ RunTime:0.000259s ]
SQL: SHOW COLUMNS FROM `jf_prd` [ RunTime:0.003661s ]
SQL: SELECT * FROM `jf_prd` WHERE `status` <> -1 ORDER BY prd_id desc LIMIT 8   [ RunTime:0.000387s ]
SQL: SELECT * FROM `jf_prd` WHERE `status` <> -1 ORDER BY clicknum desc LIMIT 8   [ RunTime:0.000295s ]
SQL: SELECT * FROM `jf_type` WHERE ( type_pid=68 )  [ RunTime:0.000200s ]
SQL: SELECT * FROM `jf_type` WHERE ( type_pid=74 )  [ RunTime:0.000182s ]
SQL: SELECT * FROM `jf_type` WHERE ( type_pid=79 )  [ RunTime:0.000182s ]
SQL: SELECT * FROM `jf_type` WHERE ( type_pid=53 )  [ RunTime:0.000179s ]
SQL: SELECT * FROM `jf_type` WHERE ( type_pid=59 )  [ RunTime:0.000178s ]
NOTIC: [8] Undefined offset: 5 E:\phpstudy\WWW\jfsc\Application\Index\Home\Controller\IndexController.class.php Á¨¨ 37 Ë°å.
SQL: SELECT * FROM `jf_type` WHERE ( type_pid= )  [ RunTime:0.000118s ]
ERR: 1064:You have an error in your SQL syntax; check the manual that corresponds to your MySQL server version for the right syntax to use near ')' at line 1
 [ SQLËØ≠Âè• ] : SELECT * FROM `jf_type` WHERE ( type_pid= ) 
INFO: [ view_parse ] --START--
INFO: [ template_filter ] --START--
INFO: Run Behavior\ContentReplaceBehavior [ RunTime:0.000132s ]
INFO: [ template_filter ] --END-- [ RunTime:0.000205s ]
NOTIC: [8] Undefined variable: Hukcuser E:\phpstudy\WWW\jfsc\Application\Index\Runtime\Cache\Home\2955b94ad7a1053942104bcab546ee6e.php Á¨¨ 182 Ë°å.
NOTIC: [8] Undefined variable: Hukcuser E:\phpstudy\WWW\jfsc\Application\Index\Runtime\Cache\Home\2955b94ad7a1053942104bcab546ee6e.php Á¨¨ 184 Ë°å.
NOTIC: [8] Undefined variable: Hukcuser E:\phpstudy\WWW\jfsc\Application\Index\Runtime\Cache\Home\2955b94ad7a1053942104bcab546ee6e.php Á¨¨ 185 Ë°å.
INFO: Run Behavior\ParseTemplateBehavior [ RunTime:0.018002s ]
INFO: [ view_parse ] --END-- [ RunTime:0.018075s ]
INFO: [ view_filter ] --START--
INFO: Run Behavior\WriteHtmlCacheBehavior [ RunTime:0.000632s ]
INFO: [ view_filter ] --END-- [ RunTime:0.000689s ]
INFO: [ app_end ] --START--
INFO: Run Behavior\ShowPageTraceBehavior [ RunTime:0.000943s ]
INFO: [ app_end ] --END-- [ RunTime:0.001012s ]

[ 2017-04-18T17:40:39+08:00 ] ::1 /jfsc/index.php?c=Product&a=searchmessage
INFO: [ app_init ] --START--
INFO: Run Behavior\BuildLiteBehavior [ RunTime:0.000015s ]
INFO: [ app_init ] --END-- [ RunTime:0.000375s ]
INFO: [ app_begin ] --START--
INFO: Run Behavior\ReadHtmlCacheBehavior [ RunTime:0.000843s ]
INFO: [ app_begin ] --END-- [ RunTime:0.000899s ]
NOTIC: [8] Use of undefined constant like - assumed 'like' E:\phpstudy\WWW\jfsc\Application\Index\Home\Controller\ProductController.class.php Á¨¨ 170 Ë°å.
SQL: SHOW COLUMNS FROM `jf_prdkeyword` [ RunTime:0.005205s ]
SQL: SELECT * FROM `jf_prdkeyword` WHERE `prdkeyword_name` LIKE '%d%'  [ RunTime:0.000501s ]
NOTIC: [2] Invalid argument supplied for foreach() E:\phpstudy\WWW\jfsc\Application\Index\Home\Controller\ProductController.class.php Á¨¨ 173 Ë°å.

[ 2017-04-18T17:40:39+08:00 ] ::1 /jfsc/index.php?c=Product&a=searchmessage
INFO: [ app_init ] --START--
INFO: Run Behavior\BuildLiteBehavior [ RunTime:0.000026s ]
INFO: [ app_init ] --END-- [ RunTime:0.000602s ]
INFO: [ app_begin ] --START--
INFO: Run Behavior\ReadHtmlCacheBehavior [ RunTime:0.001230s ]
INFO: [ app_begin ] --END-- [ RunTime:0.001319s ]
NOTIC: [8] Use of undefined constant like - assumed 'like' E:\phpstudy\WWW\jfsc\Application\Index\Home\Controller\ProductController.class.php Á¨¨ 170 Ë°å.
SQL: SHOW COLUMNS FROM `jf_prdkeyword` [ RunTime:0.003396s ]
SQL: SELECT * FROM `jf_prdkeyword` WHERE `prdkeyword_name` LIKE '%de%'  [ RunTime:0.000268s ]
NOTIC: [2] Invalid argument supplied for foreach() E:\phpstudy\WWW\jfsc\Application\Index\Home\Controller\ProductController.class.php Á¨¨ 173 Ë°å.

[ 2017-04-18T17:40:39+08:00 ] ::1 /jfsc/index.php?c=Product&a=searchmessage
INFO: [ app_init ] --START--
INFO: Run Behavior\BuildLiteBehavior [ RunTime:0.000015s ]
INFO: [ app_init ] --END-- [ RunTime:0.000372s ]
INFO: [ app_begin ] --START--
INFO: Run Behavior\ReadHtmlCacheBehavior [ RunTime:0.000845s ]
INFO: [ app_begin ] --END-- [ RunTime:0.000905s ]
NOTIC: [8] Use of undefined constant like - assumed 'like' E:\phpstudy\WWW\jfsc\Application\Index\Home\Controller\ProductController.class.php Á¨¨ 170 Ë°å.
SQL: SHOW COLUMNS FROM `jf_prdkeyword` [ RunTime:0.003332s ]
SQL: SELECT * FROM `jf_prdkeyword` WHERE `prdkeyword_name` LIKE '%den%'  [ RunTime:0.000238s ]
NOTIC: [2] Invalid argument supplied for foreach() E:\phpstudy\WWW\jfsc\Application\Index\Home\Controller\ProductController.class.php Á¨¨ 173 Ë°å.

[ 2017-04-18T17:40:39+08:00 ] ::1 /jfsc/index.php?c=Product&a=searchmessage
INFO: [ app_init ] --START--
INFO: Run Behavior\BuildLiteBehavior [ RunTime:0.000014s ]
INFO: [ app_init ] --END-- [ RunTime:0.000398s ]
INFO: [ app_begin ] --START--
INFO: Run Behavior\ReadHtmlCacheBehavior [ RunTime:0.001133s ]
INFO: [ app_begin ] --END-- [ RunTime:0.001214s ]
NOTIC: [8] Use of undefined constant like - assumed 'like' E:\phpstudy\WWW\jfsc\Application\Index\Home\Controller\ProductController.class.php Á¨¨ 170 Ë°å.
SQL: SHOW COLUMNS FROM `jf_prdkeyword` [ RunTime:0.003609s ]
SQL: SELECT * FROM `jf_prdkeyword` WHERE `prdkeyword_name` LIKE '%deng%'  [ RunTime:0.000273s ]
NOTIC: [2] Invalid argument supplied for foreach() E:\phpstudy\WWW\jfsc\Application\Index\Home\Controller\ProductController.class.php Á¨¨ 173 Ë°å.

[ 2017-04-18T17:40:40+08:00 ] ::1 /jfsc/index.php?c=Product&a=searchmessage
INFO: [ app_init ] --START--
INFO: Run Behavior\BuildLiteBehavior [ RunTime:0.000016s ]
INFO: [ app_init ] --END-- [ RunTime:0.000402s ]
INFO: [ app_begin ] --START--
INFO: Run Behavior\ReadHtmlCacheBehavior [ RunTime:0.000825s ]
INFO: [ app_begin ] --END-- [ RunTime:0.000882s ]
NOTIC: [8] Use of undefined constant like - assumed 'like' E:\phpstudy\WWW\jfsc\Application\Index\Home\Controller\ProductController.class.php Á¨¨ 170 Ë°å.
SQL: SHOW COLUMNS FROM `jf_prdkeyword` [ RunTime:0.003268s ]
SQL: SELECT * FROM `jf_prdkeyword` WHERE `prdkeyword_name` LIKE '%den%'  [ RunTime:0.000241s ]
NOTIC: [2] Invalid argument supplied for foreach() E:\phpstudy\WWW\jfsc\Application\Index\Home\Controller\ProductController.class.php Á¨¨ 173 Ë°å.

[ 2017-04-18T17:40:40+08:00 ] ::1 /jfsc/index.php?c=Product&a=searchmessage
INFO: [ app_init ] --START--
INFO: Run Behavior\BuildLiteBehavior [ RunTime:0.000027s ]
INFO: [ app_init ] --END-- [ RunTime:0.000601s ]
INFO: [ app_begin ] --START--
INFO: Run Behavior\ReadHtmlCacheBehavior [ RunTime:0.001245s ]
INFO: [ app_begin ] --END-- [ RunTime:0.001339s ]
NOTIC: [8] Use of undefined constant like - assumed 'like' E:\phpstudy\WWW\jfsc\Application\Index\Home\Controller\ProductController.class.php Á¨¨ 170 Ë°å.
SQL: SHOW COLUMNS FROM `jf_prdkeyword` [ RunTime:0.003354s ]
SQL: SELECT * FROM `jf_prdkeyword` WHERE `prdkeyword_name` LIKE '%de%'  [ RunTime:0.000241s ]
NOTIC: [2] Invalid argument supplied for foreach() E:\phpstudy\WWW\jfsc\Application\Index\Home\Controller\ProductController.class.php Á¨¨ 173 Ë°å.

[ 2017-04-18T17:40:40+08:00 ] ::1 /jfsc/index.php?c=Product&a=searchmessage
INFO: [ app_init ] --START--
INFO: Run Behavior\BuildLiteBehavior [ RunTime:0.000016s ]
INFO: [ app_init ] --END-- [ RunTime:0.000372s ]
INFO: [ app_begin ] --START--
INFO: Run Behavior\ReadHtmlCacheBehavior [ RunTime:0.000817s ]
INFO: [ app_begin ] --END-- [ RunTime:0.000873s ]
NOTIC: [8] Use of undefined constant like - assumed 'like' E:\phpstudy\WWW\jfsc\Application\Index\Home\Controller\ProductController.class.php Á¨¨ 170 Ë°å.
SQL: SHOW COLUMNS FROM `jf_prdkeyword` [ RunTime:0.003523s ]
SQL: SELECT * FROM `jf_prdkeyword` WHERE `prdkeyword_name` LIKE '%d%'  [ RunTime:0.000270s ]
NOTIC: [2] Invalid argument supplied for foreach() E:\phpstudy\WWW\jfsc\Application\Index\Home\Controller\ProductController.class.php Á¨¨ 173 Ë°å.

[ 2017-04-18T17:40:40+08:00 ] ::1 /jfsc/index.php?c=Product&a=searchmessage
INFO: [ app_init ] --START--
INFO: Run Behavior\BuildLiteBehavior [ RunTime:0.000017s ]
INFO: [ app_init ] --END-- [ RunTime:0.000411s ]
INFO: [ app_begin ] --START--
INFO: Run Behavior\ReadHtmlCacheBehavior [ RunTime:0.000821s ]
INFO: [ app_begin ] --END-- [ RunTime:0.000887s ]
NOTIC: [8] Use of undefined constant like - assumed 'like' E:\phpstudy\WWW\jfsc\Application\Index\Home\Controller\ProductController.class.php Á¨¨ 170 Ë°å.
SQL: SHOW COLUMNS FROM `jf_prdkeyword` [ RunTime:0.003500s ]
SQL: SELECT * FROM `jf_prdkeyword` WHERE `prdkeyword_name` LIKE '%%'  [ RunTime:0.000263s ]

[ 2017-04-18T17:40:40+08:00 ] ::1 /jfsc/index.php?c=Product&a=searchmessage
INFO: [ app_init ] --START--
INFO: Run Behavior\BuildLiteBehavior [ RunTime:0.000015s ]
INFO: [ app_init ] --END-- [ RunTime:0.000375s ]
INFO: [ app_begin ] --START--
INFO: Run Behavior\ReadHtmlCacheBehavior [ RunTime:0.000873s ]
INFO: [ app_begin ] --END-- [ RunTime:0.000929s ]
NOTIC: [8] Use of undefined constant like - assumed 'like' E:\phpstudy\WWW\jfsc\Application\Index\Home\Controller\ProductController.class.php Á¨¨ 170 Ë°å.
SQL: SHOW COLUMNS FROM `jf_prdkeyword` [ RunTime:0.016197s ]
SQL: SELECT * FROM `jf_prdkeyword` WHERE `prdkeyword_name` LIKE '%d%'  [ RunTime:0.000264s ]
NOTIC: [2] Invalid argument supplied for foreach() E:\phpstudy\WWW\jfsc\Application\Index\Home\Controller\ProductController.class.php Á¨¨ 173 Ë°å.

[ 2017-04-18T17:40:40+08:00 ] ::1 /jfsc/index.php?c=Product&a=searchmessage
INFO: [ app_init ] --START--
INFO: Run Behavior\BuildLiteBehavior [ RunTime:0.000019s ]
INFO: [ app_init ] --END-- [ RunTime:0.000565s ]
INFO: [ app_begin ] --START--
INFO: Run Behavior\ReadHtmlCacheBehavior [ RunTime:0.000867s ]
INFO: [ app_begin ] --END-- [ RunTime:0.000938s ]
NOTIC: [8] Use of undefined constant like - assumed 'like' E:\phpstudy\WWW\jfsc\Application\Index\Home\Controller\ProductController.class.php Á¨¨ 170 Ë°å.
SQL: SHOW COLUMNS FROM `jf_prdkeyword` [ RunTime:0.035239s ]
SQL: SELECT * FROM `jf_prdkeyword` WHERE `prdkeyword_name` LIKE '%de%'  [ RunTime:0.000237s ]
NOTIC: [2] Invalid argument supplied for foreach() E:\phpstudy\WWW\jfsc\Application\Index\Home\Controller\ProductController.class.php Á¨¨ 173 Ë°å.

[ 2017-04-18T17:40:41+08:00 ] ::1 /jfsc/index.php?c=Product&a=searchmessage
INFO: [ app_init ] --START--
INFO: Run Behavior\BuildLiteBehavior [ RunTime:0.000016s ]
INFO: [ app_init ] --END-- [ RunTime:0.000404s ]
INFO: [ app_begin ] --START--
INFO: Run Behavior\ReadHtmlCacheBehavior [ RunTime:0.000821s ]
INFO: [ app_begin ] --END-- [ RunTime:0.000876s ]
NOTIC: [8] Use of undefined constant like - assumed 'like' E:\phpstudy\WWW\jfsc\Application\Index\Home\Controller\ProductController.class.php Á¨¨ 170 Ë°å.
SQL: SHOW COLUMNS FROM `jf_prdkeyword` [ RunTime:0.003346s ]
SQL: SELECT * FROM `jf_prdkeyword` WHERE `prdkeyword_name` LIKE '%den%'  [ RunTime:0.000236s ]
NOTIC: [2] Invalid argument supplied for foreach() E:\phpstudy\WWW\jfsc\Application\Index\Home\Controller\ProductController.class.php Á¨¨ 173 Ë°å.

[ 2017-04-18T17:40:41+08:00 ] ::1 /jfsc/index.php?c=Product&a=searchmessage
INFO: [ app_init ] --START--
INFO: Run Behavior\BuildLiteBehavior [ RunTime:0.000017s ]
INFO: [ app_init ] --END-- [ RunTime:0.000414s ]
INFO: [ app_begin ] --START--
INFO: Run Behavior\ReadHtmlCacheBehavior [ RunTime:0.000821s ]
INFO: [ app_begin ] --END-- [ RunTime:0.000895s ]
NOTIC: [8] Use of undefined constant like - assumed 'like' E:\phpstudy\WWW\jfsc\Application\Index\Home\Controller\ProductController.class.php Á¨¨ 170 Ë°å.
SQL: SHOW COLUMNS FROM `jf_prdkeyword` [ RunTime:0.003399s ]
SQL: SELECT * FROM `jf_prdkeyword` WHERE `prdkeyword_name` LIKE '%deng%'  [ RunTime:0.000242s ]
NOTIC: [2] Invalid argument supplied for foreach() E:\phpstudy\WWW\jfsc\Application\Index\Home\Controller\ProductController.class.php Á¨¨ 173 Ë°å.

[ 2017-04-18T17:40:41+08:00 ] ::1 /jfsc/index.php?c=Product&a=searchmessage
INFO: [ app_init ] --START--
INFO: Run Behavior\BuildLiteBehavior [ RunTime:0.000017s ]
INFO: [ app_init ] --END-- [ RunTime:0.000416s ]
INFO: [ app_begin ] --START--
INFO: Run Behavior\ReadHtmlCacheBehavior [ RunTime:0.000897s ]
INFO: [ app_begin ] --END-- [ RunTime:0.000974s ]
NOTIC: [8] Use of undefined constant like - assumed 'like' E:\phpstudy\WWW\jfsc\Application\Index\Home\Controller\ProductController.class.php Á¨¨ 170 Ë°å.
SQL: SHOW COLUMNS FROM `jf_prdkeyword` [ RunTime:0.003810s ]
SQL: SELECT * FROM `jf_prdkeyword` WHERE `prdkeyword_name` LIKE '%ÁÅ\Ø%'  [ RunTime:0.000513s ]

[ 2017-04-18T17:40:41+08:00 ] ::1 /jfsc/index.php?c=Product&a=searchmessage
INFO: [ app_init ] --START--
INFO: Run Behavior\BuildLiteBehavior [ RunTime:0.000023s ]
INFO: [ app_init ] --END-- [ RunTime:0.000596s ]
INFO: [ app_begin ] --START--
INFO: Run Behavior\ReadHtmlCacheBehavior [ RunTime:0.001140s ]
INFO: [ app_begin ] --END-- [ RunTime:0.001238s ]
NOTIC: [8] Use of undefined constant like - assumed 'like' E:\phpstudy\WWW\jfsc\Application\Index\Home\Controller\ProductController.class.php Á¨¨ 170 Ë°å.
SQL: SHOW COLUMNS FROM `jf_prdkeyword` [ RunTime:0.004190s ]
SQL: SELECT * FROM `jf_prdkeyword` WHERE `prdkeyword_name` LIKE '%ÁÅ\Ø%'  [ RunTime:0.000268s ]

