[ 2017-06-07T00:33:57+08:00 ] ::1 /jfsc/index.php
INFO: [ app_init ] --START--
INFO: Run Behavior\BuildLiteBehavior [ RunTime:0.000014s ]
INFO: [ app_init ] --END-- [ RunTime:0.000348s ]
INFO: [ app_begin ] --START--
INFO: Run Behavior\ReadHtmlCacheBehavior [ RunTime:0.000538s ]
INFO: [ app_begin ] --END-- [ RunTime:0.000598s ]
NOTIC: [8] Undefined index: Hukcuser E:\phpstudy\WWW\jfsc\Application\Index\Home\Controller\IndexController.class.php 第 11 行.
NOTIC: [8] Use of undefined constant neq - assumed 'neq' E:\phpstudy\WWW\jfsc\Application\Index\Home\Controller\IndexController.class.php 第 17 行.
SQL: SHOW COLUMNS FROM `jf_type` [ RunTime:0.032952s ]
SQL: SELECT * FROM `jf_type` WHERE ( type_pid=0 ) ORDER BY type_sort asc  [ RunTime:0.000270s ]
SQL: SHOW COLUMNS FROM `jf_slide` [ RunTime:0.026105s ]
SQL: SELECT * FROM `jf_slide`  [ RunTime:0.000316s ]
SQL: SHOW COLUMNS FROM `jf_prd` [ RunTime:0.027581s ]
SQL: SELECT * FROM `jf_prd` WHERE `status` <> -1 ORDER BY prd_id desc LIMIT 8   [ RunTime:0.000437s ]
SQL: SELECT * FROM `jf_prd` WHERE `status` <> -1 ORDER BY clicknum desc LIMIT 8   [ RunTime:0.000326s ]
SQL: SELECT * FROM `jf_type` WHERE ( type_pid=68 )  [ RunTime:0.000195s ]
SQL: SELECT * FROM `jf_type` WHERE ( type_pid=74 )  [ RunTime:0.000197s ]
SQL: SELECT * FROM `jf_type` WHERE ( type_pid=79 )  [ RunTime:0.000200s ]
SQL: SELECT * FROM `jf_type` WHERE ( type_pid=53 )  [ RunTime:0.000196s ]
SQL: SELECT * FROM `jf_type` WHERE ( type_pid=59 )  [ RunTime:0.000166s ]
NOTIC: [8] Undefined offset: 5 E:\phpstudy\WWW\jfsc\Application\Index\Home\Controller\IndexController.class.php 第 37 行.
SQL: SELECT * FROM `jf_type` WHERE ( type_pid= )  [ RunTime:0.000153s ]
ERR: 1064:You have an error in your SQL syntax; check the manual that corresponds to your MySQL server version for the right syntax to use near ')' at line 1
 [ SQL语句 ] : SELECT * FROM `jf_type` WHERE ( type_pid= ) 
INFO: [ view_parse ] --START--
INFO: [ template_filter ] --START--
INFO: Run Behavior\ContentReplaceBehavior [ RunTime:0.000122s ]
INFO: [ template_filter ] --END-- [ RunTime:0.000174s ]
NOTIC: [8] Undefined variable: Hukcuser E:\phpstudy\WWW\jfsc\Application\Index\Runtime\Cache\Home\2955b94ad7a1053942104bcab546ee6e.php 第 182 行.
NOTIC: [8] Undefined variable: Hukcuser E:\phpstudy\WWW\jfsc\Application\Index\Runtime\Cache\Home\2955b94ad7a1053942104bcab546ee6e.php 第 184 行.
NOTIC: [8] Undefined variable: Hukcuser E:\phpstudy\WWW\jfsc\Application\Index\Runtime\Cache\Home\2955b94ad7a1053942104bcab546ee6e.php 第 185 行.
INFO: Run Behavior\ParseTemplateBehavior [ RunTime:0.036736s ]
INFO: [ view_parse ] --END-- [ RunTime:0.036803s ]
INFO: [ view_filter ] --START--
INFO: Run Behavior\WriteHtmlCacheBehavior [ RunTime:0.000237s ]
INFO: [ view_filter ] --END-- [ RunTime:0.000276s ]
INFO: [ app_end ] --START--
INFO: Run Behavior\ShowPageTraceBehavior [ RunTime:0.000701s ]
INFO: [ app_end ] --END-- [ RunTime:0.000760s ]

[ 2017-06-07T00:34:00+08:00 ] ::1 /jfsc/index.php?c=product&a=index&typename=%E6%BD%AE%E6%B5%81%E5%A5%B3%E5%8C%85
INFO: [ app_init ] --START--
INFO: Run Behavior\BuildLiteBehavior [ RunTime:0.000020s ]
INFO: [ app_init ] --END-- [ RunTime:0.000427s ]
INFO: [ app_begin ] --START--
INFO: Run Behavior\ReadHtmlCacheBehavior [ RunTime:0.000828s ]
INFO: [ app_begin ] --END-- [ RunTime:0.000889s ]
NOTIC: [8] Undefined index: Hukcuser E:\phpstudy\WWW\jfsc\Application\Index\Home\Controller\ProductController.class.php 第 9 行.
NOTIC: [8] Use of undefined constant neq - assumed 'neq' E:\phpstudy\WWW\jfsc\Application\Index\Home\Controller\ProductController.class.php 第 15 行.
SQL: SHOW COLUMNS FROM `jf_prd` [ RunTime:0.009914s ]
SQL: SELECT COUNT(*) AS tp_count FROM `jf_prd` WHERE `status` <> -1 LIMIT 1   [ RunTime:0.000362s ]
NOTIC: [8] Undefined index: page E:\phpstudy\WWW\jfsc\Application\Index\Home\Controller\IndexController.class.php 第 65 行.
SQL: SELECT * FROM `jf_prd` WHERE `status` <> -1 ORDER BY prd_id desc LIMIT 0,5   [ RunTime:0.000456s ]
SQL: SELECT COUNT(*) AS tp_count FROM `jf_prd` WHERE `status` <> -1 LIMIT 1   [ RunTime:0.000350s ]
NOTIC: [8] Undefined index: page E:\phpstudy\WWW\jfsc\Application\Index\Home\Controller\IndexController.class.php 第 65 行.
SQL: SHOW COLUMNS FROM `jf_type` [ RunTime:0.003912s ]
SQL: SELECT * FROM `jf_type` WHERE ( type_pid=0 ) ORDER BY type_sort asc  [ RunTime:0.000330s ]
SQL: SELECT * FROM `jf_type` WHERE ( type_pid=68 )  [ RunTime:0.000324s ]
SQL: SELECT * FROM `jf_type` WHERE ( type_pid=74 )  [ RunTime:0.000263s ]
SQL: SELECT * FROM `jf_type` WHERE ( type_pid=79 )  [ RunTime:0.000232s ]
SQL: SELECT * FROM `jf_type` WHERE ( type_pid=53 )  [ RunTime:0.000233s ]
SQL: SELECT * FROM `jf_type` WHERE ( type_pid=59 )  [ RunTime:0.000192s ]
NOTIC: [8] Undefined offset: 5 E:\phpstudy\WWW\jfsc\Application\Index\Home\Controller\IndexController.class.php 第 37 行.
SQL: SELECT * FROM `jf_type` WHERE ( type_pid= )  [ RunTime:0.000170s ]
ERR: 1064:You have an error in your SQL syntax; check the manual that corresponds to your MySQL server version for the right syntax to use near ')' at line 1
 [ SQL语句 ] : SELECT * FROM `jf_type` WHERE ( type_pid= ) 
SQL: SELECT COUNT(*) AS tp_count FROM `jf_prd` WHERE `status` <> -1 AND `type` LIKE '潮流女包' LIMIT 1   [ RunTime:0.033189s ]
NOTIC: [8] Undefined index: page E:\phpstudy\WWW\jfsc\Application\Index\Home\Controller\IndexController.class.php 第 65 行.
SQL: SELECT * FROM `jf_prd` WHERE `status` <> -1 AND `type` LIKE '潮流女包' ORDER BY prd_id desc LIMIT -5,5   [ RunTime:0.000230s ]
ERR: 1064:You have an error in your SQL syntax; check the manual that corresponds to your MySQL server version for the right syntax to use near '-5,5' at line 1
 [ SQL语句 ] : SELECT * FROM `jf_prd` WHERE `status` <> -1 AND `type` LIKE '潮流女包' ORDER BY prd_id desc LIMIT -5,5  
SQL: SELECT COUNT(*) AS tp_count FROM `jf_prd` WHERE `status` <> -1 AND `type` LIKE '潮流女包' LIMIT 1   [ RunTime:0.000287s ]
NOTIC: [8] Undefined index: page E:\phpstudy\WWW\jfsc\Application\Index\Home\Controller\IndexController.class.php 第 65 行.
NOTIC: [8] Undefined index: jifen_fanwei E:\phpstudy\WWW\jfsc\Application\Index\Home\Controller\ProductController.class.php 第 29 行.
NOTIC: [8] Undefined index: p_Name E:\phpstudy\WWW\jfsc\Application\Index\Home\Controller\ProductController.class.php 第 69 行.
NOTIC: [8] Use of undefined constant neq - assumed 'neq' E:\phpstudy\WWW\jfsc\Application\Index\Home\Controller\ProductController.class.php 第 77 行.
SQL: SELECT * FROM `jf_prd` WHERE `status` <> -1 ORDER BY clicknum desc LIMIT 8   [ RunTime:0.000438s ]
INFO: [ view_parse ] --START--
INFO: [ template_filter ] --START--
INFO: Run Behavior\ContentReplaceBehavior [ RunTime:0.000201s ]
INFO: [ template_filter ] --END-- [ RunTime:0.000281s ]
NOTIC: [8] Undefined variable: Hukcuser E:\phpstudy\WWW\jfsc\Application\Index\Runtime\Cache\Home\1cecb125b147dd48d692862c8d51d93c.php 第 175 行.
NOTIC: [8] Undefined variable: Hukcuser E:\phpstudy\WWW\jfsc\Application\Index\Runtime\Cache\Home\1cecb125b147dd48d692862c8d51d93c.php 第 177 行.
NOTIC: [8] Undefined variable: Hukcuser E:\phpstudy\WWW\jfsc\Application\Index\Runtime\Cache\Home\1cecb125b147dd48d692862c8d51d93c.php 第 178 行.
NOTIC: [8] Undefined variable: jifen_fanwei E:\phpstudy\WWW\jfsc\Application\Index\Runtime\Cache\Home\1cecb125b147dd48d692862c8d51d93c.php 第 299 行.
NOTIC: [8] Undefined variable: p_Name E:\phpstudy\WWW\jfsc\Application\Index\Runtime\Cache\Home\1cecb125b147dd48d692862c8d51d93c.php 第 299 行.
NOTIC: [8] Undefined variable: jifen_fanwei E:\phpstudy\WWW\jfsc\Application\Index\Runtime\Cache\Home\1cecb125b147dd48d692862c8d51d93c.php 第 300 行.
NOTIC: [8] Undefined variable: p_Name E:\phpstudy\WWW\jfsc\Application\Index\Runtime\Cache\Home\1cecb125b147dd48d692862c8d51d93c.php 第 300 行.
NOTIC: [8] Undefined variable: jifen_fanwei E:\phpstudy\WWW\jfsc\Application\Index\Runtime\Cache\Home\1cecb125b147dd48d692862c8d51d93c.php 第 301 行.
NOTIC: [8] Undefined variable: p_Name E:\phpstudy\WWW\jfsc\Application\Index\Runtime\Cache\Home\1cecb125b147dd48d692862c8d51d93c.php 第 301 行.
NOTIC: [8] Undefined variable: jifen_fanwei E:\phpstudy\WWW\jfsc\Application\Index\Runtime\Cache\Home\1cecb125b147dd48d692862c8d51d93c.php 第 302 行.
NOTIC: [8] Undefined variable: p_Name E:\phpstudy\WWW\jfsc\Application\Index\Runtime\Cache\Home\1cecb125b147dd48d692862c8d51d93c.php 第 302 行.
NOTIC: [8] Undefined variable: jifen_fanwei E:\phpstudy\WWW\jfsc\Application\Index\Runtime\Cache\Home\1cecb125b147dd48d692862c8d51d93c.php 第 371 行.
NOTIC: [8] Undefined variable: p_Name E:\phpstudy\WWW\jfsc\Application\Index\Runtime\Cache\Home\1cecb125b147dd48d692862c8d51d93c.php 第 372 行.
INFO: Run Behavior\ParseTemplateBehavior [ RunTime:0.039451s ]
INFO: [ view_parse ] --END-- [ RunTime:0.039537s ]
INFO: [ view_filter ] --START--
INFO: Run Behavior\WriteHtmlCacheBehavior [ RunTime:0.000773s ]
INFO: [ view_filter ] --END-- [ RunTime:0.000845s ]
INFO: [ app_end ] --START--
INFO: Run Behavior\ShowPageTraceBehavior [ RunTime:0.001108s ]
INFO: [ app_end ] --END-- [ RunTime:0.001198s ]

[ 2017-06-07T00:34:04+08:00 ] ::1 /jfsc/index.php?c=product&a=index&typename=%E7%B2%BE%E5%93%81%E7%94%B7%E5%8C%85
INFO: [ app_init ] --START--
INFO: Run Behavior\BuildLiteBehavior [ RunTime:0.000021s ]
INFO: [ app_init ] --END-- [ RunTime:0.000379s ]
INFO: [ app_begin ] --START--
INFO: Run Behavior\ReadHtmlCacheBehavior [ RunTime:0.000496s ]
INFO: [ app_begin ] --END-- [ RunTime:0.000541s ]
NOTIC: [8] Undefined index: Hukcuser E:\phpstudy\WWW\jfsc\Application\Index\Home\Controller\ProductController.class.php 第 9 行.
NOTIC: [8] Use of undefined constant neq - assumed 'neq' E:\phpstudy\WWW\jfsc\Application\Index\Home\Controller\ProductController.class.php 第 15 行.
SQL: SHOW COLUMNS FROM `jf_prd` [ RunTime:0.029352s ]
SQL: SELECT COUNT(*) AS tp_count FROM `jf_prd` WHERE `status` <> -1 LIMIT 1   [ RunTime:0.000255s ]
NOTIC: [8] Undefined index: page E:\phpstudy\WWW\jfsc\Application\Index\Home\Controller\IndexController.class.php 第 65 行.
SQL: SELECT * FROM `jf_prd` WHERE `status` <> -1 ORDER BY prd_id desc LIMIT 0,5   [ RunTime:0.000280s ]
SQL: SELECT COUNT(*) AS tp_count FROM `jf_prd` WHERE `status` <> -1 LIMIT 1   [ RunTime:0.000171s ]
NOTIC: [8] Undefined index: page E:\phpstudy\WWW\jfsc\Application\Index\Home\Controller\IndexController.class.php 第 65 行.
SQL: SHOW COLUMNS FROM `jf_type` [ RunTime:0.008341s ]
SQL: SELECT * FROM `jf_type` WHERE ( type_pid=0 ) ORDER BY type_sort asc  [ RunTime:0.000269s ]
SQL: SELECT * FROM `jf_type` WHERE ( type_pid=68 )  [ RunTime:0.000176s ]
SQL: SELECT * FROM `jf_type` WHERE ( type_pid=74 )  [ RunTime:0.000167s ]
SQL: SELECT * FROM `jf_type` WHERE ( type_pid=79 )  [ RunTime:0.000228s ]
SQL: SELECT * FROM `jf_type` WHERE ( type_pid=53 )  [ RunTime:0.000182s ]
SQL: SELECT * FROM `jf_type` WHERE ( type_pid=59 )  [ RunTime:0.000166s ]
NOTIC: [8] Undefined offset: 5 E:\phpstudy\WWW\jfsc\Application\Index\Home\Controller\IndexController.class.php 第 37 行.
SQL: SELECT * FROM `jf_type` WHERE ( type_pid= )  [ RunTime:0.000108s ]
ERR: 1064:You have an error in your SQL syntax; check the manual that corresponds to your MySQL server version for the right syntax to use near ')' at line 1
 [ SQL语句 ] : SELECT * FROM `jf_type` WHERE ( type_pid= ) 
SQL: SELECT COUNT(*) AS tp_count FROM `jf_prd` WHERE `status` <> -1 AND `type` LIKE '精品男包' LIMIT 1   [ RunTime:0.000200s ]
NOTIC: [8] Undefined index: page E:\phpstudy\WWW\jfsc\Application\Index\Home\Controller\IndexController.class.php 第 65 行.
SQL: SELECT * FROM `jf_prd` WHERE `status` <> -1 AND `type` LIKE '精品男包' ORDER BY prd_id desc LIMIT -5,5   [ RunTime:0.000111s ]
ERR: 1064:You have an error in your SQL syntax; check the manual that corresponds to your MySQL server version for the right syntax to use near '-5,5' at line 1
 [ SQL语句 ] : SELECT * FROM `jf_prd` WHERE `status` <> -1 AND `type` LIKE '精品男包' ORDER BY prd_id desc LIMIT -5,5  
SQL: SELECT COUNT(*) AS tp_count FROM `jf_prd` WHERE `status` <> -1 AND `type` LIKE '精品男包' LIMIT 1   [ RunTime:0.000172s ]
NOTIC: [8] Undefined index: page E:\phpstudy\WWW\jfsc\Application\Index\Home\Controller\IndexController.class.php 第 65 行.
NOTIC: [8] Undefined index: jifen_fanwei E:\phpstudy\WWW\jfsc\Application\Index\Home\Controller\ProductController.class.php 第 29 行.
NOTIC: [8] Undefined index: p_Name E:\phpstudy\WWW\jfsc\Application\Index\Home\Controller\ProductController.class.php 第 69 行.
NOTIC: [8] Use of undefined constant neq - assumed 'neq' E:\phpstudy\WWW\jfsc\Application\Index\Home\Controller\ProductController.class.php 第 77 行.
SQL: SELECT * FROM `jf_prd` WHERE `status` <> -1 ORDER BY clicknum desc LIMIT 8   [ RunTime:0.000293s ]
INFO: [ view_parse ] --START--
INFO: [ template_filter ] --START--
INFO: Run Behavior\ContentReplaceBehavior [ RunTime:0.000142s ]
INFO: [ template_filter ] --END-- [ RunTime:0.000194s ]
NOTIC: [8] Undefined variable: Hukcuser E:\phpstudy\WWW\jfsc\Application\Index\Runtime\Cache\Home\1cecb125b147dd48d692862c8d51d93c.php 第 175 行.
NOTIC: [8] Undefined variable: Hukcuser E:\phpstudy\WWW\jfsc\Application\Index\Runtime\Cache\Home\1cecb125b147dd48d692862c8d51d93c.php 第 177 行.
NOTIC: [8] Undefined variable: Hukcuser E:\phpstudy\WWW\jfsc\Application\Index\Runtime\Cache\Home\1cecb125b147dd48d692862c8d51d93c.php 第 178 行.
NOTIC: [8] Undefined variable: jifen_fanwei E:\phpstudy\WWW\jfsc\Application\Index\Runtime\Cache\Home\1cecb125b147dd48d692862c8d51d93c.php 第 299 行.
NOTIC: [8] Undefined variable: p_Name E:\phpstudy\WWW\jfsc\Application\Index\Runtime\Cache\Home\1cecb125b147dd48d692862c8d51d93c.php 第 299 行.
NOTIC: [8] Undefined variable: jifen_fanwei E:\phpstudy\WWW\jfsc\Application\Index\Runtime\Cache\Home\1cecb125b147dd48d692862c8d51d93c.php 第 300 行.
NOTIC: [8] Undefined variable: p_Name E:\phpstudy\WWW\jfsc\Application\Index\Runtime\Cache\Home\1cecb125b147dd48d692862c8d51d93c.php 第 300 行.
NOTIC: [8] Undefined variable: jifen_fanwei E:\phpstudy\WWW\jfsc\Application\Index\Runtime\Cache\Home\1cecb125b147dd48d692862c8d51d93c.php 第 301 行.
NOTIC: [8] Undefined variable: p_Name E:\phpstudy\WWW\jfsc\Application\Index\Runtime\Cache\Home\1cecb125b147dd48d692862c8d51d93c.php 第 301 行.
NOTIC: [8] Undefined variable: jifen_fanwei E:\phpstudy\WWW\jfsc\Application\Index\Runtime\Cache\Home\1cecb125b147dd48d692862c8d51d93c.php 第 302 行.
NOTIC: [8] Undefined variable: p_Name E:\phpstudy\WWW\jfsc\Application\Index\Runtime\Cache\Home\1cecb125b147dd48d692862c8d51d93c.php 第 302 行.
NOTIC: [8] Undefined variable: jifen_fanwei E:\phpstudy\WWW\jfsc\Application\Index\Runtime\Cache\Home\1cecb125b147dd48d692862c8d51d93c.php 第 371 行.
NOTIC: [8] Undefined variable: p_Name E:\phpstudy\WWW\jfsc\Application\Index\Runtime\Cache\Home\1cecb125b147dd48d692862c8d51d93c.php 第 372 行.
INFO: Run Behavior\ParseTemplateBehavior [ RunTime:0.018383s ]
INFO: [ view_parse ] --END-- [ RunTime:0.018430s ]
INFO: [ view_filter ] --START--
INFO: Run Behavior\WriteHtmlCacheBehavior [ RunTime:0.000240s ]
INFO: [ view_filter ] --END-- [ RunTime:0.000278s ]
INFO: [ app_end ] --START--
INFO: Run Behavior\ShowPageTraceBehavior [ RunTime:0.000556s ]
INFO: [ app_end ] --END-- [ RunTime:0.000603s ]

[ 2017-06-07T00:34:06+08:00 ] ::1 /jfsc/index.php?c=product&a=index&typename=%E6%B5%81%E8%A1%8C%E9%A3%BE%E5%93%81
INFO: [ app_init ] --START--
INFO: Run Behavior\BuildLiteBehavior [ RunTime:0.000015s ]
INFO: [ app_init ] --END-- [ RunTime:0.000351s ]
INFO: [ app_begin ] --START--
INFO: Run Behavior\ReadHtmlCacheBehavior [ RunTime:0.000481s ]
INFO: [ app_begin ] --END-- [ RunTime:0.000544s ]
NOTIC: [8] Undefined index: Hukcuser E:\phpstudy\WWW\jfsc\Application\Index\Home\Controller\ProductController.class.php 第 9 行.
NOTIC: [8] Use of undefined constant neq - assumed 'neq' E:\phpstudy\WWW\jfsc\Application\Index\Home\Controller\ProductController.class.php 第 15 行.
SQL: SHOW COLUMNS FROM `jf_prd` [ RunTime:0.009979s ]
SQL: SELECT COUNT(*) AS tp_count FROM `jf_prd` WHERE `status` <> -1 LIMIT 1   [ RunTime:0.000350s ]
NOTIC: [8] Undefined index: page E:\phpstudy\WWW\jfsc\Application\Index\Home\Controller\IndexController.class.php 第 65 行.
SQL: SELECT * FROM `jf_prd` WHERE `status` <> -1 ORDER BY prd_id desc LIMIT 0,5   [ RunTime:0.000409s ]
SQL: SELECT COUNT(*) AS tp_count FROM `jf_prd` WHERE `status` <> -1 LIMIT 1   [ RunTime:0.000185s ]
NOTIC: [8] Undefined index: page E:\phpstudy\WWW\jfsc\Application\Index\Home\Controller\IndexController.class.php 第 65 行.
SQL: SHOW COLUMNS FROM `jf_type` [ RunTime:0.015349s ]
SQL: SELECT * FROM `jf_type` WHERE ( type_pid=0 ) ORDER BY type_sort asc  [ RunTime:0.000307s ]
SQL: SELECT * FROM `jf_type` WHERE ( type_pid=68 )  [ RunTime:0.000258s ]
SQL: SELECT * FROM `jf_type` WHERE ( type_pid=74 )  [ RunTime:0.000232s ]
SQL: SELECT * FROM `jf_type` WHERE ( type_pid=79 )  [ RunTime:0.000189s ]
SQL: SELECT * FROM `jf_type` WHERE ( type_pid=53 )  [ RunTime:0.000197s ]
SQL: SELECT * FROM `jf_type` WHERE ( type_pid=59 )  [ RunTime:0.000211s ]
NOTIC: [8] Undefined offset: 5 E:\phpstudy\WWW\jfsc\Application\Index\Home\Controller\IndexController.class.php 第 37 行.
SQL: SELECT * FROM `jf_type` WHERE ( type_pid= )  [ RunTime:0.000122s ]
ERR: 1064:You have an error in your SQL syntax; check the manual that corresponds to your MySQL server version for the right syntax to use near ')' at line 1
 [ SQL语句 ] : SELECT * FROM `jf_type` WHERE ( type_pid= ) 
SQL: SELECT COUNT(*) AS tp_count FROM `jf_prd` WHERE `status` <> -1 AND `type` LIKE '流行飾品' LIMIT 1   [ RunTime:0.015770s ]
NOTIC: [8] Undefined index: page E:\phpstudy\WWW\jfsc\Application\Index\Home\Controller\IndexController.class.php 第 65 行.
SQL: SELECT * FROM `jf_prd` WHERE `status` <> -1 AND `type` LIKE '流行飾品' ORDER BY prd_id desc LIMIT -5,5   [ RunTime:0.000184s ]
ERR: 1064:You have an error in your SQL syntax; check the manual that corresponds to your MySQL server version for the right syntax to use near '-5,5' at line 1
 [ SQL语句 ] : SELECT * FROM `jf_prd` WHERE `status` <> -1 AND `type` LIKE '流行飾品' ORDER BY prd_id desc LIMIT -5,5  
SQL: SELECT COUNT(*) AS tp_count FROM `jf_prd` WHERE `status` <> -1 AND `type` LIKE '流行飾品' LIMIT 1   [ RunTime:0.000336s ]
NOTIC: [8] Undefined index: page E:\phpstudy\WWW\jfsc\Application\Index\Home\Controller\IndexController.class.php 第 65 行.
NOTIC: [8] Undefined index: jifen_fanwei E:\phpstudy\WWW\jfsc\Application\Index\Home\Controller\ProductController.class.php 第 29 行.
NOTIC: [8] Undefined index: p_Name E:\phpstudy\WWW\jfsc\Application\Index\Home\Controller\ProductController.class.php 第 69 行.
NOTIC: [8] Use of undefined constant neq - assumed 'neq' E:\phpstudy\WWW\jfsc\Application\Index\Home\Controller\ProductController.class.php 第 77 行.
SQL: SELECT * FROM `jf_prd` WHERE `status` <> -1 ORDER BY clicknum desc LIMIT 8   [ RunTime:0.000323s ]
INFO: [ view_parse ] --START--
INFO: [ template_filter ] --START--
INFO: Run Behavior\ContentReplaceBehavior [ RunTime:0.000213s ]
INFO: [ template_filter ] --END-- [ RunTime:0.000285s ]
NOTIC: [8] Undefined variable: Hukcuser E:\phpstudy\WWW\jfsc\Application\Index\Runtime\Cache\Home\1cecb125b147dd48d692862c8d51d93c.php 第 175 行.
NOTIC: [8] Undefined variable: Hukcuser E:\phpstudy\WWW\jfsc\Application\Index\Runtime\Cache\Home\1cecb125b147dd48d692862c8d51d93c.php 第 177 行.
NOTIC: [8] Undefined variable: Hukcuser E:\phpstudy\WWW\jfsc\Application\Index\Runtime\Cache\Home\1cecb125b147dd48d692862c8d51d93c.php 第 178 行.
NOTIC: [8] Undefined variable: jifen_fanwei E:\phpstudy\WWW\jfsc\Application\Index\Runtime\Cache\Home\1cecb125b147dd48d692862c8d51d93c.php 第 299 行.
NOTIC: [8] Undefined variable: p_Name E:\phpstudy\WWW\jfsc\Application\Index\Runtime\Cache\Home\1cecb125b147dd48d692862c8d51d93c.php 第 299 行.
NOTIC: [8] Undefined variable: jifen_fanwei E:\phpstudy\WWW\jfsc\Application\Index\Runtime\Cache\Home\1cecb125b147dd48d692862c8d51d93c.php 第 300 行.
NOTIC: [8] Undefined variable: p_Name E:\phpstudy\WWW\jfsc\Application\Index\Runtime\Cache\Home\1cecb125b147dd48d692862c8d51d93c.php 第 300 行.
NOTIC: [8] Undefined variable: jifen_fanwei E:\phpstudy\WWW\jfsc\Application\Index\Runtime\Cache\Home\1cecb125b147dd48d692862c8d51d93c.php 第 301 行.
NOTIC: [8] Undefined variable: p_Name E:\phpstudy\WWW\jfsc\Application\Index\Runtime\Cache\Home\1cecb125b147dd48d692862c8d51d93c.php 第 301 行.
NOTIC: [8] Undefined variable: jifen_fanwei E:\phpstudy\WWW\jfsc\Application\Index\Runtime\Cache\Home\1cecb125b147dd48d692862c8d51d93c.php 第 302 行.
NOTIC: [8] Undefined variable: p_Name E:\phpstudy\WWW\jfsc\Application\Index\Runtime\Cache\Home\1cecb125b147dd48d692862c8d51d93c.php 第 302 行.
NOTIC: [8] Undefined variable: jifen_fanwei E:\phpstudy\WWW\jfsc\Application\Index\Runtime\Cache\Home\1cecb125b147dd48d692862c8d51d93c.php 第 371 行.
NOTIC: [8] Undefined variable: p_Name E:\phpstudy\WWW\jfsc\Application\Index\Runtime\Cache\Home\1cecb125b147dd48d692862c8d51d93c.php 第 372 行.
INFO: Run Behavior\ParseTemplateBehavior [ RunTime:0.020174s ]
INFO: [ view_parse ] --END-- [ RunTime:0.020227s ]
INFO: [ view_filter ] --START--
INFO: Run Behavior\WriteHtmlCacheBehavior [ RunTime:0.000284s ]
INFO: [ view_filter ] --END-- [ RunTime:0.000335s ]
INFO: [ app_end ] --START--
INFO: Run Behavior\ShowPageTraceBehavior [ RunTime:0.000700s ]
INFO: [ app_end ] --END-- [ RunTime:0.000762s ]

[ 2017-06-07T00:34:09+08:00 ] ::1 /jfsc/index.php?c=Product&a=index&typename=%E6%BD%AE%E6%B5%81%E5%A5%B3%E5%8C%85
INFO: [ app_init ] --START--
INFO: Run Behavior\BuildLiteBehavior [ RunTime:0.000014s ]
INFO: [ app_init ] --END-- [ RunTime:0.000351s ]
INFO: [ app_begin ] --START--
INFO: Run Behavior\ReadHtmlCacheBehavior [ RunTime:0.000494s ]
INFO: [ app_begin ] --END-- [ RunTime:0.000547s ]
NOTIC: [8] Undefined index: Hukcuser E:\phpstudy\WWW\jfsc\Application\Index\Home\Controller\ProductController.class.php 第 9 行.
NOTIC: [8] Use of undefined constant neq - assumed 'neq' E:\phpstudy\WWW\jfsc\Application\Index\Home\Controller\ProductController.class.php 第 15 行.
SQL: SHOW COLUMNS FROM `jf_prd` [ RunTime:0.019466s ]
SQL: SELECT COUNT(*) AS tp_count FROM `jf_prd` WHERE `status` <> -1 LIMIT 1   [ RunTime:0.000261s ]
NOTIC: [8] Undefined index: page E:\phpstudy\WWW\jfsc\Application\Index\Home\Controller\IndexController.class.php 第 65 行.
SQL: SELECT * FROM `jf_prd` WHERE `status` <> -1 ORDER BY prd_id desc LIMIT 0,5   [ RunTime:0.000341s ]
SQL: SELECT COUNT(*) AS tp_count FROM `jf_prd` WHERE `status` <> -1 LIMIT 1   [ RunTime:0.000175s ]
NOTIC: [8] Undefined index: page E:\phpstudy\WWW\jfsc\Application\Index\Home\Controller\IndexController.class.php 第 65 行.
SQL: SHOW COLUMNS FROM `jf_type` [ RunTime:0.017330s ]
SQL: SELECT * FROM `jf_type` WHERE ( type_pid=0 ) ORDER BY type_sort asc  [ RunTime:0.000231s ]
SQL: SELECT * FROM `jf_type` WHERE ( type_pid=68 )  [ RunTime:0.000204s ]
SQL: SELECT * FROM `jf_type` WHERE ( type_pid=74 )  [ RunTime:0.000194s ]
SQL: SELECT * FROM `jf_type` WHERE ( type_pid=79 )  [ RunTime:0.000145s ]
SQL: SELECT * FROM `jf_type` WHERE ( type_pid=53 )  [ RunTime:0.000147s ]
SQL: SELECT * FROM `jf_type` WHERE ( type_pid=59 )  [ RunTime:0.000140s ]
NOTIC: [8] Undefined offset: 5 E:\phpstudy\WWW\jfsc\Application\Index\Home\Controller\IndexController.class.php 第 37 行.
SQL: SELECT * FROM `jf_type` WHERE ( type_pid= )  [ RunTime:0.000170s ]
ERR: 1064:You have an error in your SQL syntax; check the manual that corresponds to your MySQL server version for the right syntax to use near ')' at line 1
 [ SQL语句 ] : SELECT * FROM `jf_type` WHERE ( type_pid= ) 
SQL: SELECT COUNT(*) AS tp_count FROM `jf_prd` WHERE `status` <> -1 AND `type` LIKE '潮流女包' LIMIT 1   [ RunTime:0.000386s ]
NOTIC: [8] Undefined index: page E:\phpstudy\WWW\jfsc\Application\Index\Home\Controller\IndexController.class.php 第 65 行.
SQL: SELECT * FROM `jf_prd` WHERE `status` <> -1 AND `type` LIKE '潮流女包' ORDER BY prd_id desc LIMIT -5,5   [ RunTime:0.000238s ]
ERR: 1064:You have an error in your SQL syntax; check the manual that corresponds to your MySQL server version for the right syntax to use near '-5,5' at line 1
 [ SQL语句 ] : SELECT * FROM `jf_prd` WHERE `status` <> -1 AND `type` LIKE '潮流女包' ORDER BY prd_id desc LIMIT -5,5  
SQL: SELECT COUNT(*) AS tp_count FROM `jf_prd` WHERE `status` <> -1 AND `type` LIKE '潮流女包' LIMIT 1   [ RunTime:0.000343s ]
NOTIC: [8] Undefined index: page E:\phpstudy\WWW\jfsc\Application\Index\Home\Controller\IndexController.class.php 第 65 行.
NOTIC: [8] Undefined index: jifen_fanwei E:\phpstudy\WWW\jfsc\Application\Index\Home\Controller\ProductController.class.php 第 29 行.
NOTIC: [8] Undefined index: p_Name E:\phpstudy\WWW\jfsc\Application\Index\Home\Controller\ProductController.class.php 第 69 行.
NOTIC: [8] Use of undefined constant neq - assumed 'neq' E:\phpstudy\WWW\jfsc\Application\Index\Home\Controller\ProductController.class.php 第 77 行.
SQL: SELECT * FROM `jf_prd` WHERE `status` <> -1 ORDER BY clicknum desc LIMIT 8   [ RunTime:0.000312s ]
INFO: [ view_parse ] --START--
INFO: [ template_filter ] --START--
INFO: Run Behavior\ContentReplaceBehavior [ RunTime:0.000158s ]
INFO: [ template_filter ] --END-- [ RunTime:0.000223s ]
NOTIC: [8] Undefined variable: Hukcuser E:\phpstudy\WWW\jfsc\Application\Index\Runtime\Cache\Home\1cecb125b147dd48d692862c8d51d93c.php 第 175 行.
NOTIC: [8] Undefined variable: Hukcuser E:\phpstudy\WWW\jfsc\Application\Index\Runtime\Cache\Home\1cecb125b147dd48d692862c8d51d93c.php 第 177 行.
NOTIC: [8] Undefined variable: Hukcuser E:\phpstudy\WWW\jfsc\Application\Index\Runtime\Cache\Home\1cecb125b147dd48d692862c8d51d93c.php 第 178 行.
NOTIC: [8] Undefined variable: jifen_fanwei E:\phpstudy\WWW\jfsc\Application\Index\Runtime\Cache\Home\1cecb125b147dd48d692862c8d51d93c.php 第 299 行.
NOTIC: [8] Undefined variable: p_Name E:\phpstudy\WWW\jfsc\Application\Index\Runtime\Cache\Home\1cecb125b147dd48d692862c8d51d93c.php 第 299 行.
NOTIC: [8] Undefined variable: jifen_fanwei E:\phpstudy\WWW\jfsc\Application\Index\Runtime\Cache\Home\1cecb125b147dd48d692862c8d51d93c.php 第 300 行.
NOTIC: [8] Undefined variable: p_Name E:\phpstudy\WWW\jfsc\Application\Index\Runtime\Cache\Home\1cecb125b147dd48d692862c8d51d93c.php 第 300 行.
NOTIC: [8] Undefined variable: jifen_fanwei E:\phpstudy\WWW\jfsc\Application\Index\Runtime\Cache\Home\1cecb125b147dd48d692862c8d51d93c.php 第 301 行.
NOTIC: [8] Undefined variable: p_Name E:\phpstudy\WWW\jfsc\Application\Index\Runtime\Cache\Home\1cecb125b147dd48d692862c8d51d93c.php 第 301 行.
NOTIC: [8] Undefined variable: jifen_fanwei E:\phpstudy\WWW\jfsc\Application\Index\Runtime\Cache\Home\1cecb125b147dd48d692862c8d51d93c.php 第 302 行.
NOTIC: [8] Undefined variable: p_Name E:\phpstudy\WWW\jfsc\Application\Index\Runtime\Cache\Home\1cecb125b147dd48d692862c8d51d93c.php 第 302 行.
NOTIC: [8] Undefined variable: jifen_fanwei E:\phpstudy\WWW\jfsc\Application\Index\Runtime\Cache\Home\1cecb125b147dd48d692862c8d51d93c.php 第 371 行.
NOTIC: [8] Undefined variable: p_Name E:\phpstudy\WWW\jfsc\Application\Index\Runtime\Cache\Home\1cecb125b147dd48d692862c8d51d93c.php 第 372 行.
INFO: Run Behavior\ParseTemplateBehavior [ RunTime:0.018405s ]
INFO: [ view_parse ] --END-- [ RunTime:0.018469s ]
INFO: [ view_filter ] --START--
INFO: Run Behavior\WriteHtmlCacheBehavior [ RunTime:0.000281s ]
INFO: [ view_filter ] --END-- [ RunTime:0.000326s ]
INFO: [ app_end ] --START--
INFO: Run Behavior\ShowPageTraceBehavior [ RunTime:0.000638s ]
INFO: [ app_end ] --END-- [ RunTime:0.000694s ]

[ 2017-06-07T00:34:13+08:00 ] ::1 /jfsc/index.php?c=Product&a=index&typename=%E7%B2%BE%E5%93%81%E7%94%B7%E5%8C%85
INFO: [ app_init ] --START--
INFO: Run Behavior\BuildLiteBehavior [ RunTime:0.000015s ]
INFO: [ app_init ] --END-- [ RunTime:0.000353s ]
INFO: [ app_begin ] --START--
INFO: Run Behavior\ReadHtmlCacheBehavior [ RunTime:0.000549s ]
INFO: [ app_begin ] --END-- [ RunTime:0.000607s ]
NOTIC: [8] Undefined index: Hukcuser E:\phpstudy\WWW\jfsc\Application\Index\Home\Controller\ProductController.class.php 第 9 行.
NOTIC: [8] Use of undefined constant neq - assumed 'neq' E:\phpstudy\WWW\jfsc\Application\Index\Home\Controller\ProductController.class.php 第 15 行.
SQL: SHOW COLUMNS FROM `jf_prd` [ RunTime:0.031513s ]
SQL: SELECT COUNT(*) AS tp_count FROM `jf_prd` WHERE `status` <> -1 LIMIT 1   [ RunTime:0.000310s ]
NOTIC: [8] Undefined index: page E:\phpstudy\WWW\jfsc\Application\Index\Home\Controller\IndexController.class.php 第 65 行.
SQL: SELECT * FROM `jf_prd` WHERE `status` <> -1 ORDER BY prd_id desc LIMIT 0,5   [ RunTime:0.000308s ]
SQL: SELECT COUNT(*) AS tp_count FROM `jf_prd` WHERE `status` <> -1 LIMIT 1   [ RunTime:0.000204s ]
NOTIC: [8] Undefined index: page E:\phpstudy\WWW\jfsc\Application\Index\Home\Controller\IndexController.class.php 第 65 行.
SQL: SHOW COLUMNS FROM `jf_type` [ RunTime:0.011243s ]
SQL: SELECT * FROM `jf_type` WHERE ( type_pid=0 ) ORDER BY type_sort asc  [ RunTime:0.000280s ]
SQL: SELECT * FROM `jf_type` WHERE ( type_pid=68 )  [ RunTime:0.000196s ]
SQL: SELECT * FROM `jf_type` WHERE ( type_pid=74 )  [ RunTime:0.000186s ]
SQL: SELECT * FROM `jf_type` WHERE ( type_pid=79 )  [ RunTime:0.000176s ]
SQL: SELECT * FROM `jf_type` WHERE ( type_pid=53 )  [ RunTime:0.000227s ]
SQL: SELECT * FROM `jf_type` WHERE ( type_pid=59 )  [ RunTime:0.000244s ]
NOTIC: [8] Undefined offset: 5 E:\phpstudy\WWW\jfsc\Application\Index\Home\Controller\IndexController.class.php 第 37 行.
SQL: SELECT * FROM `jf_type` WHERE ( type_pid= )  [ RunTime:0.000145s ]
ERR: 1064:You have an error in your SQL syntax; check the manual that corresponds to your MySQL server version for the right syntax to use near ')' at line 1
 [ SQL语句 ] : SELECT * FROM `jf_type` WHERE ( type_pid= ) 
SQL: SELECT COUNT(*) AS tp_count FROM `jf_prd` WHERE `status` <> -1 AND `type` LIKE '精品男包' LIMIT 1   [ RunTime:0.000271s ]
NOTIC: [8] Undefined index: page E:\phpstudy\WWW\jfsc\Application\Index\Home\Controller\IndexController.class.php 第 65 行.
SQL: SELECT * FROM `jf_prd` WHERE `status` <> -1 AND `type` LIKE '精品男包' ORDER BY prd_id desc LIMIT -5,5   [ RunTime:0.000154s ]
ERR: 1064:You have an error in your SQL syntax; check the manual that corresponds to your MySQL server version for the right syntax to use near '-5,5' at line 1
 [ SQL语句 ] : SELECT * FROM `jf_prd` WHERE `status` <> -1 AND `type` LIKE '精品男包' ORDER BY prd_id desc LIMIT -5,5  
SQL: SELECT COUNT(*) AS tp_count FROM `jf_prd` WHERE `status` <> -1 AND `type` LIKE '精品男包' LIMIT 1   [ RunTime:0.000245s ]
NOTIC: [8] Undefined index: page E:\phpstudy\WWW\jfsc\Application\Index\Home\Controller\IndexController.class.php 第 65 行.
NOTIC: [8] Undefined index: jifen_fanwei E:\phpstudy\WWW\jfsc\Application\Index\Home\Controller\ProductController.class.php 第 29 行.
NOTIC: [8] Undefined index: p_Name E:\phpstudy\WWW\jfsc\Application\Index\Home\Controller\ProductController.class.php 第 69 行.
NOTIC: [8] Use of undefined constant neq - assumed 'neq' E:\phpstudy\WWW\jfsc\Application\Index\Home\Controller\ProductController.class.php 第 77 行.
SQL: SELECT * FROM `jf_prd` WHERE `status` <> -1 ORDER BY clicknum desc LIMIT 8   [ RunTime:0.000318s ]
INFO: [ view_parse ] --START--
INFO: [ template_filter ] --START--
INFO: Run Behavior\ContentReplaceBehavior [ RunTime:0.000133s ]
INFO: [ template_filter ] --END-- [ RunTime:0.000183s ]
NOTIC: [8] Undefined variable: Hukcuser E:\phpstudy\WWW\jfsc\Application\Index\Runtime\Cache\Home\1cecb125b147dd48d692862c8d51d93c.php 第 175 行.
NOTIC: [8] Undefined variable: Hukcuser E:\phpstudy\WWW\jfsc\Application\Index\Runtime\Cache\Home\1cecb125b147dd48d692862c8d51d93c.php 第 177 行.
NOTIC: [8] Undefined variable: Hukcuser E:\phpstudy\WWW\jfsc\Application\Index\Runtime\Cache\Home\1cecb125b147dd48d692862c8d51d93c.php 第 178 行.
NOTIC: [8] Undefined variable: jifen_fanwei E:\phpstudy\WWW\jfsc\Application\Index\Runtime\Cache\Home\1cecb125b147dd48d692862c8d51d93c.php 第 299 行.
NOTIC: [8] Undefined variable: p_Name E:\phpstudy\WWW\jfsc\Application\Index\Runtime\Cache\Home\1cecb125b147dd48d692862c8d51d93c.php 第 299 行.
NOTIC: [8] Undefined variable: jifen_fanwei E:\phpstudy\WWW\jfsc\Application\Index\Runtime\Cache\Home\1cecb125b147dd48d692862c8d51d93c.php 第 300 行.
NOTIC: [8] Undefined variable: p_Name E:\phpstudy\WWW\jfsc\Application\Index\Runtime\Cache\Home\1cecb125b147dd48d692862c8d51d93c.php 第 300 行.
NOTIC: [8] Undefined variable: jifen_fanwei E:\phpstudy\WWW\jfsc\Application\Index\Runtime\Cache\Home\1cecb125b147dd48d692862c8d51d93c.php 第 301 行.
NOTIC: [8] Undefined variable: p_Name E:\phpstudy\WWW\jfsc\Application\Index\Runtime\Cache\Home\1cecb125b147dd48d692862c8d51d93c.php 第 301 行.
NOTIC: [8] Undefined variable: jifen_fanwei E:\phpstudy\WWW\jfsc\Application\Index\Runtime\Cache\Home\1cecb125b147dd48d692862c8d51d93c.php 第 302 行.
NOTIC: [8] Undefined variable: p_Name E:\phpstudy\WWW\jfsc\Application\Index\Runtime\Cache\Home\1cecb125b147dd48d692862c8d51d93c.php 第 302 行.
NOTIC: [8] Undefined variable: jifen_fanwei E:\phpstudy\WWW\jfsc\Application\Index\Runtime\Cache\Home\1cecb125b147dd48d692862c8d51d93c.php 第 371 行.
NOTIC: [8] Undefined variable: p_Name E:\phpstudy\WWW\jfsc\Application\Index\Runtime\Cache\Home\1cecb125b147dd48d692862c8d51d93c.php 第 372 行.
INFO: Run Behavior\ParseTemplateBehavior [ RunTime:0.018208s ]
INFO: [ view_parse ] --END-- [ RunTime:0.018253s ]
INFO: [ view_filter ] --START--
INFO: Run Behavior\WriteHtmlCacheBehavior [ RunTime:0.000234s ]
INFO: [ view_filter ] --END-- [ RunTime:0.000270s ]
INFO: [ app_end ] --START--
INFO: Run Behavior\ShowPageTraceBehavior [ RunTime:0.000535s ]
INFO: [ app_end ] --END-- [ RunTime:0.000577s ]

[ 2017-06-07T00:34:17+08:00 ] ::1 /jfsc/index.php?c=Product&a=index&typename=11
INFO: [ app_init ] --START--
INFO: Run Behavior\BuildLiteBehavior [ RunTime:0.000016s ]
INFO: [ app_init ] --END-- [ RunTime:0.000375s ]
INFO: [ app_begin ] --START--
INFO: Run Behavior\ReadHtmlCacheBehavior [ RunTime:0.000560s ]
INFO: [ app_begin ] --END-- [ RunTime:0.000620s ]
NOTIC: [8] Undefined index: Hukcuser E:\phpstudy\WWW\jfsc\Application\Index\Home\Controller\ProductController.class.php 第 9 行.
NOTIC: [8] Use of undefined constant neq - assumed 'neq' E:\phpstudy\WWW\jfsc\Application\Index\Home\Controller\ProductController.class.php 第 15 行.
SQL: SHOW COLUMNS FROM `jf_prd` [ RunTime:0.013649s ]
SQL: SELECT COUNT(*) AS tp_count FROM `jf_prd` WHERE `status` <> -1 LIMIT 1   [ RunTime:0.000258s ]
NOTIC: [8] Undefined index: page E:\phpstudy\WWW\jfsc\Application\Index\Home\Controller\IndexController.class.php 第 65 行.
SQL: SELECT * FROM `jf_prd` WHERE `status` <> -1 ORDER BY prd_id desc LIMIT 0,5   [ RunTime:0.000332s ]
SQL: SELECT COUNT(*) AS tp_count FROM `jf_prd` WHERE `status` <> -1 LIMIT 1   [ RunTime:0.000174s ]
NOTIC: [8] Undefined index: page E:\phpstudy\WWW\jfsc\Application\Index\Home\Controller\IndexController.class.php 第 65 行.
SQL: SHOW COLUMNS FROM `jf_type` [ RunTime:0.010653s ]
SQL: SELECT * FROM `jf_type` WHERE ( type_pid=0 ) ORDER BY type_sort asc  [ RunTime:0.000271s ]
SQL: SELECT * FROM `jf_type` WHERE ( type_pid=68 )  [ RunTime:0.000208s ]
SQL: SELECT * FROM `jf_type` WHERE ( type_pid=74 )  [ RunTime:0.000196s ]
SQL: SELECT * FROM `jf_type` WHERE ( type_pid=79 )  [ RunTime:0.000170s ]
SQL: SELECT * FROM `jf_type` WHERE ( type_pid=53 )  [ RunTime:0.000175s ]
SQL: SELECT * FROM `jf_type` WHERE ( type_pid=59 )  [ RunTime:0.000196s ]
NOTIC: [8] Undefined offset: 5 E:\phpstudy\WWW\jfsc\Application\Index\Home\Controller\IndexController.class.php 第 37 行.
SQL: SELECT * FROM `jf_type` WHERE ( type_pid= )  [ RunTime:0.000114s ]
ERR: 1064:You have an error in your SQL syntax; check the manual that corresponds to your MySQL server version for the right syntax to use near ')' at line 1
 [ SQL语句 ] : SELECT * FROM `jf_type` WHERE ( type_pid= ) 
SQL: SELECT COUNT(*) AS tp_count FROM `jf_prd` WHERE `status` <> -1 AND `type` LIKE '11' LIMIT 1   [ RunTime:0.019740s ]
NOTIC: [8] Undefined index: page E:\phpstudy\WWW\jfsc\Application\Index\Home\Controller\IndexController.class.php 第 65 行.
SQL: SELECT * FROM `jf_prd` WHERE `status` <> -1 AND `type` LIKE '11' ORDER BY prd_id desc LIMIT -5,5   [ RunTime:0.000167s ]
ERR: 1064:You have an error in your SQL syntax; check the manual that corresponds to your MySQL server version for the right syntax to use near '-5,5' at line 1
 [ SQL语句 ] : SELECT * FROM `jf_prd` WHERE `status` <> -1 AND `type` LIKE '11' ORDER BY prd_id desc LIMIT -5,5  
SQL: SELECT COUNT(*) AS tp_count FROM `jf_prd` WHERE `status` <> -1 AND `type` LIKE '11' LIMIT 1   [ RunTime:0.000267s ]
NOTIC: [8] Undefined index: page E:\phpstudy\WWW\jfsc\Application\Index\Home\Controller\IndexController.class.php 第 65 行.
NOTIC: [8] Undefined index: jifen_fanwei E:\phpstudy\WWW\jfsc\Application\Index\Home\Controller\ProductController.class.php 第 29 行.
NOTIC: [8] Undefined index: p_Name E:\phpstudy\WWW\jfsc\Application\Index\Home\Controller\ProductController.class.php 第 69 行.
NOTIC: [8] Use of undefined constant neq - assumed 'neq' E:\phpstudy\WWW\jfsc\Application\Index\Home\Controller\ProductController.class.php 第 77 行.
SQL: SELECT * FROM `jf_prd` WHERE `status` <> -1 ORDER BY clicknum desc LIMIT 8   [ RunTime:0.000347s ]
INFO: [ view_parse ] --START--
INFO: [ template_filter ] --START--
INFO: Run Behavior\ContentReplaceBehavior [ RunTime:0.000142s ]
INFO: [ template_filter ] --END-- [ RunTime:0.000201s ]
NOTIC: [8] Undefined variable: Hukcuser E:\phpstudy\WWW\jfsc\Application\Index\Runtime\Cache\Home\1cecb125b147dd48d692862c8d51d93c.php 第 175 行.
NOTIC: [8] Undefined variable: Hukcuser E:\phpstudy\WWW\jfsc\Application\Index\Runtime\Cache\Home\1cecb125b147dd48d692862c8d51d93c.php 第 177 行.
NOTIC: [8] Undefined variable: Hukcuser E:\phpstudy\WWW\jfsc\Application\Index\Runtime\Cache\Home\1cecb125b147dd48d692862c8d51d93c.php 第 178 行.
NOTIC: [8] Undefined variable: jifen_fanwei E:\phpstudy\WWW\jfsc\Application\Index\Runtime\Cache\Home\1cecb125b147dd48d692862c8d51d93c.php 第 299 行.
NOTIC: [8] Undefined variable: p_Name E:\phpstudy\WWW\jfsc\Application\Index\Runtime\Cache\Home\1cecb125b147dd48d692862c8d51d93c.php 第 299 行.
NOTIC: [8] Undefined variable: jifen_fanwei E:\phpstudy\WWW\jfsc\Application\Index\Runtime\Cache\Home\1cecb125b147dd48d692862c8d51d93c.php 第 300 行.
NOTIC: [8] Undefined variable: p_Name E:\phpstudy\WWW\jfsc\Application\Index\Runtime\Cache\Home\1cecb125b147dd48d692862c8d51d93c.php 第 300 行.
NOTIC: [8] Undefined variable: jifen_fanwei E:\phpstudy\WWW\jfsc\Application\Index\Runtime\Cache\Home\1cecb125b147dd48d692862c8d51d93c.php 第 301 行.
NOTIC: [8] Undefined variable: p_Name E:\phpstudy\WWW\jfsc\Application\Index\Runtime\Cache\Home\1cecb125b147dd48d692862c8d51d93c.php 第 301 行.
NOTIC: [8] Undefined variable: jifen_fanwei E:\phpstudy\WWW\jfsc\Application\Index\Runtime\Cache\Home\1cecb125b147dd48d692862c8d51d93c.php 第 302 行.
NOTIC: [8] Undefined variable: p_Name E:\phpstudy\WWW\jfsc\Application\Index\Runtime\Cache\Home\1cecb125b147dd48d692862c8d51d93c.php 第 302 行.
NOTIC: [8] Undefined variable: jifen_fanwei E:\phpstudy\WWW\jfsc\Application\Index\Runtime\Cache\Home\1cecb125b147dd48d692862c8d51d93c.php 第 371 行.
NOTIC: [8] Undefined variable: p_Name E:\phpstudy\WWW\jfsc\Application\Index\Runtime\Cache\Home\1cecb125b147dd48d692862c8d51d93c.php 第 372 行.
INFO: Run Behavior\ParseTemplateBehavior [ RunTime:0.018900s ]
INFO: [ view_parse ] --END-- [ RunTime:0.018970s ]
INFO: [ view_filter ] --START--
INFO: Run Behavior\WriteHtmlCacheBehavior [ RunTime:0.000364s ]
INFO: [ view_filter ] --END-- [ RunTime:0.000416s ]
INFO: [ app_end ] --START--
INFO: Run Behavior\ShowPageTraceBehavior [ RunTime:0.001002s ]
INFO: [ app_end ] --END-- [ RunTime:0.001106s ]

[ 2017-06-07T00:34:21+08:00 ] ::1 /jfsc/index.php?c=Product&a=index&typename=%E6%88%B6%E5%A4%96%E8%A3%9D%E5%82%99
INFO: [ app_init ] --START--
INFO: Run Behavior\BuildLiteBehavior [ RunTime:0.000023s ]
INFO: [ app_init ] --END-- [ RunTime:0.000591s ]
INFO: [ app_begin ] --START--
INFO: Run Behavior\ReadHtmlCacheBehavior [ RunTime:0.000762s ]
INFO: [ app_begin ] --END-- [ RunTime:0.000844s ]
NOTIC: [8] Undefined index: Hukcuser E:\phpstudy\WWW\jfsc\Application\Index\Home\Controller\ProductController.class.php 第 9 行.
NOTIC: [8] Use of undefined constant neq - assumed 'neq' E:\phpstudy\WWW\jfsc\Application\Index\Home\Controller\ProductController.class.php 第 15 行.
SQL: SHOW COLUMNS FROM `jf_prd` [ RunTime:0.005034s ]
SQL: SELECT COUNT(*) AS tp_count FROM `jf_prd` WHERE `status` <> -1 LIMIT 1   [ RunTime:0.000360s ]
NOTIC: [8] Undefined index: page E:\phpstudy\WWW\jfsc\Application\Index\Home\Controller\IndexController.class.php 第 65 行.
SQL: SELECT * FROM `jf_prd` WHERE `status` <> -1 ORDER BY prd_id desc LIMIT 0,5   [ RunTime:0.000433s ]
SQL: SELECT COUNT(*) AS tp_count FROM `jf_prd` WHERE `status` <> -1 LIMIT 1   [ RunTime:0.000238s ]
NOTIC: [8] Undefined index: page E:\phpstudy\WWW\jfsc\Application\Index\Home\Controller\IndexController.class.php 第 65 行.
SQL: SHOW COLUMNS FROM `jf_type` [ RunTime:0.017184s ]
SQL: SELECT * FROM `jf_type` WHERE ( type_pid=0 ) ORDER BY type_sort asc  [ RunTime:0.000367s ]
SQL: SELECT * FROM `jf_type` WHERE ( type_pid=68 )  [ RunTime:0.000239s ]
SQL: SELECT * FROM `jf_type` WHERE ( type_pid=74 )  [ RunTime:0.000238s ]
SQL: SELECT * FROM `jf_type` WHERE ( type_pid=79 )  [ RunTime:0.000182s ]
SQL: SELECT * FROM `jf_type` WHERE ( type_pid=53 )  [ RunTime:0.000191s ]
SQL: SELECT * FROM `jf_type` WHERE ( type_pid=59 )  [ RunTime:0.000176s ]
NOTIC: [8] Undefined offset: 5 E:\phpstudy\WWW\jfsc\Application\Index\Home\Controller\IndexController.class.php 第 37 行.
SQL: SELECT * FROM `jf_type` WHERE ( type_pid= )  [ RunTime:0.000110s ]
ERR: 1064:You have an error in your SQL syntax; check the manual that corresponds to your MySQL server version for the right syntax to use near ')' at line 1
 [ SQL语句 ] : SELECT * FROM `jf_type` WHERE ( type_pid= ) 
SQL: SELECT COUNT(*) AS tp_count FROM `jf_prd` WHERE `status` <> -1 AND `type` LIKE '戶外裝備' LIMIT 1   [ RunTime:0.000216s ]
NOTIC: [8] Undefined index: page E:\phpstudy\WWW\jfsc\Application\Index\Home\Controller\IndexController.class.php 第 65 行.
SQL: SELECT * FROM `jf_prd` WHERE `status` <> -1 AND `type` LIKE '戶外裝備' ORDER BY prd_id desc LIMIT 0,5   [ RunTime:0.000282s ]
SQL: SELECT COUNT(*) AS tp_count FROM `jf_prd` WHERE `status` <> -1 AND `type` LIKE '戶外裝備' LIMIT 1   [ RunTime:0.000508s ]
NOTIC: [8] Undefined index: page E:\phpstudy\WWW\jfsc\Application\Index\Home\Controller\IndexController.class.php 第 65 行.
NOTIC: [8] Undefined index: jifen_fanwei E:\phpstudy\WWW\jfsc\Application\Index\Home\Controller\ProductController.class.php 第 29 行.
NOTIC: [8] Undefined index: p_Name E:\phpstudy\WWW\jfsc\Application\Index\Home\Controller\ProductController.class.php 第 69 行.
NOTIC: [8] Use of undefined constant neq - assumed 'neq' E:\phpstudy\WWW\jfsc\Application\Index\Home\Controller\ProductController.class.php 第 77 行.
SQL: SELECT * FROM `jf_prd` WHERE `status` <> -1 ORDER BY clicknum desc LIMIT 8   [ RunTime:0.000741s ]
INFO: [ view_parse ] --START--
INFO: [ template_filter ] --START--
INFO: Run Behavior\ContentReplaceBehavior [ RunTime:0.000205s ]
INFO: [ template_filter ] --END-- [ RunTime:0.000436s ]
NOTIC: [8] Undefined variable: Hukcuser E:\phpstudy\WWW\jfsc\Application\Index\Runtime\Cache\Home\1cecb125b147dd48d692862c8d51d93c.php 第 175 行.
NOTIC: [8] Undefined variable: Hukcuser E:\phpstudy\WWW\jfsc\Application\Index\Runtime\Cache\Home\1cecb125b147dd48d692862c8d51d93c.php 第 177 行.
NOTIC: [8] Undefined variable: Hukcuser E:\phpstudy\WWW\jfsc\Application\Index\Runtime\Cache\Home\1cecb125b147dd48d692862c8d51d93c.php 第 178 行.
NOTIC: [8] Undefined variable: Hukcuser E:\phpstudy\WWW\jfsc\Application\Index\Runtime\Cache\Home\1cecb125b147dd48d692862c8d51d93c.php 第 210 行.
NOTIC: [8] Undefined variable: Hukcuser E:\phpstudy\WWW\jfsc\Application\Index\Runtime\Cache\Home\1cecb125b147dd48d692862c8d51d93c.php 第 210 行.
NOTIC: [8] Undefined variable: Hukcuser E:\phpstudy\WWW\jfsc\Application\Index\Runtime\Cache\Home\1cecb125b147dd48d692862c8d51d93c.php 第 210 行.
NOTIC: [8] Undefined variable: Hukcuser E:\phpstudy\WWW\jfsc\Application\Index\Runtime\Cache\Home\1cecb125b147dd48d692862c8d51d93c.php 第 210 行.
NOTIC: [8] Undefined variable: Hukcuser E:\phpstudy\WWW\jfsc\Application\Index\Runtime\Cache\Home\1cecb125b147dd48d692862c8d51d93c.php 第 210 行.
NOTIC: [8] Undefined variable: jifen_fanwei E:\phpstudy\WWW\jfsc\Application\Index\Runtime\Cache\Home\1cecb125b147dd48d692862c8d51d93c.php 第 299 行.
NOTIC: [8] Undefined variable: p_Name E:\phpstudy\WWW\jfsc\Application\Index\Runtime\Cache\Home\1cecb125b147dd48d692862c8d51d93c.php 第 299 行.
NOTIC: [8] Undefined variable: jifen_fanwei E:\phpstudy\WWW\jfsc\Application\Index\Runtime\Cache\Home\1cecb125b147dd48d692862c8d51d93c.php 第 300 行.
NOTIC: [8] Undefined variable: p_Name E:\phpstudy\WWW\jfsc\Application\Index\Runtime\Cache\Home\1cecb125b147dd48d692862c8d51d93c.php 第 300 行.
NOTIC: [8] Undefined variable: jifen_fanwei E:\phpstudy\WWW\jfsc\Application\Index\Runtime\Cache\Home\1cecb125b147dd48d692862c8d51d93c.php 第 301 行.
NOTIC: [8] Undefined variable: p_Name E:\phpstudy\WWW\jfsc\Application\Index\Runtime\Cache\Home\1cecb125b147dd48d692862c8d51d93c.php 第 301 行.
NOTIC: [8] Undefined variable: jifen_fanwei E:\phpstudy\WWW\jfsc\Application\Index\Runtime\Cache\Home\1cecb125b147dd48d692862c8d51d93c.php 第 302 行.
NOTIC: [8] Undefined variable: p_Name E:\phpstudy\WWW\jfsc\Application\Index\Runtime\Cache\Home\1cecb125b147dd48d692862c8d51d93c.php 第 302 行.
NOTIC: [8] Undefined variable: jifen_fanwei E:\phpstudy\WWW\jfsc\Application\Index\Runtime\Cache\Home\1cecb125b147dd48d692862c8d51d93c.php 第 371 行.
NOTIC: [8] Undefined variable: p_Name E:\phpstudy\WWW\jfsc\Application\Index\Runtime\Cache\Home\1cecb125b147dd48d692862c8d51d93c.php 第 372 行.
INFO: Run Behavior\ParseTemplateBehavior [ RunTime:0.029446s ]
INFO: [ view_parse ] --END-- [ RunTime:0.029568s ]
INFO: [ view_filter ] --START--
INFO: Run Behavior\WriteHtmlCacheBehavior [ RunTime:0.000339s ]
INFO: [ view_filter ] --END-- [ RunTime:0.000429s ]
INFO: [ app_end ] --START--
INFO: Run Behavior\ShowPageTraceBehavior [ RunTime:0.001140s ]
INFO: [ app_end ] --END-- [ RunTime:0.001254s ]

[ 2017-06-07T00:34:24+08:00 ] ::1 /jfsc/index.php?c=Product&a=Addclick
INFO: [ app_init ] --START--
INFO: Run Behavior\BuildLiteBehavior [ RunTime:0.000023s ]
INFO: [ app_init ] --END-- [ RunTime:0.000503s ]
INFO: [ app_begin ] --START--
INFO: Run Behavior\ReadHtmlCacheBehavior [ RunTime:0.000768s ]
INFO: [ app_begin ] --END-- [ RunTime:0.000845s ]
SQL: SHOW COLUMNS FROM `jf_prd` [ RunTime:0.005817s ]
SQL: SELECT * FROM `jf_prd` WHERE ( prd_id=73 ) LIMIT 1   [ RunTime:0.000448s ]
SQL: UPDATE `jf_prd` SET `clicknum`=1 WHERE ( prd_id=73 ) [ RunTime:0.009284s ]
INFO: [ app_end ] --START--
INFO: Run Behavior\ShowPageTraceBehavior [ RunTime:0.000961s ]
INFO: [ app_end ] --END-- [ RunTime:0.001038s ]

[ 2017-06-07T00:34:25+08:00 ] ::1 /jfsc/index.php?c=product&a=prodetail&prd_id=73
INFO: [ app_init ] --START--
INFO: Run Behavior\BuildLiteBehavior [ RunTime:0.000024s ]
INFO: [ app_init ] --END-- [ RunTime:0.000512s ]
INFO: [ app_begin ] --START--
INFO: Run Behavior\ReadHtmlCacheBehavior [ RunTime:0.000940s ]
INFO: [ app_begin ] --END-- [ RunTime:0.001039s ]
SQL: SHOW COLUMNS FROM `jf_type` [ RunTime:0.005277s ]
SQL: SELECT * FROM `jf_type` WHERE ( type_pid=0 ) ORDER BY type_sort asc  [ RunTime:0.000600s ]
SQL: SELECT * FROM `jf_type` WHERE ( type_pid=68 )  [ RunTime:0.000317s ]
SQL: SELECT * FROM `jf_type` WHERE ( type_pid=74 )  [ RunTime:0.000286s ]
SQL: SELECT * FROM `jf_type` WHERE ( type_pid=79 )  [ RunTime:0.000264s ]
SQL: SELECT * FROM `jf_type` WHERE ( type_pid=53 )  [ RunTime:0.000280s ]
SQL: SELECT * FROM `jf_type` WHERE ( type_pid=59 )  [ RunTime:0.000389s ]
NOTIC: [8] Undefined offset: 5 E:\phpstudy\WWW\jfsc\Application\Index\Home\Controller\IndexController.class.php 第 37 行.
SQL: SELECT * FROM `jf_type` WHERE ( type_pid= )  [ RunTime:0.000334s ]
ERR: 1064:You have an error in your SQL syntax; check the manual that corresponds to your MySQL server version for the right syntax to use near ')' at line 1
 [ SQL语句 ] : SELECT * FROM `jf_type` WHERE ( type_pid= ) 
NOTIC: [8] Undefined index: Hukcuser E:\phpstudy\WWW\jfsc\Application\Index\Home\Controller\ProductController.class.php 第 90 行.
SQL: SHOW COLUMNS FROM `jf_prd` [ RunTime:0.005871s ]
SQL: SELECT * FROM `jf_prd` WHERE ( prd_id=73 ) LIMIT 1   [ RunTime:0.000401s ]
NOTIC: [8] Use of undefined constant neq - assumed 'neq' E:\phpstudy\WWW\jfsc\Application\Index\Home\Controller\ProductController.class.php 第 101 行.
SQL: SELECT * FROM `jf_prd` WHERE `status` <> -1 ORDER BY clicknum desc LIMIT 8   [ RunTime:0.000734s ]
INFO: [ view_parse ] --START--
INFO: [ template_filter ] --START--
INFO: Run Behavior\ContentReplaceBehavior [ RunTime:0.000182s ]
INFO: [ template_filter ] --END-- [ RunTime:0.000271s ]
NOTIC: [8] Undefined variable: Hukcuser E:\phpstudy\WWW\jfsc\Application\Index\Runtime\Cache\Home\6ec9c2fa99ed1a4f895a58ad48cd63f0.php 第 176 行.
NOTIC: [8] Undefined variable: Hukcuser E:\phpstudy\WWW\jfsc\Application\Index\Runtime\Cache\Home\6ec9c2fa99ed1a4f895a58ad48cd63f0.php 第 178 行.
NOTIC: [8] Undefined variable: Hukcuser E:\phpstudy\WWW\jfsc\Application\Index\Runtime\Cache\Home\6ec9c2fa99ed1a4f895a58ad48cd63f0.php 第 179 行.
NOTIC: [8] Undefined variable: Hukcuser E:\phpstudy\WWW\jfsc\Application\Index\Runtime\Cache\Home\6ec9c2fa99ed1a4f895a58ad48cd63f0.php 第 216 行.
INFO: Run Behavior\ParseTemplateBehavior [ RunTime:0.043028s ]
INFO: [ view_parse ] --END-- [ RunTime:0.043132s ]
INFO: [ view_filter ] --START--
INFO: Run Behavior\WriteHtmlCacheBehavior [ RunTime:0.000374s ]
INFO: [ view_filter ] --END-- [ RunTime:0.000443s ]
INFO: [ app_end ] --START--
INFO: Run Behavior\ShowPageTraceBehavior [ RunTime:0.000992s ]
INFO: [ app_end ] --END-- [ RunTime:0.001075s ]

[ 2017-06-07T00:35:28+08:00 ] ::1 /jfsc/index.php
INFO: [ app_init ] --START--
INFO: Run Behavior\BuildLiteBehavior [ RunTime:0.000024s ]
INFO: [ app_init ] --END-- [ RunTime:0.000471s ]
INFO: [ app_begin ] --START--
INFO: Run Behavior\ReadHtmlCacheBehavior [ RunTime:0.000747s ]
INFO: [ app_begin ] --END-- [ RunTime:0.000815s ]
NOTIC: [8] Undefined index: Hukcuser E:\phpstudy\WWW\jfsc\Application\Index\Home\Controller\IndexController.class.php 第 11 行.
NOTIC: [8] Use of undefined constant neq - assumed 'neq' E:\phpstudy\WWW\jfsc\Application\Index\Home\Controller\IndexController.class.php 第 17 行.
SQL: SHOW COLUMNS FROM `jf_type` [ RunTime:0.004393s ]
SQL: SELECT * FROM `jf_type` WHERE ( type_pid=0 ) ORDER BY type_sort asc  [ RunTime:0.000309s ]
SQL: SHOW COLUMNS FROM `jf_slide` [ RunTime:0.004785s ]
SQL: SELECT * FROM `jf_slide`  [ RunTime:0.000220s ]
SQL: SHOW COLUMNS FROM `jf_prd` [ RunTime:0.005378s ]
SQL: SELECT * FROM `jf_prd` WHERE `status` <> -1 ORDER BY prd_id desc LIMIT 8   [ RunTime:0.000407s ]
SQL: SELECT * FROM `jf_prd` WHERE `status` <> -1 ORDER BY clicknum desc LIMIT 8   [ RunTime:0.000463s ]
SQL: SELECT * FROM `jf_type` WHERE ( type_pid=68 )  [ RunTime:0.000306s ]
SQL: SELECT * FROM `jf_type` WHERE ( type_pid=74 )  [ RunTime:0.000215s ]
SQL: SELECT * FROM `jf_type` WHERE ( type_pid=79 )  [ RunTime:0.000186s ]
SQL: SELECT * FROM `jf_type` WHERE ( type_pid=53 )  [ RunTime:0.000201s ]
SQL: SELECT * FROM `jf_type` WHERE ( type_pid=59 )  [ RunTime:0.000234s ]
NOTIC: [8] Undefined offset: 5 E:\phpstudy\WWW\jfsc\Application\Index\Home\Controller\IndexController.class.php 第 37 行.
SQL: SELECT * FROM `jf_type` WHERE ( type_pid= )  [ RunTime:0.000161s ]
ERR: 1064:You have an error in your SQL syntax; check the manual that corresponds to your MySQL server version for the right syntax to use near ')' at line 1
 [ SQL语句 ] : SELECT * FROM `jf_type` WHERE ( type_pid= ) 
INFO: [ view_parse ] --START--
INFO: [ template_filter ] --START--
INFO: Run Behavior\ContentReplaceBehavior [ RunTime:0.000198s ]
INFO: [ template_filter ] --END-- [ RunTime:0.000281s ]
NOTIC: [8] Undefined variable: Hukcuser E:\phpstudy\WWW\jfsc\Application\Index\Runtime\Cache\Home\2955b94ad7a1053942104bcab546ee6e.php 第 182 行.
NOTIC: [8] Undefined variable: Hukcuser E:\phpstudy\WWW\jfsc\Application\Index\Runtime\Cache\Home\2955b94ad7a1053942104bcab546ee6e.php 第 184 行.
NOTIC: [8] Undefined variable: Hukcuser E:\phpstudy\WWW\jfsc\Application\Index\Runtime\Cache\Home\2955b94ad7a1053942104bcab546ee6e.php 第 185 行.
INFO: Run Behavior\ParseTemplateBehavior [ RunTime:0.022297s ]
INFO: [ view_parse ] --END-- [ RunTime:0.022356s ]
INFO: [ view_filter ] --START--
INFO: Run Behavior\WriteHtmlCacheBehavior [ RunTime:0.000368s ]
INFO: [ view_filter ] --END-- [ RunTime:0.000409s ]
INFO: [ app_end ] --START--
INFO: Run Behavior\ShowPageTraceBehavior [ RunTime:0.001027s ]
INFO: [ app_end ] --END-- [ RunTime:0.001112s ]

