[ 2017-03-09T09:24:06+08:00 ] 127.0.0.1 /jfsc/index.php
INFO: [ app_init ] --START--
INFO: Run Behavior\BuildLiteBehavior [ RunTime:0.000023s ]
INFO: [ app_init ] --END-- [ RunTime:0.000846s ]
INFO: [ app_begin ] --START--
INFO: Run Behavior\ReadHtmlCacheBehavior [ RunTime:0.009391s ]
INFO: [ app_begin ] --END-- [ RunTime:0.009471s ]
NOTIC: [8] Undefined index: Hukcuser E:\phpstudy\WWW\jfsc\Application\Index\Home\Controller\IndexController.class.php 第 11 行.
NOTIC: [8] Use of undefined constant neq - assumed 'neq' E:\phpstudy\WWW\jfsc\Application\Index\Home\Controller\IndexController.class.php 第 17 行.
SQL: SHOW COLUMNS FROM `jf_type` [ RunTime:0.037621s ]
SQL: SELECT * FROM `jf_type` WHERE ( type_pid=0 ) ORDER BY type_sort asc  [ RunTime:0.000618s ]
SQL: SHOW COLUMNS FROM `jf_slide` [ RunTime:0.035562s ]
SQL: SELECT * FROM `jf_slide`  [ RunTime:0.000304s ]
SQL: SHOW COLUMNS FROM `jf_prd` [ RunTime:0.032199s ]
SQL: SELECT * FROM `jf_prd` WHERE `status` <> -1 ORDER BY prd_id desc LIMIT 8   [ RunTime:0.000693s ]
SQL: SELECT * FROM `jf_prd` WHERE `status` <> -1 ORDER BY clicknum desc LIMIT 8   [ RunTime:0.000333s ]
SQL: SELECT * FROM `jf_type` WHERE ( type_pid=68 )  [ RunTime:0.000222s ]
SQL: SELECT * FROM `jf_type` WHERE ( type_pid=74 )  [ RunTime:0.000203s ]
SQL: SELECT * FROM `jf_type` WHERE ( type_pid=79 )  [ RunTime:0.000184s ]
SQL: SELECT * FROM `jf_type` WHERE ( type_pid=53 )  [ RunTime:0.000186s ]
SQL: SELECT * FROM `jf_type` WHERE ( type_pid=59 )  [ RunTime:0.000179s ]
NOTIC: [8] Undefined offset: 5 E:\phpstudy\WWW\jfsc\Application\Index\Home\Controller\IndexController.class.php 第 37 行.
SQL: SELECT * FROM `jf_type` WHERE ( type_pid= )  [ RunTime:0.000134s ]
ERR: 1064:You have an error in your SQL syntax; check the manual that corresponds to your MySQL server version for the right syntax to use near ')' at line 1
 [ SQL语句 ] : SELECT * FROM `jf_type` WHERE ( type_pid= ) 
INFO: [ view_parse ] --START--
INFO: [ template_filter ] --START--
INFO: Run Behavior\ContentReplaceBehavior [ RunTime:0.000134s ]
INFO: [ template_filter ] --END-- [ RunTime:0.000208s ]
NOTIC: [8] Undefined variable: Hukcuser E:\phpstudy\WWW\jfsc\Application\Index\Runtime\Cache\Home\2955b94ad7a1053942104bcab546ee6e.php 第 182 行.
NOTIC: [8] Undefined variable: Hukcuser E:\phpstudy\WWW\jfsc\Application\Index\Runtime\Cache\Home\2955b94ad7a1053942104bcab546ee6e.php 第 184 行.
NOTIC: [8] Undefined variable: Hukcuser E:\phpstudy\WWW\jfsc\Application\Index\Runtime\Cache\Home\2955b94ad7a1053942104bcab546ee6e.php 第 185 行.
INFO: Run Behavior\ParseTemplateBehavior [ RunTime:0.058651s ]
INFO: [ view_parse ] --END-- [ RunTime:0.058755s ]
INFO: [ view_filter ] --START--
INFO: Run Behavior\WriteHtmlCacheBehavior [ RunTime:0.018227s ]
INFO: [ view_filter ] --END-- [ RunTime:0.018308s ]
INFO: [ app_end ] --START--
INFO: Run Behavior\ShowPageTraceBehavior [ RunTime:0.003704s ]
INFO: [ app_end ] --END-- [ RunTime:0.003788s ]

[ 2017-03-09T10:27:40+08:00 ] ::1 /jfsc/index.php?c=product&a=index&typename=%E6%88%B6%E5%A4%96%E8%A3%9D%E5%82%99
INFO: [ app_init ] --START--
INFO: Run Behavior\BuildLiteBehavior [ RunTime:0.000018s ]
INFO: [ app_init ] --END-- [ RunTime:0.000369s ]
INFO: [ app_begin ] --START--
INFO: Run Behavior\ReadHtmlCacheBehavior [ RunTime:0.000435s ]
INFO: [ app_begin ] --END-- [ RunTime:0.000509s ]
NOTIC: [8] Undefined index: Hukcuser E:\phpstudy\WWW\jfsc\Application\Index\Home\Controller\ProductController.class.php 第 9 行.
NOTIC: [8] Use of undefined constant neq - assumed 'neq' E:\phpstudy\WWW\jfsc\Application\Index\Home\Controller\ProductController.class.php 第 15 行.
SQL: SHOW COLUMNS FROM `jf_prd` [ RunTime:0.005274s ]
SQL: SELECT COUNT(*) AS tp_count FROM `jf_prd` WHERE `status` <> -1 LIMIT 1   [ RunTime:0.000283s ]
NOTIC: [8] Undefined index: page E:\phpstudy\WWW\jfsc\Application\Index\Home\Controller\IndexController.class.php 第 65 行.
SQL: SELECT * FROM `jf_prd` WHERE `status` <> -1 ORDER BY prd_id desc LIMIT 0,5   [ RunTime:0.000297s ]
SQL: SELECT COUNT(*) AS tp_count FROM `jf_prd` WHERE `status` <> -1 LIMIT 1   [ RunTime:0.000174s ]
NOTIC: [8] Undefined index: page E:\phpstudy\WWW\jfsc\Application\Index\Home\Controller\IndexController.class.php 第 65 行.
SQL: SHOW COLUMNS FROM `jf_type` [ RunTime:0.004724s ]
SQL: SELECT * FROM `jf_type` WHERE ( type_pid=0 ) ORDER BY type_sort asc  [ RunTime:0.000240s ]
SQL: SELECT * FROM `jf_type` WHERE ( type_pid=68 )  [ RunTime:0.000179s ]
SQL: SELECT * FROM `jf_type` WHERE ( type_pid=74 )  [ RunTime:0.000171s ]
SQL: SELECT * FROM `jf_type` WHERE ( type_pid=79 )  [ RunTime:0.000160s ]
SQL: SELECT * FROM `jf_type` WHERE ( type_pid=53 )  [ RunTime:0.000166s ]
SQL: SELECT * FROM `jf_type` WHERE ( type_pid=59 )  [ RunTime:0.000194s ]
NOTIC: [8] Undefined offset: 5 E:\phpstudy\WWW\jfsc\Application\Index\Home\Controller\IndexController.class.php 第 37 行.
SQL: SELECT * FROM `jf_type` WHERE ( type_pid= )  [ RunTime:0.000113s ]
ERR: 1064:You have an error in your SQL syntax; check the manual that corresponds to your MySQL server version for the right syntax to use near ')' at line 1
 [ SQL语句 ] : SELECT * FROM `jf_type` WHERE ( type_pid= ) 
SQL: SELECT COUNT(*) AS tp_count FROM `jf_prd` WHERE `status` <> -1 AND `type` LIKE '戶外裝備' LIMIT 1   [ RunTime:0.136127s ]
NOTIC: [8] Undefined index: page E:\phpstudy\WWW\jfsc\Application\Index\Home\Controller\IndexController.class.php 第 65 行.
SQL: SELECT * FROM `jf_prd` WHERE `status` <> -1 AND `type` LIKE '戶外裝備' ORDER BY prd_id desc LIMIT 0,5   [ RunTime:0.000339s ]
SQL: SELECT COUNT(*) AS tp_count FROM `jf_prd` WHERE `status` <> -1 AND `type` LIKE '戶外裝備' LIMIT 1   [ RunTime:0.000189s ]
NOTIC: [8] Undefined index: page E:\phpstudy\WWW\jfsc\Application\Index\Home\Controller\IndexController.class.php 第 65 行.
NOTIC: [8] Undefined index: jifen_fanwei E:\phpstudy\WWW\jfsc\Application\Index\Home\Controller\ProductController.class.php 第 29 行.
NOTIC: [8] Undefined index: p_Name E:\phpstudy\WWW\jfsc\Application\Index\Home\Controller\ProductController.class.php 第 69 行.
NOTIC: [8] Use of undefined constant neq - assumed 'neq' E:\phpstudy\WWW\jfsc\Application\Index\Home\Controller\ProductController.class.php 第 77 行.
SQL: SELECT * FROM `jf_prd` WHERE `status` <> -1 ORDER BY clicknum desc LIMIT 8   [ RunTime:0.000292s ]
INFO: [ view_parse ] --START--
INFO: [ template_filter ] --START--
INFO: Run Behavior\ContentReplaceBehavior [ RunTime:0.000175s ]
INFO: [ template_filter ] --END-- [ RunTime:0.000295s ]
NOTIC: [8] Undefined variable: Hukcuser E:\phpstudy\WWW\jfsc\Application\Index\Runtime\Cache\Home\1cecb125b147dd48d692862c8d51d93c.php 第 175 行.
NOTIC: [8] Undefined variable: Hukcuser E:\phpstudy\WWW\jfsc\Application\Index\Runtime\Cache\Home\1cecb125b147dd48d692862c8d51d93c.php 第 177 行.
NOTIC: [8] Undefined variable: Hukcuser E:\phpstudy\WWW\jfsc\Application\Index\Runtime\Cache\Home\1cecb125b147dd48d692862c8d51d93c.php 第 178 行.
NOTIC: [8] Undefined variable: Hukcuser E:\phpstudy\WWW\jfsc\Application\Index\Runtime\Cache\Home\1cecb125b147dd48d692862c8d51d93c.php 第 210 行.
NOTIC: [8] Undefined variable: Hukcuser E:\phpstudy\WWW\jfsc\Application\Index\Runtime\Cache\Home\1cecb125b147dd48d692862c8d51d93c.php 第 210 行.
NOTIC: [8] Undefined variable: Hukcuser E:\phpstudy\WWW\jfsc\Application\Index\Runtime\Cache\Home\1cecb125b147dd48d692862c8d51d93c.php 第 210 行.
NOTIC: [8] Undefined variable: Hukcuser E:\phpstudy\WWW\jfsc\Application\Index\Runtime\Cache\Home\1cecb125b147dd48d692862c8d51d93c.php 第 210 行.
NOTIC: [8] Undefined variable: Hukcuser E:\phpstudy\WWW\jfsc\Application\Index\Runtime\Cache\Home\1cecb125b147dd48d692862c8d51d93c.php 第 210 行.
NOTIC: [8] Undefined variable: jifen_fanwei E:\phpstudy\WWW\jfsc\Application\Index\Runtime\Cache\Home\1cecb125b147dd48d692862c8d51d93c.php 第 299 行.
NOTIC: [8] Undefined variable: p_Name E:\phpstudy\WWW\jfsc\Application\Index\Runtime\Cache\Home\1cecb125b147dd48d692862c8d51d93c.php 第 299 行.
NOTIC: [8] Undefined variable: jifen_fanwei E:\phpstudy\WWW\jfsc\Application\Index\Runtime\Cache\Home\1cecb125b147dd48d692862c8d51d93c.php 第 300 行.
NOTIC: [8] Undefined variable: p_Name E:\phpstudy\WWW\jfsc\Application\Index\Runtime\Cache\Home\1cecb125b147dd48d692862c8d51d93c.php 第 300 行.
NOTIC: [8] Undefined variable: jifen_fanwei E:\phpstudy\WWW\jfsc\Application\Index\Runtime\Cache\Home\1cecb125b147dd48d692862c8d51d93c.php 第 301 行.
NOTIC: [8] Undefined variable: p_Name E:\phpstudy\WWW\jfsc\Application\Index\Runtime\Cache\Home\1cecb125b147dd48d692862c8d51d93c.php 第 301 行.
NOTIC: [8] Undefined variable: jifen_fanwei E:\phpstudy\WWW\jfsc\Application\Index\Runtime\Cache\Home\1cecb125b147dd48d692862c8d51d93c.php 第 302 行.
NOTIC: [8] Undefined variable: p_Name E:\phpstudy\WWW\jfsc\Application\Index\Runtime\Cache\Home\1cecb125b147dd48d692862c8d51d93c.php 第 302 行.
NOTIC: [8] Undefined variable: jifen_fanwei E:\phpstudy\WWW\jfsc\Application\Index\Runtime\Cache\Home\1cecb125b147dd48d692862c8d51d93c.php 第 371 行.
NOTIC: [8] Undefined variable: p_Name E:\phpstudy\WWW\jfsc\Application\Index\Runtime\Cache\Home\1cecb125b147dd48d692862c8d51d93c.php 第 372 行.
INFO: Run Behavior\ParseTemplateBehavior [ RunTime:0.055047s ]
INFO: [ view_parse ] --END-- [ RunTime:0.055122s ]
INFO: [ view_filter ] --START--
INFO: Run Behavior\WriteHtmlCacheBehavior [ RunTime:0.000334s ]
INFO: [ view_filter ] --END-- [ RunTime:0.000409s ]
INFO: [ app_end ] --START--
INFO: Run Behavior\ShowPageTraceBehavior [ RunTime:0.000748s ]
INFO: [ app_end ] --END-- [ RunTime:0.000853s ]

[ 2017-03-09T10:29:48+08:00 ] ::1 /jfsc/index.php?c=Product&a=Addclick
INFO: [ app_init ] --START--
INFO: Run Behavior\BuildLiteBehavior [ RunTime:0.000018s ]
INFO: [ app_init ] --END-- [ RunTime:0.000418s ]
INFO: [ app_begin ] --START--
INFO: Run Behavior\ReadHtmlCacheBehavior [ RunTime:0.000643s ]
INFO: [ app_begin ] --END-- [ RunTime:0.000710s ]
SQL: SHOW COLUMNS FROM `jf_prd` [ RunTime:0.003982s ]
SQL: SELECT * FROM `jf_prd` WHERE ( prd_id=74 ) LIMIT 1   [ RunTime:0.000302s ]
SQL: UPDATE `jf_prd` SET `clicknum`=1 WHERE ( prd_id=74 ) [ RunTime:0.000240s ]
INFO: [ app_end ] --START--
INFO: Run Behavior\ShowPageTraceBehavior [ RunTime:0.000749s ]
INFO: [ app_end ] --END-- [ RunTime:0.000807s ]

[ 2017-03-09T10:29:48+08:00 ] ::1 /jfsc/index.php?c=product&a=prodetail&prd_id=74
INFO: [ app_init ] --START--
INFO: Run Behavior\BuildLiteBehavior [ RunTime:0.000016s ]
INFO: [ app_init ] --END-- [ RunTime:0.000408s ]
INFO: [ app_begin ] --START--
INFO: Run Behavior\ReadHtmlCacheBehavior [ RunTime:0.000646s ]
INFO: [ app_begin ] --END-- [ RunTime:0.000716s ]
SQL: SHOW COLUMNS FROM `jf_type` [ RunTime:0.003605s ]
SQL: SELECT * FROM `jf_type` WHERE ( type_pid=0 ) ORDER BY type_sort asc  [ RunTime:0.000282s ]
SQL: SELECT * FROM `jf_type` WHERE ( type_pid=68 )  [ RunTime:0.000264s ]
SQL: SELECT * FROM `jf_type` WHERE ( type_pid=74 )  [ RunTime:0.000240s ]
SQL: SELECT * FROM `jf_type` WHERE ( type_pid=79 )  [ RunTime:0.000227s ]
SQL: SELECT * FROM `jf_type` WHERE ( type_pid=53 )  [ RunTime:0.000212s ]
SQL: SELECT * FROM `jf_type` WHERE ( type_pid=59 )  [ RunTime:0.000204s ]
NOTIC: [8] Undefined offset: 5 E:\phpstudy\WWW\jfsc\Application\Index\Home\Controller\IndexController.class.php 第 37 行.
SQL: SELECT * FROM `jf_type` WHERE ( type_pid= )  [ RunTime:0.000136s ]
ERR: 1064:You have an error in your SQL syntax; check the manual that corresponds to your MySQL server version for the right syntax to use near ')' at line 1
 [ SQL语句 ] : SELECT * FROM `jf_type` WHERE ( type_pid= ) 
NOTIC: [8] Undefined index: Hukcuser E:\phpstudy\WWW\jfsc\Application\Index\Home\Controller\ProductController.class.php 第 90 行.
SQL: SHOW COLUMNS FROM `jf_prd` [ RunTime:0.004240s ]
SQL: SELECT * FROM `jf_prd` WHERE ( prd_id=74 ) LIMIT 1   [ RunTime:0.000277s ]
NOTIC: [8] Use of undefined constant neq - assumed 'neq' E:\phpstudy\WWW\jfsc\Application\Index\Home\Controller\ProductController.class.php 第 101 行.
SQL: SELECT * FROM `jf_prd` WHERE `status` <> -1 ORDER BY clicknum desc LIMIT 8   [ RunTime:0.000326s ]
INFO: [ view_parse ] --START--
INFO: [ template_filter ] --START--
INFO: Run Behavior\ContentReplaceBehavior [ RunTime:0.000128s ]
INFO: [ template_filter ] --END-- [ RunTime:0.000193s ]
NOTIC: [8] Undefined variable: Hukcuser E:\phpstudy\WWW\jfsc\Application\Index\Runtime\Cache\Home\6ec9c2fa99ed1a4f895a58ad48cd63f0.php 第 176 行.
NOTIC: [8] Undefined variable: Hukcuser E:\phpstudy\WWW\jfsc\Application\Index\Runtime\Cache\Home\6ec9c2fa99ed1a4f895a58ad48cd63f0.php 第 178 行.
NOTIC: [8] Undefined variable: Hukcuser E:\phpstudy\WWW\jfsc\Application\Index\Runtime\Cache\Home\6ec9c2fa99ed1a4f895a58ad48cd63f0.php 第 179 行.
NOTIC: [8] Undefined variable: Hukcuser E:\phpstudy\WWW\jfsc\Application\Index\Runtime\Cache\Home\6ec9c2fa99ed1a4f895a58ad48cd63f0.php 第 216 行.
INFO: Run Behavior\ParseTemplateBehavior [ RunTime:0.030997s ]
INFO: [ view_parse ] --END-- [ RunTime:0.031128s ]
INFO: [ view_filter ] --START--
INFO: Run Behavior\WriteHtmlCacheBehavior [ RunTime:0.000333s ]
INFO: [ view_filter ] --END-- [ RunTime:0.000385s ]
INFO: [ app_end ] --START--
INFO: Run Behavior\ShowPageTraceBehavior [ RunTime:0.000812s ]
INFO: [ app_end ] --END-- [ RunTime:0.000900s ]

[ 2017-03-09T10:29:57+08:00 ] ::1 /jfsc/index.php
INFO: [ app_init ] --START--
INFO: Run Behavior\BuildLiteBehavior [ RunTime:0.000029s ]
INFO: [ app_init ] --END-- [ RunTime:0.000518s ]
INFO: [ app_begin ] --START--
INFO: Run Behavior\ReadHtmlCacheBehavior [ RunTime:0.000905s ]
INFO: [ app_begin ] --END-- [ RunTime:0.001008s ]
NOTIC: [8] Undefined index: Hukcuser E:\phpstudy\WWW\jfsc\Application\Index\Home\Controller\IndexController.class.php 第 11 行.
NOTIC: [8] Use of undefined constant neq - assumed 'neq' E:\phpstudy\WWW\jfsc\Application\Index\Home\Controller\IndexController.class.php 第 17 行.
SQL: SHOW COLUMNS FROM `jf_type` [ RunTime:0.004427s ]
SQL: SELECT * FROM `jf_type` WHERE ( type_pid=0 ) ORDER BY type_sort asc  [ RunTime:0.000338s ]
SQL: SHOW COLUMNS FROM `jf_slide` [ RunTime:0.005049s ]
SQL: SELECT * FROM `jf_slide`  [ RunTime:0.000263s ]
SQL: SHOW COLUMNS FROM `jf_prd` [ RunTime:0.005148s ]
SQL: SELECT * FROM `jf_prd` WHERE `status` <> -1 ORDER BY prd_id desc LIMIT 8   [ RunTime:0.000545s ]
SQL: SELECT * FROM `jf_prd` WHERE `status` <> -1 ORDER BY clicknum desc LIMIT 8   [ RunTime:0.000442s ]
SQL: SELECT * FROM `jf_type` WHERE ( type_pid=68 )  [ RunTime:0.000237s ]
SQL: SELECT * FROM `jf_type` WHERE ( type_pid=74 )  [ RunTime:0.000200s ]
SQL: SELECT * FROM `jf_type` WHERE ( type_pid=79 )  [ RunTime:0.000217s ]
SQL: SELECT * FROM `jf_type` WHERE ( type_pid=53 )  [ RunTime:0.000228s ]
SQL: SELECT * FROM `jf_type` WHERE ( type_pid=59 )  [ RunTime:0.000222s ]
NOTIC: [8] Undefined offset: 5 E:\phpstudy\WWW\jfsc\Application\Index\Home\Controller\IndexController.class.php 第 37 行.
SQL: SELECT * FROM `jf_type` WHERE ( type_pid= )  [ RunTime:0.000126s ]
ERR: 1064:You have an error in your SQL syntax; check the manual that corresponds to your MySQL server version for the right syntax to use near ')' at line 1
 [ SQL语句 ] : SELECT * FROM `jf_type` WHERE ( type_pid= ) 
INFO: [ view_parse ] --START--
INFO: [ template_filter ] --START--
INFO: Run Behavior\ContentReplaceBehavior [ RunTime:0.000134s ]
INFO: [ template_filter ] --END-- [ RunTime:0.000209s ]
NOTIC: [8] Undefined variable: Hukcuser E:\phpstudy\WWW\jfsc\Application\Index\Runtime\Cache\Home\2955b94ad7a1053942104bcab546ee6e.php 第 182 行.
NOTIC: [8] Undefined variable: Hukcuser E:\phpstudy\WWW\jfsc\Application\Index\Runtime\Cache\Home\2955b94ad7a1053942104bcab546ee6e.php 第 184 行.
NOTIC: [8] Undefined variable: Hukcuser E:\phpstudy\WWW\jfsc\Application\Index\Runtime\Cache\Home\2955b94ad7a1053942104bcab546ee6e.php 第 185 行.
INFO: Run Behavior\ParseTemplateBehavior [ RunTime:0.022832s ]
INFO: [ view_parse ] --END-- [ RunTime:0.022929s ]
INFO: [ view_filter ] --START--
INFO: Run Behavior\WriteHtmlCacheBehavior [ RunTime:0.000386s ]
INFO: [ view_filter ] --END-- [ RunTime:0.000459s ]
INFO: [ app_end ] --START--
INFO: Run Behavior\ShowPageTraceBehavior [ RunTime:0.001141s ]
INFO: [ app_end ] --END-- [ RunTime:0.001263s ]

[ 2017-03-09T10:30:01+08:00 ] ::1 /jfsc/index.php?c=product&a=index&typename=%E7%B2%BE%E5%93%81%E7%94%B7%E5%8C%85
INFO: [ app_init ] --START--
INFO: Run Behavior\BuildLiteBehavior [ RunTime:0.000027s ]
INFO: [ app_init ] --END-- [ RunTime:0.000486s ]
INFO: [ app_begin ] --START--
INFO: Run Behavior\ReadHtmlCacheBehavior [ RunTime:0.000686s ]
INFO: [ app_begin ] --END-- [ RunTime:0.000806s ]
NOTIC: [8] Undefined index: Hukcuser E:\phpstudy\WWW\jfsc\Application\Index\Home\Controller\ProductController.class.php 第 9 行.
NOTIC: [8] Use of undefined constant neq - assumed 'neq' E:\phpstudy\WWW\jfsc\Application\Index\Home\Controller\ProductController.class.php 第 15 行.
SQL: SHOW COLUMNS FROM `jf_prd` [ RunTime:0.005026s ]
SQL: SELECT COUNT(*) AS tp_count FROM `jf_prd` WHERE `status` <> -1 LIMIT 1   [ RunTime:0.000427s ]
NOTIC: [8] Undefined index: page E:\phpstudy\WWW\jfsc\Application\Index\Home\Controller\IndexController.class.php 第 65 行.
SQL: SELECT * FROM `jf_prd` WHERE `status` <> -1 ORDER BY prd_id desc LIMIT 0,5   [ RunTime:0.000590s ]
SQL: SELECT COUNT(*) AS tp_count FROM `jf_prd` WHERE `status` <> -1 LIMIT 1   [ RunTime:0.000402s ]
NOTIC: [8] Undefined index: page E:\phpstudy\WWW\jfsc\Application\Index\Home\Controller\IndexController.class.php 第 65 行.
SQL: SHOW COLUMNS FROM `jf_type` [ RunTime:0.075807s ]
SQL: SELECT * FROM `jf_type` WHERE ( type_pid=0 ) ORDER BY type_sort asc  [ RunTime:0.000269s ]
SQL: SELECT * FROM `jf_type` WHERE ( type_pid=68 )  [ RunTime:0.000182s ]
SQL: SELECT * FROM `jf_type` WHERE ( type_pid=74 )  [ RunTime:0.000170s ]
SQL: SELECT * FROM `jf_type` WHERE ( type_pid=79 )  [ RunTime:0.000180s ]
SQL: SELECT * FROM `jf_type` WHERE ( type_pid=53 )  [ RunTime:0.000261s ]
SQL: SELECT * FROM `jf_type` WHERE ( type_pid=59 )  [ RunTime:0.000415s ]
NOTIC: [8] Undefined offset: 5 E:\phpstudy\WWW\jfsc\Application\Index\Home\Controller\IndexController.class.php 第 37 行.
SQL: SELECT * FROM `jf_type` WHERE ( type_pid= )  [ RunTime:0.000134s ]
ERR: 1064:You have an error in your SQL syntax; check the manual that corresponds to your MySQL server version for the right syntax to use near ')' at line 1
 [ SQL语句 ] : SELECT * FROM `jf_type` WHERE ( type_pid= ) 
SQL: SELECT COUNT(*) AS tp_count FROM `jf_prd` WHERE `status` <> -1 AND `type` LIKE '精品男包' LIMIT 1   [ RunTime:0.000315s ]
NOTIC: [8] Undefined index: page E:\phpstudy\WWW\jfsc\Application\Index\Home\Controller\IndexController.class.php 第 65 行.
SQL: SELECT * FROM `jf_prd` WHERE `status` <> -1 AND `type` LIKE '精品男包' ORDER BY prd_id desc LIMIT -5,5   [ RunTime:0.000185s ]
ERR: 1064:You have an error in your SQL syntax; check the manual that corresponds to your MySQL server version for the right syntax to use near '-5,5' at line 1
 [ SQL语句 ] : SELECT * FROM `jf_prd` WHERE `status` <> -1 AND `type` LIKE '精品男包' ORDER BY prd_id desc LIMIT -5,5  
SQL: SELECT COUNT(*) AS tp_count FROM `jf_prd` WHERE `status` <> -1 AND `type` LIKE '精品男包' LIMIT 1   [ RunTime:0.000287s ]
NOTIC: [8] Undefined index: page E:\phpstudy\WWW\jfsc\Application\Index\Home\Controller\IndexController.class.php 第 65 行.
NOTIC: [8] Undefined index: jifen_fanwei E:\phpstudy\WWW\jfsc\Application\Index\Home\Controller\ProductController.class.php 第 29 行.
NOTIC: [8] Undefined index: p_Name E:\phpstudy\WWW\jfsc\Application\Index\Home\Controller\ProductController.class.php 第 69 行.
NOTIC: [8] Use of undefined constant neq - assumed 'neq' E:\phpstudy\WWW\jfsc\Application\Index\Home\Controller\ProductController.class.php 第 77 行.
SQL: SELECT * FROM `jf_prd` WHERE `status` <> -1 ORDER BY clicknum desc LIMIT 8   [ RunTime:0.000333s ]
INFO: [ view_parse ] --START--
INFO: [ template_filter ] --START--
INFO: Run Behavior\ContentReplaceBehavior [ RunTime:0.000141s ]
INFO: [ template_filter ] --END-- [ RunTime:0.000211s ]
NOTIC: [8] Undefined variable: Hukcuser E:\phpstudy\WWW\jfsc\Application\Index\Runtime\Cache\Home\1cecb125b147dd48d692862c8d51d93c.php 第 175 行.
NOTIC: [8] Undefined variable: Hukcuser E:\phpstudy\WWW\jfsc\Application\Index\Runtime\Cache\Home\1cecb125b147dd48d692862c8d51d93c.php 第 177 行.
NOTIC: [8] Undefined variable: Hukcuser E:\phpstudy\WWW\jfsc\Application\Index\Runtime\Cache\Home\1cecb125b147dd48d692862c8d51d93c.php 第 178 行.
NOTIC: [8] Undefined variable: jifen_fanwei E:\phpstudy\WWW\jfsc\Application\Index\Runtime\Cache\Home\1cecb125b147dd48d692862c8d51d93c.php 第 299 行.
NOTIC: [8] Undefined variable: p_Name E:\phpstudy\WWW\jfsc\Application\Index\Runtime\Cache\Home\1cecb125b147dd48d692862c8d51d93c.php 第 299 行.
NOTIC: [8] Undefined variable: jifen_fanwei E:\phpstudy\WWW\jfsc\Application\Index\Runtime\Cache\Home\1cecb125b147dd48d692862c8d51d93c.php 第 300 行.
NOTIC: [8] Undefined variable: p_Name E:\phpstudy\WWW\jfsc\Application\Index\Runtime\Cache\Home\1cecb125b147dd48d692862c8d51d93c.php 第 300 行.
NOTIC: [8] Undefined variable: jifen_fanwei E:\phpstudy\WWW\jfsc\Application\Index\Runtime\Cache\Home\1cecb125b147dd48d692862c8d51d93c.php 第 301 行.
NOTIC: [8] Undefined variable: p_Name E:\phpstudy\WWW\jfsc\Application\Index\Runtime\Cache\Home\1cecb125b147dd48d692862c8d51d93c.php 第 301 行.
NOTIC: [8] Undefined variable: jifen_fanwei E:\phpstudy\WWW\jfsc\Application\Index\Runtime\Cache\Home\1cecb125b147dd48d692862c8d51d93c.php 第 302 行.
NOTIC: [8] Undefined variable: p_Name E:\phpstudy\WWW\jfsc\Application\Index\Runtime\Cache\Home\1cecb125b147dd48d692862c8d51d93c.php 第 302 行.
NOTIC: [8] Undefined variable: jifen_fanwei E:\phpstudy\WWW\jfsc\Application\Index\Runtime\Cache\Home\1cecb125b147dd48d692862c8d51d93c.php 第 371 行.
NOTIC: [8] Undefined variable: p_Name E:\phpstudy\WWW\jfsc\Application\Index\Runtime\Cache\Home\1cecb125b147dd48d692862c8d51d93c.php 第 372 行.
INFO: Run Behavior\ParseTemplateBehavior [ RunTime:0.019421s ]
INFO: [ view_parse ] --END-- [ RunTime:0.019505s ]
INFO: [ view_filter ] --START--
INFO: Run Behavior\WriteHtmlCacheBehavior [ RunTime:0.000372s ]
INFO: [ view_filter ] --END-- [ RunTime:0.000445s ]
INFO: [ app_end ] --START--
INFO: Run Behavior\ShowPageTraceBehavior [ RunTime:0.000548s ]
INFO: [ app_end ] --END-- [ RunTime:0.000625s ]

[ 2017-03-09T10:30:17+08:00 ] ::1 /jfsc/
INFO: [ app_init ] --START--
INFO: Run Behavior\BuildLiteBehavior [ RunTime:0.000020s ]
INFO: [ app_init ] --END-- [ RunTime:0.000468s ]
INFO: [ app_begin ] --START--
INFO: Run Behavior\ReadHtmlCacheBehavior [ RunTime:0.000459s ]
INFO: [ app_begin ] --END-- [ RunTime:0.000523s ]
NOTIC: [8] Undefined index: Hukcuser E:\phpstudy\WWW\jfsc\Application\Index\Home\Controller\IndexController.class.php 第 11 行.
NOTIC: [8] Use of undefined constant neq - assumed 'neq' E:\phpstudy\WWW\jfsc\Application\Index\Home\Controller\IndexController.class.php 第 17 行.
SQL: SHOW COLUMNS FROM `jf_type` [ RunTime:0.004279s ]
SQL: SELECT * FROM `jf_type` WHERE ( type_pid=0 ) ORDER BY type_sort asc  [ RunTime:0.000306s ]
SQL: SHOW COLUMNS FROM `jf_slide` [ RunTime:0.003857s ]
SQL: SELECT * FROM `jf_slide`  [ RunTime:0.000217s ]
SQL: SHOW COLUMNS FROM `jf_prd` [ RunTime:0.003903s ]
SQL: SELECT * FROM `jf_prd` WHERE `status` <> -1 ORDER BY prd_id desc LIMIT 8   [ RunTime:0.000431s ]
SQL: SELECT * FROM `jf_prd` WHERE `status` <> -1 ORDER BY clicknum desc LIMIT 8   [ RunTime:0.000273s ]
SQL: SELECT * FROM `jf_type` WHERE ( type_pid=68 )  [ RunTime:0.000157s ]
SQL: SELECT * FROM `jf_type` WHERE ( type_pid=74 )  [ RunTime:0.000172s ]
SQL: SELECT * FROM `jf_type` WHERE ( type_pid=79 )  [ RunTime:0.000189s ]
SQL: SELECT * FROM `jf_type` WHERE ( type_pid=53 )  [ RunTime:0.000173s ]
SQL: SELECT * FROM `jf_type` WHERE ( type_pid=59 )  [ RunTime:0.000139s ]
NOTIC: [8] Undefined offset: 5 E:\phpstudy\WWW\jfsc\Application\Index\Home\Controller\IndexController.class.php 第 37 行.
SQL: SELECT * FROM `jf_type` WHERE ( type_pid= )  [ RunTime:0.000085s ]
ERR: 1064:You have an error in your SQL syntax; check the manual that corresponds to your MySQL server version for the right syntax to use near ')' at line 1
 [ SQL语句 ] : SELECT * FROM `jf_type` WHERE ( type_pid= ) 
INFO: [ view_parse ] --START--
INFO: [ template_filter ] --START--
INFO: Run Behavior\ContentReplaceBehavior [ RunTime:0.000137s ]
INFO: [ template_filter ] --END-- [ RunTime:0.000207s ]
NOTIC: [8] Undefined variable: Hukcuser E:\phpstudy\WWW\jfsc\Application\Index\Runtime\Cache\Home\2955b94ad7a1053942104bcab546ee6e.php 第 182 行.
NOTIC: [8] Undefined variable: Hukcuser E:\phpstudy\WWW\jfsc\Application\Index\Runtime\Cache\Home\2955b94ad7a1053942104bcab546ee6e.php 第 184 行.
NOTIC: [8] Undefined variable: Hukcuser E:\phpstudy\WWW\jfsc\Application\Index\Runtime\Cache\Home\2955b94ad7a1053942104bcab546ee6e.php 第 185 行.
INFO: Run Behavior\ParseTemplateBehavior [ RunTime:0.016910s ]
INFO: [ view_parse ] --END-- [ RunTime:0.016994s ]
INFO: [ view_filter ] --START--
INFO: Run Behavior\WriteHtmlCacheBehavior [ RunTime:0.000233s ]
INFO: [ view_filter ] --END-- [ RunTime:0.000288s ]
INFO: [ app_end ] --START--
INFO: Run Behavior\ShowPageTraceBehavior [ RunTime:0.000696s ]
INFO: [ app_end ] --END-- [ RunTime:0.000788s ]

[ 2017-03-09T10:30:31+08:00 ] ::1 /jfsc/index.php?c=product&a=index&typename=%E6%B1%BD%E8%BB%8A%E7%94%A8%E5%93%81
INFO: [ app_init ] --START--
INFO: Run Behavior\BuildLiteBehavior [ RunTime:0.000033s ]
INFO: [ app_init ] --END-- [ RunTime:0.000457s ]
INFO: [ app_begin ] --START--
INFO: Run Behavior\ReadHtmlCacheBehavior [ RunTime:0.000896s ]
INFO: [ app_begin ] --END-- [ RunTime:0.001040s ]
NOTIC: [8] Undefined index: Hukcuser E:\phpstudy\WWW\jfsc\Application\Index\Home\Controller\ProductController.class.php 第 9 行.
NOTIC: [8] Use of undefined constant neq - assumed 'neq' E:\phpstudy\WWW\jfsc\Application\Index\Home\Controller\ProductController.class.php 第 15 行.
SQL: SHOW COLUMNS FROM `jf_prd` [ RunTime:0.004506s ]
SQL: SELECT COUNT(*) AS tp_count FROM `jf_prd` WHERE `status` <> -1 LIMIT 1   [ RunTime:0.000306s ]
NOTIC: [8] Undefined index: page E:\phpstudy\WWW\jfsc\Application\Index\Home\Controller\IndexController.class.php 第 65 行.
SQL: SELECT * FROM `jf_prd` WHERE `status` <> -1 ORDER BY prd_id desc LIMIT 0,5   [ RunTime:0.000534s ]
SQL: SELECT COUNT(*) AS tp_count FROM `jf_prd` WHERE `status` <> -1 LIMIT 1   [ RunTime:0.000294s ]
NOTIC: [8] Undefined index: page E:\phpstudy\WWW\jfsc\Application\Index\Home\Controller\IndexController.class.php 第 65 行.
SQL: SHOW COLUMNS FROM `jf_type` [ RunTime:0.015513s ]
SQL: SELECT * FROM `jf_type` WHERE ( type_pid=0 ) ORDER BY type_sort asc  [ RunTime:0.000374s ]
SQL: SELECT * FROM `jf_type` WHERE ( type_pid=68 )  [ RunTime:0.000253s ]
SQL: SELECT * FROM `jf_type` WHERE ( type_pid=74 )  [ RunTime:0.000223s ]
SQL: SELECT * FROM `jf_type` WHERE ( type_pid=79 )  [ RunTime:0.000214s ]
SQL: SELECT * FROM `jf_type` WHERE ( type_pid=53 )  [ RunTime:0.000214s ]
SQL: SELECT * FROM `jf_type` WHERE ( type_pid=59 )  [ RunTime:0.000246s ]
NOTIC: [8] Undefined offset: 5 E:\phpstudy\WWW\jfsc\Application\Index\Home\Controller\IndexController.class.php 第 37 行.
SQL: SELECT * FROM `jf_type` WHERE ( type_pid= )  [ RunTime:0.000141s ]
ERR: 1064:You have an error in your SQL syntax; check the manual that corresponds to your MySQL server version for the right syntax to use near ')' at line 1
 [ SQL语句 ] : SELECT * FROM `jf_type` WHERE ( type_pid= ) 
SQL: SELECT COUNT(*) AS tp_count FROM `jf_prd` WHERE `status` <> -1 AND `type` LIKE '汽車用品' LIMIT 1   [ RunTime:0.000284s ]
NOTIC: [8] Undefined index: page E:\phpstudy\WWW\jfsc\Application\Index\Home\Controller\IndexController.class.php 第 65 行.
SQL: SELECT * FROM `jf_prd` WHERE `status` <> -1 AND `type` LIKE '汽車用品' ORDER BY prd_id desc LIMIT 0,5   [ RunTime:0.000382s ]
SQL: SELECT COUNT(*) AS tp_count FROM `jf_prd` WHERE `status` <> -1 AND `type` LIKE '汽車用品' LIMIT 1   [ RunTime:0.000241s ]
NOTIC: [8] Undefined index: page E:\phpstudy\WWW\jfsc\Application\Index\Home\Controller\IndexController.class.php 第 65 行.
NOTIC: [8] Undefined index: jifen_fanwei E:\phpstudy\WWW\jfsc\Application\Index\Home\Controller\ProductController.class.php 第 29 行.
NOTIC: [8] Undefined index: p_Name E:\phpstudy\WWW\jfsc\Application\Index\Home\Controller\ProductController.class.php 第 69 行.
NOTIC: [8] Use of undefined constant neq - assumed 'neq' E:\phpstudy\WWW\jfsc\Application\Index\Home\Controller\ProductController.class.php 第 77 行.
SQL: SELECT * FROM `jf_prd` WHERE `status` <> -1 ORDER BY clicknum desc LIMIT 8   [ RunTime:0.000341s ]
INFO: [ view_parse ] --START--
INFO: [ template_filter ] --START--
INFO: Run Behavior\ContentReplaceBehavior [ RunTime:0.000141s ]
INFO: [ template_filter ] --END-- [ RunTime:0.000218s ]
NOTIC: [8] Undefined variable: Hukcuser E:\phpstudy\WWW\jfsc\Application\Index\Runtime\Cache\Home\1cecb125b147dd48d692862c8d51d93c.php 第 175 行.
NOTIC: [8] Undefined variable: Hukcuser E:\phpstudy\WWW\jfsc\Application\Index\Runtime\Cache\Home\1cecb125b147dd48d692862c8d51d93c.php 第 177 行.
NOTIC: [8] Undefined variable: Hukcuser E:\phpstudy\WWW\jfsc\Application\Index\Runtime\Cache\Home\1cecb125b147dd48d692862c8d51d93c.php 第 178 行.
NOTIC: [8] Undefined variable: Hukcuser E:\phpstudy\WWW\jfsc\Application\Index\Runtime\Cache\Home\1cecb125b147dd48d692862c8d51d93c.php 第 210 行.
NOTIC: [8] Undefined variable: Hukcuser E:\phpstudy\WWW\jfsc\Application\Index\Runtime\Cache\Home\1cecb125b147dd48d692862c8d51d93c.php 第 210 行.
NOTIC: [8] Undefined variable: Hukcuser E:\phpstudy\WWW\jfsc\Application\Index\Runtime\Cache\Home\1cecb125b147dd48d692862c8d51d93c.php 第 210 行.
NOTIC: [8] Undefined variable: Hukcuser E:\phpstudy\WWW\jfsc\Application\Index\Runtime\Cache\Home\1cecb125b147dd48d692862c8d51d93c.php 第 210 行.
NOTIC: [8] Undefined variable: Hukcuser E:\phpstudy\WWW\jfsc\Application\Index\Runtime\Cache\Home\1cecb125b147dd48d692862c8d51d93c.php 第 210 行.
NOTIC: [8] Undefined variable: jifen_fanwei E:\phpstudy\WWW\jfsc\Application\Index\Runtime\Cache\Home\1cecb125b147dd48d692862c8d51d93c.php 第 299 行.
NOTIC: [8] Undefined variable: p_Name E:\phpstudy\WWW\jfsc\Application\Index\Runtime\Cache\Home\1cecb125b147dd48d692862c8d51d93c.php 第 299 行.
NOTIC: [8] Undefined variable: jifen_fanwei E:\phpstudy\WWW\jfsc\Application\Index\Runtime\Cache\Home\1cecb125b147dd48d692862c8d51d93c.php 第 300 行.
NOTIC: [8] Undefined variable: p_Name E:\phpstudy\WWW\jfsc\Application\Index\Runtime\Cache\Home\1cecb125b147dd48d692862c8d51d93c.php 第 300 行.
NOTIC: [8] Undefined variable: jifen_fanwei E:\phpstudy\WWW\jfsc\Application\Index\Runtime\Cache\Home\1cecb125b147dd48d692862c8d51d93c.php 第 301 行.
NOTIC: [8] Undefined variable: p_Name E:\phpstudy\WWW\jfsc\Application\Index\Runtime\Cache\Home\1cecb125b147dd48d692862c8d51d93c.php 第 301 行.
NOTIC: [8] Undefined variable: jifen_fanwei E:\phpstudy\WWW\jfsc\Application\Index\Runtime\Cache\Home\1cecb125b147dd48d692862c8d51d93c.php 第 302 行.
NOTIC: [8] Undefined variable: p_Name E:\phpstudy\WWW\jfsc\Application\Index\Runtime\Cache\Home\1cecb125b147dd48d692862c8d51d93c.php 第 302 行.
NOTIC: [8] Undefined variable: jifen_fanwei E:\phpstudy\WWW\jfsc\Application\Index\Runtime\Cache\Home\1cecb125b147dd48d692862c8d51d93c.php 第 371 行.
NOTIC: [8] Undefined variable: p_Name E:\phpstudy\WWW\jfsc\Application\Index\Runtime\Cache\Home\1cecb125b147dd48d692862c8d51d93c.php 第 372 行.
INFO: Run Behavior\ParseTemplateBehavior [ RunTime:0.019275s ]
INFO: [ view_parse ] --END-- [ RunTime:0.019363s ]
INFO: [ view_filter ] --START--
INFO: Run Behavior\WriteHtmlCacheBehavior [ RunTime:0.000268s ]
INFO: [ view_filter ] --END-- [ RunTime:0.000329s ]
INFO: [ app_end ] --START--
INFO: Run Behavior\ShowPageTraceBehavior [ RunTime:0.000658s ]
INFO: [ app_end ] --END-- [ RunTime:0.000739s ]

