[ 2017-03-13T16:41:43+08:00 ] ::1 /jfsc/index.php
INFO: [ app_init ] --START--
INFO: Run Behavior\BuildLiteBehavior [ RunTime:0.000019s ]
INFO: [ app_init ] --END-- [ RunTime:0.000720s ]
INFO: [ app_begin ] --START--
INFO: Run Behavior\ReadHtmlCacheBehavior [ RunTime:0.065161s ]
INFO: [ app_begin ] --END-- [ RunTime:0.065276s ]
NOTIC: [8] Undefined index: Hukcuser E:\phpstudy\WWW\jfsc\Application\Index\Home\Controller\IndexController.class.php 第 11 行.
NOTIC: [8] Use of undefined constant neq - assumed 'neq' E:\phpstudy\WWW\jfsc\Application\Index\Home\Controller\IndexController.class.php 第 17 行.
SQL: SHOW COLUMNS FROM `jf_type` [ RunTime:0.025155s ]
SQL: SELECT * FROM `jf_type` WHERE ( type_pid=0 ) ORDER BY type_sort asc  [ RunTime:0.000495s ]
SQL: SHOW COLUMNS FROM `jf_slide` [ RunTime:0.036973s ]
SQL: SELECT * FROM `jf_slide`  [ RunTime:0.000289s ]
SQL: SHOW COLUMNS FROM `jf_prd` [ RunTime:0.021103s ]
SQL: SELECT * FROM `jf_prd` WHERE `status` <> -1 ORDER BY prd_id desc LIMIT 8   [ RunTime:0.000618s ]
SQL: SELECT * FROM `jf_prd` WHERE `status` <> -1 ORDER BY clicknum desc LIMIT 8   [ RunTime:0.000329s ]
SQL: SELECT * FROM `jf_type` WHERE ( type_pid=68 )  [ RunTime:0.000197s ]
SQL: SELECT * FROM `jf_type` WHERE ( type_pid=74 )  [ RunTime:0.000170s ]
SQL: SELECT * FROM `jf_type` WHERE ( type_pid=79 )  [ RunTime:0.000184s ]
SQL: SELECT * FROM `jf_type` WHERE ( type_pid=53 )  [ RunTime:0.000186s ]
SQL: SELECT * FROM `jf_type` WHERE ( type_pid=59 )  [ RunTime:0.000182s ]
NOTIC: [8] Undefined offset: 5 E:\phpstudy\WWW\jfsc\Application\Index\Home\Controller\IndexController.class.php 第 37 行.
SQL: SELECT * FROM `jf_type` WHERE ( type_pid= )  [ RunTime:0.000136s ]
ERR: 1064:You have an error in your SQL syntax; check the manual that corresponds to your MySQL server version for the right syntax to use near ')' at line 1
 [ SQL语句 ] : SELECT * FROM `jf_type` WHERE ( type_pid= ) 
INFO: [ view_parse ] --START--
INFO: [ template_filter ] --START--
INFO: Run Behavior\ContentReplaceBehavior [ RunTime:0.000146s ]
INFO: [ template_filter ] --END-- [ RunTime:0.000215s ]
NOTIC: [8] Undefined variable: Hukcuser E:\phpstudy\WWW\jfsc\Application\Index\Runtime\Cache\Home\2955b94ad7a1053942104bcab546ee6e.php 第 182 行.
NOTIC: [8] Undefined variable: Hukcuser E:\phpstudy\WWW\jfsc\Application\Index\Runtime\Cache\Home\2955b94ad7a1053942104bcab546ee6e.php 第 184 行.
NOTIC: [8] Undefined variable: Hukcuser E:\phpstudy\WWW\jfsc\Application\Index\Runtime\Cache\Home\2955b94ad7a1053942104bcab546ee6e.php 第 185 行.
INFO: Run Behavior\ParseTemplateBehavior [ RunTime:0.112166s ]
INFO: [ view_parse ] --END-- [ RunTime:0.112255s ]
INFO: [ view_filter ] --START--
INFO: Run Behavior\WriteHtmlCacheBehavior [ RunTime:0.000567s ]
INFO: [ view_filter ] --END-- [ RunTime:0.000621s ]
INFO: [ app_end ] --START--
INFO: Run Behavior\ShowPageTraceBehavior [ RunTime:0.023689s ]
INFO: [ app_end ] --END-- [ RunTime:0.023802s ]

[ 2017-03-13T16:41:47+08:00 ] ::1 /jfsc/index.php?c=product&a=index&typename=%E6%B5%81%E8%A1%8C%E9%A3%BE%E5%93%81
INFO: [ app_init ] --START--
INFO: Run Behavior\BuildLiteBehavior [ RunTime:0.000023s ]
INFO: [ app_init ] --END-- [ RunTime:0.000525s ]
INFO: [ app_begin ] --START--
INFO: Run Behavior\ReadHtmlCacheBehavior [ RunTime:0.000658s ]
INFO: [ app_begin ] --END-- [ RunTime:0.000773s ]
NOTIC: [8] Undefined index: Hukcuser E:\phpstudy\WWW\jfsc\Application\Index\Home\Controller\ProductController.class.php 第 9 行.
NOTIC: [8] Use of undefined constant neq - assumed 'neq' E:\phpstudy\WWW\jfsc\Application\Index\Home\Controller\ProductController.class.php 第 15 行.
SQL: SHOW COLUMNS FROM `jf_prd` [ RunTime:0.003669s ]
SQL: SELECT COUNT(*) AS tp_count FROM `jf_prd` WHERE `status` <> -1 LIMIT 1   [ RunTime:0.000277s ]
NOTIC: [8] Undefined index: page E:\phpstudy\WWW\jfsc\Application\Index\Home\Controller\IndexController.class.php 第 65 行.
SQL: SELECT * FROM `jf_prd` WHERE `status` <> -1 ORDER BY prd_id desc LIMIT 0,5   [ RunTime:0.000326s ]
SQL: SELECT COUNT(*) AS tp_count FROM `jf_prd` WHERE `status` <> -1 LIMIT 1   [ RunTime:0.000220s ]
NOTIC: [8] Undefined index: page E:\phpstudy\WWW\jfsc\Application\Index\Home\Controller\IndexController.class.php 第 65 行.
SQL: SHOW COLUMNS FROM `jf_type` [ RunTime:0.004344s ]
SQL: SELECT * FROM `jf_type` WHERE ( type_pid=0 ) ORDER BY type_sort asc  [ RunTime:0.000424s ]
SQL: SELECT * FROM `jf_type` WHERE ( type_pid=68 )  [ RunTime:0.000218s ]
SQL: SELECT * FROM `jf_type` WHERE ( type_pid=74 )  [ RunTime:0.000209s ]
SQL: SELECT * FROM `jf_type` WHERE ( type_pid=79 )  [ RunTime:0.000196s ]
SQL: SELECT * FROM `jf_type` WHERE ( type_pid=53 )  [ RunTime:0.000199s ]
SQL: SELECT * FROM `jf_type` WHERE ( type_pid=59 )  [ RunTime:0.000197s ]
NOTIC: [8] Undefined offset: 5 E:\phpstudy\WWW\jfsc\Application\Index\Home\Controller\IndexController.class.php 第 37 行.
SQL: SELECT * FROM `jf_type` WHERE ( type_pid= )  [ RunTime:0.000130s ]
ERR: 1064:You have an error in your SQL syntax; check the manual that corresponds to your MySQL server version for the right syntax to use near ')' at line 1
 [ SQL语句 ] : SELECT * FROM `jf_type` WHERE ( type_pid= ) 
SQL: SELECT COUNT(*) AS tp_count FROM `jf_prd` WHERE `status` <> -1 AND `type` LIKE '流行飾品' LIMIT 1   [ RunTime:0.027537s ]
NOTIC: [8] Undefined index: page E:\phpstudy\WWW\jfsc\Application\Index\Home\Controller\IndexController.class.php 第 65 行.
SQL: SELECT * FROM `jf_prd` WHERE `status` <> -1 AND `type` LIKE '流行飾品' ORDER BY prd_id desc LIMIT -5,5   [ RunTime:0.000203s ]
ERR: 1064:You have an error in your SQL syntax; check the manual that corresponds to your MySQL server version for the right syntax to use near '-5,5' at line 1
 [ SQL语句 ] : SELECT * FROM `jf_prd` WHERE `status` <> -1 AND `type` LIKE '流行飾品' ORDER BY prd_id desc LIMIT -5,5  
SQL: SELECT COUNT(*) AS tp_count FROM `jf_prd` WHERE `status` <> -1 AND `type` LIKE '流行飾品' LIMIT 1   [ RunTime:0.000324s ]
NOTIC: [8] Undefined index: page E:\phpstudy\WWW\jfsc\Application\Index\Home\Controller\IndexController.class.php 第 65 行.
NOTIC: [8] Undefined index: jifen_fanwei E:\phpstudy\WWW\jfsc\Application\Index\Home\Controller\ProductController.class.php 第 29 行.
NOTIC: [8] Undefined index: p_Name E:\phpstudy\WWW\jfsc\Application\Index\Home\Controller\ProductController.class.php 第 69 行.
NOTIC: [8] Use of undefined constant neq - assumed 'neq' E:\phpstudy\WWW\jfsc\Application\Index\Home\Controller\ProductController.class.php 第 77 行.
SQL: SELECT * FROM `jf_prd` WHERE `status` <> -1 ORDER BY clicknum desc LIMIT 8   [ RunTime:0.000410s ]
INFO: [ view_parse ] --START--
INFO: [ template_filter ] --START--
INFO: Run Behavior\ContentReplaceBehavior [ RunTime:0.000149s ]
INFO: [ template_filter ] --END-- [ RunTime:0.000222s ]
NOTIC: [8] Undefined variable: Hukcuser E:\phpstudy\WWW\jfsc\Application\Index\Runtime\Cache\Home\1cecb125b147dd48d692862c8d51d93c.php 第 175 行.
NOTIC: [8] Undefined variable: Hukcuser E:\phpstudy\WWW\jfsc\Application\Index\Runtime\Cache\Home\1cecb125b147dd48d692862c8d51d93c.php 第 177 行.
NOTIC: [8] Undefined variable: Hukcuser E:\phpstudy\WWW\jfsc\Application\Index\Runtime\Cache\Home\1cecb125b147dd48d692862c8d51d93c.php 第 178 行.
NOTIC: [8] Undefined variable: jifen_fanwei E:\phpstudy\WWW\jfsc\Application\Index\Runtime\Cache\Home\1cecb125b147dd48d692862c8d51d93c.php 第 299 行.
NOTIC: [8] Undefined variable: p_Name E:\phpstudy\WWW\jfsc\Application\Index\Runtime\Cache\Home\1cecb125b147dd48d692862c8d51d93c.php 第 299 行.
NOTIC: [8] Undefined variable: jifen_fanwei E:\phpstudy\WWW\jfsc\Application\Index\Runtime\Cache\Home\1cecb125b147dd48d692862c8d51d93c.php 第 300 行.
NOTIC: [8] Undefined variable: p_Name E:\phpstudy\WWW\jfsc\Application\Index\Runtime\Cache\Home\1cecb125b147dd48d692862c8d51d93c.php 第 300 行.
NOTIC: [8] Undefined variable: jifen_fanwei E:\phpstudy\WWW\jfsc\Application\Index\Runtime\Cache\Home\1cecb125b147dd48d692862c8d51d93c.php 第 301 行.
NOTIC: [8] Undefined variable: p_Name E:\phpstudy\WWW\jfsc\Application\Index\Runtime\Cache\Home\1cecb125b147dd48d692862c8d51d93c.php 第 301 行.
NOTIC: [8] Undefined variable: jifen_fanwei E:\phpstudy\WWW\jfsc\Application\Index\Runtime\Cache\Home\1cecb125b147dd48d692862c8d51d93c.php 第 302 行.
NOTIC: [8] Undefined variable: p_Name E:\phpstudy\WWW\jfsc\Application\Index\Runtime\Cache\Home\1cecb125b147dd48d692862c8d51d93c.php 第 302 行.
NOTIC: [8] Undefined variable: jifen_fanwei E:\phpstudy\WWW\jfsc\Application\Index\Runtime\Cache\Home\1cecb125b147dd48d692862c8d51d93c.php 第 371 行.
NOTIC: [8] Undefined variable: p_Name E:\phpstudy\WWW\jfsc\Application\Index\Runtime\Cache\Home\1cecb125b147dd48d692862c8d51d93c.php 第 372 行.
INFO: Run Behavior\ParseTemplateBehavior [ RunTime:0.052936s ]
INFO: [ view_parse ] --END-- [ RunTime:0.053009s ]
INFO: [ view_filter ] --START--
INFO: Run Behavior\WriteHtmlCacheBehavior [ RunTime:0.000232s ]
INFO: [ view_filter ] --END-- [ RunTime:0.000293s ]
INFO: [ app_end ] --START--
INFO: Run Behavior\ShowPageTraceBehavior [ RunTime:0.000595s ]
INFO: [ app_end ] --END-- [ RunTime:0.000674s ]

[ 2017-03-13T16:41:51+08:00 ] ::1 /jfsc/index.php?c=product&a=index&typename=%E6%88%B6%E5%A4%96%E8%A3%9D%E5%82%99
INFO: [ app_init ] --START--
INFO: Run Behavior\BuildLiteBehavior [ RunTime:0.000017s ]
INFO: [ app_init ] --END-- [ RunTime:0.000368s ]
INFO: [ app_begin ] --START--
INFO: Run Behavior\ReadHtmlCacheBehavior [ RunTime:0.000461s ]
INFO: [ app_begin ] --END-- [ RunTime:0.000528s ]
NOTIC: [8] Undefined index: Hukcuser E:\phpstudy\WWW\jfsc\Application\Index\Home\Controller\ProductController.class.php 第 9 行.
NOTIC: [8] Use of undefined constant neq - assumed 'neq' E:\phpstudy\WWW\jfsc\Application\Index\Home\Controller\ProductController.class.php 第 15 行.
SQL: SHOW COLUMNS FROM `jf_prd` [ RunTime:0.004852s ]
SQL: SELECT COUNT(*) AS tp_count FROM `jf_prd` WHERE `status` <> -1 LIMIT 1   [ RunTime:0.000316s ]
NOTIC: [8] Undefined index: page E:\phpstudy\WWW\jfsc\Application\Index\Home\Controller\IndexController.class.php 第 65 行.
SQL: SELECT * FROM `jf_prd` WHERE `status` <> -1 ORDER BY prd_id desc LIMIT 0,5   [ RunTime:0.000349s ]
SQL: SELECT COUNT(*) AS tp_count FROM `jf_prd` WHERE `status` <> -1 LIMIT 1   [ RunTime:0.000237s ]
NOTIC: [8] Undefined index: page E:\phpstudy\WWW\jfsc\Application\Index\Home\Controller\IndexController.class.php 第 65 行.
SQL: SHOW COLUMNS FROM `jf_type` [ RunTime:0.003659s ]
SQL: SELECT * FROM `jf_type` WHERE ( type_pid=0 ) ORDER BY type_sort asc  [ RunTime:0.000303s ]
SQL: SELECT * FROM `jf_type` WHERE ( type_pid=68 )  [ RunTime:0.000236s ]
SQL: SELECT * FROM `jf_type` WHERE ( type_pid=74 )  [ RunTime:0.000234s ]
SQL: SELECT * FROM `jf_type` WHERE ( type_pid=79 )  [ RunTime:0.000191s ]
SQL: SELECT * FROM `jf_type` WHERE ( type_pid=53 )  [ RunTime:0.000189s ]
SQL: SELECT * FROM `jf_type` WHERE ( type_pid=59 )  [ RunTime:0.000190s ]
NOTIC: [8] Undefined offset: 5 E:\phpstudy\WWW\jfsc\Application\Index\Home\Controller\IndexController.class.php 第 37 行.
SQL: SELECT * FROM `jf_type` WHERE ( type_pid= )  [ RunTime:0.000127s ]
ERR: 1064:You have an error in your SQL syntax; check the manual that corresponds to your MySQL server version for the right syntax to use near ')' at line 1
 [ SQL语句 ] : SELECT * FROM `jf_type` WHERE ( type_pid= ) 
SQL: SELECT COUNT(*) AS tp_count FROM `jf_prd` WHERE `status` <> -1 AND `type` LIKE '戶外裝備' LIMIT 1   [ RunTime:0.064148s ]
NOTIC: [8] Undefined index: page E:\phpstudy\WWW\jfsc\Application\Index\Home\Controller\IndexController.class.php 第 65 行.
SQL: SELECT * FROM `jf_prd` WHERE `status` <> -1 AND `type` LIKE '戶外裝備' ORDER BY prd_id desc LIMIT 0,5   [ RunTime:0.000404s ]
SQL: SELECT COUNT(*) AS tp_count FROM `jf_prd` WHERE `status` <> -1 AND `type` LIKE '戶外裝備' LIMIT 1   [ RunTime:0.000252s ]
NOTIC: [8] Undefined index: page E:\phpstudy\WWW\jfsc\Application\Index\Home\Controller\IndexController.class.php 第 65 行.
NOTIC: [8] Undefined index: jifen_fanwei E:\phpstudy\WWW\jfsc\Application\Index\Home\Controller\ProductController.class.php 第 29 行.
NOTIC: [8] Undefined index: p_Name E:\phpstudy\WWW\jfsc\Application\Index\Home\Controller\ProductController.class.php 第 69 行.
NOTIC: [8] Use of undefined constant neq - assumed 'neq' E:\phpstudy\WWW\jfsc\Application\Index\Home\Controller\ProductController.class.php 第 77 行.
SQL: SELECT * FROM `jf_prd` WHERE `status` <> -1 ORDER BY clicknum desc LIMIT 8   [ RunTime:0.000326s ]
INFO: [ view_parse ] --START--
INFO: [ template_filter ] --START--
INFO: Run Behavior\ContentReplaceBehavior [ RunTime:0.000143s ]
INFO: [ template_filter ] --END-- [ RunTime:0.000216s ]
NOTIC: [8] Undefined variable: Hukcuser E:\phpstudy\WWW\jfsc\Application\Index\Runtime\Cache\Home\1cecb125b147dd48d692862c8d51d93c.php 第 175 行.
NOTIC: [8] Undefined variable: Hukcuser E:\phpstudy\WWW\jfsc\Application\Index\Runtime\Cache\Home\1cecb125b147dd48d692862c8d51d93c.php 第 177 行.
NOTIC: [8] Undefined variable: Hukcuser E:\phpstudy\WWW\jfsc\Application\Index\Runtime\Cache\Home\1cecb125b147dd48d692862c8d51d93c.php 第 178 行.
NOTIC: [8] Undefined variable: Hukcuser E:\phpstudy\WWW\jfsc\Application\Index\Runtime\Cache\Home\1cecb125b147dd48d692862c8d51d93c.php 第 210 行.
NOTIC: [8] Undefined variable: Hukcuser E:\phpstudy\WWW\jfsc\Application\Index\Runtime\Cache\Home\1cecb125b147dd48d692862c8d51d93c.php 第 210 行.
NOTIC: [8] Undefined variable: Hukcuser E:\phpstudy\WWW\jfsc\Application\Index\Runtime\Cache\Home\1cecb125b147dd48d692862c8d51d93c.php 第 210 行.
NOTIC: [8] Undefined variable: Hukcuser E:\phpstudy\WWW\jfsc\Application\Index\Runtime\Cache\Home\1cecb125b147dd48d692862c8d51d93c.php 第 210 行.
NOTIC: [8] Undefined variable: Hukcuser E:\phpstudy\WWW\jfsc\Application\Index\Runtime\Cache\Home\1cecb125b147dd48d692862c8d51d93c.php 第 210 行.
NOTIC: [8] Undefined variable: jifen_fanwei E:\phpstudy\WWW\jfsc\Application\Index\Runtime\Cache\Home\1cecb125b147dd48d692862c8d51d93c.php 第 299 行.
NOTIC: [8] Undefined variable: p_Name E:\phpstudy\WWW\jfsc\Application\Index\Runtime\Cache\Home\1cecb125b147dd48d692862c8d51d93c.php 第 299 行.
NOTIC: [8] Undefined variable: jifen_fanwei E:\phpstudy\WWW\jfsc\Application\Index\Runtime\Cache\Home\1cecb125b147dd48d692862c8d51d93c.php 第 300 行.
NOTIC: [8] Undefined variable: p_Name E:\phpstudy\WWW\jfsc\Application\Index\Runtime\Cache\Home\1cecb125b147dd48d692862c8d51d93c.php 第 300 行.
NOTIC: [8] Undefined variable: jifen_fanwei E:\phpstudy\WWW\jfsc\Application\Index\Runtime\Cache\Home\1cecb125b147dd48d692862c8d51d93c.php 第 301 行.
NOTIC: [8] Undefined variable: p_Name E:\phpstudy\WWW\jfsc\Application\Index\Runtime\Cache\Home\1cecb125b147dd48d692862c8d51d93c.php 第 301 行.
NOTIC: [8] Undefined variable: jifen_fanwei E:\phpstudy\WWW\jfsc\Application\Index\Runtime\Cache\Home\1cecb125b147dd48d692862c8d51d93c.php 第 302 行.
NOTIC: [8] Undefined variable: p_Name E:\phpstudy\WWW\jfsc\Application\Index\Runtime\Cache\Home\1cecb125b147dd48d692862c8d51d93c.php 第 302 行.
NOTIC: [8] Undefined variable: jifen_fanwei E:\phpstudy\WWW\jfsc\Application\Index\Runtime\Cache\Home\1cecb125b147dd48d692862c8d51d93c.php 第 371 行.
NOTIC: [8] Undefined variable: p_Name E:\phpstudy\WWW\jfsc\Application\Index\Runtime\Cache\Home\1cecb125b147dd48d692862c8d51d93c.php 第 372 行.
INFO: Run Behavior\ParseTemplateBehavior [ RunTime:0.019179s ]
INFO: [ view_parse ] --END-- [ RunTime:0.019240s ]
INFO: [ view_filter ] --START--
INFO: Run Behavior\WriteHtmlCacheBehavior [ RunTime:0.000242s ]
INFO: [ view_filter ] --END-- [ RunTime:0.000295s ]
INFO: [ app_end ] --START--
INFO: Run Behavior\ShowPageTraceBehavior [ RunTime:0.000540s ]
INFO: [ app_end ] --END-- [ RunTime:0.000614s ]

[ 2017-03-13T16:41:53+08:00 ] ::1 /jfsc/index.php?c=Product&a=index&jifen_fanwei=&page=1&p_Name=&typename=%E6%88%B6%E5%A4%96%E8%A3%9D%E5%82%99
INFO: [ app_init ] --START--
INFO: Run Behavior\BuildLiteBehavior [ RunTime:0.000025s ]
INFO: [ app_init ] --END-- [ RunTime:0.000360s ]
INFO: [ app_begin ] --START--
INFO: Run Behavior\ReadHtmlCacheBehavior [ RunTime:0.000497s ]
INFO: [ app_begin ] --END-- [ RunTime:0.000564s ]
NOTIC: [8] Undefined index: Hukcuser E:\phpstudy\WWW\jfsc\Application\Index\Home\Controller\ProductController.class.php 第 9 行.
NOTIC: [8] Use of undefined constant neq - assumed 'neq' E:\phpstudy\WWW\jfsc\Application\Index\Home\Controller\ProductController.class.php 第 15 行.
SQL: SHOW COLUMNS FROM `jf_prd` [ RunTime:0.004212s ]
SQL: SELECT COUNT(*) AS tp_count FROM `jf_prd` WHERE `status` <> -1 LIMIT 1   [ RunTime:0.000278s ]
SQL: SELECT * FROM `jf_prd` WHERE `status` <> -1 ORDER BY prd_id desc LIMIT 0,5   [ RunTime:0.000316s ]
SQL: SELECT COUNT(*) AS tp_count FROM `jf_prd` WHERE `status` <> -1 LIMIT 1   [ RunTime:0.000195s ]
SQL: SHOW COLUMNS FROM `jf_type` [ RunTime:0.003265s ]
SQL: SELECT * FROM `jf_type` WHERE ( type_pid=0 ) ORDER BY type_sort asc  [ RunTime:0.000259s ]
SQL: SELECT * FROM `jf_type` WHERE ( type_pid=68 )  [ RunTime:0.000206s ]
SQL: SELECT * FROM `jf_type` WHERE ( type_pid=74 )  [ RunTime:0.000199s ]
SQL: SELECT * FROM `jf_type` WHERE ( type_pid=79 )  [ RunTime:0.000190s ]
SQL: SELECT * FROM `jf_type` WHERE ( type_pid=53 )  [ RunTime:0.000182s ]
SQL: SELECT * FROM `jf_type` WHERE ( type_pid=59 )  [ RunTime:0.000183s ]
NOTIC: [8] Undefined offset: 5 E:\phpstudy\WWW\jfsc\Application\Index\Home\Controller\IndexController.class.php 第 37 行.
SQL: SELECT * FROM `jf_type` WHERE ( type_pid= )  [ RunTime:0.000170s ]
ERR: 1064:You have an error in your SQL syntax; check the manual that corresponds to your MySQL server version for the right syntax to use near ')' at line 1
 [ SQL语句 ] : SELECT * FROM `jf_type` WHERE ( type_pid= ) 
SQL: SELECT COUNT(*) AS tp_count FROM `jf_prd` WHERE `status` <> -1 AND `type` LIKE '戶外裝備' LIMIT 1   [ RunTime:0.000623s ]
SQL: SELECT * FROM `jf_prd` WHERE `status` <> -1 AND `type` LIKE '戶外裝備' ORDER BY prd_id desc LIMIT 0,5   [ RunTime:0.000443s ]
SQL: SELECT COUNT(*) AS tp_count FROM `jf_prd` WHERE `status` <> -1 AND `type` LIKE '戶外裝備' LIMIT 1   [ RunTime:0.000244s ]
NOTIC: [8] Use of undefined constant neq - assumed 'neq' E:\phpstudy\WWW\jfsc\Application\Index\Home\Controller\ProductController.class.php 第 77 行.
SQL: SELECT * FROM `jf_prd` WHERE `status` <> -1 ORDER BY clicknum desc LIMIT 8   [ RunTime:0.000407s ]
INFO: [ view_parse ] --START--
INFO: [ template_filter ] --START--
INFO: Run Behavior\ContentReplaceBehavior [ RunTime:0.000134s ]
INFO: [ template_filter ] --END-- [ RunTime:0.000202s ]
NOTIC: [8] Undefined variable: Hukcuser E:\phpstudy\WWW\jfsc\Application\Index\Runtime\Cache\Home\1cecb125b147dd48d692862c8d51d93c.php 第 175 行.
NOTIC: [8] Undefined variable: Hukcuser E:\phpstudy\WWW\jfsc\Application\Index\Runtime\Cache\Home\1cecb125b147dd48d692862c8d51d93c.php 第 177 行.
NOTIC: [8] Undefined variable: Hukcuser E:\phpstudy\WWW\jfsc\Application\Index\Runtime\Cache\Home\1cecb125b147dd48d692862c8d51d93c.php 第 178 行.
NOTIC: [8] Undefined variable: Hukcuser E:\phpstudy\WWW\jfsc\Application\Index\Runtime\Cache\Home\1cecb125b147dd48d692862c8d51d93c.php 第 210 行.
NOTIC: [8] Undefined variable: Hukcuser E:\phpstudy\WWW\jfsc\Application\Index\Runtime\Cache\Home\1cecb125b147dd48d692862c8d51d93c.php 第 210 行.
NOTIC: [8] Undefined variable: Hukcuser E:\phpstudy\WWW\jfsc\Application\Index\Runtime\Cache\Home\1cecb125b147dd48d692862c8d51d93c.php 第 210 行.
NOTIC: [8] Undefined variable: Hukcuser E:\phpstudy\WWW\jfsc\Application\Index\Runtime\Cache\Home\1cecb125b147dd48d692862c8d51d93c.php 第 210 行.
NOTIC: [8] Undefined variable: Hukcuser E:\phpstudy\WWW\jfsc\Application\Index\Runtime\Cache\Home\1cecb125b147dd48d692862c8d51d93c.php 第 210 行.
NOTIC: [8] Undefined variable: jifen_fanwei E:\phpstudy\WWW\jfsc\Application\Index\Runtime\Cache\Home\1cecb125b147dd48d692862c8d51d93c.php 第 299 行.
NOTIC: [8] Undefined variable: p_Name E:\phpstudy\WWW\jfsc\Application\Index\Runtime\Cache\Home\1cecb125b147dd48d692862c8d51d93c.php 第 299 行.
NOTIC: [8] Undefined variable: jifen_fanwei E:\phpstudy\WWW\jfsc\Application\Index\Runtime\Cache\Home\1cecb125b147dd48d692862c8d51d93c.php 第 300 行.
NOTIC: [8] Undefined variable: p_Name E:\phpstudy\WWW\jfsc\Application\Index\Runtime\Cache\Home\1cecb125b147dd48d692862c8d51d93c.php 第 300 行.
NOTIC: [8] Undefined variable: jifen_fanwei E:\phpstudy\WWW\jfsc\Application\Index\Runtime\Cache\Home\1cecb125b147dd48d692862c8d51d93c.php 第 301 行.
NOTIC: [8] Undefined variable: p_Name E:\phpstudy\WWW\jfsc\Application\Index\Runtime\Cache\Home\1cecb125b147dd48d692862c8d51d93c.php 第 301 行.
NOTIC: [8] Undefined variable: jifen_fanwei E:\phpstudy\WWW\jfsc\Application\Index\Runtime\Cache\Home\1cecb125b147dd48d692862c8d51d93c.php 第 302 行.
NOTIC: [8] Undefined variable: p_Name E:\phpstudy\WWW\jfsc\Application\Index\Runtime\Cache\Home\1cecb125b147dd48d692862c8d51d93c.php 第 302 行.
NOTIC: [8] Undefined variable: jifen_fanwei E:\phpstudy\WWW\jfsc\Application\Index\Runtime\Cache\Home\1cecb125b147dd48d692862c8d51d93c.php 第 371 行.
NOTIC: [8] Undefined variable: p_Name E:\phpstudy\WWW\jfsc\Application\Index\Runtime\Cache\Home\1cecb125b147dd48d692862c8d51d93c.php 第 372 行.
INFO: Run Behavior\ParseTemplateBehavior [ RunTime:0.018071s ]
INFO: [ view_parse ] --END-- [ RunTime:0.018166s ]
INFO: [ view_filter ] --START--
INFO: Run Behavior\WriteHtmlCacheBehavior [ RunTime:0.000392s ]
INFO: [ view_filter ] --END-- [ RunTime:0.000484s ]
INFO: [ app_end ] --START--
INFO: Run Behavior\ShowPageTraceBehavior [ RunTime:0.000687s ]
INFO: [ app_end ] --END-- [ RunTime:0.000787s ]

[ 2017-03-13T16:41:56+08:00 ] ::1 /jfsc/index.php?c=Product&a=index&jifen_fanwei=&page=0&p_Name=&typename=%E6%88%B6%E5%A4%96%E8%A3%9D%E5%82%99
INFO: [ app_init ] --START--
INFO: Run Behavior\BuildLiteBehavior [ RunTime:0.000016s ]
INFO: [ app_init ] --END-- [ RunTime:0.000351s ]
INFO: [ app_begin ] --START--
INFO: Run Behavior\ReadHtmlCacheBehavior [ RunTime:0.000439s ]
INFO: [ app_begin ] --END-- [ RunTime:0.000497s ]
NOTIC: [8] Undefined index: Hukcuser E:\phpstudy\WWW\jfsc\Application\Index\Home\Controller\ProductController.class.php 第 9 行.
NOTIC: [8] Use of undefined constant neq - assumed 'neq' E:\phpstudy\WWW\jfsc\Application\Index\Home\Controller\ProductController.class.php 第 15 行.
SQL: SHOW COLUMNS FROM `jf_prd` [ RunTime:0.004196s ]
SQL: SELECT COUNT(*) AS tp_count FROM `jf_prd` WHERE `status` <> -1 LIMIT 1   [ RunTime:0.000386s ]
SQL: SELECT * FROM `jf_prd` WHERE `status` <> -1 ORDER BY prd_id desc LIMIT 0,5   [ RunTime:0.000347s ]
SQL: SELECT COUNT(*) AS tp_count FROM `jf_prd` WHERE `status` <> -1 LIMIT 1   [ RunTime:0.000228s ]
SQL: SHOW COLUMNS FROM `jf_type` [ RunTime:0.007878s ]
SQL: SELECT * FROM `jf_type` WHERE ( type_pid=0 ) ORDER BY type_sort asc  [ RunTime:0.000388s ]
SQL: SELECT * FROM `jf_type` WHERE ( type_pid=68 )  [ RunTime:0.000236s ]
SQL: SELECT * FROM `jf_type` WHERE ( type_pid=74 )  [ RunTime:0.000218s ]
SQL: SELECT * FROM `jf_type` WHERE ( type_pid=79 )  [ RunTime:0.000249s ]
SQL: SELECT * FROM `jf_type` WHERE ( type_pid=53 )  [ RunTime:0.000207s ]
SQL: SELECT * FROM `jf_type` WHERE ( type_pid=59 )  [ RunTime:0.000189s ]
NOTIC: [8] Undefined offset: 5 E:\phpstudy\WWW\jfsc\Application\Index\Home\Controller\IndexController.class.php 第 37 行.
SQL: SELECT * FROM `jf_type` WHERE ( type_pid= )  [ RunTime:0.000130s ]
ERR: 1064:You have an error in your SQL syntax; check the manual that corresponds to your MySQL server version for the right syntax to use near ')' at line 1
 [ SQL语句 ] : SELECT * FROM `jf_type` WHERE ( type_pid= ) 
SQL: SELECT COUNT(*) AS tp_count FROM `jf_prd` WHERE `status` <> -1 AND `type` LIKE '戶外裝備' LIMIT 1   [ RunTime:0.000239s ]
SQL: SELECT * FROM `jf_prd` WHERE `status` <> -1 AND `type` LIKE '戶外裝備' ORDER BY prd_id desc LIMIT 0,5   [ RunTime:0.000269s ]
SQL: SELECT COUNT(*) AS tp_count FROM `jf_prd` WHERE `status` <> -1 AND `type` LIKE '戶外裝備' LIMIT 1   [ RunTime:0.000175s ]
NOTIC: [8] Use of undefined constant neq - assumed 'neq' E:\phpstudy\WWW\jfsc\Application\Index\Home\Controller\ProductController.class.php 第 77 行.
SQL: SELECT * FROM `jf_prd` WHERE `status` <> -1 ORDER BY clicknum desc LIMIT 8   [ RunTime:0.000348s ]
INFO: [ view_parse ] --START--
INFO: [ template_filter ] --START--
INFO: Run Behavior\ContentReplaceBehavior [ RunTime:0.000142s ]
INFO: [ template_filter ] --END-- [ RunTime:0.000216s ]
NOTIC: [8] Undefined variable: Hukcuser E:\phpstudy\WWW\jfsc\Application\Index\Runtime\Cache\Home\1cecb125b147dd48d692862c8d51d93c.php 第 175 行.
NOTIC: [8] Undefined variable: Hukcuser E:\phpstudy\WWW\jfsc\Application\Index\Runtime\Cache\Home\1cecb125b147dd48d692862c8d51d93c.php 第 177 行.
NOTIC: [8] Undefined variable: Hukcuser E:\phpstudy\WWW\jfsc\Application\Index\Runtime\Cache\Home\1cecb125b147dd48d692862c8d51d93c.php 第 178 行.
NOTIC: [8] Undefined variable: Hukcuser E:\phpstudy\WWW\jfsc\Application\Index\Runtime\Cache\Home\1cecb125b147dd48d692862c8d51d93c.php 第 210 行.
NOTIC: [8] Undefined variable: Hukcuser E:\phpstudy\WWW\jfsc\Application\Index\Runtime\Cache\Home\1cecb125b147dd48d692862c8d51d93c.php 第 210 行.
NOTIC: [8] Undefined variable: Hukcuser E:\phpstudy\WWW\jfsc\Application\Index\Runtime\Cache\Home\1cecb125b147dd48d692862c8d51d93c.php 第 210 行.
NOTIC: [8] Undefined variable: Hukcuser E:\phpstudy\WWW\jfsc\Application\Index\Runtime\Cache\Home\1cecb125b147dd48d692862c8d51d93c.php 第 210 行.
NOTIC: [8] Undefined variable: Hukcuser E:\phpstudy\WWW\jfsc\Application\Index\Runtime\Cache\Home\1cecb125b147dd48d692862c8d51d93c.php 第 210 行.
NOTIC: [8] Undefined variable: jifen_fanwei E:\phpstudy\WWW\jfsc\Application\Index\Runtime\Cache\Home\1cecb125b147dd48d692862c8d51d93c.php 第 299 行.
NOTIC: [8] Undefined variable: p_Name E:\phpstudy\WWW\jfsc\Application\Index\Runtime\Cache\Home\1cecb125b147dd48d692862c8d51d93c.php 第 299 行.
NOTIC: [8] Undefined variable: jifen_fanwei E:\phpstudy\WWW\jfsc\Application\Index\Runtime\Cache\Home\1cecb125b147dd48d692862c8d51d93c.php 第 300 行.
NOTIC: [8] Undefined variable: p_Name E:\phpstudy\WWW\jfsc\Application\Index\Runtime\Cache\Home\1cecb125b147dd48d692862c8d51d93c.php 第 300 行.
NOTIC: [8] Undefined variable: jifen_fanwei E:\phpstudy\WWW\jfsc\Application\Index\Runtime\Cache\Home\1cecb125b147dd48d692862c8d51d93c.php 第 301 行.
NOTIC: [8] Undefined variable: p_Name E:\phpstudy\WWW\jfsc\Application\Index\Runtime\Cache\Home\1cecb125b147dd48d692862c8d51d93c.php 第 301 行.
NOTIC: [8] Undefined variable: jifen_fanwei E:\phpstudy\WWW\jfsc\Application\Index\Runtime\Cache\Home\1cecb125b147dd48d692862c8d51d93c.php 第 302 行.
NOTIC: [8] Undefined variable: p_Name E:\phpstudy\WWW\jfsc\Application\Index\Runtime\Cache\Home\1cecb125b147dd48d692862c8d51d93c.php 第 302 行.
NOTIC: [8] Undefined variable: jifen_fanwei E:\phpstudy\WWW\jfsc\Application\Index\Runtime\Cache\Home\1cecb125b147dd48d692862c8d51d93c.php 第 371 行.
NOTIC: [8] Undefined variable: p_Name E:\phpstudy\WWW\jfsc\Application\Index\Runtime\Cache\Home\1cecb125b147dd48d692862c8d51d93c.php 第 372 行.
INFO: Run Behavior\ParseTemplateBehavior [ RunTime:0.018537s ]
INFO: [ view_parse ] --END-- [ RunTime:0.018602s ]
INFO: [ view_filter ] --START--
INFO: Run Behavior\WriteHtmlCacheBehavior [ RunTime:0.000247s ]
INFO: [ view_filter ] --END-- [ RunTime:0.000299s ]
INFO: [ app_end ] --START--
INFO: Run Behavior\ShowPageTraceBehavior [ RunTime:0.000680s ]
INFO: [ app_end ] --END-- [ RunTime:0.000765s ]

[ 2017-03-13T16:41:59+08:00 ] ::1 /jfsc/index.php?c=Product&a=index&jifen_fanwei=&page=1&p_Name=&typename=%E6%88%B6%E5%A4%96%E8%A3%9D%E5%82%99
INFO: [ app_init ] --START--
INFO: Run Behavior\BuildLiteBehavior [ RunTime:0.000017s ]
INFO: [ app_init ] --END-- [ RunTime:0.000347s ]
INFO: [ app_begin ] --START--
INFO: Run Behavior\ReadHtmlCacheBehavior [ RunTime:0.000616s ]
INFO: [ app_begin ] --END-- [ RunTime:0.000696s ]
NOTIC: [8] Undefined index: Hukcuser E:\phpstudy\WWW\jfsc\Application\Index\Home\Controller\ProductController.class.php 第 9 行.
NOTIC: [8] Use of undefined constant neq - assumed 'neq' E:\phpstudy\WWW\jfsc\Application\Index\Home\Controller\ProductController.class.php 第 15 行.
SQL: SHOW COLUMNS FROM `jf_prd` [ RunTime:0.003811s ]
SQL: SELECT COUNT(*) AS tp_count FROM `jf_prd` WHERE `status` <> -1 LIMIT 1   [ RunTime:0.000354s ]
SQL: SELECT * FROM `jf_prd` WHERE `status` <> -1 ORDER BY prd_id desc LIMIT 0,5   [ RunTime:0.000381s ]
SQL: SELECT COUNT(*) AS tp_count FROM `jf_prd` WHERE `status` <> -1 LIMIT 1   [ RunTime:0.000273s ]
SQL: SHOW COLUMNS FROM `jf_type` [ RunTime:0.006863s ]
SQL: SELECT * FROM `jf_type` WHERE ( type_pid=0 ) ORDER BY type_sort asc  [ RunTime:0.000286s ]
SQL: SELECT * FROM `jf_type` WHERE ( type_pid=68 )  [ RunTime:0.000209s ]
SQL: SELECT * FROM `jf_type` WHERE ( type_pid=74 )  [ RunTime:0.000182s ]
SQL: SELECT * FROM `jf_type` WHERE ( type_pid=79 )  [ RunTime:0.000165s ]
SQL: SELECT * FROM `jf_type` WHERE ( type_pid=53 )  [ RunTime:0.000171s ]
SQL: SELECT * FROM `jf_type` WHERE ( type_pid=59 )  [ RunTime:0.000181s ]
NOTIC: [8] Undefined offset: 5 E:\phpstudy\WWW\jfsc\Application\Index\Home\Controller\IndexController.class.php 第 37 行.
SQL: SELECT * FROM `jf_type` WHERE ( type_pid= )  [ RunTime:0.000114s ]
ERR: 1064:You have an error in your SQL syntax; check the manual that corresponds to your MySQL server version for the right syntax to use near ')' at line 1
 [ SQL语句 ] : SELECT * FROM `jf_type` WHERE ( type_pid= ) 
SQL: SELECT COUNT(*) AS tp_count FROM `jf_prd` WHERE `status` <> -1 AND `type` LIKE '戶外裝備' LIMIT 1   [ RunTime:0.000203s ]
SQL: SELECT * FROM `jf_prd` WHERE `status` <> -1 AND `type` LIKE '戶外裝備' ORDER BY prd_id desc LIMIT 0,5   [ RunTime:0.000265s ]
SQL: SELECT COUNT(*) AS tp_count FROM `jf_prd` WHERE `status` <> -1 AND `type` LIKE '戶外裝備' LIMIT 1   [ RunTime:0.000179s ]
NOTIC: [8] Use of undefined constant neq - assumed 'neq' E:\phpstudy\WWW\jfsc\Application\Index\Home\Controller\ProductController.class.php 第 77 行.
SQL: SELECT * FROM `jf_prd` WHERE `status` <> -1 ORDER BY clicknum desc LIMIT 8   [ RunTime:0.000284s ]
INFO: [ view_parse ] --START--
INFO: [ template_filter ] --START--
INFO: Run Behavior\ContentReplaceBehavior [ RunTime:0.000144s ]
INFO: [ template_filter ] --END-- [ RunTime:0.000222s ]
NOTIC: [8] Undefined variable: Hukcuser E:\phpstudy\WWW\jfsc\Application\Index\Runtime\Cache\Home\1cecb125b147dd48d692862c8d51d93c.php 第 175 行.
NOTIC: [8] Undefined variable: Hukcuser E:\phpstudy\WWW\jfsc\Application\Index\Runtime\Cache\Home\1cecb125b147dd48d692862c8d51d93c.php 第 177 行.
NOTIC: [8] Undefined variable: Hukcuser E:\phpstudy\WWW\jfsc\Application\Index\Runtime\Cache\Home\1cecb125b147dd48d692862c8d51d93c.php 第 178 行.
NOTIC: [8] Undefined variable: Hukcuser E:\phpstudy\WWW\jfsc\Application\Index\Runtime\Cache\Home\1cecb125b147dd48d692862c8d51d93c.php 第 210 行.
NOTIC: [8] Undefined variable: Hukcuser E:\phpstudy\WWW\jfsc\Application\Index\Runtime\Cache\Home\1cecb125b147dd48d692862c8d51d93c.php 第 210 行.
NOTIC: [8] Undefined variable: Hukcuser E:\phpstudy\WWW\jfsc\Application\Index\Runtime\Cache\Home\1cecb125b147dd48d692862c8d51d93c.php 第 210 行.
NOTIC: [8] Undefined variable: Hukcuser E:\phpstudy\WWW\jfsc\Application\Index\Runtime\Cache\Home\1cecb125b147dd48d692862c8d51d93c.php 第 210 行.
NOTIC: [8] Undefined variable: Hukcuser E:\phpstudy\WWW\jfsc\Application\Index\Runtime\Cache\Home\1cecb125b147dd48d692862c8d51d93c.php 第 210 行.
NOTIC: [8] Undefined variable: jifen_fanwei E:\phpstudy\WWW\jfsc\Application\Index\Runtime\Cache\Home\1cecb125b147dd48d692862c8d51d93c.php 第 299 行.
NOTIC: [8] Undefined variable: p_Name E:\phpstudy\WWW\jfsc\Application\Index\Runtime\Cache\Home\1cecb125b147dd48d692862c8d51d93c.php 第 299 行.
NOTIC: [8] Undefined variable: jifen_fanwei E:\phpstudy\WWW\jfsc\Application\Index\Runtime\Cache\Home\1cecb125b147dd48d692862c8d51d93c.php 第 300 行.
NOTIC: [8] Undefined variable: p_Name E:\phpstudy\WWW\jfsc\Application\Index\Runtime\Cache\Home\1cecb125b147dd48d692862c8d51d93c.php 第 300 行.
NOTIC: [8] Undefined variable: jifen_fanwei E:\phpstudy\WWW\jfsc\Application\Index\Runtime\Cache\Home\1cecb125b147dd48d692862c8d51d93c.php 第 301 行.
NOTIC: [8] Undefined variable: p_Name E:\phpstudy\WWW\jfsc\Application\Index\Runtime\Cache\Home\1cecb125b147dd48d692862c8d51d93c.php 第 301 行.
NOTIC: [8] Undefined variable: jifen_fanwei E:\phpstudy\WWW\jfsc\Application\Index\Runtime\Cache\Home\1cecb125b147dd48d692862c8d51d93c.php 第 302 行.
NOTIC: [8] Undefined variable: p_Name E:\phpstudy\WWW\jfsc\Application\Index\Runtime\Cache\Home\1cecb125b147dd48d692862c8d51d93c.php 第 302 行.
NOTIC: [8] Undefined variable: jifen_fanwei E:\phpstudy\WWW\jfsc\Application\Index\Runtime\Cache\Home\1cecb125b147dd48d692862c8d51d93c.php 第 371 行.
NOTIC: [8] Undefined variable: p_Name E:\phpstudy\WWW\jfsc\Application\Index\Runtime\Cache\Home\1cecb125b147dd48d692862c8d51d93c.php 第 372 行.
INFO: Run Behavior\ParseTemplateBehavior [ RunTime:0.018675s ]
INFO: [ view_parse ] --END-- [ RunTime:0.018737s ]
INFO: [ view_filter ] --START--
INFO: Run Behavior\WriteHtmlCacheBehavior [ RunTime:0.000244s ]
INFO: [ view_filter ] --END-- [ RunTime:0.000297s ]
INFO: [ app_end ] --START--
INFO: Run Behavior\ShowPageTraceBehavior [ RunTime:0.000522s ]
INFO: [ app_end ] --END-- [ RunTime:0.000582s ]

[ 2017-03-13T16:42:02+08:00 ] ::1 /jfsc/index.php?c=Product&a=index&jifen_fanwei=&page=1&p_Name=&typename=%E6%88%B6%E5%A4%96%E8%A3%9D%E5%82%99
INFO: [ app_init ] --START--
INFO: Run Behavior\BuildLiteBehavior [ RunTime:0.000018s ]
INFO: [ app_init ] --END-- [ RunTime:0.000374s ]
INFO: [ app_begin ] --START--
INFO: Run Behavior\ReadHtmlCacheBehavior [ RunTime:0.000661s ]
INFO: [ app_begin ] --END-- [ RunTime:0.000745s ]
NOTIC: [8] Undefined index: Hukcuser E:\phpstudy\WWW\jfsc\Application\Index\Home\Controller\ProductController.class.php 第 9 行.
NOTIC: [8] Use of undefined constant neq - assumed 'neq' E:\phpstudy\WWW\jfsc\Application\Index\Home\Controller\ProductController.class.php 第 15 行.
SQL: SHOW COLUMNS FROM `jf_prd` [ RunTime:0.003812s ]
SQL: SELECT COUNT(*) AS tp_count FROM `jf_prd` WHERE `status` <> -1 LIMIT 1   [ RunTime:0.000291s ]
SQL: SELECT * FROM `jf_prd` WHERE `status` <> -1 ORDER BY prd_id desc LIMIT 0,5   [ RunTime:0.000366s ]
SQL: SELECT COUNT(*) AS tp_count FROM `jf_prd` WHERE `status` <> -1 LIMIT 1   [ RunTime:0.000315s ]
SQL: SHOW COLUMNS FROM `jf_type` [ RunTime:0.007509s ]
SQL: SELECT * FROM `jf_type` WHERE ( type_pid=0 ) ORDER BY type_sort asc  [ RunTime:0.000270s ]
SQL: SELECT * FROM `jf_type` WHERE ( type_pid=68 )  [ RunTime:0.000208s ]
SQL: SELECT * FROM `jf_type` WHERE ( type_pid=74 )  [ RunTime:0.000225s ]
SQL: SELECT * FROM `jf_type` WHERE ( type_pid=79 )  [ RunTime:0.000190s ]
SQL: SELECT * FROM `jf_type` WHERE ( type_pid=53 )  [ RunTime:0.000189s ]
SQL: SELECT * FROM `jf_type` WHERE ( type_pid=59 )  [ RunTime:0.000180s ]
NOTIC: [8] Undefined offset: 5 E:\phpstudy\WWW\jfsc\Application\Index\Home\Controller\IndexController.class.php 第 37 行.
SQL: SELECT * FROM `jf_type` WHERE ( type_pid= )  [ RunTime:0.000125s ]
ERR: 1064:You have an error in your SQL syntax; check the manual that corresponds to your MySQL server version for the right syntax to use near ')' at line 1
 [ SQL语句 ] : SELECT * FROM `jf_type` WHERE ( type_pid= ) 
SQL: SELECT COUNT(*) AS tp_count FROM `jf_prd` WHERE `status` <> -1 AND `type` LIKE '戶外裝備' LIMIT 1   [ RunTime:0.000220s ]
SQL: SELECT * FROM `jf_prd` WHERE `status` <> -1 AND `type` LIKE '戶外裝備' ORDER BY prd_id desc LIMIT 0,5   [ RunTime:0.000352s ]
SQL: SELECT COUNT(*) AS tp_count FROM `jf_prd` WHERE `status` <> -1 AND `type` LIKE '戶外裝備' LIMIT 1   [ RunTime:0.000194s ]
NOTIC: [8] Use of undefined constant neq - assumed 'neq' E:\phpstudy\WWW\jfsc\Application\Index\Home\Controller\ProductController.class.php 第 77 行.
SQL: SELECT * FROM `jf_prd` WHERE `status` <> -1 ORDER BY clicknum desc LIMIT 8   [ RunTime:0.000317s ]
INFO: [ view_parse ] --START--
INFO: [ template_filter ] --START--
INFO: Run Behavior\ContentReplaceBehavior [ RunTime:0.000141s ]
INFO: [ template_filter ] --END-- [ RunTime:0.000212s ]
NOTIC: [8] Undefined variable: Hukcuser E:\phpstudy\WWW\jfsc\Application\Index\Runtime\Cache\Home\1cecb125b147dd48d692862c8d51d93c.php 第 175 行.
NOTIC: [8] Undefined variable: Hukcuser E:\phpstudy\WWW\jfsc\Application\Index\Runtime\Cache\Home\1cecb125b147dd48d692862c8d51d93c.php 第 177 行.
NOTIC: [8] Undefined variable: Hukcuser E:\phpstudy\WWW\jfsc\Application\Index\Runtime\Cache\Home\1cecb125b147dd48d692862c8d51d93c.php 第 178 行.
NOTIC: [8] Undefined variable: Hukcuser E:\phpstudy\WWW\jfsc\Application\Index\Runtime\Cache\Home\1cecb125b147dd48d692862c8d51d93c.php 第 210 行.
NOTIC: [8] Undefined variable: Hukcuser E:\phpstudy\WWW\jfsc\Application\Index\Runtime\Cache\Home\1cecb125b147dd48d692862c8d51d93c.php 第 210 行.
NOTIC: [8] Undefined variable: Hukcuser E:\phpstudy\WWW\jfsc\Application\Index\Runtime\Cache\Home\1cecb125b147dd48d692862c8d51d93c.php 第 210 行.
NOTIC: [8] Undefined variable: Hukcuser E:\phpstudy\WWW\jfsc\Application\Index\Runtime\Cache\Home\1cecb125b147dd48d692862c8d51d93c.php 第 210 行.
NOTIC: [8] Undefined variable: Hukcuser E:\phpstudy\WWW\jfsc\Application\Index\Runtime\Cache\Home\1cecb125b147dd48d692862c8d51d93c.php 第 210 行.
NOTIC: [8] Undefined variable: jifen_fanwei E:\phpstudy\WWW\jfsc\Application\Index\Runtime\Cache\Home\1cecb125b147dd48d692862c8d51d93c.php 第 299 行.
NOTIC: [8] Undefined variable: p_Name E:\phpstudy\WWW\jfsc\Application\Index\Runtime\Cache\Home\1cecb125b147dd48d692862c8d51d93c.php 第 299 行.
NOTIC: [8] Undefined variable: jifen_fanwei E:\phpstudy\WWW\jfsc\Application\Index\Runtime\Cache\Home\1cecb125b147dd48d692862c8d51d93c.php 第 300 行.
NOTIC: [8] Undefined variable: p_Name E:\phpstudy\WWW\jfsc\Application\Index\Runtime\Cache\Home\1cecb125b147dd48d692862c8d51d93c.php 第 300 行.
NOTIC: [8] Undefined variable: jifen_fanwei E:\phpstudy\WWW\jfsc\Application\Index\Runtime\Cache\Home\1cecb125b147dd48d692862c8d51d93c.php 第 301 行.
NOTIC: [8] Undefined variable: p_Name E:\phpstudy\WWW\jfsc\Application\Index\Runtime\Cache\Home\1cecb125b147dd48d692862c8d51d93c.php 第 301 行.
NOTIC: [8] Undefined variable: jifen_fanwei E:\phpstudy\WWW\jfsc\Application\Index\Runtime\Cache\Home\1cecb125b147dd48d692862c8d51d93c.php 第 302 行.
NOTIC: [8] Undefined variable: p_Name E:\phpstudy\WWW\jfsc\Application\Index\Runtime\Cache\Home\1cecb125b147dd48d692862c8d51d93c.php 第 302 行.
NOTIC: [8] Undefined variable: jifen_fanwei E:\phpstudy\WWW\jfsc\Application\Index\Runtime\Cache\Home\1cecb125b147dd48d692862c8d51d93c.php 第 371 行.
NOTIC: [8] Undefined variable: p_Name E:\phpstudy\WWW\jfsc\Application\Index\Runtime\Cache\Home\1cecb125b147dd48d692862c8d51d93c.php 第 372 行.
INFO: Run Behavior\ParseTemplateBehavior [ RunTime:0.019506s ]
INFO: [ view_parse ] --END-- [ RunTime:0.019570s ]
INFO: [ view_filter ] --START--
INFO: Run Behavior\WriteHtmlCacheBehavior [ RunTime:0.000300s ]
INFO: [ view_filter ] --END-- [ RunTime:0.000356s ]
INFO: [ app_end ] --START--
INFO: Run Behavior\ShowPageTraceBehavior [ RunTime:0.000700s ]
INFO: [ app_end ] --END-- [ RunTime:0.000803s ]

[ 2017-03-13T16:42:04+08:00 ] ::1 /jfsc/index.php?c=Product&a=index&jifen_fanwei=&page=1&p_Name=&typename=%E6%88%B6%E5%A4%96%E8%A3%9D%E5%82%99
INFO: [ app_init ] --START--
INFO: Run Behavior\BuildLiteBehavior [ RunTime:0.000015s ]
INFO: [ app_init ] --END-- [ RunTime:0.000349s ]
INFO: [ app_begin ] --START--
INFO: Run Behavior\ReadHtmlCacheBehavior [ RunTime:0.000724s ]
INFO: [ app_begin ] --END-- [ RunTime:0.000835s ]
NOTIC: [8] Undefined index: Hukcuser E:\phpstudy\WWW\jfsc\Application\Index\Home\Controller\ProductController.class.php 第 9 行.
NOTIC: [8] Use of undefined constant neq - assumed 'neq' E:\phpstudy\WWW\jfsc\Application\Index\Home\Controller\ProductController.class.php 第 15 行.
SQL: SHOW COLUMNS FROM `jf_prd` [ RunTime:0.003653s ]
SQL: SELECT COUNT(*) AS tp_count FROM `jf_prd` WHERE `status` <> -1 LIMIT 1   [ RunTime:0.000287s ]
SQL: SELECT * FROM `jf_prd` WHERE `status` <> -1 ORDER BY prd_id desc LIMIT 0,5   [ RunTime:0.000309s ]
SQL: SELECT COUNT(*) AS tp_count FROM `jf_prd` WHERE `status` <> -1 LIMIT 1   [ RunTime:0.000194s ]
SQL: SHOW COLUMNS FROM `jf_type` [ RunTime:0.004215s ]
SQL: SELECT * FROM `jf_type` WHERE ( type_pid=0 ) ORDER BY type_sort asc  [ RunTime:0.000363s ]
SQL: SELECT * FROM `jf_type` WHERE ( type_pid=68 )  [ RunTime:0.000317s ]
SQL: SELECT * FROM `jf_type` WHERE ( type_pid=74 )  [ RunTime:0.000210s ]
SQL: SELECT * FROM `jf_type` WHERE ( type_pid=79 )  [ RunTime:0.000194s ]
SQL: SELECT * FROM `jf_type` WHERE ( type_pid=53 )  [ RunTime:0.000199s ]
SQL: SELECT * FROM `jf_type` WHERE ( type_pid=59 )  [ RunTime:0.000195s ]
NOTIC: [8] Undefined offset: 5 E:\phpstudy\WWW\jfsc\Application\Index\Home\Controller\IndexController.class.php 第 37 行.
SQL: SELECT * FROM `jf_type` WHERE ( type_pid= )  [ RunTime:0.000128s ]
ERR: 1064:You have an error in your SQL syntax; check the manual that corresponds to your MySQL server version for the right syntax to use near ')' at line 1
 [ SQL语句 ] : SELECT * FROM `jf_type` WHERE ( type_pid= ) 
SQL: SELECT COUNT(*) AS tp_count FROM `jf_prd` WHERE `status` <> -1 AND `type` LIKE '戶外裝備' LIMIT 1   [ RunTime:0.000236s ]
SQL: SELECT * FROM `jf_prd` WHERE `status` <> -1 AND `type` LIKE '戶外裝備' ORDER BY prd_id desc LIMIT 0,5   [ RunTime:0.000290s ]
SQL: SELECT COUNT(*) AS tp_count FROM `jf_prd` WHERE `status` <> -1 AND `type` LIKE '戶外裝備' LIMIT 1   [ RunTime:0.000193s ]
NOTIC: [8] Use of undefined constant neq - assumed 'neq' E:\phpstudy\WWW\jfsc\Application\Index\Home\Controller\ProductController.class.php 第 77 行.
SQL: SELECT * FROM `jf_prd` WHERE `status` <> -1 ORDER BY clicknum desc LIMIT 8   [ RunTime:0.000371s ]
INFO: [ view_parse ] --START--
INFO: [ template_filter ] --START--
INFO: Run Behavior\ContentReplaceBehavior [ RunTime:0.000142s ]
INFO: [ template_filter ] --END-- [ RunTime:0.000215s ]
NOTIC: [8] Undefined variable: Hukcuser E:\phpstudy\WWW\jfsc\Application\Index\Runtime\Cache\Home\1cecb125b147dd48d692862c8d51d93c.php 第 175 行.
NOTIC: [8] Undefined variable: Hukcuser E:\phpstudy\WWW\jfsc\Application\Index\Runtime\Cache\Home\1cecb125b147dd48d692862c8d51d93c.php 第 177 行.
NOTIC: [8] Undefined variable: Hukcuser E:\phpstudy\WWW\jfsc\Application\Index\Runtime\Cache\Home\1cecb125b147dd48d692862c8d51d93c.php 第 178 行.
NOTIC: [8] Undefined variable: Hukcuser E:\phpstudy\WWW\jfsc\Application\Index\Runtime\Cache\Home\1cecb125b147dd48d692862c8d51d93c.php 第 210 行.
NOTIC: [8] Undefined variable: Hukcuser E:\phpstudy\WWW\jfsc\Application\Index\Runtime\Cache\Home\1cecb125b147dd48d692862c8d51d93c.php 第 210 行.
NOTIC: [8] Undefined variable: Hukcuser E:\phpstudy\WWW\jfsc\Application\Index\Runtime\Cache\Home\1cecb125b147dd48d692862c8d51d93c.php 第 210 行.
NOTIC: [8] Undefined variable: Hukcuser E:\phpstudy\WWW\jfsc\Application\Index\Runtime\Cache\Home\1cecb125b147dd48d692862c8d51d93c.php 第 210 行.
NOTIC: [8] Undefined variable: Hukcuser E:\phpstudy\WWW\jfsc\Application\Index\Runtime\Cache\Home\1cecb125b147dd48d692862c8d51d93c.php 第 210 行.
NOTIC: [8] Undefined variable: jifen_fanwei E:\phpstudy\WWW\jfsc\Application\Index\Runtime\Cache\Home\1cecb125b147dd48d692862c8d51d93c.php 第 299 行.
NOTIC: [8] Undefined variable: p_Name E:\phpstudy\WWW\jfsc\Application\Index\Runtime\Cache\Home\1cecb125b147dd48d692862c8d51d93c.php 第 299 行.
NOTIC: [8] Undefined variable: jifen_fanwei E:\phpstudy\WWW\jfsc\Application\Index\Runtime\Cache\Home\1cecb125b147dd48d692862c8d51d93c.php 第 300 行.
NOTIC: [8] Undefined variable: p_Name E:\phpstudy\WWW\jfsc\Application\Index\Runtime\Cache\Home\1cecb125b147dd48d692862c8d51d93c.php 第 300 行.
NOTIC: [8] Undefined variable: jifen_fanwei E:\phpstudy\WWW\jfsc\Application\Index\Runtime\Cache\Home\1cecb125b147dd48d692862c8d51d93c.php 第 301 行.
NOTIC: [8] Undefined variable: p_Name E:\phpstudy\WWW\jfsc\Application\Index\Runtime\Cache\Home\1cecb125b147dd48d692862c8d51d93c.php 第 301 行.
NOTIC: [8] Undefined variable: jifen_fanwei E:\phpstudy\WWW\jfsc\Application\Index\Runtime\Cache\Home\1cecb125b147dd48d692862c8d51d93c.php 第 302 行.
NOTIC: [8] Undefined variable: p_Name E:\phpstudy\WWW\jfsc\Application\Index\Runtime\Cache\Home\1cecb125b147dd48d692862c8d51d93c.php 第 302 行.
NOTIC: [8] Undefined variable: jifen_fanwei E:\phpstudy\WWW\jfsc\Application\Index\Runtime\Cache\Home\1cecb125b147dd48d692862c8d51d93c.php 第 371 行.
NOTIC: [8] Undefined variable: p_Name E:\phpstudy\WWW\jfsc\Application\Index\Runtime\Cache\Home\1cecb125b147dd48d692862c8d51d93c.php 第 372 行.
INFO: Run Behavior\ParseTemplateBehavior [ RunTime:0.019018s ]
INFO: [ view_parse ] --END-- [ RunTime:0.019086s ]
INFO: [ view_filter ] --START--
INFO: Run Behavior\WriteHtmlCacheBehavior [ RunTime:0.000262s ]
INFO: [ view_filter ] --END-- [ RunTime:0.000313s ]
INFO: [ app_end ] --START--
INFO: Run Behavior\ShowPageTraceBehavior [ RunTime:0.000540s ]
INFO: [ app_end ] --END-- [ RunTime:0.000600s ]

[ 2017-03-13T16:42:07+08:00 ] ::1 /jfsc/index.php?c=Product&a=index&jifen_fanwei=&page=1&p_Name=&typename=%E6%88%B6%E5%A4%96%E8%A3%9D%E5%82%99
INFO: [ app_init ] --START--
INFO: Run Behavior\BuildLiteBehavior [ RunTime:0.000016s ]
INFO: [ app_init ] --END-- [ RunTime:0.000323s ]
INFO: [ app_begin ] --START--
INFO: Run Behavior\ReadHtmlCacheBehavior [ RunTime:0.000440s ]
INFO: [ app_begin ] --END-- [ RunTime:0.000497s ]
NOTIC: [8] Undefined index: Hukcuser E:\phpstudy\WWW\jfsc\Application\Index\Home\Controller\ProductController.class.php 第 9 行.
NOTIC: [8] Use of undefined constant neq - assumed 'neq' E:\phpstudy\WWW\jfsc\Application\Index\Home\Controller\ProductController.class.php 第 15 行.
SQL: SHOW COLUMNS FROM `jf_prd` [ RunTime:0.031994s ]
SQL: SELECT COUNT(*) AS tp_count FROM `jf_prd` WHERE `status` <> -1 LIMIT 1   [ RunTime:0.000345s ]
SQL: SELECT * FROM `jf_prd` WHERE `status` <> -1 ORDER BY prd_id desc LIMIT 0,5   [ RunTime:0.000354s ]
SQL: SELECT COUNT(*) AS tp_count FROM `jf_prd` WHERE `status` <> -1 LIMIT 1   [ RunTime:0.000253s ]
SQL: SHOW COLUMNS FROM `jf_type` [ RunTime:0.060176s ]
SQL: SELECT * FROM `jf_type` WHERE ( type_pid=0 ) ORDER BY type_sort asc  [ RunTime:0.000314s ]
SQL: SELECT * FROM `jf_type` WHERE ( type_pid=68 )  [ RunTime:0.000244s ]
SQL: SELECT * FROM `jf_type` WHERE ( type_pid=74 )  [ RunTime:0.000366s ]
SQL: SELECT * FROM `jf_type` WHERE ( type_pid=79 )  [ RunTime:0.000218s ]
SQL: SELECT * FROM `jf_type` WHERE ( type_pid=53 )  [ RunTime:0.000203s ]
SQL: SELECT * FROM `jf_type` WHERE ( type_pid=59 )  [ RunTime:0.000239s ]
NOTIC: [8] Undefined offset: 5 E:\phpstudy\WWW\jfsc\Application\Index\Home\Controller\IndexController.class.php 第 37 行.
SQL: SELECT * FROM `jf_type` WHERE ( type_pid= )  [ RunTime:0.000159s ]
ERR: 1064:You have an error in your SQL syntax; check the manual that corresponds to your MySQL server version for the right syntax to use near ')' at line 1
 [ SQL语句 ] : SELECT * FROM `jf_type` WHERE ( type_pid= ) 
SQL: SELECT COUNT(*) AS tp_count FROM `jf_prd` WHERE `status` <> -1 AND `type` LIKE '戶外裝備' LIMIT 1   [ RunTime:0.000235s ]
SQL: SELECT * FROM `jf_prd` WHERE `status` <> -1 AND `type` LIKE '戶外裝備' ORDER BY prd_id desc LIMIT 0,5   [ RunTime:0.000306s ]
SQL: SELECT COUNT(*) AS tp_count FROM `jf_prd` WHERE `status` <> -1 AND `type` LIKE '戶外裝備' LIMIT 1   [ RunTime:0.000206s ]
NOTIC: [8] Use of undefined constant neq - assumed 'neq' E:\phpstudy\WWW\jfsc\Application\Index\Home\Controller\ProductController.class.php 第 77 行.
SQL: SELECT * FROM `jf_prd` WHERE `status` <> -1 ORDER BY clicknum desc LIMIT 8   [ RunTime:0.000313s ]
INFO: [ view_parse ] --START--
INFO: [ template_filter ] --START--
INFO: Run Behavior\ContentReplaceBehavior [ RunTime:0.000177s ]
INFO: [ template_filter ] --END-- [ RunTime:0.000271s ]
NOTIC: [8] Undefined variable: Hukcuser E:\phpstudy\WWW\jfsc\Application\Index\Runtime\Cache\Home\1cecb125b147dd48d692862c8d51d93c.php 第 175 行.
NOTIC: [8] Undefined variable: Hukcuser E:\phpstudy\WWW\jfsc\Application\Index\Runtime\Cache\Home\1cecb125b147dd48d692862c8d51d93c.php 第 177 行.
NOTIC: [8] Undefined variable: Hukcuser E:\phpstudy\WWW\jfsc\Application\Index\Runtime\Cache\Home\1cecb125b147dd48d692862c8d51d93c.php 第 178 行.
NOTIC: [8] Undefined variable: Hukcuser E:\phpstudy\WWW\jfsc\Application\Index\Runtime\Cache\Home\1cecb125b147dd48d692862c8d51d93c.php 第 210 行.
NOTIC: [8] Undefined variable: Hukcuser E:\phpstudy\WWW\jfsc\Application\Index\Runtime\Cache\Home\1cecb125b147dd48d692862c8d51d93c.php 第 210 行.
NOTIC: [8] Undefined variable: Hukcuser E:\phpstudy\WWW\jfsc\Application\Index\Runtime\Cache\Home\1cecb125b147dd48d692862c8d51d93c.php 第 210 行.
NOTIC: [8] Undefined variable: Hukcuser E:\phpstudy\WWW\jfsc\Application\Index\Runtime\Cache\Home\1cecb125b147dd48d692862c8d51d93c.php 第 210 行.
NOTIC: [8] Undefined variable: Hukcuser E:\phpstudy\WWW\jfsc\Application\Index\Runtime\Cache\Home\1cecb125b147dd48d692862c8d51d93c.php 第 210 行.
NOTIC: [8] Undefined variable: jifen_fanwei E:\phpstudy\WWW\jfsc\Application\Index\Runtime\Cache\Home\1cecb125b147dd48d692862c8d51d93c.php 第 299 行.
NOTIC: [8] Undefined variable: p_Name E:\phpstudy\WWW\jfsc\Application\Index\Runtime\Cache\Home\1cecb125b147dd48d692862c8d51d93c.php 第 299 行.
NOTIC: [8] Undefined variable: jifen_fanwei E:\phpstudy\WWW\jfsc\Application\Index\Runtime\Cache\Home\1cecb125b147dd48d692862c8d51d93c.php 第 300 行.
NOTIC: [8] Undefined variable: p_Name E:\phpstudy\WWW\jfsc\Application\Index\Runtime\Cache\Home\1cecb125b147dd48d692862c8d51d93c.php 第 300 行.
NOTIC: [8] Undefined variable: jifen_fanwei E:\phpstudy\WWW\jfsc\Application\Index\Runtime\Cache\Home\1cecb125b147dd48d692862c8d51d93c.php 第 301 行.
NOTIC: [8] Undefined variable: p_Name E:\phpstudy\WWW\jfsc\Application\Index\Runtime\Cache\Home\1cecb125b147dd48d692862c8d51d93c.php 第 301 行.
NOTIC: [8] Undefined variable: jifen_fanwei E:\phpstudy\WWW\jfsc\Application\Index\Runtime\Cache\Home\1cecb125b147dd48d692862c8d51d93c.php 第 302 行.
NOTIC: [8] Undefined variable: p_Name E:\phpstudy\WWW\jfsc\Application\Index\Runtime\Cache\Home\1cecb125b147dd48d692862c8d51d93c.php 第 302 行.
NOTIC: [8] Undefined variable: jifen_fanwei E:\phpstudy\WWW\jfsc\Application\Index\Runtime\Cache\Home\1cecb125b147dd48d692862c8d51d93c.php 第 371 行.
NOTIC: [8] Undefined variable: p_Name E:\phpstudy\WWW\jfsc\Application\Index\Runtime\Cache\Home\1cecb125b147dd48d692862c8d51d93c.php 第 372 行.
INFO: Run Behavior\ParseTemplateBehavior [ RunTime:0.018812s ]
INFO: [ view_parse ] --END-- [ RunTime:0.018880s ]
INFO: [ view_filter ] --START--
INFO: Run Behavior\WriteHtmlCacheBehavior [ RunTime:0.000245s ]
INFO: [ view_filter ] --END-- [ RunTime:0.000297s ]
INFO: [ app_end ] --START--
INFO: Run Behavior\ShowPageTraceBehavior [ RunTime:0.000521s ]
INFO: [ app_end ] --END-- [ RunTime:0.000581s ]

