[ 2017-03-22T13:46:52+08:00 ] ::1 /jfsc/index.php
INFO: [ app_init ] --START--
INFO: Run Behavior\BuildLiteBehavior [ RunTime:0.000022s ]
INFO: [ app_init ] --END-- [ RunTime:0.000726s ]
INFO: [ app_begin ] --START--
INFO: Run Behavior\ReadHtmlCacheBehavior [ RunTime:0.009639s ]
INFO: [ app_begin ] --END-- [ RunTime:0.009719s ]
NOTIC: [8] Undefined index: Hukcuser E:\phpstudy\WWW\jfsc\Application\Index\Home\Controller\IndexController.class.php 第 11 行.
NOTIC: [8] Use of undefined constant neq - assumed 'neq' E:\phpstudy\WWW\jfsc\Application\Index\Home\Controller\IndexController.class.php 第 17 行.
SQL: SHOW COLUMNS FROM `jf_type` [ RunTime:0.036674s ]
SQL: SELECT * FROM `jf_type` WHERE ( type_pid=0 ) ORDER BY type_sort asc  [ RunTime:0.000529s ]
SQL: SHOW COLUMNS FROM `jf_slide` [ RunTime:0.035870s ]
SQL: SELECT * FROM `jf_slide`  [ RunTime:0.000293s ]
SQL: SHOW COLUMNS FROM `jf_prd` [ RunTime:0.032164s ]
SQL: SELECT * FROM `jf_prd` WHERE `status` <> -1 ORDER BY prd_id desc LIMIT 8   [ RunTime:0.000642s ]
SQL: SELECT * FROM `jf_prd` WHERE `status` <> -1 ORDER BY clicknum desc LIMIT 8   [ RunTime:0.000355s ]
SQL: SELECT * FROM `jf_type` WHERE ( type_pid=68 )  [ RunTime:0.000211s ]
SQL: SELECT * FROM `jf_type` WHERE ( type_pid=74 )  [ RunTime:0.000188s ]
SQL: SELECT * FROM `jf_type` WHERE ( type_pid=79 )  [ RunTime:0.000189s ]
SQL: SELECT * FROM `jf_type` WHERE ( type_pid=53 )  [ RunTime:0.000181s ]
SQL: SELECT * FROM `jf_type` WHERE ( type_pid=59 )  [ RunTime:0.000171s ]
NOTIC: [8] Undefined offset: 5 E:\phpstudy\WWW\jfsc\Application\Index\Home\Controller\IndexController.class.php 第 37 行.
SQL: SELECT * FROM `jf_type` WHERE ( type_pid= )  [ RunTime:0.000152s ]
ERR: 1064:You have an error in your SQL syntax; check the manual that corresponds to your MySQL server version for the right syntax to use near ')' at line 1
 [ SQL语句 ] : SELECT * FROM `jf_type` WHERE ( type_pid= ) 
INFO: [ view_parse ] --START--
INFO: [ template_filter ] --START--
INFO: Run Behavior\ContentReplaceBehavior [ RunTime:0.000135s ]
INFO: [ template_filter ] --END-- [ RunTime:0.000210s ]
NOTIC: [8] Undefined variable: Hukcuser E:\phpstudy\WWW\jfsc\Application\Index\Runtime\Cache\Home\2955b94ad7a1053942104bcab546ee6e.php 第 182 行.
NOTIC: [8] Undefined variable: Hukcuser E:\phpstudy\WWW\jfsc\Application\Index\Runtime\Cache\Home\2955b94ad7a1053942104bcab546ee6e.php 第 184 行.
NOTIC: [8] Undefined variable: Hukcuser E:\phpstudy\WWW\jfsc\Application\Index\Runtime\Cache\Home\2955b94ad7a1053942104bcab546ee6e.php 第 185 行.
INFO: Run Behavior\ParseTemplateBehavior [ RunTime:0.079031s ]
INFO: [ view_parse ] --END-- [ RunTime:0.079120s ]
INFO: [ view_filter ] --START--
INFO: Run Behavior\WriteHtmlCacheBehavior [ RunTime:0.017978s ]
INFO: [ view_filter ] --END-- [ RunTime:0.018056s ]
INFO: [ app_end ] --START--
INFO: Run Behavior\ShowPageTraceBehavior [ RunTime:0.017198s ]
INFO: [ app_end ] --END-- [ RunTime:0.017281s ]

