[ 2017-07-27T00:02:01+08:00 ] 127.0.0.1 /jfsc/index.php
INFO: [ app_init ] --START--
INFO: Run Behavior\BuildLiteBehavior [ RunTime:0.000014s ]
INFO: [ app_init ] --END-- [ RunTime:0.000444s ]
INFO: [ app_begin ] --START--
INFO: Run Behavior\ReadHtmlCacheBehavior [ RunTime:0.000728s ]
INFO: [ app_begin ] --END-- [ RunTime:0.000775s ]
NOTIC: [8] Undefined index: Hukcuser E:\phpstudy\WWW\jfsc\Application\Index\Home\Controller\IndexController.class.php 第 11 行.
NOTIC: [8] Use of undefined constant neq - assumed 'neq' E:\phpstudy\WWW\jfsc\Application\Index\Home\Controller\IndexController.class.php 第 17 行.
SQL: SHOW COLUMNS FROM `jf_type` [ RunTime:0.043093s ]
SQL: SELECT * FROM `jf_type` WHERE ( type_pid=0 ) ORDER BY type_sort asc  [ RunTime:0.012376s ]
SQL: SHOW COLUMNS FROM `jf_slide` [ RunTime:0.016038s ]
SQL: SELECT * FROM `jf_slide`  [ RunTime:0.000340s ]
SQL: SHOW COLUMNS FROM `jf_prd` [ RunTime:0.044396s ]
SQL: SELECT * FROM `jf_prd` WHERE `status` <> -1 ORDER BY prd_id desc LIMIT 8   [ RunTime:0.003513s ]
SQL: SELECT * FROM `jf_prd` WHERE `status` <> -1 ORDER BY clicknum desc LIMIT 8   [ RunTime:0.000483s ]
SQL: SELECT * FROM `jf_type` WHERE ( type_pid=68 )  [ RunTime:0.000210s ]
SQL: SELECT * FROM `jf_type` WHERE ( type_pid=74 )  [ RunTime:0.000217s ]
SQL: SELECT * FROM `jf_type` WHERE ( type_pid=79 )  [ RunTime:0.000212s ]
SQL: SELECT * FROM `jf_type` WHERE ( type_pid=53 )  [ RunTime:0.000194s ]
SQL: SELECT * FROM `jf_type` WHERE ( type_pid=59 )  [ RunTime:0.000187s ]
NOTIC: [8] Undefined offset: 5 E:\phpstudy\WWW\jfsc\Application\Index\Home\Controller\IndexController.class.php 第 37 行.
SQL: SELECT * FROM `jf_type` WHERE ( type_pid= )  [ RunTime:0.000156s ]
ERR: 1064:You have an error in your SQL syntax; check the manual that corresponds to your MySQL server version for the right syntax to use near ')' at line 1
 [ SQL语句 ] : SELECT * FROM `jf_type` WHERE ( type_pid= ) 
INFO: [ view_parse ] --START--
INFO: [ template_filter ] --START--
INFO: Run Behavior\ContentReplaceBehavior [ RunTime:0.000115s ]
INFO: [ template_filter ] --END-- [ RunTime:0.000165s ]
NOTIC: [8] Undefined variable: Hukcuser E:\phpstudy\WWW\jfsc\Application\Index\Runtime\Cache\Home\2955b94ad7a1053942104bcab546ee6e.php 第 182 行.
NOTIC: [8] Undefined variable: Hukcuser E:\phpstudy\WWW\jfsc\Application\Index\Runtime\Cache\Home\2955b94ad7a1053942104bcab546ee6e.php 第 184 行.
NOTIC: [8] Undefined variable: Hukcuser E:\phpstudy\WWW\jfsc\Application\Index\Runtime\Cache\Home\2955b94ad7a1053942104bcab546ee6e.php 第 185 行.
INFO: Run Behavior\ParseTemplateBehavior [ RunTime:0.119306s ]
INFO: [ view_parse ] --END-- [ RunTime:0.119358s ]
INFO: [ view_filter ] --START--
INFO: Run Behavior\WriteHtmlCacheBehavior [ RunTime:0.000553s ]
INFO: [ view_filter ] --END-- [ RunTime:0.000594s ]
INFO: [ app_end ] --START--
INFO: Run Behavior\ShowPageTraceBehavior [ RunTime:0.001588s ]
INFO: [ app_end ] --END-- [ RunTime:0.001714s ]

[ 2017-07-27T00:02:23+08:00 ] 127.0.0.1 /jfsc/index.php?c=product&a=index&typename=%E6%BD%AE%E6%B5%81%E5%A5%B3%E5%8C%85
INFO: [ app_init ] --START--
INFO: Run Behavior\BuildLiteBehavior [ RunTime:0.000014s ]
INFO: [ app_init ] --END-- [ RunTime:0.000330s ]
INFO: [ app_begin ] --START--
INFO: Run Behavior\ReadHtmlCacheBehavior [ RunTime:0.001701s ]
INFO: [ app_begin ] --END-- [ RunTime:0.001816s ]
NOTIC: [8] Undefined index: Hukcuser E:\phpstudy\WWW\jfsc\Application\Index\Home\Controller\ProductController.class.php 第 9 行.
NOTIC: [8] Use of undefined constant neq - assumed 'neq' E:\phpstudy\WWW\jfsc\Application\Index\Home\Controller\ProductController.class.php 第 15 行.
SQL: SHOW COLUMNS FROM `jf_prd` [ RunTime:0.005878s ]
SQL: SELECT COUNT(*) AS tp_count FROM `jf_prd` WHERE `status` <> -1 LIMIT 1   [ RunTime:0.023271s ]
NOTIC: [8] Undefined index: page E:\phpstudy\WWW\jfsc\Application\Index\Home\Controller\IndexController.class.php 第 65 行.
SQL: SELECT * FROM `jf_prd` WHERE `status` <> -1 ORDER BY prd_id desc LIMIT 0,5   [ RunTime:0.000328s ]
SQL: SELECT COUNT(*) AS tp_count FROM `jf_prd` WHERE `status` <> -1 LIMIT 1   [ RunTime:0.000189s ]
NOTIC: [8] Undefined index: page E:\phpstudy\WWW\jfsc\Application\Index\Home\Controller\IndexController.class.php 第 65 行.
SQL: SHOW COLUMNS FROM `jf_type` [ RunTime:0.005022s ]
SQL: SELECT * FROM `jf_type` WHERE ( type_pid=0 ) ORDER BY type_sort asc  [ RunTime:0.000340s ]
SQL: SELECT * FROM `jf_type` WHERE ( type_pid=68 )  [ RunTime:0.000273s ]
SQL: SELECT * FROM `jf_type` WHERE ( type_pid=74 )  [ RunTime:0.000206s ]
SQL: SELECT * FROM `jf_type` WHERE ( type_pid=79 )  [ RunTime:0.000180s ]
SQL: SELECT * FROM `jf_type` WHERE ( type_pid=53 )  [ RunTime:0.000197s ]
SQL: SELECT * FROM `jf_type` WHERE ( type_pid=59 )  [ RunTime:0.000182s ]
NOTIC: [8] Undefined offset: 5 E:\phpstudy\WWW\jfsc\Application\Index\Home\Controller\IndexController.class.php 第 37 行.
SQL: SELECT * FROM `jf_type` WHERE ( type_pid= )  [ RunTime:0.000124s ]
ERR: 1064:You have an error in your SQL syntax; check the manual that corresponds to your MySQL server version for the right syntax to use near ')' at line 1
 [ SQL语句 ] : SELECT * FROM `jf_type` WHERE ( type_pid= ) 
SQL: SELECT COUNT(*) AS tp_count FROM `jf_prd` WHERE `status` <> -1 AND `type` LIKE '潮流女包' LIMIT 1   [ RunTime:0.017391s ]
NOTIC: [8] Undefined index: page E:\phpstudy\WWW\jfsc\Application\Index\Home\Controller\IndexController.class.php 第 65 行.
SQL: SELECT * FROM `jf_prd` WHERE `status` <> -1 AND `type` LIKE '潮流女包' ORDER BY prd_id desc LIMIT -5,5   [ RunTime:0.000215s ]
ERR: 1064:You have an error in your SQL syntax; check the manual that corresponds to your MySQL server version for the right syntax to use near '-5,5' at line 1
 [ SQL语句 ] : SELECT * FROM `jf_prd` WHERE `status` <> -1 AND `type` LIKE '潮流女包' ORDER BY prd_id desc LIMIT -5,5  
SQL: SELECT COUNT(*) AS tp_count FROM `jf_prd` WHERE `status` <> -1 AND `type` LIKE '潮流女包' LIMIT 1   [ RunTime:0.000288s ]
NOTIC: [8] Undefined index: page E:\phpstudy\WWW\jfsc\Application\Index\Home\Controller\IndexController.class.php 第 65 行.
NOTIC: [8] Undefined index: jifen_fanwei E:\phpstudy\WWW\jfsc\Application\Index\Home\Controller\ProductController.class.php 第 29 行.
NOTIC: [8] Undefined index: p_Name E:\phpstudy\WWW\jfsc\Application\Index\Home\Controller\ProductController.class.php 第 69 行.
NOTIC: [8] Use of undefined constant neq - assumed 'neq' E:\phpstudy\WWW\jfsc\Application\Index\Home\Controller\ProductController.class.php 第 77 行.
SQL: SELECT * FROM `jf_prd` WHERE `status` <> -1 ORDER BY clicknum desc LIMIT 8   [ RunTime:0.000386s ]
INFO: [ view_parse ] --START--
INFO: [ template_filter ] --START--
INFO: Run Behavior\ContentReplaceBehavior [ RunTime:0.000223s ]
INFO: [ template_filter ] --END-- [ RunTime:0.000303s ]
NOTIC: [8] Undefined variable: Hukcuser E:\phpstudy\WWW\jfsc\Application\Index\Runtime\Cache\Home\1cecb125b147dd48d692862c8d51d93c.php 第 175 行.
NOTIC: [8] Undefined variable: Hukcuser E:\phpstudy\WWW\jfsc\Application\Index\Runtime\Cache\Home\1cecb125b147dd48d692862c8d51d93c.php 第 177 行.
NOTIC: [8] Undefined variable: Hukcuser E:\phpstudy\WWW\jfsc\Application\Index\Runtime\Cache\Home\1cecb125b147dd48d692862c8d51d93c.php 第 178 行.
NOTIC: [8] Undefined variable: jifen_fanwei E:\phpstudy\WWW\jfsc\Application\Index\Runtime\Cache\Home\1cecb125b147dd48d692862c8d51d93c.php 第 299 行.
NOTIC: [8] Undefined variable: p_Name E:\phpstudy\WWW\jfsc\Application\Index\Runtime\Cache\Home\1cecb125b147dd48d692862c8d51d93c.php 第 299 行.
NOTIC: [8] Undefined variable: jifen_fanwei E:\phpstudy\WWW\jfsc\Application\Index\Runtime\Cache\Home\1cecb125b147dd48d692862c8d51d93c.php 第 300 行.
NOTIC: [8] Undefined variable: p_Name E:\phpstudy\WWW\jfsc\Application\Index\Runtime\Cache\Home\1cecb125b147dd48d692862c8d51d93c.php 第 300 行.
NOTIC: [8] Undefined variable: jifen_fanwei E:\phpstudy\WWW\jfsc\Application\Index\Runtime\Cache\Home\1cecb125b147dd48d692862c8d51d93c.php 第 301 行.
NOTIC: [8] Undefined variable: p_Name E:\phpstudy\WWW\jfsc\Application\Index\Runtime\Cache\Home\1cecb125b147dd48d692862c8d51d93c.php 第 301 行.
NOTIC: [8] Undefined variable: jifen_fanwei E:\phpstudy\WWW\jfsc\Application\Index\Runtime\Cache\Home\1cecb125b147dd48d692862c8d51d93c.php 第 302 行.
NOTIC: [8] Undefined variable: p_Name E:\phpstudy\WWW\jfsc\Application\Index\Runtime\Cache\Home\1cecb125b147dd48d692862c8d51d93c.php 第 302 行.
NOTIC: [8] Undefined variable: jifen_fanwei E:\phpstudy\WWW\jfsc\Application\Index\Runtime\Cache\Home\1cecb125b147dd48d692862c8d51d93c.php 第 371 行.
NOTIC: [8] Undefined variable: p_Name E:\phpstudy\WWW\jfsc\Application\Index\Runtime\Cache\Home\1cecb125b147dd48d692862c8d51d93c.php 第 372 行.
INFO: Run Behavior\ParseTemplateBehavior [ RunTime:0.050915s ]
INFO: [ view_parse ] --END-- [ RunTime:0.050967s ]
INFO: [ view_filter ] --START--
INFO: Run Behavior\WriteHtmlCacheBehavior [ RunTime:0.000675s ]
INFO: [ view_filter ] --END-- [ RunTime:0.000714s ]
INFO: [ app_end ] --START--
INFO: Run Behavior\ShowPageTraceBehavior [ RunTime:0.000983s ]
INFO: [ app_end ] --END-- [ RunTime:0.001037s ]

[ 2017-07-27T00:02:26+08:00 ] 127.0.0.1 /jfsc/index.php?c=Product&a=index&typename=%E6%BD%AE%E6%B5%81%E5%A5%B3%E5%8C%85
INFO: [ app_init ] --START--
INFO: Run Behavior\BuildLiteBehavior [ RunTime:0.000016s ]
INFO: [ app_init ] --END-- [ RunTime:0.000425s ]
INFO: [ app_begin ] --START--
INFO: Run Behavior\ReadHtmlCacheBehavior [ RunTime:0.001013s ]
INFO: [ app_begin ] --END-- [ RunTime:0.001075s ]
NOTIC: [8] Undefined index: Hukcuser E:\phpstudy\WWW\jfsc\Application\Index\Home\Controller\ProductController.class.php 第 9 行.
NOTIC: [8] Use of undefined constant neq - assumed 'neq' E:\phpstudy\WWW\jfsc\Application\Index\Home\Controller\ProductController.class.php 第 15 行.
SQL: SHOW COLUMNS FROM `jf_prd` [ RunTime:0.005072s ]
SQL: SELECT COUNT(*) AS tp_count FROM `jf_prd` WHERE `status` <> -1 LIMIT 1   [ RunTime:0.000264s ]
NOTIC: [8] Undefined index: page E:\phpstudy\WWW\jfsc\Application\Index\Home\Controller\IndexController.class.php 第 65 行.
SQL: SELECT * FROM `jf_prd` WHERE `status` <> -1 ORDER BY prd_id desc LIMIT 0,5   [ RunTime:0.000332s ]
SQL: SELECT COUNT(*) AS tp_count FROM `jf_prd` WHERE `status` <> -1 LIMIT 1   [ RunTime:0.000190s ]
NOTIC: [8] Undefined index: page E:\phpstudy\WWW\jfsc\Application\Index\Home\Controller\IndexController.class.php 第 65 行.
SQL: SHOW COLUMNS FROM `jf_type` [ RunTime:0.009040s ]
SQL: SELECT * FROM `jf_type` WHERE ( type_pid=0 ) ORDER BY type_sort asc  [ RunTime:0.000390s ]
SQL: SELECT * FROM `jf_type` WHERE ( type_pid=68 )  [ RunTime:0.000243s ]
SQL: SELECT * FROM `jf_type` WHERE ( type_pid=74 )  [ RunTime:0.000203s ]
SQL: SELECT * FROM `jf_type` WHERE ( type_pid=79 )  [ RunTime:0.000172s ]
SQL: SELECT * FROM `jf_type` WHERE ( type_pid=53 )  [ RunTime:0.000189s ]
SQL: SELECT * FROM `jf_type` WHERE ( type_pid=59 )  [ RunTime:0.000201s ]
NOTIC: [8] Undefined offset: 5 E:\phpstudy\WWW\jfsc\Application\Index\Home\Controller\IndexController.class.php 第 37 行.
SQL: SELECT * FROM `jf_type` WHERE ( type_pid= )  [ RunTime:0.000154s ]
ERR: 1064:You have an error in your SQL syntax; check the manual that corresponds to your MySQL server version for the right syntax to use near ')' at line 1
 [ SQL语句 ] : SELECT * FROM `jf_type` WHERE ( type_pid= ) 
SQL: SELECT COUNT(*) AS tp_count FROM `jf_prd` WHERE `status` <> -1 AND `type` LIKE '潮流女包' LIMIT 1   [ RunTime:0.000275s ]
NOTIC: [8] Undefined index: page E:\phpstudy\WWW\jfsc\Application\Index\Home\Controller\IndexController.class.php 第 65 行.
SQL: SELECT * FROM `jf_prd` WHERE `status` <> -1 AND `type` LIKE '潮流女包' ORDER BY prd_id desc LIMIT -5,5   [ RunTime:0.000631s ]
ERR: 1064:You have an error in your SQL syntax; check the manual that corresponds to your MySQL server version for the right syntax to use near '-5,5' at line 1
 [ SQL语句 ] : SELECT * FROM `jf_prd` WHERE `status` <> -1 AND `type` LIKE '潮流女包' ORDER BY prd_id desc LIMIT -5,5  
SQL: SELECT COUNT(*) AS tp_count FROM `jf_prd` WHERE `status` <> -1 AND `type` LIKE '潮流女包' LIMIT 1   [ RunTime:0.000485s ]
NOTIC: [8] Undefined index: page E:\phpstudy\WWW\jfsc\Application\Index\Home\Controller\IndexController.class.php 第 65 行.
NOTIC: [8] Undefined index: jifen_fanwei E:\phpstudy\WWW\jfsc\Application\Index\Home\Controller\ProductController.class.php 第 29 行.
NOTIC: [8] Undefined index: p_Name E:\phpstudy\WWW\jfsc\Application\Index\Home\Controller\ProductController.class.php 第 69 行.
NOTIC: [8] Use of undefined constant neq - assumed 'neq' E:\phpstudy\WWW\jfsc\Application\Index\Home\Controller\ProductController.class.php 第 77 行.
SQL: SELECT * FROM `jf_prd` WHERE `status` <> -1 ORDER BY clicknum desc LIMIT 8   [ RunTime:0.000375s ]
INFO: [ view_parse ] --START--
INFO: [ template_filter ] --START--
INFO: Run Behavior\ContentReplaceBehavior [ RunTime:0.000142s ]
INFO: [ template_filter ] --END-- [ RunTime:0.000191s ]
NOTIC: [8] Undefined variable: Hukcuser E:\phpstudy\WWW\jfsc\Application\Index\Runtime\Cache\Home\1cecb125b147dd48d692862c8d51d93c.php 第 175 行.
NOTIC: [8] Undefined variable: Hukcuser E:\phpstudy\WWW\jfsc\Application\Index\Runtime\Cache\Home\1cecb125b147dd48d692862c8d51d93c.php 第 177 行.
NOTIC: [8] Undefined variable: Hukcuser E:\phpstudy\WWW\jfsc\Application\Index\Runtime\Cache\Home\1cecb125b147dd48d692862c8d51d93c.php 第 178 行.
NOTIC: [8] Undefined variable: jifen_fanwei E:\phpstudy\WWW\jfsc\Application\Index\Runtime\Cache\Home\1cecb125b147dd48d692862c8d51d93c.php 第 299 行.
NOTIC: [8] Undefined variable: p_Name E:\phpstudy\WWW\jfsc\Application\Index\Runtime\Cache\Home\1cecb125b147dd48d692862c8d51d93c.php 第 299 行.
NOTIC: [8] Undefined variable: jifen_fanwei E:\phpstudy\WWW\jfsc\Application\Index\Runtime\Cache\Home\1cecb125b147dd48d692862c8d51d93c.php 第 300 行.
NOTIC: [8] Undefined variable: p_Name E:\phpstudy\WWW\jfsc\Application\Index\Runtime\Cache\Home\1cecb125b147dd48d692862c8d51d93c.php 第 300 行.
NOTIC: [8] Undefined variable: jifen_fanwei E:\phpstudy\WWW\jfsc\Application\Index\Runtime\Cache\Home\1cecb125b147dd48d692862c8d51d93c.php 第 301 行.
NOTIC: [8] Undefined variable: p_Name E:\phpstudy\WWW\jfsc\Application\Index\Runtime\Cache\Home\1cecb125b147dd48d692862c8d51d93c.php 第 301 行.
NOTIC: [8] Undefined variable: jifen_fanwei E:\phpstudy\WWW\jfsc\Application\Index\Runtime\Cache\Home\1cecb125b147dd48d692862c8d51d93c.php 第 302 行.
NOTIC: [8] Undefined variable: p_Name E:\phpstudy\WWW\jfsc\Application\Index\Runtime\Cache\Home\1cecb125b147dd48d692862c8d51d93c.php 第 302 行.
NOTIC: [8] Undefined variable: jifen_fanwei E:\phpstudy\WWW\jfsc\Application\Index\Runtime\Cache\Home\1cecb125b147dd48d692862c8d51d93c.php 第 371 行.
NOTIC: [8] Undefined variable: p_Name E:\phpstudy\WWW\jfsc\Application\Index\Runtime\Cache\Home\1cecb125b147dd48d692862c8d51d93c.php 第 372 行.
INFO: Run Behavior\ParseTemplateBehavior [ RunTime:0.019629s ]
INFO: [ view_parse ] --END-- [ RunTime:0.019673s ]
INFO: [ view_filter ] --START--
INFO: Run Behavior\WriteHtmlCacheBehavior [ RunTime:0.000393s ]
INFO: [ view_filter ] --END-- [ RunTime:0.000438s ]
INFO: [ app_end ] --START--
INFO: Run Behavior\ShowPageTraceBehavior [ RunTime:0.000769s ]
INFO: [ app_end ] --END-- [ RunTime:0.000819s ]

[ 2017-07-27T00:02:29+08:00 ] 127.0.0.1 /jfsc/index.php?c=Product&a=index&typename=%E5%BB%9A%E6%88%BF%E9%9B%BB%E5%99%A8
INFO: [ app_init ] --START--
INFO: Run Behavior\BuildLiteBehavior [ RunTime:0.000015s ]
INFO: [ app_init ] --END-- [ RunTime:0.000390s ]
INFO: [ app_begin ] --START--
INFO: Run Behavior\ReadHtmlCacheBehavior [ RunTime:0.000538s ]
INFO: [ app_begin ] --END-- [ RunTime:0.000594s ]
NOTIC: [8] Undefined index: Hukcuser E:\phpstudy\WWW\jfsc\Application\Index\Home\Controller\ProductController.class.php 第 9 行.
NOTIC: [8] Use of undefined constant neq - assumed 'neq' E:\phpstudy\WWW\jfsc\Application\Index\Home\Controller\ProductController.class.php 第 15 行.
SQL: SHOW COLUMNS FROM `jf_prd` [ RunTime:0.007898s ]
SQL: SELECT COUNT(*) AS tp_count FROM `jf_prd` WHERE `status` <> -1 LIMIT 1   [ RunTime:0.000404s ]
NOTIC: [8] Undefined index: page E:\phpstudy\WWW\jfsc\Application\Index\Home\Controller\IndexController.class.php 第 65 行.
SQL: SELECT * FROM `jf_prd` WHERE `status` <> -1 ORDER BY prd_id desc LIMIT 0,5   [ RunTime:0.000988s ]
SQL: SELECT COUNT(*) AS tp_count FROM `jf_prd` WHERE `status` <> -1 LIMIT 1   [ RunTime:0.000307s ]
NOTIC: [8] Undefined index: page E:\phpstudy\WWW\jfsc\Application\Index\Home\Controller\IndexController.class.php 第 65 行.
SQL: SHOW COLUMNS FROM `jf_type` [ RunTime:0.014372s ]
SQL: SELECT * FROM `jf_type` WHERE ( type_pid=0 ) ORDER BY type_sort asc  [ RunTime:0.000309s ]
SQL: SELECT * FROM `jf_type` WHERE ( type_pid=68 )  [ RunTime:0.000229s ]
SQL: SELECT * FROM `jf_type` WHERE ( type_pid=74 )  [ RunTime:0.000201s ]
SQL: SELECT * FROM `jf_type` WHERE ( type_pid=79 )  [ RunTime:0.000187s ]
SQL: SELECT * FROM `jf_type` WHERE ( type_pid=53 )  [ RunTime:0.000197s ]
SQL: SELECT * FROM `jf_type` WHERE ( type_pid=59 )  [ RunTime:0.000189s ]
NOTIC: [8] Undefined offset: 5 E:\phpstudy\WWW\jfsc\Application\Index\Home\Controller\IndexController.class.php 第 37 行.
SQL: SELECT * FROM `jf_type` WHERE ( type_pid= )  [ RunTime:0.000125s ]
ERR: 1064:You have an error in your SQL syntax; check the manual that corresponds to your MySQL server version for the right syntax to use near ')' at line 1
 [ SQL语句 ] : SELECT * FROM `jf_type` WHERE ( type_pid= ) 
SQL: SELECT COUNT(*) AS tp_count FROM `jf_prd` WHERE `status` <> -1 AND `type` LIKE '廚房電器' LIMIT 1   [ RunTime:0.000495s ]
NOTIC: [8] Undefined index: page E:\phpstudy\WWW\jfsc\Application\Index\Home\Controller\IndexController.class.php 第 65 行.
SQL: SELECT * FROM `jf_prd` WHERE `status` <> -1 AND `type` LIKE '廚房電器' ORDER BY prd_id desc LIMIT -5,5   [ RunTime:0.000145s ]
ERR: 1064:You have an error in your SQL syntax; check the manual that corresponds to your MySQL server version for the right syntax to use near '-5,5' at line 1
 [ SQL语句 ] : SELECT * FROM `jf_prd` WHERE `status` <> -1 AND `type` LIKE '廚房電器' ORDER BY prd_id desc LIMIT -5,5  
SQL: SELECT COUNT(*) AS tp_count FROM `jf_prd` WHERE `status` <> -1 AND `type` LIKE '廚房電器' LIMIT 1   [ RunTime:0.000199s ]
NOTIC: [8] Undefined index: page E:\phpstudy\WWW\jfsc\Application\Index\Home\Controller\IndexController.class.php 第 65 行.
NOTIC: [8] Undefined index: jifen_fanwei E:\phpstudy\WWW\jfsc\Application\Index\Home\Controller\ProductController.class.php 第 29 行.
NOTIC: [8] Undefined index: p_Name E:\phpstudy\WWW\jfsc\Application\Index\Home\Controller\ProductController.class.php 第 69 行.
NOTIC: [8] Use of undefined constant neq - assumed 'neq' E:\phpstudy\WWW\jfsc\Application\Index\Home\Controller\ProductController.class.php 第 77 行.
SQL: SELECT * FROM `jf_prd` WHERE `status` <> -1 ORDER BY clicknum desc LIMIT 8   [ RunTime:0.000322s ]
INFO: [ view_parse ] --START--
INFO: [ template_filter ] --START--
INFO: Run Behavior\ContentReplaceBehavior [ RunTime:0.000143s ]
INFO: [ template_filter ] --END-- [ RunTime:0.000197s ]
NOTIC: [8] Undefined variable: Hukcuser E:\phpstudy\WWW\jfsc\Application\Index\Runtime\Cache\Home\1cecb125b147dd48d692862c8d51d93c.php 第 175 行.
NOTIC: [8] Undefined variable: Hukcuser E:\phpstudy\WWW\jfsc\Application\Index\Runtime\Cache\Home\1cecb125b147dd48d692862c8d51d93c.php 第 177 行.
NOTIC: [8] Undefined variable: Hukcuser E:\phpstudy\WWW\jfsc\Application\Index\Runtime\Cache\Home\1cecb125b147dd48d692862c8d51d93c.php 第 178 行.
NOTIC: [8] Undefined variable: jifen_fanwei E:\phpstudy\WWW\jfsc\Application\Index\Runtime\Cache\Home\1cecb125b147dd48d692862c8d51d93c.php 第 299 行.
NOTIC: [8] Undefined variable: p_Name E:\phpstudy\WWW\jfsc\Application\Index\Runtime\Cache\Home\1cecb125b147dd48d692862c8d51d93c.php 第 299 行.
NOTIC: [8] Undefined variable: jifen_fanwei E:\phpstudy\WWW\jfsc\Application\Index\Runtime\Cache\Home\1cecb125b147dd48d692862c8d51d93c.php 第 300 行.
NOTIC: [8] Undefined variable: p_Name E:\phpstudy\WWW\jfsc\Application\Index\Runtime\Cache\Home\1cecb125b147dd48d692862c8d51d93c.php 第 300 行.
NOTIC: [8] Undefined variable: jifen_fanwei E:\phpstudy\WWW\jfsc\Application\Index\Runtime\Cache\Home\1cecb125b147dd48d692862c8d51d93c.php 第 301 行.
NOTIC: [8] Undefined variable: p_Name E:\phpstudy\WWW\jfsc\Application\Index\Runtime\Cache\Home\1cecb125b147dd48d692862c8d51d93c.php 第 301 行.
NOTIC: [8] Undefined variable: jifen_fanwei E:\phpstudy\WWW\jfsc\Application\Index\Runtime\Cache\Home\1cecb125b147dd48d692862c8d51d93c.php 第 302 行.
NOTIC: [8] Undefined variable: p_Name E:\phpstudy\WWW\jfsc\Application\Index\Runtime\Cache\Home\1cecb125b147dd48d692862c8d51d93c.php 第 302 行.
NOTIC: [8] Undefined variable: jifen_fanwei E:\phpstudy\WWW\jfsc\Application\Index\Runtime\Cache\Home\1cecb125b147dd48d692862c8d51d93c.php 第 371 行.
NOTIC: [8] Undefined variable: p_Name E:\phpstudy\WWW\jfsc\Application\Index\Runtime\Cache\Home\1cecb125b147dd48d692862c8d51d93c.php 第 372 行.
INFO: Run Behavior\ParseTemplateBehavior [ RunTime:0.019731s ]
INFO: [ view_parse ] --END-- [ RunTime:0.019781s ]
INFO: [ view_filter ] --START--
INFO: Run Behavior\WriteHtmlCacheBehavior [ RunTime:0.000248s ]
INFO: [ view_filter ] --END-- [ RunTime:0.000286s ]
INFO: [ app_end ] --START--
INFO: Run Behavior\ShowPageTraceBehavior [ RunTime:0.000592s ]
INFO: [ app_end ] --END-- [ RunTime:0.000639s ]

[ 2017-07-27T00:02:34+08:00 ] 127.0.0.1 /jfsc/index.php?c=product&a=index&typename=%E6%88%B6%E5%A4%96%E8%A3%9D%E5%82%99
INFO: [ app_init ] --START--
INFO: Run Behavior\BuildLiteBehavior [ RunTime:0.000015s ]
INFO: [ app_init ] --END-- [ RunTime:0.000366s ]
INFO: [ app_begin ] --START--
INFO: Run Behavior\ReadHtmlCacheBehavior [ RunTime:0.000603s ]
INFO: [ app_begin ] --END-- [ RunTime:0.000652s ]
NOTIC: [8] Undefined index: Hukcuser E:\phpstudy\WWW\jfsc\Application\Index\Home\Controller\ProductController.class.php 第 9 行.
NOTIC: [8] Use of undefined constant neq - assumed 'neq' E:\phpstudy\WWW\jfsc\Application\Index\Home\Controller\ProductController.class.php 第 15 行.
SQL: SHOW COLUMNS FROM `jf_prd` [ RunTime:0.004963s ]
SQL: SELECT COUNT(*) AS tp_count FROM `jf_prd` WHERE `status` <> -1 LIMIT 1   [ RunTime:0.000318s ]
NOTIC: [8] Undefined index: page E:\phpstudy\WWW\jfsc\Application\Index\Home\Controller\IndexController.class.php 第 65 行.
SQL: SELECT * FROM `jf_prd` WHERE `status` <> -1 ORDER BY prd_id desc LIMIT 0,5   [ RunTime:0.000354s ]
SQL: SELECT COUNT(*) AS tp_count FROM `jf_prd` WHERE `status` <> -1 LIMIT 1   [ RunTime:0.000246s ]
NOTIC: [8] Undefined index: page E:\phpstudy\WWW\jfsc\Application\Index\Home\Controller\IndexController.class.php 第 65 行.
SQL: SHOW COLUMNS FROM `jf_type` [ RunTime:0.003928s ]
SQL: SELECT * FROM `jf_type` WHERE ( type_pid=0 ) ORDER BY type_sort asc  [ RunTime:0.000270s ]
SQL: SELECT * FROM `jf_type` WHERE ( type_pid=68 )  [ RunTime:0.000271s ]
SQL: SELECT * FROM `jf_type` WHERE ( type_pid=74 )  [ RunTime:0.000263s ]
SQL: SELECT * FROM `jf_type` WHERE ( type_pid=79 )  [ RunTime:0.000193s ]
SQL: SELECT * FROM `jf_type` WHERE ( type_pid=53 )  [ RunTime:0.000197s ]
SQL: SELECT * FROM `jf_type` WHERE ( type_pid=59 )  [ RunTime:0.000188s ]
NOTIC: [8] Undefined offset: 5 E:\phpstudy\WWW\jfsc\Application\Index\Home\Controller\IndexController.class.php 第 37 行.
SQL: SELECT * FROM `jf_type` WHERE ( type_pid= )  [ RunTime:0.000127s ]
ERR: 1064:You have an error in your SQL syntax; check the manual that corresponds to your MySQL server version for the right syntax to use near ')' at line 1
 [ SQL语句 ] : SELECT * FROM `jf_type` WHERE ( type_pid= ) 
SQL: SELECT COUNT(*) AS tp_count FROM `jf_prd` WHERE `status` <> -1 AND `type` LIKE '戶外裝備' LIMIT 1   [ RunTime:0.000603s ]
NOTIC: [8] Undefined index: page E:\phpstudy\WWW\jfsc\Application\Index\Home\Controller\IndexController.class.php 第 65 行.
SQL: SELECT * FROM `jf_prd` WHERE `status` <> -1 AND `type` LIKE '戶外裝備' ORDER BY prd_id desc LIMIT 0,5   [ RunTime:0.000287s ]
SQL: SELECT COUNT(*) AS tp_count FROM `jf_prd` WHERE `status` <> -1 AND `type` LIKE '戶外裝備' LIMIT 1   [ RunTime:0.000254s ]
NOTIC: [8] Undefined index: page E:\phpstudy\WWW\jfsc\Application\Index\Home\Controller\IndexController.class.php 第 65 行.
NOTIC: [8] Undefined index: jifen_fanwei E:\phpstudy\WWW\jfsc\Application\Index\Home\Controller\ProductController.class.php 第 29 行.
NOTIC: [8] Undefined index: p_Name E:\phpstudy\WWW\jfsc\Application\Index\Home\Controller\ProductController.class.php 第 69 行.
NOTIC: [8] Use of undefined constant neq - assumed 'neq' E:\phpstudy\WWW\jfsc\Application\Index\Home\Controller\ProductController.class.php 第 77 行.
SQL: SELECT * FROM `jf_prd` WHERE `status` <> -1 ORDER BY clicknum desc LIMIT 8   [ RunTime:0.000513s ]
INFO: [ view_parse ] --START--
INFO: [ template_filter ] --START--
INFO: Run Behavior\ContentReplaceBehavior [ RunTime:0.000149s ]
INFO: [ template_filter ] --END-- [ RunTime:0.000199s ]
NOTIC: [8] Undefined variable: Hukcuser E:\phpstudy\WWW\jfsc\Application\Index\Runtime\Cache\Home\1cecb125b147dd48d692862c8d51d93c.php 第 175 行.
NOTIC: [8] Undefined variable: Hukcuser E:\phpstudy\WWW\jfsc\Application\Index\Runtime\Cache\Home\1cecb125b147dd48d692862c8d51d93c.php 第 177 行.
NOTIC: [8] Undefined variable: Hukcuser E:\phpstudy\WWW\jfsc\Application\Index\Runtime\Cache\Home\1cecb125b147dd48d692862c8d51d93c.php 第 178 行.
NOTIC: [8] Undefined variable: Hukcuser E:\phpstudy\WWW\jfsc\Application\Index\Runtime\Cache\Home\1cecb125b147dd48d692862c8d51d93c.php 第 210 行.
NOTIC: [8] Undefined variable: Hukcuser E:\phpstudy\WWW\jfsc\Application\Index\Runtime\Cache\Home\1cecb125b147dd48d692862c8d51d93c.php 第 210 行.
NOTIC: [8] Undefined variable: Hukcuser E:\phpstudy\WWW\jfsc\Application\Index\Runtime\Cache\Home\1cecb125b147dd48d692862c8d51d93c.php 第 210 行.
NOTIC: [8] Undefined variable: Hukcuser E:\phpstudy\WWW\jfsc\Application\Index\Runtime\Cache\Home\1cecb125b147dd48d692862c8d51d93c.php 第 210 行.
NOTIC: [8] Undefined variable: Hukcuser E:\phpstudy\WWW\jfsc\Application\Index\Runtime\Cache\Home\1cecb125b147dd48d692862c8d51d93c.php 第 210 行.
NOTIC: [8] Undefined variable: jifen_fanwei E:\phpstudy\WWW\jfsc\Application\Index\Runtime\Cache\Home\1cecb125b147dd48d692862c8d51d93c.php 第 299 行.
NOTIC: [8] Undefined variable: p_Name E:\phpstudy\WWW\jfsc\Application\Index\Runtime\Cache\Home\1cecb125b147dd48d692862c8d51d93c.php 第 299 行.
NOTIC: [8] Undefined variable: jifen_fanwei E:\phpstudy\WWW\jfsc\Application\Index\Runtime\Cache\Home\1cecb125b147dd48d692862c8d51d93c.php 第 300 行.
NOTIC: [8] Undefined variable: p_Name E:\phpstudy\WWW\jfsc\Application\Index\Runtime\Cache\Home\1cecb125b147dd48d692862c8d51d93c.php 第 300 行.
NOTIC: [8] Undefined variable: jifen_fanwei E:\phpstudy\WWW\jfsc\Application\Index\Runtime\Cache\Home\1cecb125b147dd48d692862c8d51d93c.php 第 301 行.
NOTIC: [8] Undefined variable: p_Name E:\phpstudy\WWW\jfsc\Application\Index\Runtime\Cache\Home\1cecb125b147dd48d692862c8d51d93c.php 第 301 行.
NOTIC: [8] Undefined variable: jifen_fanwei E:\phpstudy\WWW\jfsc\Application\Index\Runtime\Cache\Home\1cecb125b147dd48d692862c8d51d93c.php 第 302 行.
NOTIC: [8] Undefined variable: p_Name E:\phpstudy\WWW\jfsc\Application\Index\Runtime\Cache\Home\1cecb125b147dd48d692862c8d51d93c.php 第 302 行.
NOTIC: [8] Undefined variable: jifen_fanwei E:\phpstudy\WWW\jfsc\Application\Index\Runtime\Cache\Home\1cecb125b147dd48d692862c8d51d93c.php 第 371 行.
NOTIC: [8] Undefined variable: p_Name E:\phpstudy\WWW\jfsc\Application\Index\Runtime\Cache\Home\1cecb125b147dd48d692862c8d51d93c.php 第 372 行.
INFO: Run Behavior\ParseTemplateBehavior [ RunTime:0.018213s ]
INFO: [ view_parse ] --END-- [ RunTime:0.018271s ]
INFO: [ view_filter ] --START--
INFO: Run Behavior\WriteHtmlCacheBehavior [ RunTime:0.000357s ]
INFO: [ view_filter ] --END-- [ RunTime:0.000406s ]
INFO: [ app_end ] --START--
INFO: Run Behavior\ShowPageTraceBehavior [ RunTime:0.000813s ]
INFO: [ app_end ] --END-- [ RunTime:0.000891s ]

