[ 2017-03-21T14:37:30+08:00 ] ::1 /jfsc/admin.php
INFO: [ app_init ] --START--
INFO: Run Behavior\BuildLiteBehavior [ RunTime:0.000017s ]
INFO: [ app_init ] --END-- [ RunTime:0.000428s ]
INFO: [ app_begin ] --START--
INFO: Run Behavior\ReadHtmlCacheBehavior [ RunTime:0.000774s ]
INFO: [ app_begin ] --END-- [ RunTime:0.000874s ]

[ 2017-03-21T14:37:30+08:00 ] ::1 /jfsc/admin.php/home/login/index.html
INFO: [ app_init ] --START--
INFO: Run Behavior\BuildLiteBehavior [ RunTime:0.000014s ]
INFO: [ app_init ] --END-- [ RunTime:0.000321s ]
INFO: [ app_begin ] --START--
INFO: Run Behavior\ReadHtmlCacheBehavior [ RunTime:0.000461s ]
INFO: [ app_begin ] --END-- [ RunTime:0.000523s ]
INFO: [ view_parse ] --START--
INFO: [ template_filter ] --START--
INFO: Run Behavior\ContentReplaceBehavior [ RunTime:0.000044s ]
INFO: [ template_filter ] --END-- [ RunTime:0.000108s ]
INFO: Run Behavior\ParseTemplateBehavior [ RunTime:0.012360s ]
INFO: [ view_parse ] --END-- [ RunTime:0.012447s ]
INFO: [ view_filter ] --START--
INFO: Run Behavior\WriteHtmlCacheBehavior [ RunTime:0.000404s ]
INFO: [ view_filter ] --END-- [ RunTime:0.000459s ]
INFO: [ app_end ] --START--
INFO: Run Behavior\ShowPageTraceBehavior [ RunTime:0.000628s ]
INFO: [ app_end ] --END-- [ RunTime:0.000687s ]

[ 2017-03-21T14:37:31+08:00 ] ::1 /jfsc/admin.php/home/login/verify.html
INFO: [ app_init ] --START--
INFO: Run Behavior\BuildLiteBehavior [ RunTime:0.000030s ]
INFO: [ app_init ] --END-- [ RunTime:0.000658s ]
INFO: [ app_begin ] --START--
INFO: Run Behavior\ReadHtmlCacheBehavior [ RunTime:0.001075s ]
INFO: [ app_begin ] --END-- [ RunTime:0.001209s ]
INFO: [ app_end ] --START--
INFO: Run Behavior\ShowPageTraceBehavior [ RunTime:0.001145s ]
INFO: [ app_end ] --END-- [ RunTime:0.001294s ]

[ 2017-03-21T14:37:39+08:00 ] ::1 /jfsc/admin.php?c=login&a=check
INFO: [ app_init ] --START--
INFO: Run Behavior\BuildLiteBehavior [ RunTime:0.000017s ]
INFO: [ app_init ] --END-- [ RunTime:0.000431s ]
INFO: [ app_begin ] --START--
INFO: Run Behavior\ReadHtmlCacheBehavior [ RunTime:0.000957s ]
INFO: [ app_begin ] --END-- [ RunTime:0.001058s ]

[ 2017-03-21T14:37:40+08:00 ] ::1 /jfsc/admin.php/home/login/verify.html?gate=1
INFO: [ app_init ] --START--
INFO: Run Behavior\BuildLiteBehavior [ RunTime:0.000023s ]
INFO: [ app_init ] --END-- [ RunTime:0.000505s ]
INFO: [ app_begin ] --START--
INFO: Run Behavior\ReadHtmlCacheBehavior [ RunTime:0.000580s ]
INFO: [ app_begin ] --END-- [ RunTime:0.000675s ]
INFO: [ app_end ] --START--
INFO: Run Behavior\ShowPageTraceBehavior [ RunTime:0.000708s ]
INFO: [ app_end ] --END-- [ RunTime:0.000795s ]

[ 2017-03-21T14:37:48+08:00 ] ::1 /jfsc/admin.php?c=login&a=check
INFO: [ app_init ] --START--
INFO: Run Behavior\BuildLiteBehavior [ RunTime:0.000029s ]
INFO: [ app_init ] --END-- [ RunTime:0.000507s ]
INFO: [ app_begin ] --START--
INFO: Run Behavior\ReadHtmlCacheBehavior [ RunTime:0.000538s ]
INFO: [ app_begin ] --END-- [ RunTime:0.000624s ]

[ 2017-03-21T14:37:56+08:00 ] ::1 /jfsc/admin.php?c=login&a=check
INFO: [ app_init ] --START--
INFO: Run Behavior\BuildLiteBehavior [ RunTime:0.000017s ]
INFO: [ app_init ] --END-- [ RunTime:0.000352s ]
INFO: [ app_begin ] --START--
INFO: Run Behavior\ReadHtmlCacheBehavior [ RunTime:0.000464s ]
INFO: [ app_begin ] --END-- [ RunTime:0.000524s ]

[ 2017-03-21T14:37:58+08:00 ] ::1 /jfsc/admin.php/home/login/verify.html?gate=1?gate=1
INFO: [ app_init ] --START--
INFO: Run Behavior\BuildLiteBehavior [ RunTime:0.000015s ]
INFO: [ app_init ] --END-- [ RunTime:0.000345s ]
INFO: [ app_begin ] --START--
INFO: Run Behavior\ReadHtmlCacheBehavior [ RunTime:0.000464s ]
INFO: [ app_begin ] --END-- [ RunTime:0.000523s ]
INFO: [ app_end ] --START--
INFO: Run Behavior\ShowPageTraceBehavior [ RunTime:0.000540s ]
INFO: [ app_end ] --END-- [ RunTime:0.000615s ]

[ 2017-03-21T14:38:10+08:00 ] ::1 /jfsc/admin.php?c=login&a=check
INFO: [ app_init ] --START--
INFO: Run Behavior\BuildLiteBehavior [ RunTime:0.000017s ]
INFO: [ app_init ] --END-- [ RunTime:0.000350s ]
INFO: [ app_begin ] --START--
INFO: Run Behavior\ReadHtmlCacheBehavior [ RunTime:0.000451s ]
INFO: [ app_begin ] --END-- [ RunTime:0.000510s ]

[ 2017-03-21T14:38:58+08:00 ] ::1 /jfsc/admin.php?c=login&a=check
INFO: [ app_init ] --START--
INFO: Run Behavior\BuildLiteBehavior [ RunTime:0.000032s ]
INFO: [ app_init ] --END-- [ RunTime:0.000378s ]
INFO: [ app_begin ] --START--
INFO: Run Behavior\ReadHtmlCacheBehavior [ RunTime:0.000769s ]
INFO: [ app_begin ] --END-- [ RunTime:0.000899s ]

[ 2017-03-21T14:38:59+08:00 ] ::1 /jfsc/admin.php?c=index&a=index
INFO: [ app_init ] --START--
INFO: Run Behavior\BuildLiteBehavior [ RunTime:0.000017s ]
INFO: [ app_init ] --END-- [ RunTime:0.000354s ]
INFO: [ app_begin ] --START--
INFO: Run Behavior\ReadHtmlCacheBehavior [ RunTime:0.000458s ]
INFO: [ app_begin ] --END-- [ RunTime:0.000522s ]
INFO: [ view_parse ] --START--
INFO: [ template_filter ] --START--
INFO: Run Behavior\ContentReplaceBehavior [ RunTime:0.000041s ]
INFO: [ template_filter ] --END-- [ RunTime:0.000119s ]
INFO: Run Behavior\ParseTemplateBehavior [ RunTime:0.040692s ]
INFO: [ view_parse ] --END-- [ RunTime:0.040756s ]
INFO: [ view_filter ] --START--
INFO: Run Behavior\WriteHtmlCacheBehavior [ RunTime:0.000358s ]
INFO: [ view_filter ] --END-- [ RunTime:0.000409s ]
INFO: [ app_end ] --START--
INFO: Run Behavior\ShowPageTraceBehavior [ RunTime:0.000501s ]
INFO: [ app_end ] --END-- [ RunTime:0.000570s ]

[ 2017-03-21T14:38:59+08:00 ] ::1 /jfsc/admin.php/home/index/topnav.html
INFO: [ app_init ] --START--
INFO: Run Behavior\BuildLiteBehavior [ RunTime:0.000028s ]
INFO: [ app_init ] --END-- [ RunTime:0.000541s ]
INFO: [ app_begin ] --START--
INFO: Run Behavior\ReadHtmlCacheBehavior [ RunTime:0.000715s ]
INFO: [ app_begin ] --END-- [ RunTime:0.000830s ]
INFO: [ view_parse ] --START--
INFO: [ template_filter ] --START--
INFO: Run Behavior\ContentReplaceBehavior [ RunTime:0.000075s ]
INFO: [ template_filter ] --END-- [ RunTime:0.000239s ]
NOTIC: [8] Undefined variable: username E:\phpstudy\WWW\jfsc\Application\Admin\Runtime\Cache\Home\51ee4addad4952eec3b128f2c7b20c19.php 第 24 行.
INFO: Run Behavior\ParseTemplateBehavior [ RunTime:0.031707s ]
INFO: [ view_parse ] --END-- [ RunTime:0.031835s ]
INFO: [ view_filter ] --START--
INFO: Run Behavior\WriteHtmlCacheBehavior [ RunTime:0.000356s ]
INFO: [ view_filter ] --END-- [ RunTime:0.000441s ]
INFO: [ app_end ] --START--
INFO: Run Behavior\ShowPageTraceBehavior [ RunTime:0.000679s ]
INFO: [ app_end ] --END-- [ RunTime:0.000765s ]

[ 2017-03-21T14:38:59+08:00 ] ::1 /jfsc/admin.php/home/index/left.html
INFO: [ app_init ] --START--
INFO: Run Behavior\BuildLiteBehavior [ RunTime:0.000029s ]
INFO: [ app_init ] --END-- [ RunTime:0.000610s ]
INFO: [ app_begin ] --START--
INFO: Run Behavior\ReadHtmlCacheBehavior [ RunTime:0.000991s ]
INFO: [ app_begin ] --END-- [ RunTime:0.001108s ]
SQL: SHOW COLUMNS FROM `jf_type` [ RunTime:0.005748s ]
SQL: SELECT * FROM `jf_type` WHERE ( type_pid=0 )  [ RunTime:0.000381s ]
INFO: [ view_parse ] --START--
INFO: [ template_filter ] --START--
INFO: Run Behavior\ContentReplaceBehavior [ RunTime:0.000094s ]
INFO: [ template_filter ] --END-- [ RunTime:0.000200s ]
INFO: Run Behavior\ParseTemplateBehavior [ RunTime:0.073817s ]
INFO: [ view_parse ] --END-- [ RunTime:0.073918s ]
INFO: [ view_filter ] --START--
INFO: Run Behavior\WriteHtmlCacheBehavior [ RunTime:0.000404s ]
INFO: [ view_filter ] --END-- [ RunTime:0.000461s ]
INFO: [ app_end ] --START--
INFO: Run Behavior\ShowPageTraceBehavior [ RunTime:0.000806s ]
INFO: [ app_end ] --END-- [ RunTime:0.000867s ]

[ 2017-03-21T14:38:59+08:00 ] ::1 /jfsc/admin.php/home/index/rightt.html
INFO: [ app_init ] --START--
INFO: Run Behavior\BuildLiteBehavior [ RunTime:0.000031s ]
INFO: [ app_init ] --END-- [ RunTime:0.005411s ]
INFO: [ app_begin ] --START--
INFO: Run Behavior\ReadHtmlCacheBehavior [ RunTime:0.000972s ]
INFO: [ app_begin ] --END-- [ RunTime:0.001091s ]
INFO: [ view_parse ] --START--
INFO: [ template_filter ] --START--
INFO: Run Behavior\ContentReplaceBehavior [ RunTime:0.000076s ]
INFO: [ template_filter ] --END-- [ RunTime:0.000200s ]
NOTIC: [8] Undefined variable: username E:\phpstudy\WWW\jfsc\Application\Admin\Runtime\Cache\Home\b15ec853da18062aef952a5d39180901.php 第 30 行.
INFO: Run Behavior\ParseTemplateBehavior [ RunTime:0.066091s ]
INFO: [ view_parse ] --END-- [ RunTime:0.066169s ]
INFO: [ view_filter ] --START--
INFO: Run Behavior\WriteHtmlCacheBehavior [ RunTime:0.000563s ]
INFO: [ view_filter ] --END-- [ RunTime:0.000639s ]
INFO: [ app_end ] --START--
INFO: Run Behavior\ShowPageTraceBehavior [ RunTime:0.000644s ]
INFO: [ app_end ] --END-- [ RunTime:0.000709s ]

[ 2017-03-21T14:39:01+08:00 ] ::1 /jfsc/admin.php?c=Protype
INFO: [ app_init ] --START--
INFO: Run Behavior\BuildLiteBehavior [ RunTime:0.000016s ]
INFO: [ app_init ] --END-- [ RunTime:0.000358s ]
INFO: [ app_begin ] --START--
INFO: Run Behavior\ReadHtmlCacheBehavior [ RunTime:0.000456s ]
INFO: [ app_begin ] --END-- [ RunTime:0.000518s ]
SQL: SHOW COLUMNS FROM `jf_type` [ RunTime:0.004320s ]
SQL: SELECT COUNT(*) AS tp_count FROM `jf_type` WHERE ( type_pid=0 ) LIMIT 1   [ RunTime:0.000270s ]
NOTIC: [8] Undefined index: page E:\phpstudy\WWW\jfsc\Application\Admin\Home\Controller\CommonController.class.php 第 30 行.
SQL: SELECT * FROM `jf_type` WHERE ( type_pid=0 ) ORDER BY type_sort asc LIMIT 0,5   [ RunTime:0.000241s ]
SQL: SELECT COUNT(*) AS tp_count FROM `jf_type` WHERE ( type_pid=0 ) LIMIT 1   [ RunTime:0.000192s ]
NOTIC: [8] Undefined index: page E:\phpstudy\WWW\jfsc\Application\Admin\Home\Controller\CommonController.class.php 第 30 行.
SQL: SELECT * FROM `jf_type` WHERE ( type_pid=68 )  [ RunTime:0.000213s ]
SQL: SELECT * FROM `jf_type` WHERE ( type_pid=74 )  [ RunTime:0.000200s ]
SQL: SELECT * FROM `jf_type` WHERE ( type_pid=79 )  [ RunTime:0.000193s ]
SQL: SELECT * FROM `jf_type` WHERE ( type_pid=53 )  [ RunTime:0.000194s ]
SQL: SELECT * FROM `jf_type` WHERE ( type_pid=59 )  [ RunTime:0.000199s ]
NOTIC: [8] Undefined offset: 5 E:\phpstudy\WWW\jfsc\Application\Admin\Home\Controller\ProtypeController.class.php 第 128 行.
SQL: SELECT * FROM `jf_type` WHERE ( type_pid= )  [ RunTime:0.000144s ]
ERR: 1064:You have an error in your SQL syntax; check the manual that corresponds to your MySQL server version for the right syntax to use near ')' at line 1
 [ SQL语句 ] : SELECT * FROM `jf_type` WHERE ( type_pid= ) 
INFO: [ view_parse ] --START--
INFO: [ template_filter ] --START--
INFO: Run Behavior\ContentReplaceBehavior [ RunTime:0.000073s ]
INFO: [ template_filter ] --END-- [ RunTime:0.000147s ]
NOTIC: [8] Undefined variable: username E:\phpstudy\WWW\jfsc\Application\Admin\Runtime\Cache\Home\d2316413c7d19d992170d886f262453f.php 第 85 行.
INFO: Run Behavior\ParseTemplateBehavior [ RunTime:0.028553s ]
INFO: [ view_parse ] --END-- [ RunTime:0.028654s ]
INFO: [ view_filter ] --START--
INFO: Run Behavior\WriteHtmlCacheBehavior [ RunTime:0.000252s ]
INFO: [ view_filter ] --END-- [ RunTime:0.000302s ]
INFO: [ app_end ] --START--
INFO: Run Behavior\ShowPageTraceBehavior [ RunTime:0.000538s ]
INFO: [ app_end ] --END-- [ RunTime:0.000601s ]

[ 2017-03-21T14:39:08+08:00 ] ::1 /jfsc/admin.php?c=Product&a=profenlei&id=53
INFO: [ app_init ] --START--
INFO: Run Behavior\BuildLiteBehavior [ RunTime:0.000018s ]
INFO: [ app_init ] --END-- [ RunTime:0.000358s ]
INFO: [ app_begin ] --START--
INFO: Run Behavior\ReadHtmlCacheBehavior [ RunTime:0.000436s ]
INFO: [ app_begin ] --END-- [ RunTime:0.000497s ]
SQL: SHOW COLUMNS FROM `jf_type` [ RunTime:0.012442s ]
SQL: SELECT * FROM `jf_type` WHERE ( type_id=53 )  [ RunTime:0.000262s ]
SQL: SELECT * FROM `jf_type` WHERE ( type_pid=53 )  [ RunTime:0.000229s ]
SQL: SHOW COLUMNS FROM `jf_prd` [ RunTime:0.010116s ]
SQL: SELECT COUNT(*) AS tp_count FROM `jf_prd` WHERE ( cid=53 AND status=1 ) LIMIT 1   [ RunTime:0.000290s ]
NOTIC: [8] Undefined index: page E:\phpstudy\WWW\jfsc\Application\Admin\Home\Controller\CommonController.class.php 第 30 行.
SQL: SELECT * FROM `jf_prd` WHERE ( cid=53 AND status=1 ) ORDER BY prd_id desc LIMIT 0,5   [ RunTime:0.000303s ]
SQL: SELECT COUNT(*) AS tp_count FROM `jf_prd` WHERE ( cid=53 AND status=1 ) LIMIT 1   [ RunTime:0.000188s ]
NOTIC: [8] Undefined index: page E:\phpstudy\WWW\jfsc\Application\Admin\Home\Controller\CommonController.class.php 第 30 行.
NOTIC: [8] Undefined index: type E:\phpstudy\WWW\jfsc\Application\Admin\Home\Controller\ProductController.class.php 第 17 行.
NOTIC: [8] Undefined index: p_Name E:\phpstudy\WWW\jfsc\Application\Admin\Home\Controller\ProductController.class.php 第 37 行.
NOTIC: [8] Undefined variable: typepid E:\phpstudy\WWW\jfsc\Application\Admin\Home\Controller\ProductController.class.php 第 49 行.
INFO: [ view_parse ] --START--
INFO: [ template_filter ] --START--
INFO: Run Behavior\ContentReplaceBehavior [ RunTime:0.000079s ]
INFO: [ template_filter ] --END-- [ RunTime:0.000157s ]
NOTIC: [8] Use of undefined constant type_id - assumed 'type_id' E:\phpstudy\WWW\jfsc\Application\Admin\Runtime\Cache\Home\c2f1e29f9551e0a3a58a143c9ede18e3.php 第 30 行.
NOTIC: [8] Use of undefined constant type_id - assumed 'type_id' E:\phpstudy\WWW\jfsc\Application\Admin\Runtime\Cache\Home\c2f1e29f9551e0a3a58a143c9ede18e3.php 第 30 行.
NOTIC: [8] Use of undefined constant type_id - assumed 'type_id' E:\phpstudy\WWW\jfsc\Application\Admin\Runtime\Cache\Home\c2f1e29f9551e0a3a58a143c9ede18e3.php 第 30 行.
NOTIC: [8] Undefined variable: p_Name E:\phpstudy\WWW\jfsc\Application\Admin\Runtime\Cache\Home\c2f1e29f9551e0a3a58a143c9ede18e3.php 第 93 行.
NOTIC: [8] Undefined variable: type E:\phpstudy\WWW\jfsc\Application\Admin\Runtime\Cache\Home\c2f1e29f9551e0a3a58a143c9ede18e3.php 第 93 行.
NOTIC: [8] Undefined variable: p_Name E:\phpstudy\WWW\jfsc\Application\Admin\Runtime\Cache\Home\c2f1e29f9551e0a3a58a143c9ede18e3.php 第 94 行.
NOTIC: [8] Undefined variable: type E:\phpstudy\WWW\jfsc\Application\Admin\Runtime\Cache\Home\c2f1e29f9551e0a3a58a143c9ede18e3.php 第 94 行.
NOTIC: [8] Undefined variable: p_Name E:\phpstudy\WWW\jfsc\Application\Admin\Runtime\Cache\Home\c2f1e29f9551e0a3a58a143c9ede18e3.php 第 95 行.
NOTIC: [8] Undefined variable: type E:\phpstudy\WWW\jfsc\Application\Admin\Runtime\Cache\Home\c2f1e29f9551e0a3a58a143c9ede18e3.php 第 95 行.
NOTIC: [8] Undefined variable: p_Name E:\phpstudy\WWW\jfsc\Application\Admin\Runtime\Cache\Home\c2f1e29f9551e0a3a58a143c9ede18e3.php 第 96 行.
NOTIC: [8] Undefined variable: type E:\phpstudy\WWW\jfsc\Application\Admin\Runtime\Cache\Home\c2f1e29f9551e0a3a58a143c9ede18e3.php 第 96 行.
NOTIC: [8] Undefined variable: type E:\phpstudy\WWW\jfsc\Application\Admin\Runtime\Cache\Home\c2f1e29f9551e0a3a58a143c9ede18e3.php 第 108 行.
NOTIC: [8] Undefined variable: p_Name E:\phpstudy\WWW\jfsc\Application\Admin\Runtime\Cache\Home\c2f1e29f9551e0a3a58a143c9ede18e3.php 第 109 行.
INFO: Run Behavior\ParseTemplateBehavior [ RunTime:0.074237s ]
INFO: [ view_parse ] --END-- [ RunTime:0.074307s ]
INFO: [ view_filter ] --START--
INFO: Run Behavior\WriteHtmlCacheBehavior [ RunTime:0.000395s ]
INFO: [ view_filter ] --END-- [ RunTime:0.000447s ]
INFO: [ app_end ] --START--
INFO: Run Behavior\ShowPageTraceBehavior [ RunTime:0.000526s ]
INFO: [ app_end ] --END-- [ RunTime:0.000584s ]

