[ 2017-03-10T11:27:35+08:00 ] ::1 /jfsc/admin.php
INFO: [ app_init ] --START--
INFO: Run Behavior\BuildLiteBehavior [ RunTime:0.000036s ]
INFO: [ app_init ] --END-- [ RunTime:0.000985s ]
INFO: [ app_begin ] --START--
INFO: Run Behavior\ReadHtmlCacheBehavior [ RunTime:0.007936s ]
INFO: [ app_begin ] --END-- [ RunTime:0.008044s ]

[ 2017-03-10T11:27:35+08:00 ] ::1 /jfsc/admin.php/home/login/index.html
INFO: [ app_init ] --START--
INFO: Run Behavior\BuildLiteBehavior [ RunTime:0.000016s ]
INFO: [ app_init ] --END-- [ RunTime:0.000412s ]
INFO: [ app_begin ] --START--
INFO: Run Behavior\ReadHtmlCacheBehavior [ RunTime:0.000616s ]
INFO: [ app_begin ] --END-- [ RunTime:0.000694s ]
INFO: [ view_parse ] --START--
INFO: [ template_filter ] --START--
INFO: Run Behavior\ContentReplaceBehavior [ RunTime:0.000049s ]
INFO: [ template_filter ] --END-- [ RunTime:0.000130s ]
INFO: Run Behavior\ParseTemplateBehavior [ RunTime:0.046754s ]
INFO: [ view_parse ] --END-- [ RunTime:0.046848s ]
INFO: [ view_filter ] --START--
INFO: Run Behavior\WriteHtmlCacheBehavior [ RunTime:0.018641s ]
INFO: [ view_filter ] --END-- [ RunTime:0.018722s ]
INFO: [ app_end ] --START--
INFO: Run Behavior\ShowPageTraceBehavior [ RunTime:0.004355s ]
INFO: [ app_end ] --END-- [ RunTime:0.004437s ]

[ 2017-03-10T11:27:35+08:00 ] 127.0.0.1 /jfsc/admin.php/home/login/verify.html
INFO: [ app_init ] --START--
INFO: Run Behavior\BuildLiteBehavior [ RunTime:0.000018s ]
INFO: [ app_init ] --END-- [ RunTime:0.000519s ]
INFO: [ app_begin ] --START--
INFO: Run Behavior\ReadHtmlCacheBehavior [ RunTime:0.000989s ]
INFO: [ app_begin ] --END-- [ RunTime:0.001167s ]
INFO: [ app_end ] --START--
INFO: Run Behavior\ShowPageTraceBehavior [ RunTime:0.000811s ]
INFO: [ app_end ] --END-- [ RunTime:0.000911s ]

[ 2017-03-10T11:27:43+08:00 ] ::1 /jfsc/admin.php?c=login&a=check
INFO: [ app_init ] --START--
INFO: Run Behavior\BuildLiteBehavior [ RunTime:0.000031s ]
INFO: [ app_init ] --END-- [ RunTime:0.000615s ]
INFO: [ app_begin ] --START--
INFO: Run Behavior\ReadHtmlCacheBehavior [ RunTime:0.000666s ]
INFO: [ app_begin ] --END-- [ RunTime:0.000736s ]

[ 2017-03-10T11:27:44+08:00 ] ::1 /jfsc/admin.php?c=index&a=index
INFO: [ app_init ] --START--
INFO: Run Behavior\BuildLiteBehavior [ RunTime:0.000018s ]
INFO: [ app_init ] --END-- [ RunTime:0.000403s ]
INFO: [ app_begin ] --START--
INFO: Run Behavior\ReadHtmlCacheBehavior [ RunTime:0.000694s ]
INFO: [ app_begin ] --END-- [ RunTime:0.000804s ]
INFO: [ view_parse ] --START--
INFO: [ template_filter ] --START--
INFO: Run Behavior\ContentReplaceBehavior [ RunTime:0.000122s ]
INFO: [ template_filter ] --END-- [ RunTime:0.000233s ]
INFO: Run Behavior\ParseTemplateBehavior [ RunTime:0.028577s ]
INFO: [ view_parse ] --END-- [ RunTime:0.028709s ]
INFO: [ view_filter ] --START--
INFO: Run Behavior\WriteHtmlCacheBehavior [ RunTime:0.000687s ]
INFO: [ view_filter ] --END-- [ RunTime:0.000785s ]
INFO: [ app_end ] --START--
INFO: Run Behavior\ShowPageTraceBehavior [ RunTime:0.001028s ]
INFO: [ app_end ] --END-- [ RunTime:0.001138s ]

[ 2017-03-10T11:27:45+08:00 ] ::1 /jfsc/admin.php/home/index/topnav.html
INFO: [ app_init ] --START--
INFO: Run Behavior\BuildLiteBehavior [ RunTime:0.000026s ]
INFO: [ app_init ] --END-- [ RunTime:0.000540s ]
INFO: [ app_begin ] --START--
INFO: Run Behavior\ReadHtmlCacheBehavior [ RunTime:0.000730s ]
INFO: [ app_begin ] --END-- [ RunTime:0.000846s ]
INFO: [ view_parse ] --START--
INFO: [ template_filter ] --START--
INFO: Run Behavior\ContentReplaceBehavior [ RunTime:0.000059s ]
INFO: [ template_filter ] --END-- [ RunTime:0.000141s ]
NOTIC: [8] Undefined variable: username E:\phpstudy\WWW\jfsc\Application\Admin\Runtime\Cache\Home\51ee4addad4952eec3b128f2c7b20c19.php 第 24 行.
INFO: Run Behavior\ParseTemplateBehavior [ RunTime:0.014126s ]
INFO: [ view_parse ] --END-- [ RunTime:0.014217s ]
INFO: [ view_filter ] --START--
INFO: Run Behavior\WriteHtmlCacheBehavior [ RunTime:0.000254s ]
INFO: [ view_filter ] --END-- [ RunTime:0.000310s ]
INFO: [ app_end ] --START--
INFO: Run Behavior\ShowPageTraceBehavior [ RunTime:0.000547s ]
INFO: [ app_end ] --END-- [ RunTime:0.000604s ]

[ 2017-03-10T11:27:45+08:00 ] ::1 /jfsc/admin.php/home/index/left.html
INFO: [ app_init ] --START--
INFO: Run Behavior\BuildLiteBehavior [ RunTime:0.000031s ]
INFO: [ app_init ] --END-- [ RunTime:0.000687s ]
INFO: [ app_begin ] --START--
INFO: Run Behavior\ReadHtmlCacheBehavior [ RunTime:0.000804s ]
INFO: [ app_begin ] --END-- [ RunTime:0.000947s ]
SQL: SHOW COLUMNS FROM `jf_type` [ RunTime:0.159204s ]
SQL: SELECT * FROM `jf_type` WHERE ( type_pid=0 )  [ RunTime:0.002584s ]
INFO: [ view_parse ] --START--
INFO: [ template_filter ] --START--
INFO: Run Behavior\ContentReplaceBehavior [ RunTime:0.000062s ]
INFO: [ template_filter ] --END-- [ RunTime:0.000137s ]
INFO: Run Behavior\ParseTemplateBehavior [ RunTime:0.025008s ]
INFO: [ view_parse ] --END-- [ RunTime:0.025078s ]
INFO: [ view_filter ] --START--
INFO: Run Behavior\WriteHtmlCacheBehavior [ RunTime:0.000254s ]
INFO: [ view_filter ] --END-- [ RunTime:0.000309s ]
INFO: [ app_end ] --START--
INFO: Run Behavior\ShowPageTraceBehavior [ RunTime:0.000508s ]
INFO: [ app_end ] --END-- [ RunTime:0.000564s ]

[ 2017-03-10T11:27:45+08:00 ] ::1 /jfsc/admin.php/home/index/rightt.html
INFO: [ app_init ] --START--
INFO: Run Behavior\BuildLiteBehavior [ RunTime:0.000016s ]
INFO: [ app_init ] --END-- [ RunTime:0.000562s ]
INFO: [ app_begin ] --START--
INFO: Run Behavior\ReadHtmlCacheBehavior [ RunTime:0.000626s ]
INFO: [ app_begin ] --END-- [ RunTime:0.000693s ]
INFO: [ view_parse ] --START--
INFO: [ template_filter ] --START--
INFO: Run Behavior\ContentReplaceBehavior [ RunTime:0.000045s ]
INFO: [ template_filter ] --END-- [ RunTime:0.000116s ]
NOTIC: [8] Undefined variable: username E:\phpstudy\WWW\jfsc\Application\Admin\Runtime\Cache\Home\b15ec853da18062aef952a5d39180901.php 第 30 行.
INFO: Run Behavior\ParseTemplateBehavior [ RunTime:0.025507s ]
INFO: [ view_parse ] --END-- [ RunTime:0.025585s ]
INFO: [ view_filter ] --START--
INFO: Run Behavior\WriteHtmlCacheBehavior [ RunTime:0.000358s ]
INFO: [ view_filter ] --END-- [ RunTime:0.000407s ]
INFO: [ app_end ] --START--
INFO: Run Behavior\ShowPageTraceBehavior [ RunTime:0.000603s ]
INFO: [ app_end ] --END-- [ RunTime:0.000663s ]

[ 2017-03-10T11:27:47+08:00 ] ::1 /jfsc/admin.php?c=User
INFO: [ app_init ] --START--
INFO: Run Behavior\BuildLiteBehavior [ RunTime:0.000018s ]
INFO: [ app_init ] --END-- [ RunTime:0.000428s ]
INFO: [ app_begin ] --START--
INFO: Run Behavior\ReadHtmlCacheBehavior [ RunTime:0.000636s ]
INFO: [ app_begin ] --END-- [ RunTime:0.000700s ]
NOTIC: [8] Use of undefined constant neq - assumed 'neq' E:\phpstudy\WWW\jfsc\Application\Admin\Home\Controller\UserController.class.php 第 9 行.
SQL: SHOW COLUMNS FROM `jf_user` [ RunTime:0.120500s ]
SQL: SELECT COUNT(*) AS tp_count FROM `jf_user` WHERE `user_status` <> -1 LIMIT 1   [ RunTime:0.000358s ]
NOTIC: [8] Undefined index: page E:\phpstudy\WWW\jfsc\Application\Admin\Home\Controller\CommonController.class.php 第 30 行.
SQL: SELECT * FROM `jf_user` WHERE `user_status` <> -1 ORDER BY user_id desc LIMIT 0,1   [ RunTime:0.000277s ]
SQL: SELECT COUNT(*) AS tp_count FROM `jf_user` WHERE `user_status` <> -1 LIMIT 1   [ RunTime:0.000243s ]
NOTIC: [8] Undefined index: page E:\phpstudy\WWW\jfsc\Application\Admin\Home\Controller\CommonController.class.php 第 30 行.
NOTIC: [8] Undefined index: user_name E:\phpstudy\WWW\jfsc\Application\Admin\Home\Controller\UserController.class.php 第 13 行.
INFO: [ view_parse ] --START--
INFO: [ template_filter ] --START--
INFO: Run Behavior\ContentReplaceBehavior [ RunTime:0.000080s ]
INFO: [ template_filter ] --END-- [ RunTime:0.000159s ]
NOTIC: [8] Undefined variable: status E:\phpstudy\WWW\jfsc\Application\Admin\Runtime\Cache\Home\3ec7283119d5cae6b52cd27c82ec8d34.php 第 40 行.
NOTIC: [8] Use of undefined constant user_status - assumed 'user_status' E:\phpstudy\WWW\jfsc\Application\Admin\Runtime\Cache\Home\3ec7283119d5cae6b52cd27c82ec8d34.php 第 72 行.
NOTIC: [8] Undefined variable: user_name E:\phpstudy\WWW\jfsc\Application\Admin\Runtime\Cache\Home\3ec7283119d5cae6b52cd27c82ec8d34.php 第 84 行.
NOTIC: [8] Undefined variable: user_name E:\phpstudy\WWW\jfsc\Application\Admin\Runtime\Cache\Home\3ec7283119d5cae6b52cd27c82ec8d34.php 第 85 行.
NOTIC: [8] Undefined variable: user_name E:\phpstudy\WWW\jfsc\Application\Admin\Runtime\Cache\Home\3ec7283119d5cae6b52cd27c82ec8d34.php 第 86 行.
NOTIC: [8] Undefined variable: user_name E:\phpstudy\WWW\jfsc\Application\Admin\Runtime\Cache\Home\3ec7283119d5cae6b52cd27c82ec8d34.php 第 87 行.
NOTIC: [8] Undefined variable: user_name E:\phpstudy\WWW\jfsc\Application\Admin\Runtime\Cache\Home\3ec7283119d5cae6b52cd27c82ec8d34.php 第 99 行.
INFO: Run Behavior\ParseTemplateBehavior [ RunTime:0.024981s ]
INFO: [ view_parse ] --END-- [ RunTime:0.025070s ]
INFO: [ view_filter ] --START--
INFO: Run Behavior\WriteHtmlCacheBehavior [ RunTime:0.000398s ]
INFO: [ view_filter ] --END-- [ RunTime:0.000451s ]
INFO: [ app_end ] --START--
INFO: Run Behavior\ShowPageTraceBehavior [ RunTime:0.000622s ]
INFO: [ app_end ] --END-- [ RunTime:0.000678s ]

[ 2017-03-10T11:27:49+08:00 ] ::1 /jfsc/admin.php?c=Protype
INFO: [ app_init ] --START--
INFO: Run Behavior\BuildLiteBehavior [ RunTime:0.000016s ]
INFO: [ app_init ] --END-- [ RunTime:0.000360s ]
INFO: [ app_begin ] --START--
INFO: Run Behavior\ReadHtmlCacheBehavior [ RunTime:0.000486s ]
INFO: [ app_begin ] --END-- [ RunTime:0.000553s ]
SQL: SHOW COLUMNS FROM `jf_type` [ RunTime:0.003542s ]
SQL: SELECT COUNT(*) AS tp_count FROM `jf_type` WHERE ( type_pid=0 ) LIMIT 1   [ RunTime:0.000325s ]
NOTIC: [8] Undefined index: page E:\phpstudy\WWW\jfsc\Application\Admin\Home\Controller\CommonController.class.php 第 30 行.
SQL: SELECT * FROM `jf_type` WHERE ( type_pid=0 ) ORDER BY type_sort asc LIMIT 0,5   [ RunTime:0.000296s ]
SQL: SELECT COUNT(*) AS tp_count FROM `jf_type` WHERE ( type_pid=0 ) LIMIT 1   [ RunTime:0.000210s ]
NOTIC: [8] Undefined index: page E:\phpstudy\WWW\jfsc\Application\Admin\Home\Controller\CommonController.class.php 第 30 行.
SQL: SELECT * FROM `jf_type` WHERE ( type_pid=68 )  [ RunTime:0.000229s ]
SQL: SELECT * FROM `jf_type` WHERE ( type_pid=74 )  [ RunTime:0.000212s ]
SQL: SELECT * FROM `jf_type` WHERE ( type_pid=79 )  [ RunTime:0.000199s ]
SQL: SELECT * FROM `jf_type` WHERE ( type_pid=53 )  [ RunTime:0.000212s ]
SQL: SELECT * FROM `jf_type` WHERE ( type_pid=59 )  [ RunTime:0.000202s ]
NOTIC: [8] Undefined offset: 5 E:\phpstudy\WWW\jfsc\Application\Admin\Home\Controller\ProtypeController.class.php 第 128 行.
SQL: SELECT * FROM `jf_type` WHERE ( type_pid= )  [ RunTime:0.000137s ]
ERR: 1064:You have an error in your SQL syntax; check the manual that corresponds to your MySQL server version for the right syntax to use near ')' at line 1
 [ SQL语句 ] : SELECT * FROM `jf_type` WHERE ( type_pid= ) 
INFO: [ view_parse ] --START--
INFO: [ template_filter ] --START--
INFO: Run Behavior\ContentReplaceBehavior [ RunTime:0.000071s ]
INFO: [ template_filter ] --END-- [ RunTime:0.000139s ]
NOTIC: [8] Undefined variable: username E:\phpstudy\WWW\jfsc\Application\Admin\Runtime\Cache\Home\d2316413c7d19d992170d886f262453f.php 第 85 行.
INFO: Run Behavior\ParseTemplateBehavior [ RunTime:0.032913s ]
INFO: [ view_parse ] --END-- [ RunTime:0.033005s ]
INFO: [ view_filter ] --START--
INFO: Run Behavior\WriteHtmlCacheBehavior [ RunTime:0.000253s ]
INFO: [ view_filter ] --END-- [ RunTime:0.000305s ]
INFO: [ app_end ] --START--
INFO: Run Behavior\ShowPageTraceBehavior [ RunTime:0.000802s ]
INFO: [ app_end ] --END-- [ RunTime:0.000877s ]

[ 2017-03-10T11:27:53+08:00 ] ::1 /jfsc/admin.php?c=Product&a=profenlei&id=53
INFO: [ app_init ] --START--
INFO: Run Behavior\BuildLiteBehavior [ RunTime:0.000015s ]
INFO: [ app_init ] --END-- [ RunTime:0.000365s ]
INFO: [ app_begin ] --START--
INFO: Run Behavior\ReadHtmlCacheBehavior [ RunTime:0.000479s ]
INFO: [ app_begin ] --END-- [ RunTime:0.000555s ]
SQL: SHOW COLUMNS FROM `jf_type` [ RunTime:0.003618s ]
SQL: SELECT * FROM `jf_type` WHERE ( type_id=53 )  [ RunTime:0.000262s ]
SQL: SELECT * FROM `jf_type` WHERE ( type_pid=53 )  [ RunTime:0.000220s ]
SQL: SHOW COLUMNS FROM `jf_prd` [ RunTime:0.023376s ]
SQL: SELECT COUNT(*) AS tp_count FROM `jf_prd` WHERE ( cid=53 AND status=1 ) LIMIT 1   [ RunTime:0.000507s ]
NOTIC: [8] Undefined index: page E:\phpstudy\WWW\jfsc\Application\Admin\Home\Controller\CommonController.class.php 第 30 行.
SQL: SELECT * FROM `jf_prd` WHERE ( cid=53 AND status=1 ) ORDER BY prd_id desc LIMIT 0,5   [ RunTime:0.000346s ]
SQL: SELECT COUNT(*) AS tp_count FROM `jf_prd` WHERE ( cid=53 AND status=1 ) LIMIT 1   [ RunTime:0.000209s ]
NOTIC: [8] Undefined index: page E:\phpstudy\WWW\jfsc\Application\Admin\Home\Controller\CommonController.class.php 第 30 行.
NOTIC: [8] Undefined index: type E:\phpstudy\WWW\jfsc\Application\Admin\Home\Controller\ProductController.class.php 第 17 行.
NOTIC: [8] Undefined index: p_Name E:\phpstudy\WWW\jfsc\Application\Admin\Home\Controller\ProductController.class.php 第 37 行.
NOTIC: [8] Undefined variable: typepid E:\phpstudy\WWW\jfsc\Application\Admin\Home\Controller\ProductController.class.php 第 49 行.
INFO: [ view_parse ] --START--
INFO: [ template_filter ] --START--
INFO: Run Behavior\ContentReplaceBehavior [ RunTime:0.000120s ]
INFO: [ template_filter ] --END-- [ RunTime:0.000222s ]
NOTIC: [8] Use of undefined constant type_id - assumed 'type_id' E:\phpstudy\WWW\jfsc\Application\Admin\Runtime\Cache\Home\c2f1e29f9551e0a3a58a143c9ede18e3.php 第 30 行.
NOTIC: [8] Use of undefined constant type_id - assumed 'type_id' E:\phpstudy\WWW\jfsc\Application\Admin\Runtime\Cache\Home\c2f1e29f9551e0a3a58a143c9ede18e3.php 第 30 行.
NOTIC: [8] Use of undefined constant type_id - assumed 'type_id' E:\phpstudy\WWW\jfsc\Application\Admin\Runtime\Cache\Home\c2f1e29f9551e0a3a58a143c9ede18e3.php 第 30 行.
NOTIC: [8] Undefined variable: p_Name E:\phpstudy\WWW\jfsc\Application\Admin\Runtime\Cache\Home\c2f1e29f9551e0a3a58a143c9ede18e3.php 第 93 行.
NOTIC: [8] Undefined variable: type E:\phpstudy\WWW\jfsc\Application\Admin\Runtime\Cache\Home\c2f1e29f9551e0a3a58a143c9ede18e3.php 第 93 行.
NOTIC: [8] Undefined variable: p_Name E:\phpstudy\WWW\jfsc\Application\Admin\Runtime\Cache\Home\c2f1e29f9551e0a3a58a143c9ede18e3.php 第 94 行.
NOTIC: [8] Undefined variable: type E:\phpstudy\WWW\jfsc\Application\Admin\Runtime\Cache\Home\c2f1e29f9551e0a3a58a143c9ede18e3.php 第 94 行.
NOTIC: [8] Undefined variable: p_Name E:\phpstudy\WWW\jfsc\Application\Admin\Runtime\Cache\Home\c2f1e29f9551e0a3a58a143c9ede18e3.php 第 95 行.
NOTIC: [8] Undefined variable: type E:\phpstudy\WWW\jfsc\Application\Admin\Runtime\Cache\Home\c2f1e29f9551e0a3a58a143c9ede18e3.php 第 95 行.
NOTIC: [8] Undefined variable: p_Name E:\phpstudy\WWW\jfsc\Application\Admin\Runtime\Cache\Home\c2f1e29f9551e0a3a58a143c9ede18e3.php 第 96 行.
NOTIC: [8] Undefined variable: type E:\phpstudy\WWW\jfsc\Application\Admin\Runtime\Cache\Home\c2f1e29f9551e0a3a58a143c9ede18e3.php 第 96 行.
NOTIC: [8] Undefined variable: type E:\phpstudy\WWW\jfsc\Application\Admin\Runtime\Cache\Home\c2f1e29f9551e0a3a58a143c9ede18e3.php 第 108 行.
NOTIC: [8] Undefined variable: p_Name E:\phpstudy\WWW\jfsc\Application\Admin\Runtime\Cache\Home\c2f1e29f9551e0a3a58a143c9ede18e3.php 第 109 行.
INFO: Run Behavior\ParseTemplateBehavior [ RunTime:0.027570s ]
INFO: [ view_parse ] --END-- [ RunTime:0.027643s ]
INFO: [ view_filter ] --START--
INFO: Run Behavior\WriteHtmlCacheBehavior [ RunTime:0.000287s ]
INFO: [ view_filter ] --END-- [ RunTime:0.000356s ]
INFO: [ app_end ] --START--
INFO: Run Behavior\ShowPageTraceBehavior [ RunTime:0.000637s ]
INFO: [ app_end ] --END-- [ RunTime:0.000714s ]

[ 2017-03-10T11:27:54+08:00 ] ::1 /jfsc/admin.php?c=product&a=add
INFO: [ app_init ] --START--
INFO: Run Behavior\BuildLiteBehavior [ RunTime:0.000017s ]
INFO: [ app_init ] --END-- [ RunTime:0.000365s ]
INFO: [ app_begin ] --START--
INFO: Run Behavior\ReadHtmlCacheBehavior [ RunTime:0.000471s ]
INFO: [ app_begin ] --END-- [ RunTime:0.000530s ]
SQL: SHOW COLUMNS FROM `jf_type` [ RunTime:0.003484s ]
SQL: SELECT * FROM `jf_type` WHERE ( type_pid=0 )  [ RunTime:0.000280s ]
SQL: SELECT * FROM `jf_type` WHERE ( type_pid=53 )  [ RunTime:0.000253s ]
SQL: SELECT * FROM `jf_type` WHERE ( type_pid=59 )  [ RunTime:0.000225s ]
SQL: SELECT * FROM `jf_type` WHERE ( type_pid=68 )  [ RunTime:0.000234s ]
SQL: SELECT * FROM `jf_type` WHERE ( type_pid=74 )  [ RunTime:0.000203s ]
SQL: SELECT * FROM `jf_type` WHERE ( type_pid=79 )  [ RunTime:0.000198s ]
NOTIC: [8] Undefined offset: 5 E:\phpstudy\WWW\jfsc\Application\Admin\Home\Controller\ProtypeController.class.php 第 128 行.
SQL: SELECT * FROM `jf_type` WHERE ( type_pid= )  [ RunTime:0.000130s ]
ERR: 1064:You have an error in your SQL syntax; check the manual that corresponds to your MySQL server version for the right syntax to use near ')' at line 1
 [ SQL语句 ] : SELECT * FROM `jf_type` WHERE ( type_pid= ) 
INFO: [ view_parse ] --START--
INFO: [ template_filter ] --START--
INFO: Run Behavior\ContentReplaceBehavior [ RunTime:0.000124s ]
INFO: [ template_filter ] --END-- [ RunTime:0.000223s ]
INFO: Run Behavior\ParseTemplateBehavior [ RunTime:0.028929s ]
INFO: [ view_parse ] --END-- [ RunTime:0.029023s ]
INFO: [ view_filter ] --START--
INFO: Run Behavior\WriteHtmlCacheBehavior [ RunTime:0.000315s ]
INFO: [ view_filter ] --END-- [ RunTime:0.000408s ]
INFO: [ app_end ] --START--
INFO: Run Behavior\ShowPageTraceBehavior [ RunTime:0.000775s ]
INFO: [ app_end ] --END-- [ RunTime:0.000881s ]

[ 2017-03-10T11:27:57+08:00 ] ::1 /jfsc/admin.php?c=Protype
INFO: [ app_init ] --START--
INFO: Run Behavior\BuildLiteBehavior [ RunTime:0.000024s ]
INFO: [ app_init ] --END-- [ RunTime:0.000342s ]
INFO: [ app_begin ] --START--
INFO: Run Behavior\ReadHtmlCacheBehavior [ RunTime:0.000634s ]
INFO: [ app_begin ] --END-- [ RunTime:0.000719s ]
SQL: SHOW COLUMNS FROM `jf_type` [ RunTime:0.003504s ]
SQL: SELECT COUNT(*) AS tp_count FROM `jf_type` WHERE ( type_pid=0 ) LIMIT 1   [ RunTime:0.000236s ]
NOTIC: [8] Undefined index: page E:\phpstudy\WWW\jfsc\Application\Admin\Home\Controller\CommonController.class.php 第 30 行.
SQL: SELECT * FROM `jf_type` WHERE ( type_pid=0 ) ORDER BY type_sort asc LIMIT 0,5   [ RunTime:0.000226s ]
SQL: SELECT COUNT(*) AS tp_count FROM `jf_type` WHERE ( type_pid=0 ) LIMIT 1   [ RunTime:0.000173s ]
NOTIC: [8] Undefined index: page E:\phpstudy\WWW\jfsc\Application\Admin\Home\Controller\CommonController.class.php 第 30 行.
SQL: SELECT * FROM `jf_type` WHERE ( type_pid=68 )  [ RunTime:0.000319s ]
SQL: SELECT * FROM `jf_type` WHERE ( type_pid=74 )  [ RunTime:0.000244s ]
SQL: SELECT * FROM `jf_type` WHERE ( type_pid=79 )  [ RunTime:0.000311s ]
SQL: SELECT * FROM `jf_type` WHERE ( type_pid=53 )  [ RunTime:0.000267s ]
SQL: SELECT * FROM `jf_type` WHERE ( type_pid=59 )  [ RunTime:0.000245s ]
NOTIC: [8] Undefined offset: 5 E:\phpstudy\WWW\jfsc\Application\Admin\Home\Controller\ProtypeController.class.php 第 128 行.
SQL: SELECT * FROM `jf_type` WHERE ( type_pid= )  [ RunTime:0.000159s ]
ERR: 1064:You have an error in your SQL syntax; check the manual that corresponds to your MySQL server version for the right syntax to use near ')' at line 1
 [ SQL语句 ] : SELECT * FROM `jf_type` WHERE ( type_pid= ) 
INFO: [ view_parse ] --START--
INFO: [ template_filter ] --START--
INFO: Run Behavior\ContentReplaceBehavior [ RunTime:0.000075s ]
INFO: [ template_filter ] --END-- [ RunTime:0.000159s ]
NOTIC: [8] Undefined variable: username E:\phpstudy\WWW\jfsc\Application\Admin\Runtime\Cache\Home\d2316413c7d19d992170d886f262453f.php 第 85 行.
INFO: Run Behavior\ParseTemplateBehavior [ RunTime:0.010603s ]
INFO: [ view_parse ] --END-- [ RunTime:0.010671s ]
INFO: [ view_filter ] --START--
INFO: Run Behavior\WriteHtmlCacheBehavior [ RunTime:0.000470s ]
INFO: [ view_filter ] --END-- [ RunTime:0.000524s ]
INFO: [ app_end ] --START--
INFO: Run Behavior\ShowPageTraceBehavior [ RunTime:0.000693s ]
INFO: [ app_end ] --END-- [ RunTime:0.000799s ]

[ 2017-03-10T11:34:13+08:00 ] ::1 /jfsc/admin.php?c=login&a=loginout
INFO: [ app_init ] --START--
INFO: Run Behavior\BuildLiteBehavior [ RunTime:0.000029s ]
INFO: [ app_init ] --END-- [ RunTime:0.000545s ]
INFO: [ app_begin ] --START--
INFO: Run Behavior\ReadHtmlCacheBehavior [ RunTime:0.000975s ]
INFO: [ app_begin ] --END-- [ RunTime:0.001114s ]

[ 2017-03-10T11:34:13+08:00 ] ::1 /jfsc/admin.php/home/index/index.html
INFO: [ app_init ] --START--
INFO: Run Behavior\BuildLiteBehavior [ RunTime:0.000018s ]
INFO: [ app_init ] --END-- [ RunTime:0.000447s ]
INFO: [ app_begin ] --START--
INFO: Run Behavior\ReadHtmlCacheBehavior [ RunTime:0.000454s ]
INFO: [ app_begin ] --END-- [ RunTime:0.000517s ]

[ 2017-03-10T11:34:13+08:00 ] ::1 /jfsc/admin.php/home/login/index.html
INFO: [ app_init ] --START--
INFO: Run Behavior\BuildLiteBehavior [ RunTime:0.000015s ]
INFO: [ app_init ] --END-- [ RunTime:0.000346s ]
INFO: [ app_begin ] --START--
INFO: Run Behavior\ReadHtmlCacheBehavior [ RunTime:0.000493s ]
INFO: [ app_begin ] --END-- [ RunTime:0.000551s ]
INFO: [ view_parse ] --START--
INFO: [ template_filter ] --START--
INFO: Run Behavior\ContentReplaceBehavior [ RunTime:0.000042s ]
INFO: [ template_filter ] --END-- [ RunTime:0.000100s ]
INFO: Run Behavior\ParseTemplateBehavior [ RunTime:0.005685s ]
INFO: [ view_parse ] --END-- [ RunTime:0.005742s ]
INFO: [ view_filter ] --START--
INFO: Run Behavior\WriteHtmlCacheBehavior [ RunTime:0.000345s ]
INFO: [ view_filter ] --END-- [ RunTime:0.000395s ]
INFO: [ app_end ] --START--
INFO: Run Behavior\ShowPageTraceBehavior [ RunTime:0.000595s ]
INFO: [ app_end ] --END-- [ RunTime:0.000649s ]

[ 2017-03-10T11:34:14+08:00 ] ::1 /jfsc/admin.php/home/login/verify.html
INFO: [ app_init ] --START--
INFO: Run Behavior\BuildLiteBehavior [ RunTime:0.000025s ]
INFO: [ app_init ] --END-- [ RunTime:0.000508s ]
INFO: [ app_begin ] --START--
INFO: Run Behavior\ReadHtmlCacheBehavior [ RunTime:0.000559s ]
INFO: [ app_begin ] --END-- [ RunTime:0.000656s ]
INFO: [ app_end ] --START--
INFO: Run Behavior\ShowPageTraceBehavior [ RunTime:0.000891s ]
INFO: [ app_end ] --END-- [ RunTime:0.001057s ]

