[ 2017-03-12T22:20:58+08:00 ] ::1 /jfsc/admin.php
INFO: [ app_init ] --START--
INFO: Run Behavior\BuildLiteBehavior [ RunTime:0.000021s ]
INFO: [ app_init ] --END-- [ RunTime:0.000731s ]
INFO: [ app_begin ] --START--
INFO: Run Behavior\ReadHtmlCacheBehavior [ RunTime:0.008180s ]
INFO: [ app_begin ] --END-- [ RunTime:0.008282s ]

[ 2017-03-12T22:20:58+08:00 ] ::1 /jfsc/admin.php/home/login/index.html
INFO: [ app_init ] --START--
INFO: Run Behavior\BuildLiteBehavior [ RunTime:0.000017s ]
INFO: [ app_init ] --END-- [ RunTime:0.000338s ]
INFO: [ app_begin ] --START--
INFO: Run Behavior\ReadHtmlCacheBehavior [ RunTime:0.000436s ]
INFO: [ app_begin ] --END-- [ RunTime:0.000514s ]
INFO: [ view_parse ] --START--
INFO: [ template_filter ] --START--
INFO: Run Behavior\ContentReplaceBehavior [ RunTime:0.000046s ]
INFO: [ template_filter ] --END-- [ RunTime:0.000122s ]
INFO: Run Behavior\ParseTemplateBehavior [ RunTime:0.189916s ]
INFO: [ view_parse ] --END-- [ RunTime:0.190008s ]
INFO: [ view_filter ] --START--
INFO: Run Behavior\WriteHtmlCacheBehavior [ RunTime:0.001246s ]
INFO: [ view_filter ] --END-- [ RunTime:0.001304s ]
INFO: [ app_end ] --START--
INFO: Run Behavior\ShowPageTraceBehavior [ RunTime:0.011586s ]
INFO: [ app_end ] --END-- [ RunTime:0.011642s ]

[ 2017-03-12T22:20:59+08:00 ] ::1 /jfsc/admin.php/home/login/verify.html
INFO: [ app_init ] --START--
INFO: Run Behavior\BuildLiteBehavior [ RunTime:0.000017s ]
INFO: [ app_init ] --END-- [ RunTime:0.000417s ]
INFO: [ app_begin ] --START--
INFO: Run Behavior\ReadHtmlCacheBehavior [ RunTime:0.000466s ]
INFO: [ app_begin ] --END-- [ RunTime:0.000528s ]
INFO: [ app_end ] --START--
INFO: Run Behavior\ShowPageTraceBehavior [ RunTime:0.000709s ]
INFO: [ app_end ] --END-- [ RunTime:0.000802s ]

[ 2017-03-12T22:22:49+08:00 ] ::1 /jfsc/admin.php
INFO: [ app_init ] --START--
INFO: Run Behavior\BuildLiteBehavior [ RunTime:0.000016s ]
INFO: [ app_init ] --END-- [ RunTime:0.000328s ]
INFO: [ app_begin ] --START--
INFO: Run Behavior\ReadHtmlCacheBehavior [ RunTime:0.000453s ]
INFO: [ app_begin ] --END-- [ RunTime:0.000511s ]

[ 2017-03-12T22:22:49+08:00 ] ::1 /jfsc/admin.php/home/login/index.html
INFO: [ app_init ] --START--
INFO: Run Behavior\BuildLiteBehavior [ RunTime:0.000027s ]
INFO: [ app_init ] --END-- [ RunTime:0.000359s ]
INFO: [ app_begin ] --START--
INFO: Run Behavior\ReadHtmlCacheBehavior [ RunTime:0.000472s ]
INFO: [ app_begin ] --END-- [ RunTime:0.000530s ]
INFO: [ view_parse ] --START--
INFO: [ template_filter ] --START--
INFO: Run Behavior\ContentReplaceBehavior [ RunTime:0.000042s ]
INFO: [ template_filter ] --END-- [ RunTime:0.000097s ]
INFO: Run Behavior\ParseTemplateBehavior [ RunTime:0.004707s ]
INFO: [ view_parse ] --END-- [ RunTime:0.004761s ]
INFO: [ view_filter ] --START--
INFO: Run Behavior\WriteHtmlCacheBehavior [ RunTime:0.000224s ]
INFO: [ view_filter ] --END-- [ RunTime:0.000293s ]
INFO: [ app_end ] --START--
INFO: Run Behavior\ShowPageTraceBehavior [ RunTime:0.000440s ]
INFO: [ app_end ] --END-- [ RunTime:0.000490s ]

[ 2017-03-12T22:22:49+08:00 ] ::1 /jfsc/admin.php/home/login/verify.html
INFO: [ app_init ] --START--
INFO: Run Behavior\BuildLiteBehavior [ RunTime:0.000028s ]
INFO: [ app_init ] --END-- [ RunTime:0.000578s ]
INFO: [ app_begin ] --START--
INFO: Run Behavior\ReadHtmlCacheBehavior [ RunTime:0.000743s ]
INFO: [ app_begin ] --END-- [ RunTime:0.000851s ]
INFO: [ app_end ] --START--
INFO: Run Behavior\ShowPageTraceBehavior [ RunTime:0.000674s ]
INFO: [ app_end ] --END-- [ RunTime:0.000759s ]

[ 2017-03-12T22:22:58+08:00 ] ::1 /jfsc/admin.php?c=login&a=check
INFO: [ app_init ] --START--
INFO: Run Behavior\BuildLiteBehavior [ RunTime:0.000017s ]
INFO: [ app_init ] --END-- [ RunTime:0.000411s ]
INFO: [ app_begin ] --START--
INFO: Run Behavior\ReadHtmlCacheBehavior [ RunTime:0.000637s ]
INFO: [ app_begin ] --END-- [ RunTime:0.000692s ]

[ 2017-03-12T22:22:59+08:00 ] ::1 /jfsc/admin.php?c=index&a=index
INFO: [ app_init ] --START--
INFO: Run Behavior\BuildLiteBehavior [ RunTime:0.000017s ]
INFO: [ app_init ] --END-- [ RunTime:0.000368s ]
INFO: [ app_begin ] --START--
INFO: Run Behavior\ReadHtmlCacheBehavior [ RunTime:0.000490s ]
INFO: [ app_begin ] --END-- [ RunTime:0.000570s ]
INFO: [ view_parse ] --START--
INFO: [ template_filter ] --START--
INFO: Run Behavior\ContentReplaceBehavior [ RunTime:0.000043s ]
INFO: [ template_filter ] --END-- [ RunTime:0.000126s ]
INFO: Run Behavior\ParseTemplateBehavior [ RunTime:0.028228s ]
INFO: [ view_parse ] --END-- [ RunTime:0.028322s ]
INFO: [ view_filter ] --START--
INFO: Run Behavior\WriteHtmlCacheBehavior [ RunTime:0.000403s ]
INFO: [ view_filter ] --END-- [ RunTime:0.000457s ]
INFO: [ app_end ] --START--
INFO: Run Behavior\ShowPageTraceBehavior [ RunTime:0.000626s ]
INFO: [ app_end ] --END-- [ RunTime:0.000683s ]

[ 2017-03-12T22:22:59+08:00 ] ::1 /jfsc/admin.php/home/index/topnav.html
INFO: [ app_init ] --START--
INFO: Run Behavior\BuildLiteBehavior [ RunTime:0.000017s ]
INFO: [ app_init ] --END-- [ RunTime:0.000475s ]
INFO: [ app_begin ] --START--
INFO: Run Behavior\ReadHtmlCacheBehavior [ RunTime:0.000467s ]
INFO: [ app_begin ] --END-- [ RunTime:0.000525s ]
INFO: [ view_parse ] --START--
INFO: [ template_filter ] --START--
INFO: Run Behavior\ContentReplaceBehavior [ RunTime:0.000048s ]
INFO: [ template_filter ] --END-- [ RunTime:0.000116s ]
NOTIC: [8] Undefined variable: username E:\phpstudy\WWW\jfsc\Application\Admin\Runtime\Cache\Home\51ee4addad4952eec3b128f2c7b20c19.php 第 24 行.
INFO: Run Behavior\ParseTemplateBehavior [ RunTime:0.013632s ]
INFO: [ view_parse ] --END-- [ RunTime:0.013717s ]
INFO: [ view_filter ] --START--
INFO: Run Behavior\WriteHtmlCacheBehavior [ RunTime:0.000240s ]
INFO: [ view_filter ] --END-- [ RunTime:0.000290s ]
INFO: [ app_end ] --START--
INFO: Run Behavior\ShowPageTraceBehavior [ RunTime:0.000483s ]
INFO: [ app_end ] --END-- [ RunTime:0.000539s ]

[ 2017-03-12T22:23:00+08:00 ] ::1 /jfsc/admin.php/home/index/left.html
INFO: [ app_init ] --START--
INFO: Run Behavior\BuildLiteBehavior [ RunTime:0.000016s ]
INFO: [ app_init ] --END-- [ RunTime:0.000414s ]
INFO: [ app_begin ] --START--
INFO: Run Behavior\ReadHtmlCacheBehavior [ RunTime:0.000964s ]
INFO: [ app_begin ] --END-- [ RunTime:0.001087s ]
SQL: SHOW COLUMNS FROM `jf_type` [ RunTime:0.006719s ]
SQL: SELECT * FROM `jf_type` WHERE ( type_pid=0 )  [ RunTime:0.000644s ]
INFO: [ view_parse ] --START--
INFO: [ template_filter ] --START--
INFO: Run Behavior\ContentReplaceBehavior [ RunTime:0.000060s ]
INFO: [ template_filter ] --END-- [ RunTime:0.000153s ]
INFO: Run Behavior\ParseTemplateBehavior [ RunTime:0.030328s ]
INFO: [ view_parse ] --END-- [ RunTime:0.030505s ]
INFO: [ view_filter ] --START--
INFO: Run Behavior\WriteHtmlCacheBehavior [ RunTime:0.000343s ]
INFO: [ view_filter ] --END-- [ RunTime:0.000395s ]
INFO: [ app_end ] --START--
INFO: Run Behavior\ShowPageTraceBehavior [ RunTime:0.000690s ]
INFO: [ app_end ] --END-- [ RunTime:0.000746s ]

[ 2017-03-12T22:23:00+08:00 ] ::1 /jfsc/admin.php/home/index/rightt.html
INFO: [ app_init ] --START--
INFO: Run Behavior\BuildLiteBehavior [ RunTime:0.000018s ]
INFO: [ app_init ] --END-- [ RunTime:0.000466s ]
INFO: [ app_begin ] --START--
INFO: Run Behavior\ReadHtmlCacheBehavior [ RunTime:0.000643s ]
INFO: [ app_begin ] --END-- [ RunTime:0.000727s ]
INFO: [ view_parse ] --START--
INFO: [ template_filter ] --START--
INFO: Run Behavior\ContentReplaceBehavior [ RunTime:0.000047s ]
INFO: [ template_filter ] --END-- [ RunTime:0.000123s ]
NOTIC: [8] Undefined variable: username E:\phpstudy\WWW\jfsc\Application\Admin\Runtime\Cache\Home\b15ec853da18062aef952a5d39180901.php 第 30 行.
INFO: Run Behavior\ParseTemplateBehavior [ RunTime:0.100670s ]
INFO: [ view_parse ] --END-- [ RunTime:0.100985s ]
INFO: [ view_filter ] --START--
INFO: Run Behavior\WriteHtmlCacheBehavior [ RunTime:0.000790s ]
INFO: [ view_filter ] --END-- [ RunTime:0.001319s ]
INFO: [ app_end ] --START--
INFO: Run Behavior\ShowPageTraceBehavior [ RunTime:0.000923s ]
INFO: [ app_end ] --END-- [ RunTime:0.001018s ]

[ 2017-03-12T22:23:02+08:00 ] ::1 /jfsc/admin.php?c=User
INFO: [ app_init ] --START--
INFO: Run Behavior\BuildLiteBehavior [ RunTime:0.000017s ]
INFO: [ app_init ] --END-- [ RunTime:0.000347s ]
INFO: [ app_begin ] --START--
INFO: Run Behavior\ReadHtmlCacheBehavior [ RunTime:0.000454s ]
INFO: [ app_begin ] --END-- [ RunTime:0.000515s ]
NOTIC: [8] Use of undefined constant neq - assumed 'neq' E:\phpstudy\WWW\jfsc\Application\Admin\Home\Controller\UserController.class.php 第 9 行.
SQL: SHOW COLUMNS FROM `jf_user` [ RunTime:0.004144s ]
SQL: SELECT COUNT(*) AS tp_count FROM `jf_user` WHERE `user_status` <> -1 LIMIT 1   [ RunTime:0.000268s ]
NOTIC: [8] Undefined index: page E:\phpstudy\WWW\jfsc\Application\Admin\Home\Controller\CommonController.class.php 第 30 行.
SQL: SELECT * FROM `jf_user` WHERE `user_status` <> -1 ORDER BY user_id desc LIMIT 0,1   [ RunTime:0.000291s ]
SQL: SELECT COUNT(*) AS tp_count FROM `jf_user` WHERE `user_status` <> -1 LIMIT 1   [ RunTime:0.000189s ]
NOTIC: [8] Undefined index: page E:\phpstudy\WWW\jfsc\Application\Admin\Home\Controller\CommonController.class.php 第 30 行.
NOTIC: [8] Undefined index: user_name E:\phpstudy\WWW\jfsc\Application\Admin\Home\Controller\UserController.class.php 第 13 行.
INFO: [ view_parse ] --START--
INFO: [ template_filter ] --START--
INFO: Run Behavior\ContentReplaceBehavior [ RunTime:0.000096s ]
INFO: [ template_filter ] --END-- [ RunTime:0.000191s ]
NOTIC: [8] Undefined variable: status E:\phpstudy\WWW\jfsc\Application\Admin\Runtime\Cache\Home\3ec7283119d5cae6b52cd27c82ec8d34.php 第 40 行.
NOTIC: [8] Use of undefined constant user_status - assumed 'user_status' E:\phpstudy\WWW\jfsc\Application\Admin\Runtime\Cache\Home\3ec7283119d5cae6b52cd27c82ec8d34.php 第 72 行.
NOTIC: [8] Undefined variable: user_name E:\phpstudy\WWW\jfsc\Application\Admin\Runtime\Cache\Home\3ec7283119d5cae6b52cd27c82ec8d34.php 第 84 行.
NOTIC: [8] Undefined variable: user_name E:\phpstudy\WWW\jfsc\Application\Admin\Runtime\Cache\Home\3ec7283119d5cae6b52cd27c82ec8d34.php 第 85 行.
NOTIC: [8] Undefined variable: user_name E:\phpstudy\WWW\jfsc\Application\Admin\Runtime\Cache\Home\3ec7283119d5cae6b52cd27c82ec8d34.php 第 86 行.
NOTIC: [8] Undefined variable: user_name E:\phpstudy\WWW\jfsc\Application\Admin\Runtime\Cache\Home\3ec7283119d5cae6b52cd27c82ec8d34.php 第 87 行.
NOTIC: [8] Undefined variable: user_name E:\phpstudy\WWW\jfsc\Application\Admin\Runtime\Cache\Home\3ec7283119d5cae6b52cd27c82ec8d34.php 第 99 行.
INFO: Run Behavior\ParseTemplateBehavior [ RunTime:0.008991s ]
INFO: [ view_parse ] --END-- [ RunTime:0.009068s ]
INFO: [ view_filter ] --START--
INFO: Run Behavior\WriteHtmlCacheBehavior [ RunTime:0.000213s ]
INFO: [ view_filter ] --END-- [ RunTime:0.000262s ]
INFO: [ app_end ] --START--
INFO: Run Behavior\ShowPageTraceBehavior [ RunTime:0.000455s ]
INFO: [ app_end ] --END-- [ RunTime:0.000506s ]

[ 2017-03-12T22:23:03+08:00 ] ::1 /jfsc/admin.php?c=Protype
INFO: [ app_init ] --START--
INFO: Run Behavior\BuildLiteBehavior [ RunTime:0.000017s ]
INFO: [ app_init ] --END-- [ RunTime:0.000403s ]
INFO: [ app_begin ] --START--
INFO: Run Behavior\ReadHtmlCacheBehavior [ RunTime:0.000526s ]
INFO: [ app_begin ] --END-- [ RunTime:0.000599s ]
SQL: SHOW COLUMNS FROM `jf_type` [ RunTime:0.180453s ]
SQL: SELECT COUNT(*) AS tp_count FROM `jf_type` WHERE ( type_pid=0 ) LIMIT 1   [ RunTime:0.000313s ]
NOTIC: [8] Undefined index: page E:\phpstudy\WWW\jfsc\Application\Admin\Home\Controller\CommonController.class.php 第 30 行.
SQL: SELECT * FROM `jf_type` WHERE ( type_pid=0 ) ORDER BY type_sort asc LIMIT 0,5   [ RunTime:0.000277s ]
SQL: SELECT COUNT(*) AS tp_count FROM `jf_type` WHERE ( type_pid=0 ) LIMIT 1   [ RunTime:0.000216s ]
NOTIC: [8] Undefined index: page E:\phpstudy\WWW\jfsc\Application\Admin\Home\Controller\CommonController.class.php 第 30 行.
SQL: SELECT * FROM `jf_type` WHERE ( type_pid=68 )  [ RunTime:0.000262s ]
SQL: SELECT * FROM `jf_type` WHERE ( type_pid=74 )  [ RunTime:0.000253s ]
SQL: SELECT * FROM `jf_type` WHERE ( type_pid=79 )  [ RunTime:0.000240s ]
SQL: SELECT * FROM `jf_type` WHERE ( type_pid=53 )  [ RunTime:0.000234s ]
SQL: SELECT * FROM `jf_type` WHERE ( type_pid=59 )  [ RunTime:0.000244s ]
NOTIC: [8] Undefined offset: 5 E:\phpstudy\WWW\jfsc\Application\Admin\Home\Controller\ProtypeController.class.php 第 128 行.
SQL: SELECT * FROM `jf_type` WHERE ( type_pid= )  [ RunTime:0.000154s ]
ERR: 1064:You have an error in your SQL syntax; check the manual that corresponds to your MySQL server version for the right syntax to use near ')' at line 1
 [ SQL语句 ] : SELECT * FROM `jf_type` WHERE ( type_pid= ) 
INFO: [ view_parse ] --START--
INFO: [ template_filter ] --START--
INFO: Run Behavior\ContentReplaceBehavior [ RunTime:0.000070s ]
INFO: [ template_filter ] --END-- [ RunTime:0.000137s ]
NOTIC: [8] Undefined variable: username E:\phpstudy\WWW\jfsc\Application\Admin\Runtime\Cache\Home\d2316413c7d19d992170d886f262453f.php 第 85 行.
INFO: Run Behavior\ParseTemplateBehavior [ RunTime:0.059557s ]
INFO: [ view_parse ] --END-- [ RunTime:0.059657s ]
INFO: [ view_filter ] --START--
INFO: Run Behavior\WriteHtmlCacheBehavior [ RunTime:0.000248s ]
INFO: [ view_filter ] --END-- [ RunTime:0.000303s ]
INFO: [ app_end ] --START--
INFO: Run Behavior\ShowPageTraceBehavior [ RunTime:0.000699s ]
INFO: [ app_end ] --END-- [ RunTime:0.000789s ]

[ 2017-03-12T22:23:04+08:00 ] ::1 /jfsc/admin.php?c=User
INFO: [ app_init ] --START--
INFO: Run Behavior\BuildLiteBehavior [ RunTime:0.000018s ]
INFO: [ app_init ] --END-- [ RunTime:0.000379s ]
INFO: [ app_begin ] --START--
INFO: Run Behavior\ReadHtmlCacheBehavior [ RunTime:0.000424s ]
INFO: [ app_begin ] --END-- [ RunTime:0.000481s ]
NOTIC: [8] Use of undefined constant neq - assumed 'neq' E:\phpstudy\WWW\jfsc\Application\Admin\Home\Controller\UserController.class.php 第 9 行.
SQL: SHOW COLUMNS FROM `jf_user` [ RunTime:0.004200s ]
SQL: SELECT COUNT(*) AS tp_count FROM `jf_user` WHERE `user_status` <> -1 LIMIT 1   [ RunTime:0.000305s ]
NOTIC: [8] Undefined index: page E:\phpstudy\WWW\jfsc\Application\Admin\Home\Controller\CommonController.class.php 第 30 行.
SQL: SELECT * FROM `jf_user` WHERE `user_status` <> -1 ORDER BY user_id desc LIMIT 0,1   [ RunTime:0.000291s ]
SQL: SELECT COUNT(*) AS tp_count FROM `jf_user` WHERE `user_status` <> -1 LIMIT 1   [ RunTime:0.000186s ]
NOTIC: [8] Undefined index: page E:\phpstudy\WWW\jfsc\Application\Admin\Home\Controller\CommonController.class.php 第 30 行.
NOTIC: [8] Undefined index: user_name E:\phpstudy\WWW\jfsc\Application\Admin\Home\Controller\UserController.class.php 第 13 行.
INFO: [ view_parse ] --START--
INFO: [ template_filter ] --START--
INFO: Run Behavior\ContentReplaceBehavior [ RunTime:0.000081s ]
INFO: [ template_filter ] --END-- [ RunTime:0.000150s ]
NOTIC: [8] Undefined variable: status E:\phpstudy\WWW\jfsc\Application\Admin\Runtime\Cache\Home\3ec7283119d5cae6b52cd27c82ec8d34.php 第 40 行.
NOTIC: [8] Use of undefined constant user_status - assumed 'user_status' E:\phpstudy\WWW\jfsc\Application\Admin\Runtime\Cache\Home\3ec7283119d5cae6b52cd27c82ec8d34.php 第 72 行.
NOTIC: [8] Undefined variable: user_name E:\phpstudy\WWW\jfsc\Application\Admin\Runtime\Cache\Home\3ec7283119d5cae6b52cd27c82ec8d34.php 第 84 行.
NOTIC: [8] Undefined variable: user_name E:\phpstudy\WWW\jfsc\Application\Admin\Runtime\Cache\Home\3ec7283119d5cae6b52cd27c82ec8d34.php 第 85 行.
NOTIC: [8] Undefined variable: user_name E:\phpstudy\WWW\jfsc\Application\Admin\Runtime\Cache\Home\3ec7283119d5cae6b52cd27c82ec8d34.php 第 86 行.
NOTIC: [8] Undefined variable: user_name E:\phpstudy\WWW\jfsc\Application\Admin\Runtime\Cache\Home\3ec7283119d5cae6b52cd27c82ec8d34.php 第 87 行.
NOTIC: [8] Undefined variable: user_name E:\phpstudy\WWW\jfsc\Application\Admin\Runtime\Cache\Home\3ec7283119d5cae6b52cd27c82ec8d34.php 第 99 行.
INFO: Run Behavior\ParseTemplateBehavior [ RunTime:0.008227s ]
INFO: [ view_parse ] --END-- [ RunTime:0.008289s ]
INFO: [ view_filter ] --START--
INFO: Run Behavior\WriteHtmlCacheBehavior [ RunTime:0.000232s ]
INFO: [ view_filter ] --END-- [ RunTime:0.000291s ]
INFO: [ app_end ] --START--
INFO: Run Behavior\ShowPageTraceBehavior [ RunTime:0.000469s ]
INFO: [ app_end ] --END-- [ RunTime:0.000521s ]

[ 2017-03-12T22:23:53+08:00 ] ::1 /jfsc/admin.php?c=Protype
INFO: [ app_init ] --START--
INFO: Run Behavior\BuildLiteBehavior [ RunTime:0.000018s ]
INFO: [ app_init ] --END-- [ RunTime:0.000351s ]
INFO: [ app_begin ] --START--
INFO: Run Behavior\ReadHtmlCacheBehavior [ RunTime:0.000454s ]
INFO: [ app_begin ] --END-- [ RunTime:0.000516s ]
SQL: SHOW COLUMNS FROM `jf_type` [ RunTime:0.003592s ]
SQL: SELECT COUNT(*) AS tp_count FROM `jf_type` WHERE ( type_pid=0 ) LIMIT 1   [ RunTime:0.000278s ]
NOTIC: [8] Undefined index: page E:\phpstudy\WWW\jfsc\Application\Admin\Home\Controller\CommonController.class.php 第 30 行.
SQL: SELECT * FROM `jf_type` WHERE ( type_pid=0 ) ORDER BY type_sort asc LIMIT 0,5   [ RunTime:0.000262s ]
SQL: SELECT COUNT(*) AS tp_count FROM `jf_type` WHERE ( type_pid=0 ) LIMIT 1   [ RunTime:0.000219s ]
NOTIC: [8] Undefined index: page E:\phpstudy\WWW\jfsc\Application\Admin\Home\Controller\CommonController.class.php 第 30 行.
SQL: SELECT * FROM `jf_type` WHERE ( type_pid=68 )  [ RunTime:0.000243s ]
SQL: SELECT * FROM `jf_type` WHERE ( type_pid=74 )  [ RunTime:0.000233s ]
SQL: SELECT * FROM `jf_type` WHERE ( type_pid=79 )  [ RunTime:0.000244s ]
SQL: SELECT * FROM `jf_type` WHERE ( type_pid=53 )  [ RunTime:0.000237s ]
SQL: SELECT * FROM `jf_type` WHERE ( type_pid=59 )  [ RunTime:0.000241s ]
NOTIC: [8] Undefined offset: 5 E:\phpstudy\WWW\jfsc\Application\Admin\Home\Controller\ProtypeController.class.php 第 128 行.
SQL: SELECT * FROM `jf_type` WHERE ( type_pid= )  [ RunTime:0.000132s ]
ERR: 1064:You have an error in your SQL syntax; check the manual that corresponds to your MySQL server version for the right syntax to use near ')' at line 1
 [ SQL语句 ] : SELECT * FROM `jf_type` WHERE ( type_pid= ) 
INFO: [ view_parse ] --START--
INFO: [ template_filter ] --START--
INFO: Run Behavior\ContentReplaceBehavior [ RunTime:0.000071s ]
INFO: [ template_filter ] --END-- [ RunTime:0.000131s ]
NOTIC: [8] Undefined variable: username E:\phpstudy\WWW\jfsc\Application\Admin\Runtime\Cache\Home\d2316413c7d19d992170d886f262453f.php 第 85 行.
INFO: Run Behavior\ParseTemplateBehavior [ RunTime:0.009031s ]
INFO: [ view_parse ] --END-- [ RunTime:0.009096s ]
INFO: [ view_filter ] --START--
INFO: Run Behavior\WriteHtmlCacheBehavior [ RunTime:0.000232s ]
INFO: [ view_filter ] --END-- [ RunTime:0.000282s ]
INFO: [ app_end ] --START--
INFO: Run Behavior\ShowPageTraceBehavior [ RunTime:0.000492s ]
INFO: [ app_end ] --END-- [ RunTime:0.000552s ]

[ 2017-03-12T22:23:58+08:00 ] ::1 /jfsc/admin.php?c=Product&a=profenlei&id=53
INFO: [ app_init ] --START--
INFO: Run Behavior\BuildLiteBehavior [ RunTime:0.000016s ]
INFO: [ app_init ] --END-- [ RunTime:0.000320s ]
INFO: [ app_begin ] --START--
INFO: Run Behavior\ReadHtmlCacheBehavior [ RunTime:0.000418s ]
INFO: [ app_begin ] --END-- [ RunTime:0.000475s ]
SQL: SHOW COLUMNS FROM `jf_type` [ RunTime:0.003678s ]
SQL: SELECT * FROM `jf_type` WHERE ( type_id=53 )  [ RunTime:0.000284s ]
SQL: SELECT * FROM `jf_type` WHERE ( type_pid=53 )  [ RunTime:0.000243s ]
SQL: SHOW COLUMNS FROM `jf_prd` [ RunTime:0.004245s ]
SQL: SELECT COUNT(*) AS tp_count FROM `jf_prd` WHERE ( cid=53 AND status=1 ) LIMIT 1   [ RunTime:0.000264s ]
NOTIC: [8] Undefined index: page E:\phpstudy\WWW\jfsc\Application\Admin\Home\Controller\CommonController.class.php 第 30 行.
SQL: SELECT * FROM `jf_prd` WHERE ( cid=53 AND status=1 ) ORDER BY prd_id desc LIMIT 0,5   [ RunTime:0.000327s ]
SQL: SELECT COUNT(*) AS tp_count FROM `jf_prd` WHERE ( cid=53 AND status=1 ) LIMIT 1   [ RunTime:0.000202s ]
NOTIC: [8] Undefined index: page E:\phpstudy\WWW\jfsc\Application\Admin\Home\Controller\CommonController.class.php 第 30 行.
NOTIC: [8] Undefined index: type E:\phpstudy\WWW\jfsc\Application\Admin\Home\Controller\ProductController.class.php 第 17 行.
NOTIC: [8] Undefined index: p_Name E:\phpstudy\WWW\jfsc\Application\Admin\Home\Controller\ProductController.class.php 第 37 行.
NOTIC: [8] Undefined variable: typepid E:\phpstudy\WWW\jfsc\Application\Admin\Home\Controller\ProductController.class.php 第 49 行.
INFO: [ view_parse ] --START--
INFO: [ template_filter ] --START--
INFO: Run Behavior\ContentReplaceBehavior [ RunTime:0.000074s ]
INFO: [ template_filter ] --END-- [ RunTime:0.000141s ]
NOTIC: [8] Use of undefined constant type_id - assumed 'type_id' E:\phpstudy\WWW\jfsc\Application\Admin\Runtime\Cache\Home\c2f1e29f9551e0a3a58a143c9ede18e3.php 第 30 行.
NOTIC: [8] Use of undefined constant type_id - assumed 'type_id' E:\phpstudy\WWW\jfsc\Application\Admin\Runtime\Cache\Home\c2f1e29f9551e0a3a58a143c9ede18e3.php 第 30 行.
NOTIC: [8] Use of undefined constant type_id - assumed 'type_id' E:\phpstudy\WWW\jfsc\Application\Admin\Runtime\Cache\Home\c2f1e29f9551e0a3a58a143c9ede18e3.php 第 30 行.
NOTIC: [8] Undefined variable: p_Name E:\phpstudy\WWW\jfsc\Application\Admin\Runtime\Cache\Home\c2f1e29f9551e0a3a58a143c9ede18e3.php 第 93 行.
NOTIC: [8] Undefined variable: type E:\phpstudy\WWW\jfsc\Application\Admin\Runtime\Cache\Home\c2f1e29f9551e0a3a58a143c9ede18e3.php 第 93 行.
NOTIC: [8] Undefined variable: p_Name E:\phpstudy\WWW\jfsc\Application\Admin\Runtime\Cache\Home\c2f1e29f9551e0a3a58a143c9ede18e3.php 第 94 行.
NOTIC: [8] Undefined variable: type E:\phpstudy\WWW\jfsc\Application\Admin\Runtime\Cache\Home\c2f1e29f9551e0a3a58a143c9ede18e3.php 第 94 行.
NOTIC: [8] Undefined variable: p_Name E:\phpstudy\WWW\jfsc\Application\Admin\Runtime\Cache\Home\c2f1e29f9551e0a3a58a143c9ede18e3.php 第 95 行.
NOTIC: [8] Undefined variable: type E:\phpstudy\WWW\jfsc\Application\Admin\Runtime\Cache\Home\c2f1e29f9551e0a3a58a143c9ede18e3.php 第 95 行.
NOTIC: [8] Undefined variable: p_Name E:\phpstudy\WWW\jfsc\Application\Admin\Runtime\Cache\Home\c2f1e29f9551e0a3a58a143c9ede18e3.php 第 96 行.
NOTIC: [8] Undefined variable: type E:\phpstudy\WWW\jfsc\Application\Admin\Runtime\Cache\Home\c2f1e29f9551e0a3a58a143c9ede18e3.php 第 96 行.
NOTIC: [8] Undefined variable: type E:\phpstudy\WWW\jfsc\Application\Admin\Runtime\Cache\Home\c2f1e29f9551e0a3a58a143c9ede18e3.php 第 108 行.
NOTIC: [8] Undefined variable: p_Name E:\phpstudy\WWW\jfsc\Application\Admin\Runtime\Cache\Home\c2f1e29f9551e0a3a58a143c9ede18e3.php 第 109 行.
INFO: Run Behavior\ParseTemplateBehavior [ RunTime:0.038694s ]
INFO: [ view_parse ] --END-- [ RunTime:0.038786s ]
INFO: [ view_filter ] --START--
INFO: Run Behavior\WriteHtmlCacheBehavior [ RunTime:0.000357s ]
INFO: [ view_filter ] --END-- [ RunTime:0.000410s ]
INFO: [ app_end ] --START--
INFO: Run Behavior\ShowPageTraceBehavior [ RunTime:0.000500s ]
INFO: [ app_end ] --END-- [ RunTime:0.000555s ]

[ 2017-03-12T22:24:03+08:00 ] ::1 /jfsc/admin.php?c=Product&a=edit&prd_id=77
INFO: [ app_init ] --START--
INFO: Run Behavior\BuildLiteBehavior [ RunTime:0.000015s ]
INFO: [ app_init ] --END-- [ RunTime:0.000323s ]
INFO: [ app_begin ] --START--
INFO: Run Behavior\ReadHtmlCacheBehavior [ RunTime:0.000430s ]
INFO: [ app_begin ] --END-- [ RunTime:0.000497s ]
SQL: SHOW COLUMNS FROM `jf_type` [ RunTime:0.003536s ]
SQL: SELECT * FROM `jf_type` WHERE ( type_pid=0 )  [ RunTime:0.000299s ]
SQL: SELECT * FROM `jf_type` WHERE ( type_pid=53 )  [ RunTime:0.000240s ]
SQL: SELECT * FROM `jf_type` WHERE ( type_pid=59 )  [ RunTime:0.000237s ]
SQL: SELECT * FROM `jf_type` WHERE ( type_pid=68 )  [ RunTime:0.000243s ]
SQL: SELECT * FROM `jf_type` WHERE ( type_pid=74 )  [ RunTime:0.000233s ]
SQL: SELECT * FROM `jf_type` WHERE ( type_pid=79 )  [ RunTime:0.000227s ]
NOTIC: [8] Undefined offset: 5 E:\phpstudy\WWW\jfsc\Application\Admin\Home\Controller\ProtypeController.class.php 第 128 行.
SQL: SELECT * FROM `jf_type` WHERE ( type_pid= )  [ RunTime:0.000114s ]
ERR: 1064:You have an error in your SQL syntax; check the manual that corresponds to your MySQL server version for the right syntax to use near ')' at line 1
 [ SQL语句 ] : SELECT * FROM `jf_type` WHERE ( type_pid= ) 
SQL: SHOW COLUMNS FROM `jf_product` [ RunTime:0.003220s ]
ERR: 1146:Table 'jfsc.jf_product' doesn't exist
 [ SQL语句 ] : SHOW COLUMNS FROM `jf_product`
SQL: SHOW COLUMNS FROM `jf_prd` [ RunTime:0.003378s ]
SQL: SELECT * FROM `jf_prd` WHERE ( prd_id=77 ) LIMIT 1   [ RunTime:0.000293s ]
SQL: SHOW COLUMNS FROM `jf_prdkeyword` [ RunTime:0.044869s ]
SQL: SELECT * FROM `jf_prdkeyword` WHERE ( prdkeyword_id=1 ) LIMIT 1   [ RunTime:0.000298s ]
SQL: SELECT * FROM `jf_prdkeyword` WHERE ( prdkeyword_id=9 ) LIMIT 1   [ RunTime:0.000190s ]
SQL: SELECT * FROM `jf_prdkeyword` WHERE ( prdkeyword_id=11 ) LIMIT 1   [ RunTime:0.000180s ]
INFO: [ view_parse ] --START--
INFO: [ template_filter ] --START--
INFO: Run Behavior\ContentReplaceBehavior [ RunTime:0.000077s ]
INFO: [ template_filter ] --END-- [ RunTime:0.000147s ]
NOTIC: [8] Use of undefined constant type - assumed 'type' E:\phpstudy\WWW\jfsc\Application\Admin\Runtime\Cache\Home\4d35a4d06e4d18b7fadb4eac14e5a02d.php 第 68 行.
NOTIC: [8] Use of undefined constant type_name - assumed 'type_name' E:\phpstudy\WWW\jfsc\Application\Admin\Runtime\Cache\Home\4d35a4d06e4d18b7fadb4eac14e5a02d.php 第 68 行.
NOTIC: [8] Use of undefined constant type - assumed 'type' E:\phpstudy\WWW\jfsc\Application\Admin\Runtime\Cache\Home\4d35a4d06e4d18b7fadb4eac14e5a02d.php 第 68 行.
NOTIC: [8] Use of undefined constant type_name - assumed 'type_name' E:\phpstudy\WWW\jfsc\Application\Admin\Runtime\Cache\Home\4d35a4d06e4d18b7fadb4eac14e5a02d.php 第 68 行.
NOTIC: [8] Use of undefined constant type - assumed 'type' E:\phpstudy\WWW\jfsc\Application\Admin\Runtime\Cache\Home\4d35a4d06e4d18b7fadb4eac14e5a02d.php 第 68 行.
NOTIC: [8] Use of undefined constant type_name - assumed 'type_name' E:\phpstudy\WWW\jfsc\Application\Admin\Runtime\Cache\Home\4d35a4d06e4d18b7fadb4eac14e5a02d.php 第 68 行.
NOTIC: [8] Use of undefined constant type - assumed 'type' E:\phpstudy\WWW\jfsc\Application\Admin\Runtime\Cache\Home\4d35a4d06e4d18b7fadb4eac14e5a02d.php 第 68 行.
NOTIC: [8] Use of undefined constant type_name - assumed 'type_name' E:\phpstudy\WWW\jfsc\Application\Admin\Runtime\Cache\Home\4d35a4d06e4d18b7fadb4eac14e5a02d.php 第 68 行.
NOTIC: [8] Use of undefined constant type - assumed 'type' E:\phpstudy\WWW\jfsc\Application\Admin\Runtime\Cache\Home\4d35a4d06e4d18b7fadb4eac14e5a02d.php 第 68 行.
NOTIC: [8] Use of undefined constant type_name - assumed 'type_name' E:\phpstudy\WWW\jfsc\Application\Admin\Runtime\Cache\Home\4d35a4d06e4d18b7fadb4eac14e5a02d.php 第 68 行.
NOTIC: [8] Use of undefined constant type - assumed 'type' E:\phpstudy\WWW\jfsc\Application\Admin\Runtime\Cache\Home\4d35a4d06e4d18b7fadb4eac14e5a02d.php 第 68 行.
NOTIC: [8] Use of undefined constant type_name - assumed 'type_name' E:\phpstudy\WWW\jfsc\Application\Admin\Runtime\Cache\Home\4d35a4d06e4d18b7fadb4eac14e5a02d.php 第 68 行.
NOTIC: [8] Use of undefined constant type - assumed 'type' E:\phpstudy\WWW\jfsc\Application\Admin\Runtime\Cache\Home\4d35a4d06e4d18b7fadb4eac14e5a02d.php 第 68 行.
NOTIC: [8] Use of undefined constant type_name - assumed 'type_name' E:\phpstudy\WWW\jfsc\Application\Admin\Runtime\Cache\Home\4d35a4d06e4d18b7fadb4eac14e5a02d.php 第 68 行.
NOTIC: [8] Use of undefined constant type - assumed 'type' E:\phpstudy\WWW\jfsc\Application\Admin\Runtime\Cache\Home\4d35a4d06e4d18b7fadb4eac14e5a02d.php 第 68 行.
NOTIC: [8] Use of undefined constant type_name - assumed 'type_name' E:\phpstudy\WWW\jfsc\Application\Admin\Runtime\Cache\Home\4d35a4d06e4d18b7fadb4eac14e5a02d.php 第 68 行.
NOTIC: [8] Use of undefined constant type - assumed 'type' E:\phpstudy\WWW\jfsc\Application\Admin\Runtime\Cache\Home\4d35a4d06e4d18b7fadb4eac14e5a02d.php 第 68 行.
NOTIC: [8] Use of undefined constant type_name - assumed 'type_name' E:\phpstudy\WWW\jfsc\Application\Admin\Runtime\Cache\Home\4d35a4d06e4d18b7fadb4eac14e5a02d.php 第 68 行.
NOTIC: [8] Use of undefined constant type - assumed 'type' E:\phpstudy\WWW\jfsc\Application\Admin\Runtime\Cache\Home\4d35a4d06e4d18b7fadb4eac14e5a02d.php 第 68 行.
NOTIC: [8] Use of undefined constant type_name - assumed 'type_name' E:\phpstudy\WWW\jfsc\Application\Admin\Runtime\Cache\Home\4d35a4d06e4d18b7fadb4eac14e5a02d.php 第 68 行.
NOTIC: [8] Use of undefined constant type - assumed 'type' E:\phpstudy\WWW\jfsc\Application\Admin\Runtime\Cache\Home\4d35a4d06e4d18b7fadb4eac14e5a02d.php 第 68 行.
NOTIC: [8] Use of undefined constant type_name - assumed 'type_name' E:\phpstudy\WWW\jfsc\Application\Admin\Runtime\Cache\Home\4d35a4d06e4d18b7fadb4eac14e5a02d.php 第 68 行.
NOTIC: [8] Use of undefined constant type - assumed 'type' E:\phpstudy\WWW\jfsc\Application\Admin\Runtime\Cache\Home\4d35a4d06e4d18b7fadb4eac14e5a02d.php 第 68 行.
NOTIC: [8] Use of undefined constant type_name - assumed 'type_name' E:\phpstudy\WWW\jfsc\Application\Admin\Runtime\Cache\Home\4d35a4d06e4d18b7fadb4eac14e5a02d.php 第 68 行.
NOTIC: [8] Use of undefined constant type - assumed 'type' E:\phpstudy\WWW\jfsc\Application\Admin\Runtime\Cache\Home\4d35a4d06e4d18b7fadb4eac14e5a02d.php 第 68 行.
NOTIC: [8] Use of undefined constant type_name - assumed 'type_name' E:\phpstudy\WWW\jfsc\Application\Admin\Runtime\Cache\Home\4d35a4d06e4d18b7fadb4eac14e5a02d.php 第 68 行.
NOTIC: [8] Use of undefined constant type - assumed 'type' E:\phpstudy\WWW\jfsc\Application\Admin\Runtime\Cache\Home\4d35a4d06e4d18b7fadb4eac14e5a02d.php 第 68 行.
NOTIC: [8] Use of undefined constant type_name - assumed 'type_name' E:\phpstudy\WWW\jfsc\Application\Admin\Runtime\Cache\Home\4d35a4d06e4d18b7fadb4eac14e5a02d.php 第 68 行.
NOTIC: [8] Undefined offset: 3 E:\phpstudy\WWW\jfsc\Application\Admin\Runtime\Cache\Home\4d35a4d06e4d18b7fadb4eac14e5a02d.php 第 84 行.
NOTIC: [8] Undefined offset: 4 E:\phpstudy\WWW\jfsc\Application\Admin\Runtime\Cache\Home\4d35a4d06e4d18b7fadb4eac14e5a02d.php 第 85 行.
NOTIC: [8] Undefined offset: 5 E:\phpstudy\WWW\jfsc\Application\Admin\Runtime\Cache\Home\4d35a4d06e4d18b7fadb4eac14e5a02d.php 第 86 行.
INFO: Run Behavior\ParseTemplateBehavior [ RunTime:0.049451s ]
INFO: [ view_parse ] --END-- [ RunTime:0.049524s ]
INFO: [ view_filter ] --START--
INFO: Run Behavior\WriteHtmlCacheBehavior [ RunTime:0.000251s ]
INFO: [ view_filter ] --END-- [ RunTime:0.000304s ]
INFO: [ app_end ] --START--
INFO: Run Behavior\ShowPageTraceBehavior [ RunTime:0.000571s ]
INFO: [ app_end ] --END-- [ RunTime:0.000652s ]

[ 2017-03-12T22:24:10+08:00 ] ::1 /jfsc/admin.php/home/order/orderindex/status/1.html
INFO: [ app_init ] --START--
INFO: Run Behavior\BuildLiteBehavior [ RunTime:0.000017s ]
INFO: [ app_init ] --END-- [ RunTime:0.000353s ]
INFO: [ app_begin ] --START--
INFO: Run Behavior\ReadHtmlCacheBehavior [ RunTime:0.000607s ]
INFO: [ app_begin ] --END-- [ RunTime:0.000703s ]
NOTIC: [8] Use of undefined constant eq - assumed 'eq' E:\phpstudy\WWW\jfsc\Application\Admin\Home\Controller\OrderController.class.php 第 14 行.
NOTIC: [8] Use of undefined constant neq - assumed 'neq' E:\phpstudy\WWW\jfsc\Application\Admin\Home\Controller\OrderController.class.php 第 17 行.
SQL: SHOW COLUMNS FROM `jf_record` [ RunTime:0.032710s ]
SQL: SELECT COUNT(*) AS tp_count FROM `jf_record` WHERE `order_status` <> '1' LIMIT 1   [ RunTime:0.030894s ]
NOTIC: [8] Undefined index: page E:\phpstudy\WWW\jfsc\Application\Admin\Home\Controller\CommonController.class.php 第 30 行.
SQL: SELECT * FROM `jf_record` WHERE `order_status` <> '1' ORDER BY order_id desc LIMIT 0,5   [ RunTime:0.000377s ]
SQL: SELECT COUNT(*) AS tp_count FROM `jf_record` WHERE `order_status` <> '1' LIMIT 1   [ RunTime:0.000258s ]
NOTIC: [8] Undefined index: page E:\phpstudy\WWW\jfsc\Application\Admin\Home\Controller\CommonController.class.php 第 30 行.
NOTIC: [8] Undefined index: order_num E:\phpstudy\WWW\jfsc\Application\Admin\Home\Controller\OrderController.class.php 第 23 行.
INFO: [ view_parse ] --START--
INFO: [ template_filter ] --START--
INFO: Run Behavior\ContentReplaceBehavior [ RunTime:0.000080s ]
INFO: [ template_filter ] --END-- [ RunTime:0.000158s ]
NOTIC: [8] Use of undefined constant order_status - assumed 'order_status' E:\phpstudy\WWW\jfsc\Application\Admin\Runtime\Cache\Home\8af83fadb7e8277a65284edecd4d8700.php 第 65 行.
NOTIC: [8] Use of undefined constant order_status - assumed 'order_status' E:\phpstudy\WWW\jfsc\Application\Admin\Runtime\Cache\Home\8af83fadb7e8277a65284edecd4d8700.php 第 66 行.
NOTIC: [8] Use of undefined constant order_status - assumed 'order_status' E:\phpstudy\WWW\jfsc\Application\Admin\Runtime\Cache\Home\8af83fadb7e8277a65284edecd4d8700.php 第 65 行.
NOTIC: [8] Use of undefined constant order_status - assumed 'order_status' E:\phpstudy\WWW\jfsc\Application\Admin\Runtime\Cache\Home\8af83fadb7e8277a65284edecd4d8700.php 第 66 行.
NOTIC: [8] Use of undefined constant order_status - assumed 'order_status' E:\phpstudy\WWW\jfsc\Application\Admin\Runtime\Cache\Home\8af83fadb7e8277a65284edecd4d8700.php 第 65 行.
NOTIC: [8] Use of undefined constant order_status - assumed 'order_status' E:\phpstudy\WWW\jfsc\Application\Admin\Runtime\Cache\Home\8af83fadb7e8277a65284edecd4d8700.php 第 66 行.
NOTIC: [8] Use of undefined constant order_status - assumed 'order_status' E:\phpstudy\WWW\jfsc\Application\Admin\Runtime\Cache\Home\8af83fadb7e8277a65284edecd4d8700.php 第 65 行.
NOTIC: [8] Use of undefined constant order_status - assumed 'order_status' E:\phpstudy\WWW\jfsc\Application\Admin\Runtime\Cache\Home\8af83fadb7e8277a65284edecd4d8700.php 第 66 行.
NOTIC: [8] Use of undefined constant order_status - assumed 'order_status' E:\phpstudy\WWW\jfsc\Application\Admin\Runtime\Cache\Home\8af83fadb7e8277a65284edecd4d8700.php 第 65 行.
NOTIC: [8] Use of undefined constant order_status - assumed 'order_status' E:\phpstudy\WWW\jfsc\Application\Admin\Runtime\Cache\Home\8af83fadb7e8277a65284edecd4d8700.php 第 66 行.
NOTIC: [8] Undefined variable: order_num E:\phpstudy\WWW\jfsc\Application\Admin\Runtime\Cache\Home\8af83fadb7e8277a65284edecd4d8700.php 第 77 行.
NOTIC: [8] Undefined variable: order_num E:\phpstudy\WWW\jfsc\Application\Admin\Runtime\Cache\Home\8af83fadb7e8277a65284edecd4d8700.php 第 78 行.
NOTIC: [8] Undefined variable: order_num E:\phpstudy\WWW\jfsc\Application\Admin\Runtime\Cache\Home\8af83fadb7e8277a65284edecd4d8700.php 第 79 行.
NOTIC: [8] Undefined variable: order_num E:\phpstudy\WWW\jfsc\Application\Admin\Runtime\Cache\Home\8af83fadb7e8277a65284edecd4d8700.php 第 80 行.
NOTIC: [8] Undefined variable: order_num E:\phpstudy\WWW\jfsc\Application\Admin\Runtime\Cache\Home\8af83fadb7e8277a65284edecd4d8700.php 第 93 行.
INFO: Run Behavior\ParseTemplateBehavior [ RunTime:0.020428s ]
INFO: [ view_parse ] --END-- [ RunTime:0.020520s ]
INFO: [ view_filter ] --START--
INFO: Run Behavior\WriteHtmlCacheBehavior [ RunTime:0.000246s ]
INFO: [ view_filter ] --END-- [ RunTime:0.000304s ]
INFO: [ app_end ] --START--
INFO: Run Behavior\ShowPageTraceBehavior [ RunTime:0.000545s ]
INFO: [ app_end ] --END-- [ RunTime:0.000612s ]

[ 2017-03-12T22:24:12+08:00 ] ::1 /jfsc/admin.php?c=order&a=edit&order_num=2017022351101100&type_name=%E6%8B%96%E9%9E%8B&uid=1
INFO: [ app_init ] --START--
INFO: Run Behavior\BuildLiteBehavior [ RunTime:0.000022s ]
INFO: [ app_init ] --END-- [ RunTime:0.000502s ]
INFO: [ app_begin ] --START--
INFO: Run Behavior\ReadHtmlCacheBehavior [ RunTime:0.000468s ]
INFO: [ app_begin ] --END-- [ RunTime:0.000530s ]
SQL: SHOW COLUMNS FROM `jf_record` [ RunTime:0.003592s ]
SQL: SELECT * FROM `jf_record` WHERE ( order_num="2017022351101100" ) LIMIT 1   [ RunTime:0.000288s ]
SQL: SHOW COLUMNS FROM `jf_prd` [ RunTime:0.019046s ]
SQL: SELECT * FROM `jf_prd` WHERE ( p_Name="拖鞋" ) LIMIT 1   [ RunTime:0.047549s ]
SQL: SHOW COLUMNS FROM `jf_user` [ RunTime:0.003837s ]
SQL: SELECT * FROM `jf_user` WHERE ( user_id=1 ) LIMIT 1   [ RunTime:0.000282s ]
INFO: [ view_parse ] --START--
INFO: [ template_filter ] --START--
INFO: Run Behavior\ContentReplaceBehavior [ RunTime:0.000065s ]
INFO: [ template_filter ] --END-- [ RunTime:0.000144s ]
INFO: Run Behavior\ParseTemplateBehavior [ RunTime:0.125603s ]
INFO: [ view_parse ] --END-- [ RunTime:0.125706s ]
INFO: [ view_filter ] --START--
INFO: Run Behavior\WriteHtmlCacheBehavior [ RunTime:0.000247s ]
INFO: [ view_filter ] --END-- [ RunTime:0.000297s ]
INFO: [ app_end ] --START--
INFO: Run Behavior\ShowPageTraceBehavior [ RunTime:0.000518s ]
INFO: [ app_end ] --END-- [ RunTime:0.000583s ]

[ 2017-03-12T22:24:22+08:00 ] ::1 /jfsc/admin.php?c=Protype
INFO: [ app_init ] --START--
INFO: Run Behavior\BuildLiteBehavior [ RunTime:0.000018s ]
INFO: [ app_init ] --END-- [ RunTime:0.000370s ]
INFO: [ app_begin ] --START--
INFO: Run Behavior\ReadHtmlCacheBehavior [ RunTime:0.000525s ]
INFO: [ app_begin ] --END-- [ RunTime:0.000593s ]
SQL: SHOW COLUMNS FROM `jf_type` [ RunTime:0.003932s ]
SQL: SELECT COUNT(*) AS tp_count FROM `jf_type` WHERE ( type_pid=0 ) LIMIT 1   [ RunTime:0.000303s ]
NOTIC: [8] Undefined index: page E:\phpstudy\WWW\jfsc\Application\Admin\Home\Controller\CommonController.class.php 第 30 行.
SQL: SELECT * FROM `jf_type` WHERE ( type_pid=0 ) ORDER BY type_sort asc LIMIT 0,5   [ RunTime:0.000285s ]
SQL: SELECT COUNT(*) AS tp_count FROM `jf_type` WHERE ( type_pid=0 ) LIMIT 1   [ RunTime:0.000218s ]
NOTIC: [8] Undefined index: page E:\phpstudy\WWW\jfsc\Application\Admin\Home\Controller\CommonController.class.php 第 30 行.
SQL: SELECT * FROM `jf_type` WHERE ( type_pid=68 )  [ RunTime:0.000234s ]
SQL: SELECT * FROM `jf_type` WHERE ( type_pid=74 )  [ RunTime:0.000225s ]
SQL: SELECT * FROM `jf_type` WHERE ( type_pid=79 )  [ RunTime:0.000201s ]
SQL: SELECT * FROM `jf_type` WHERE ( type_pid=53 )  [ RunTime:0.000203s ]
SQL: SELECT * FROM `jf_type` WHERE ( type_pid=59 )  [ RunTime:0.000206s ]
NOTIC: [8] Undefined offset: 5 E:\phpstudy\WWW\jfsc\Application\Admin\Home\Controller\ProtypeController.class.php 第 128 行.
SQL: SELECT * FROM `jf_type` WHERE ( type_pid= )  [ RunTime:0.000153s ]
ERR: 1064:You have an error in your SQL syntax; check the manual that corresponds to your MySQL server version for the right syntax to use near ')' at line 1
 [ SQL语句 ] : SELECT * FROM `jf_type` WHERE ( type_pid= ) 
INFO: [ view_parse ] --START--
INFO: [ template_filter ] --START--
INFO: Run Behavior\ContentReplaceBehavior [ RunTime:0.000070s ]
INFO: [ template_filter ] --END-- [ RunTime:0.000128s ]
NOTIC: [8] Undefined variable: username E:\phpstudy\WWW\jfsc\Application\Admin\Runtime\Cache\Home\d2316413c7d19d992170d886f262453f.php 第 85 行.
INFO: Run Behavior\ParseTemplateBehavior [ RunTime:0.008601s ]
INFO: [ view_parse ] --END-- [ RunTime:0.008661s ]
INFO: [ view_filter ] --START--
INFO: Run Behavior\WriteHtmlCacheBehavior [ RunTime:0.000213s ]
INFO: [ view_filter ] --END-- [ RunTime:0.000277s ]
INFO: [ app_end ] --START--
INFO: Run Behavior\ShowPageTraceBehavior [ RunTime:0.000479s ]
INFO: [ app_end ] --END-- [ RunTime:0.000548s ]

[ 2017-03-12T22:24:25+08:00 ] ::1 /jfsc/admin.php/home/order/orderindex/status/1.html
INFO: [ app_init ] --START--
INFO: Run Behavior\BuildLiteBehavior [ RunTime:0.000016s ]
INFO: [ app_init ] --END-- [ RunTime:0.000321s ]
INFO: [ app_begin ] --START--
INFO: Run Behavior\ReadHtmlCacheBehavior [ RunTime:0.000465s ]
INFO: [ app_begin ] --END-- [ RunTime:0.000522s ]
NOTIC: [8] Use of undefined constant eq - assumed 'eq' E:\phpstudy\WWW\jfsc\Application\Admin\Home\Controller\OrderController.class.php 第 14 行.
NOTIC: [8] Use of undefined constant neq - assumed 'neq' E:\phpstudy\WWW\jfsc\Application\Admin\Home\Controller\OrderController.class.php 第 17 行.
SQL: SHOW COLUMNS FROM `jf_record` [ RunTime:0.003978s ]
SQL: SELECT COUNT(*) AS tp_count FROM `jf_record` WHERE `order_status` <> '1' LIMIT 1   [ RunTime:0.000269s ]
NOTIC: [8] Undefined index: page E:\phpstudy\WWW\jfsc\Application\Admin\Home\Controller\CommonController.class.php 第 30 行.
SQL: SELECT * FROM `jf_record` WHERE `order_status` <> '1' ORDER BY order_id desc LIMIT 0,5   [ RunTime:0.000307s ]
SQL: SELECT COUNT(*) AS tp_count FROM `jf_record` WHERE `order_status` <> '1' LIMIT 1   [ RunTime:0.000227s ]
NOTIC: [8] Undefined index: page E:\phpstudy\WWW\jfsc\Application\Admin\Home\Controller\CommonController.class.php 第 30 行.
NOTIC: [8] Undefined index: order_num E:\phpstudy\WWW\jfsc\Application\Admin\Home\Controller\OrderController.class.php 第 23 行.
INFO: [ view_parse ] --START--
INFO: [ template_filter ] --START--
INFO: Run Behavior\ContentReplaceBehavior [ RunTime:0.000073s ]
INFO: [ template_filter ] --END-- [ RunTime:0.000170s ]
NOTIC: [8] Use of undefined constant order_status - assumed 'order_status' E:\phpstudy\WWW\jfsc\Application\Admin\Runtime\Cache\Home\8af83fadb7e8277a65284edecd4d8700.php 第 65 行.
NOTIC: [8] Use of undefined constant order_status - assumed 'order_status' E:\phpstudy\WWW\jfsc\Application\Admin\Runtime\Cache\Home\8af83fadb7e8277a65284edecd4d8700.php 第 66 行.
NOTIC: [8] Use of undefined constant order_status - assumed 'order_status' E:\phpstudy\WWW\jfsc\Application\Admin\Runtime\Cache\Home\8af83fadb7e8277a65284edecd4d8700.php 第 65 行.
NOTIC: [8] Use of undefined constant order_status - assumed 'order_status' E:\phpstudy\WWW\jfsc\Application\Admin\Runtime\Cache\Home\8af83fadb7e8277a65284edecd4d8700.php 第 66 行.
NOTIC: [8] Use of undefined constant order_status - assumed 'order_status' E:\phpstudy\WWW\jfsc\Application\Admin\Runtime\Cache\Home\8af83fadb7e8277a65284edecd4d8700.php 第 65 行.
NOTIC: [8] Use of undefined constant order_status - assumed 'order_status' E:\phpstudy\WWW\jfsc\Application\Admin\Runtime\Cache\Home\8af83fadb7e8277a65284edecd4d8700.php 第 66 行.
NOTIC: [8] Use of undefined constant order_status - assumed 'order_status' E:\phpstudy\WWW\jfsc\Application\Admin\Runtime\Cache\Home\8af83fadb7e8277a65284edecd4d8700.php 第 65 行.
NOTIC: [8] Use of undefined constant order_status - assumed 'order_status' E:\phpstudy\WWW\jfsc\Application\Admin\Runtime\Cache\Home\8af83fadb7e8277a65284edecd4d8700.php 第 66 行.
NOTIC: [8] Use of undefined constant order_status - assumed 'order_status' E:\phpstudy\WWW\jfsc\Application\Admin\Runtime\Cache\Home\8af83fadb7e8277a65284edecd4d8700.php 第 65 行.
NOTIC: [8] Use of undefined constant order_status - assumed 'order_status' E:\phpstudy\WWW\jfsc\Application\Admin\Runtime\Cache\Home\8af83fadb7e8277a65284edecd4d8700.php 第 66 行.
NOTIC: [8] Undefined variable: order_num E:\phpstudy\WWW\jfsc\Application\Admin\Runtime\Cache\Home\8af83fadb7e8277a65284edecd4d8700.php 第 77 行.
NOTIC: [8] Undefined variable: order_num E:\phpstudy\WWW\jfsc\Application\Admin\Runtime\Cache\Home\8af83fadb7e8277a65284edecd4d8700.php 第 78 行.
NOTIC: [8] Undefined variable: order_num E:\phpstudy\WWW\jfsc\Application\Admin\Runtime\Cache\Home\8af83fadb7e8277a65284edecd4d8700.php 第 79 行.
NOTIC: [8] Undefined variable: order_num E:\phpstudy\WWW\jfsc\Application\Admin\Runtime\Cache\Home\8af83fadb7e8277a65284edecd4d8700.php 第 80 行.
NOTIC: [8] Undefined variable: order_num E:\phpstudy\WWW\jfsc\Application\Admin\Runtime\Cache\Home\8af83fadb7e8277a65284edecd4d8700.php 第 93 行.
INFO: Run Behavior\ParseTemplateBehavior [ RunTime:0.008776s ]
INFO: [ view_parse ] --END-- [ RunTime:0.008838s ]
INFO: [ view_filter ] --START--
INFO: Run Behavior\WriteHtmlCacheBehavior [ RunTime:0.000225s ]
INFO: [ view_filter ] --END-- [ RunTime:0.000291s ]
INFO: [ app_end ] --START--
INFO: Run Behavior\ShowPageTraceBehavior [ RunTime:0.000485s ]
INFO: [ app_end ] --END-- [ RunTime:0.000544s ]

[ 2017-03-12T22:24:28+08:00 ] ::1 /jfsc/admin.php?c=Product&a=profenlei&id=53
INFO: [ app_init ] --START--
INFO: Run Behavior\BuildLiteBehavior [ RunTime:0.000014s ]
INFO: [ app_init ] --END-- [ RunTime:0.000319s ]
INFO: [ app_begin ] --START--
INFO: Run Behavior\ReadHtmlCacheBehavior [ RunTime:0.000534s ]
INFO: [ app_begin ] --END-- [ RunTime:0.000605s ]
SQL: SHOW COLUMNS FROM `jf_type` [ RunTime:0.003597s ]
SQL: SELECT * FROM `jf_type` WHERE ( type_id=53 )  [ RunTime:0.000267s ]
SQL: SELECT * FROM `jf_type` WHERE ( type_pid=53 )  [ RunTime:0.000216s ]
SQL: SHOW COLUMNS FROM `jf_prd` [ RunTime:0.009917s ]
SQL: SELECT COUNT(*) AS tp_count FROM `jf_prd` WHERE ( cid=53 AND status=1 ) LIMIT 1   [ RunTime:0.000291s ]
NOTIC: [8] Undefined index: page E:\phpstudy\WWW\jfsc\Application\Admin\Home\Controller\CommonController.class.php 第 30 行.
SQL: SELECT * FROM `jf_prd` WHERE ( cid=53 AND status=1 ) ORDER BY prd_id desc LIMIT 0,5   [ RunTime:0.000355s ]
SQL: SELECT COUNT(*) AS tp_count FROM `jf_prd` WHERE ( cid=53 AND status=1 ) LIMIT 1   [ RunTime:0.000201s ]
NOTIC: [8] Undefined index: page E:\phpstudy\WWW\jfsc\Application\Admin\Home\Controller\CommonController.class.php 第 30 行.
NOTIC: [8] Undefined index: type E:\phpstudy\WWW\jfsc\Application\Admin\Home\Controller\ProductController.class.php 第 17 行.
NOTIC: [8] Undefined index: p_Name E:\phpstudy\WWW\jfsc\Application\Admin\Home\Controller\ProductController.class.php 第 37 行.
NOTIC: [8] Undefined variable: typepid E:\phpstudy\WWW\jfsc\Application\Admin\Home\Controller\ProductController.class.php 第 49 行.
INFO: [ view_parse ] --START--
INFO: [ template_filter ] --START--
INFO: Run Behavior\ContentReplaceBehavior [ RunTime:0.000086s ]
INFO: [ template_filter ] --END-- [ RunTime:0.000161s ]
NOTIC: [8] Use of undefined constant type_id - assumed 'type_id' E:\phpstudy\WWW\jfsc\Application\Admin\Runtime\Cache\Home\c2f1e29f9551e0a3a58a143c9ede18e3.php 第 30 行.
NOTIC: [8] Use of undefined constant type_id - assumed 'type_id' E:\phpstudy\WWW\jfsc\Application\Admin\Runtime\Cache\Home\c2f1e29f9551e0a3a58a143c9ede18e3.php 第 30 行.
NOTIC: [8] Use of undefined constant type_id - assumed 'type_id' E:\phpstudy\WWW\jfsc\Application\Admin\Runtime\Cache\Home\c2f1e29f9551e0a3a58a143c9ede18e3.php 第 30 行.
NOTIC: [8] Undefined variable: p_Name E:\phpstudy\WWW\jfsc\Application\Admin\Runtime\Cache\Home\c2f1e29f9551e0a3a58a143c9ede18e3.php 第 93 行.
NOTIC: [8] Undefined variable: type E:\phpstudy\WWW\jfsc\Application\Admin\Runtime\Cache\Home\c2f1e29f9551e0a3a58a143c9ede18e3.php 第 93 行.
NOTIC: [8] Undefined variable: p_Name E:\phpstudy\WWW\jfsc\Application\Admin\Runtime\Cache\Home\c2f1e29f9551e0a3a58a143c9ede18e3.php 第 94 行.
NOTIC: [8] Undefined variable: type E:\phpstudy\WWW\jfsc\Application\Admin\Runtime\Cache\Home\c2f1e29f9551e0a3a58a143c9ede18e3.php 第 94 行.
NOTIC: [8] Undefined variable: p_Name E:\phpstudy\WWW\jfsc\Application\Admin\Runtime\Cache\Home\c2f1e29f9551e0a3a58a143c9ede18e3.php 第 95 行.
NOTIC: [8] Undefined variable: type E:\phpstudy\WWW\jfsc\Application\Admin\Runtime\Cache\Home\c2f1e29f9551e0a3a58a143c9ede18e3.php 第 95 行.
NOTIC: [8] Undefined variable: p_Name E:\phpstudy\WWW\jfsc\Application\Admin\Runtime\Cache\Home\c2f1e29f9551e0a3a58a143c9ede18e3.php 第 96 行.
NOTIC: [8] Undefined variable: type E:\phpstudy\WWW\jfsc\Application\Admin\Runtime\Cache\Home\c2f1e29f9551e0a3a58a143c9ede18e3.php 第 96 行.
NOTIC: [8] Undefined variable: type E:\phpstudy\WWW\jfsc\Application\Admin\Runtime\Cache\Home\c2f1e29f9551e0a3a58a143c9ede18e3.php 第 108 行.
NOTIC: [8] Undefined variable: p_Name E:\phpstudy\WWW\jfsc\Application\Admin\Runtime\Cache\Home\c2f1e29f9551e0a3a58a143c9ede18e3.php 第 109 行.
INFO: Run Behavior\ParseTemplateBehavior [ RunTime:0.010030s ]
INFO: [ view_parse ] --END-- [ RunTime:0.010090s ]
INFO: [ view_filter ] --START--
INFO: Run Behavior\WriteHtmlCacheBehavior [ RunTime:0.000243s ]
INFO: [ view_filter ] --END-- [ RunTime:0.000296s ]
INFO: [ app_end ] --START--
INFO: Run Behavior\ShowPageTraceBehavior [ RunTime:0.000653s ]
INFO: [ app_end ] --END-- [ RunTime:0.000743s ]

[ 2017-03-12T22:24:29+08:00 ] ::1 /jfsc/admin.php?c=Product&a=edit&prd_id=77
INFO: [ app_init ] --START--
INFO: Run Behavior\BuildLiteBehavior [ RunTime:0.000017s ]
INFO: [ app_init ] --END-- [ RunTime:0.000381s ]
INFO: [ app_begin ] --START--
INFO: Run Behavior\ReadHtmlCacheBehavior [ RunTime:0.000480s ]
INFO: [ app_begin ] --END-- [ RunTime:0.000544s ]
SQL: SHOW COLUMNS FROM `jf_type` [ RunTime:0.004237s ]
SQL: SELECT * FROM `jf_type` WHERE ( type_pid=0 )  [ RunTime:0.000307s ]
SQL: SELECT * FROM `jf_type` WHERE ( type_pid=53 )  [ RunTime:0.000252s ]
SQL: SELECT * FROM `jf_type` WHERE ( type_pid=59 )  [ RunTime:0.000218s ]
SQL: SELECT * FROM `jf_type` WHERE ( type_pid=68 )  [ RunTime:0.000251s ]
SQL: SELECT * FROM `jf_type` WHERE ( type_pid=74 )  [ RunTime:0.000241s ]
SQL: SELECT * FROM `jf_type` WHERE ( type_pid=79 )  [ RunTime:0.000211s ]
NOTIC: [8] Undefined offset: 5 E:\phpstudy\WWW\jfsc\Application\Admin\Home\Controller\ProtypeController.class.php 第 128 行.
SQL: SELECT * FROM `jf_type` WHERE ( type_pid= )  [ RunTime:0.000133s ]
ERR: 1064:You have an error in your SQL syntax; check the manual that corresponds to your MySQL server version for the right syntax to use near ')' at line 1
 [ SQL语句 ] : SELECT * FROM `jf_type` WHERE ( type_pid= ) 
SQL: SHOW COLUMNS FROM `jf_product` [ RunTime:0.003082s ]
ERR: 1146:Table 'jfsc.jf_product' doesn't exist
 [ SQL语句 ] : SHOW COLUMNS FROM `jf_product`
SQL: SHOW COLUMNS FROM `jf_prd` [ RunTime:0.003970s ]
SQL: SELECT * FROM `jf_prd` WHERE ( prd_id=77 ) LIMIT 1   [ RunTime:0.000260s ]
SQL: SHOW COLUMNS FROM `jf_prdkeyword` [ RunTime:0.003460s ]
SQL: SELECT * FROM `jf_prdkeyword` WHERE ( prdkeyword_id=1 ) LIMIT 1   [ RunTime:0.000299s ]
SQL: SELECT * FROM `jf_prdkeyword` WHERE ( prdkeyword_id=9 ) LIMIT 1   [ RunTime:0.000316s ]
SQL: SELECT * FROM `jf_prdkeyword` WHERE ( prdkeyword_id=11 ) LIMIT 1   [ RunTime:0.000195s ]
INFO: [ view_parse ] --START--
INFO: [ template_filter ] --START--
INFO: Run Behavior\ContentReplaceBehavior [ RunTime:0.000076s ]
INFO: [ template_filter ] --END-- [ RunTime:0.000134s ]
NOTIC: [8] Use of undefined constant type - assumed 'type' E:\phpstudy\WWW\jfsc\Application\Admin\Runtime\Cache\Home\4d35a4d06e4d18b7fadb4eac14e5a02d.php 第 68 行.
NOTIC: [8] Use of undefined constant type_name - assumed 'type_name' E:\phpstudy\WWW\jfsc\Application\Admin\Runtime\Cache\Home\4d35a4d06e4d18b7fadb4eac14e5a02d.php 第 68 行.
NOTIC: [8] Use of undefined constant type - assumed 'type' E:\phpstudy\WWW\jfsc\Application\Admin\Runtime\Cache\Home\4d35a4d06e4d18b7fadb4eac14e5a02d.php 第 68 行.
NOTIC: [8] Use of undefined constant type_name - assumed 'type_name' E:\phpstudy\WWW\jfsc\Application\Admin\Runtime\Cache\Home\4d35a4d06e4d18b7fadb4eac14e5a02d.php 第 68 行.
NOTIC: [8] Use of undefined constant type - assumed 'type' E:\phpstudy\WWW\jfsc\Application\Admin\Runtime\Cache\Home\4d35a4d06e4d18b7fadb4eac14e5a02d.php 第 68 行.
NOTIC: [8] Use of undefined constant type_name - assumed 'type_name' E:\phpstudy\WWW\jfsc\Application\Admin\Runtime\Cache\Home\4d35a4d06e4d18b7fadb4eac14e5a02d.php 第 68 行.
NOTIC: [8] Use of undefined constant type - assumed 'type' E:\phpstudy\WWW\jfsc\Application\Admin\Runtime\Cache\Home\4d35a4d06e4d18b7fadb4eac14e5a02d.php 第 68 行.
NOTIC: [8] Use of undefined constant type_name - assumed 'type_name' E:\phpstudy\WWW\jfsc\Application\Admin\Runtime\Cache\Home\4d35a4d06e4d18b7fadb4eac14e5a02d.php 第 68 行.
NOTIC: [8] Use of undefined constant type - assumed 'type' E:\phpstudy\WWW\jfsc\Application\Admin\Runtime\Cache\Home\4d35a4d06e4d18b7fadb4eac14e5a02d.php 第 68 行.
NOTIC: [8] Use of undefined constant type_name - assumed 'type_name' E:\phpstudy\WWW\jfsc\Application\Admin\Runtime\Cache\Home\4d35a4d06e4d18b7fadb4eac14e5a02d.php 第 68 行.
NOTIC: [8] Use of undefined constant type - assumed 'type' E:\phpstudy\WWW\jfsc\Application\Admin\Runtime\Cache\Home\4d35a4d06e4d18b7fadb4eac14e5a02d.php 第 68 行.
NOTIC: [8] Use of undefined constant type_name - assumed 'type_name' E:\phpstudy\WWW\jfsc\Application\Admin\Runtime\Cache\Home\4d35a4d06e4d18b7fadb4eac14e5a02d.php 第 68 行.
NOTIC: [8] Use of undefined constant type - assumed 'type' E:\phpstudy\WWW\jfsc\Application\Admin\Runtime\Cache\Home\4d35a4d06e4d18b7fadb4eac14e5a02d.php 第 68 行.
NOTIC: [8] Use of undefined constant type_name - assumed 'type_name' E:\phpstudy\WWW\jfsc\Application\Admin\Runtime\Cache\Home\4d35a4d06e4d18b7fadb4eac14e5a02d.php 第 68 行.
NOTIC: [8] Use of undefined constant type - assumed 'type' E:\phpstudy\WWW\jfsc\Application\Admin\Runtime\Cache\Home\4d35a4d06e4d18b7fadb4eac14e5a02d.php 第 68 行.
NOTIC: [8] Use of undefined constant type_name - assumed 'type_name' E:\phpstudy\WWW\jfsc\Application\Admin\Runtime\Cache\Home\4d35a4d06e4d18b7fadb4eac14e5a02d.php 第 68 行.
NOTIC: [8] Use of undefined constant type - assumed 'type' E:\phpstudy\WWW\jfsc\Application\Admin\Runtime\Cache\Home\4d35a4d06e4d18b7fadb4eac14e5a02d.php 第 68 行.
NOTIC: [8] Use of undefined constant type_name - assumed 'type_name' E:\phpstudy\WWW\jfsc\Application\Admin\Runtime\Cache\Home\4d35a4d06e4d18b7fadb4eac14e5a02d.php 第 68 行.
NOTIC: [8] Use of undefined constant type - assumed 'type' E:\phpstudy\WWW\jfsc\Application\Admin\Runtime\Cache\Home\4d35a4d06e4d18b7fadb4eac14e5a02d.php 第 68 行.
NOTIC: [8] Use of undefined constant type_name - assumed 'type_name' E:\phpstudy\WWW\jfsc\Application\Admin\Runtime\Cache\Home\4d35a4d06e4d18b7fadb4eac14e5a02d.php 第 68 行.
NOTIC: [8] Use of undefined constant type - assumed 'type' E:\phpstudy\WWW\jfsc\Application\Admin\Runtime\Cache\Home\4d35a4d06e4d18b7fadb4eac14e5a02d.php 第 68 行.
NOTIC: [8] Use of undefined constant type_name - assumed 'type_name' E:\phpstudy\WWW\jfsc\Application\Admin\Runtime\Cache\Home\4d35a4d06e4d18b7fadb4eac14e5a02d.php 第 68 行.
NOTIC: [8] Use of undefined constant type - assumed 'type' E:\phpstudy\WWW\jfsc\Application\Admin\Runtime\Cache\Home\4d35a4d06e4d18b7fadb4eac14e5a02d.php 第 68 行.
NOTIC: [8] Use of undefined constant type_name - assumed 'type_name' E:\phpstudy\WWW\jfsc\Application\Admin\Runtime\Cache\Home\4d35a4d06e4d18b7fadb4eac14e5a02d.php 第 68 行.
NOTIC: [8] Use of undefined constant type - assumed 'type' E:\phpstudy\WWW\jfsc\Application\Admin\Runtime\Cache\Home\4d35a4d06e4d18b7fadb4eac14e5a02d.php 第 68 行.
NOTIC: [8] Use of undefined constant type_name - assumed 'type_name' E:\phpstudy\WWW\jfsc\Application\Admin\Runtime\Cache\Home\4d35a4d06e4d18b7fadb4eac14e5a02d.php 第 68 行.
NOTIC: [8] Use of undefined constant type - assumed 'type' E:\phpstudy\WWW\jfsc\Application\Admin\Runtime\Cache\Home\4d35a4d06e4d18b7fadb4eac14e5a02d.php 第 68 行.
NOTIC: [8] Use of undefined constant type_name - assumed 'type_name' E:\phpstudy\WWW\jfsc\Application\Admin\Runtime\Cache\Home\4d35a4d06e4d18b7fadb4eac14e5a02d.php 第 68 行.
NOTIC: [8] Undefined offset: 3 E:\phpstudy\WWW\jfsc\Application\Admin\Runtime\Cache\Home\4d35a4d06e4d18b7fadb4eac14e5a02d.php 第 84 行.
NOTIC: [8] Undefined offset: 4 E:\phpstudy\WWW\jfsc\Application\Admin\Runtime\Cache\Home\4d35a4d06e4d18b7fadb4eac14e5a02d.php 第 85 行.
NOTIC: [8] Undefined offset: 5 E:\phpstudy\WWW\jfsc\Application\Admin\Runtime\Cache\Home\4d35a4d06e4d18b7fadb4eac14e5a02d.php 第 86 行.
INFO: Run Behavior\ParseTemplateBehavior [ RunTime:0.009270s ]
INFO: [ view_parse ] --END-- [ RunTime:0.009344s ]
INFO: [ view_filter ] --START--
INFO: Run Behavior\WriteHtmlCacheBehavior [ RunTime:0.000215s ]
INFO: [ view_filter ] --END-- [ RunTime:0.000263s ]
INFO: [ app_end ] --START--
INFO: Run Behavior\ShowPageTraceBehavior [ RunTime:0.000484s ]
INFO: [ app_end ] --END-- [ RunTime:0.000548s ]

[ 2017-03-12T22:28:24+08:00 ] ::1 /jfsc/admin.php?c=Product&a=profenlei&id=53
INFO: [ app_init ] --START--
INFO: Run Behavior\BuildLiteBehavior [ RunTime:0.000028s ]
INFO: [ app_init ] --END-- [ RunTime:0.000548s ]
INFO: [ app_begin ] --START--
INFO: Run Behavior\ReadHtmlCacheBehavior [ RunTime:0.000721s ]
INFO: [ app_begin ] --END-- [ RunTime:0.000803s ]
SQL: SHOW COLUMNS FROM `jf_type` [ RunTime:0.006200s ]
SQL: SELECT * FROM `jf_type` WHERE ( type_id=53 )  [ RunTime:0.000328s ]
SQL: SELECT * FROM `jf_type` WHERE ( type_pid=53 )  [ RunTime:0.000249s ]
SQL: SHOW COLUMNS FROM `jf_prd` [ RunTime:0.008462s ]
SQL: SELECT COUNT(*) AS tp_count FROM `jf_prd` WHERE ( cid=53 AND status=1 ) LIMIT 1   [ RunTime:0.000436s ]
NOTIC: [8] Undefined index: page E:\phpstudy\WWW\jfsc\Application\Admin\Home\Controller\CommonController.class.php 第 30 行.
SQL: SELECT * FROM `jf_prd` WHERE ( cid=53 AND status=1 ) ORDER BY prd_id desc LIMIT 0,5   [ RunTime:0.000373s ]
SQL: SELECT COUNT(*) AS tp_count FROM `jf_prd` WHERE ( cid=53 AND status=1 ) LIMIT 1   [ RunTime:0.000437s ]
NOTIC: [8] Undefined index: page E:\phpstudy\WWW\jfsc\Application\Admin\Home\Controller\CommonController.class.php 第 30 行.
NOTIC: [8] Undefined index: type E:\phpstudy\WWW\jfsc\Application\Admin\Home\Controller\ProductController.class.php 第 17 行.
NOTIC: [8] Undefined index: p_Name E:\phpstudy\WWW\jfsc\Application\Admin\Home\Controller\ProductController.class.php 第 37 行.
NOTIC: [8] Undefined variable: typepid E:\phpstudy\WWW\jfsc\Application\Admin\Home\Controller\ProductController.class.php 第 49 行.
INFO: [ view_parse ] --START--
INFO: [ template_filter ] --START--
INFO: Run Behavior\ContentReplaceBehavior [ RunTime:0.000080s ]
INFO: [ template_filter ] --END-- [ RunTime:0.000156s ]
NOTIC: [8] Use of undefined constant type_id - assumed 'type_id' E:\phpstudy\WWW\jfsc\Application\Admin\Runtime\Cache\Home\c2f1e29f9551e0a3a58a143c9ede18e3.php 第 30 行.
NOTIC: [8] Use of undefined constant type_id - assumed 'type_id' E:\phpstudy\WWW\jfsc\Application\Admin\Runtime\Cache\Home\c2f1e29f9551e0a3a58a143c9ede18e3.php 第 30 行.
NOTIC: [8] Use of undefined constant type_id - assumed 'type_id' E:\phpstudy\WWW\jfsc\Application\Admin\Runtime\Cache\Home\c2f1e29f9551e0a3a58a143c9ede18e3.php 第 30 行.
NOTIC: [8] Undefined variable: p_Name E:\phpstudy\WWW\jfsc\Application\Admin\Runtime\Cache\Home\c2f1e29f9551e0a3a58a143c9ede18e3.php 第 93 行.
NOTIC: [8] Undefined variable: type E:\phpstudy\WWW\jfsc\Application\Admin\Runtime\Cache\Home\c2f1e29f9551e0a3a58a143c9ede18e3.php 第 93 行.
NOTIC: [8] Undefined variable: p_Name E:\phpstudy\WWW\jfsc\Application\Admin\Runtime\Cache\Home\c2f1e29f9551e0a3a58a143c9ede18e3.php 第 94 行.
NOTIC: [8] Undefined variable: type E:\phpstudy\WWW\jfsc\Application\Admin\Runtime\Cache\Home\c2f1e29f9551e0a3a58a143c9ede18e3.php 第 94 行.
NOTIC: [8] Undefined variable: p_Name E:\phpstudy\WWW\jfsc\Application\Admin\Runtime\Cache\Home\c2f1e29f9551e0a3a58a143c9ede18e3.php 第 95 行.
NOTIC: [8] Undefined variable: type E:\phpstudy\WWW\jfsc\Application\Admin\Runtime\Cache\Home\c2f1e29f9551e0a3a58a143c9ede18e3.php 第 95 行.
NOTIC: [8] Undefined variable: p_Name E:\phpstudy\WWW\jfsc\Application\Admin\Runtime\Cache\Home\c2f1e29f9551e0a3a58a143c9ede18e3.php 第 96 行.
NOTIC: [8] Undefined variable: type E:\phpstudy\WWW\jfsc\Application\Admin\Runtime\Cache\Home\c2f1e29f9551e0a3a58a143c9ede18e3.php 第 96 行.
NOTIC: [8] Undefined variable: type E:\phpstudy\WWW\jfsc\Application\Admin\Runtime\Cache\Home\c2f1e29f9551e0a3a58a143c9ede18e3.php 第 108 行.
NOTIC: [8] Undefined variable: p_Name E:\phpstudy\WWW\jfsc\Application\Admin\Runtime\Cache\Home\c2f1e29f9551e0a3a58a143c9ede18e3.php 第 109 行.
INFO: Run Behavior\ParseTemplateBehavior [ RunTime:0.012988s ]
INFO: [ view_parse ] --END-- [ RunTime:0.013102s ]
INFO: [ view_filter ] --START--
INFO: Run Behavior\WriteHtmlCacheBehavior [ RunTime:0.000612s ]
INFO: [ view_filter ] --END-- [ RunTime:0.000702s ]
INFO: [ app_end ] --START--
INFO: Run Behavior\ShowPageTraceBehavior [ RunTime:0.001018s ]
INFO: [ app_end ] --END-- [ RunTime:0.001134s ]

[ 2017-03-12T22:28:26+08:00 ] ::1 /jfsc/admin.php?c=Product&a=edit&prd_id=77
INFO: [ app_init ] --START--
INFO: Run Behavior\BuildLiteBehavior [ RunTime:0.000019s ]
INFO: [ app_init ] --END-- [ RunTime:0.000394s ]
INFO: [ app_begin ] --START--
INFO: Run Behavior\ReadHtmlCacheBehavior [ RunTime:0.000807s ]
INFO: [ app_begin ] --END-- [ RunTime:0.000928s ]
SQL: SHOW COLUMNS FROM `jf_type` [ RunTime:0.003609s ]
SQL: SELECT * FROM `jf_type` WHERE ( type_pid=0 )  [ RunTime:0.000270s ]
SQL: SELECT * FROM `jf_type` WHERE ( type_pid=53 )  [ RunTime:0.000199s ]
SQL: SELECT * FROM `jf_type` WHERE ( type_pid=59 )  [ RunTime:0.000207s ]
SQL: SELECT * FROM `jf_type` WHERE ( type_pid=68 )  [ RunTime:0.000195s ]
SQL: SELECT * FROM `jf_type` WHERE ( type_pid=74 )  [ RunTime:0.000193s ]
SQL: SELECT * FROM `jf_type` WHERE ( type_pid=79 )  [ RunTime:0.000184s ]
NOTIC: [8] Undefined offset: 5 E:\phpstudy\WWW\jfsc\Application\Admin\Home\Controller\ProtypeController.class.php 第 128 行.
SQL: SELECT * FROM `jf_type` WHERE ( type_pid= )  [ RunTime:0.000114s ]
ERR: 1064:You have an error in your SQL syntax; check the manual that corresponds to your MySQL server version for the right syntax to use near ')' at line 1
 [ SQL语句 ] : SELECT * FROM `jf_type` WHERE ( type_pid= ) 
SQL: SHOW COLUMNS FROM `jf_product` [ RunTime:0.005908s ]
ERR: 1146:Table 'jfsc.jf_product' doesn't exist
 [ SQL语句 ] : SHOW COLUMNS FROM `jf_product`
SQL: SHOW COLUMNS FROM `jf_prd` [ RunTime:0.004560s ]
SQL: SELECT * FROM `jf_prd` WHERE ( prd_id=77 ) LIMIT 1   [ RunTime:0.000289s ]
SQL: SHOW COLUMNS FROM `jf_prdkeyword` [ RunTime:0.003587s ]
SQL: SELECT * FROM `jf_prdkeyword` WHERE ( prdkeyword_id=1 ) LIMIT 1   [ RunTime:0.000255s ]
SQL: SELECT * FROM `jf_prdkeyword` WHERE ( prdkeyword_id=9 ) LIMIT 1   [ RunTime:0.000147s ]
SQL: SELECT * FROM `jf_prdkeyword` WHERE ( prdkeyword_id=11 ) LIMIT 1   [ RunTime:0.000137s ]
INFO: [ view_parse ] --START--
INFO: [ template_filter ] --START--
INFO: Run Behavior\ContentReplaceBehavior [ RunTime:0.000091s ]
INFO: [ template_filter ] --END-- [ RunTime:0.000175s ]
NOTIC: [8] Use of undefined constant type - assumed 'type' E:\phpstudy\WWW\jfsc\Application\Admin\Runtime\Cache\Home\4d35a4d06e4d18b7fadb4eac14e5a02d.php 第 68 行.
NOTIC: [8] Use of undefined constant type_name - assumed 'type_name' E:\phpstudy\WWW\jfsc\Application\Admin\Runtime\Cache\Home\4d35a4d06e4d18b7fadb4eac14e5a02d.php 第 68 行.
NOTIC: [8] Use of undefined constant type - assumed 'type' E:\phpstudy\WWW\jfsc\Application\Admin\Runtime\Cache\Home\4d35a4d06e4d18b7fadb4eac14e5a02d.php 第 68 行.
NOTIC: [8] Use of undefined constant type_name - assumed 'type_name' E:\phpstudy\WWW\jfsc\Application\Admin\Runtime\Cache\Home\4d35a4d06e4d18b7fadb4eac14e5a02d.php 第 68 行.
NOTIC: [8] Use of undefined constant type - assumed 'type' E:\phpstudy\WWW\jfsc\Application\Admin\Runtime\Cache\Home\4d35a4d06e4d18b7fadb4eac14e5a02d.php 第 68 行.
NOTIC: [8] Use of undefined constant type_name - assumed 'type_name' E:\phpstudy\WWW\jfsc\Application\Admin\Runtime\Cache\Home\4d35a4d06e4d18b7fadb4eac14e5a02d.php 第 68 行.
NOTIC: [8] Use of undefined constant type - assumed 'type' E:\phpstudy\WWW\jfsc\Application\Admin\Runtime\Cache\Home\4d35a4d06e4d18b7fadb4eac14e5a02d.php 第 68 行.
NOTIC: [8] Use of undefined constant type_name - assumed 'type_name' E:\phpstudy\WWW\jfsc\Application\Admin\Runtime\Cache\Home\4d35a4d06e4d18b7fadb4eac14e5a02d.php 第 68 行.
NOTIC: [8] Use of undefined constant type - assumed 'type' E:\phpstudy\WWW\jfsc\Application\Admin\Runtime\Cache\Home\4d35a4d06e4d18b7fadb4eac14e5a02d.php 第 68 行.
NOTIC: [8] Use of undefined constant type_name - assumed 'type_name' E:\phpstudy\WWW\jfsc\Application\Admin\Runtime\Cache\Home\4d35a4d06e4d18b7fadb4eac14e5a02d.php 第 68 行.
NOTIC: [8] Use of undefined constant type - assumed 'type' E:\phpstudy\WWW\jfsc\Application\Admin\Runtime\Cache\Home\4d35a4d06e4d18b7fadb4eac14e5a02d.php 第 68 行.
NOTIC: [8] Use of undefined constant type_name - assumed 'type_name' E:\phpstudy\WWW\jfsc\Application\Admin\Runtime\Cache\Home\4d35a4d06e4d18b7fadb4eac14e5a02d.php 第 68 行.
NOTIC: [8] Use of undefined constant type - assumed 'type' E:\phpstudy\WWW\jfsc\Application\Admin\Runtime\Cache\Home\4d35a4d06e4d18b7fadb4eac14e5a02d.php 第 68 行.
NOTIC: [8] Use of undefined constant type_name - assumed 'type_name' E:\phpstudy\WWW\jfsc\Application\Admin\Runtime\Cache\Home\4d35a4d06e4d18b7fadb4eac14e5a02d.php 第 68 行.
NOTIC: [8] Use of undefined constant type - assumed 'type' E:\phpstudy\WWW\jfsc\Application\Admin\Runtime\Cache\Home\4d35a4d06e4d18b7fadb4eac14e5a02d.php 第 68 行.
NOTIC: [8] Use of undefined constant type_name - assumed 'type_name' E:\phpstudy\WWW\jfsc\Application\Admin\Runtime\Cache\Home\4d35a4d06e4d18b7fadb4eac14e5a02d.php 第 68 行.
NOTIC: [8] Use of undefined constant type - assumed 'type' E:\phpstudy\WWW\jfsc\Application\Admin\Runtime\Cache\Home\4d35a4d06e4d18b7fadb4eac14e5a02d.php 第 68 行.
NOTIC: [8] Use of undefined constant type_name - assumed 'type_name' E:\phpstudy\WWW\jfsc\Application\Admin\Runtime\Cache\Home\4d35a4d06e4d18b7fadb4eac14e5a02d.php 第 68 行.
NOTIC: [8] Use of undefined constant type - assumed 'type' E:\phpstudy\WWW\jfsc\Application\Admin\Runtime\Cache\Home\4d35a4d06e4d18b7fadb4eac14e5a02d.php 第 68 行.
NOTIC: [8] Use of undefined constant type_name - assumed 'type_name' E:\phpstudy\WWW\jfsc\Application\Admin\Runtime\Cache\Home\4d35a4d06e4d18b7fadb4eac14e5a02d.php 第 68 行.
NOTIC: [8] Use of undefined constant type - assumed 'type' E:\phpstudy\WWW\jfsc\Application\Admin\Runtime\Cache\Home\4d35a4d06e4d18b7fadb4eac14e5a02d.php 第 68 行.
NOTIC: [8] Use of undefined constant type_name - assumed 'type_name' E:\phpstudy\WWW\jfsc\Application\Admin\Runtime\Cache\Home\4d35a4d06e4d18b7fadb4eac14e5a02d.php 第 68 行.
NOTIC: [8] Use of undefined constant type - assumed 'type' E:\phpstudy\WWW\jfsc\Application\Admin\Runtime\Cache\Home\4d35a4d06e4d18b7fadb4eac14e5a02d.php 第 68 行.
NOTIC: [8] Use of undefined constant type_name - assumed 'type_name' E:\phpstudy\WWW\jfsc\Application\Admin\Runtime\Cache\Home\4d35a4d06e4d18b7fadb4eac14e5a02d.php 第 68 行.
NOTIC: [8] Use of undefined constant type - assumed 'type' E:\phpstudy\WWW\jfsc\Application\Admin\Runtime\Cache\Home\4d35a4d06e4d18b7fadb4eac14e5a02d.php 第 68 行.
NOTIC: [8] Use of undefined constant type_name - assumed 'type_name' E:\phpstudy\WWW\jfsc\Application\Admin\Runtime\Cache\Home\4d35a4d06e4d18b7fadb4eac14e5a02d.php 第 68 行.
NOTIC: [8] Use of undefined constant type - assumed 'type' E:\phpstudy\WWW\jfsc\Application\Admin\Runtime\Cache\Home\4d35a4d06e4d18b7fadb4eac14e5a02d.php 第 68 行.
NOTIC: [8] Use of undefined constant type_name - assumed 'type_name' E:\phpstudy\WWW\jfsc\Application\Admin\Runtime\Cache\Home\4d35a4d06e4d18b7fadb4eac14e5a02d.php 第 68 行.
NOTIC: [8] Undefined offset: 3 E:\phpstudy\WWW\jfsc\Application\Admin\Runtime\Cache\Home\4d35a4d06e4d18b7fadb4eac14e5a02d.php 第 84 行.
NOTIC: [8] Undefined offset: 4 E:\phpstudy\WWW\jfsc\Application\Admin\Runtime\Cache\Home\4d35a4d06e4d18b7fadb4eac14e5a02d.php 第 85 行.
NOTIC: [8] Undefined offset: 5 E:\phpstudy\WWW\jfsc\Application\Admin\Runtime\Cache\Home\4d35a4d06e4d18b7fadb4eac14e5a02d.php 第 86 行.
INFO: Run Behavior\ParseTemplateBehavior [ RunTime:0.009956s ]
INFO: [ view_parse ] --END-- [ RunTime:0.010024s ]
INFO: [ view_filter ] --START--
INFO: Run Behavior\WriteHtmlCacheBehavior [ RunTime:0.000242s ]
INFO: [ view_filter ] --END-- [ RunTime:0.000294s ]
INFO: [ app_end ] --START--
INFO: Run Behavior\ShowPageTraceBehavior [ RunTime:0.000556s ]
INFO: [ app_end ] --END-- [ RunTime:0.000637s ]

[ 2017-03-12T22:29:13+08:00 ] ::1 /jfsc/admin.php?c=Product&a=edit&prd_id=77
INFO: [ app_init ] --START--
INFO: Run Behavior\BuildLiteBehavior [ RunTime:0.000019s ]
INFO: [ app_init ] --END-- [ RunTime:0.000435s ]
INFO: [ app_begin ] --START--
INFO: Run Behavior\ReadHtmlCacheBehavior [ RunTime:0.000571s ]
INFO: [ app_begin ] --END-- [ RunTime:0.000657s ]
SQL: SHOW COLUMNS FROM `jf_type` [ RunTime:0.003807s ]
SQL: SELECT * FROM `jf_type` WHERE ( type_pid=0 )  [ RunTime:0.000357s ]
SQL: SELECT * FROM `jf_type` WHERE ( type_pid=53 )  [ RunTime:0.000216s ]
SQL: SELECT * FROM `jf_type` WHERE ( type_pid=59 )  [ RunTime:0.000205s ]
SQL: SELECT * FROM `jf_type` WHERE ( type_pid=68 )  [ RunTime:0.000214s ]
SQL: SELECT * FROM `jf_type` WHERE ( type_pid=74 )  [ RunTime:0.000212s ]
SQL: SELECT * FROM `jf_type` WHERE ( type_pid=79 )  [ RunTime:0.000208s ]
NOTIC: [8] Undefined offset: 5 E:\phpstudy\WWW\jfsc\Application\Admin\Home\Controller\ProtypeController.class.php 第 128 行.
SQL: SELECT * FROM `jf_type` WHERE ( type_pid= )  [ RunTime:0.000123s ]
ERR: 1064:You have an error in your SQL syntax; check the manual that corresponds to your MySQL server version for the right syntax to use near ')' at line 1
 [ SQL语句 ] : SELECT * FROM `jf_type` WHERE ( type_pid= ) 
SQL: SHOW COLUMNS FROM `jf_product` [ RunTime:0.006259s ]
ERR: 1146:Table 'jfsc.jf_product' doesn't exist
 [ SQL语句 ] : SHOW COLUMNS FROM `jf_product`
SQL: SHOW COLUMNS FROM `jf_prd` [ RunTime:0.005334s ]
SQL: SELECT * FROM `jf_prd` WHERE ( prd_id=77 ) LIMIT 1   [ RunTime:0.000522s ]
SQL: SHOW COLUMNS FROM `jf_prdkeyword` [ RunTime:0.005111s ]
SQL: SELECT * FROM `jf_prdkeyword` WHERE ( prdkeyword_id=1 ) LIMIT 1   [ RunTime:0.000337s ]
SQL: SELECT * FROM `jf_prdkeyword` WHERE ( prdkeyword_id=9 ) LIMIT 1   [ RunTime:0.000218s ]
SQL: SELECT * FROM `jf_prdkeyword` WHERE ( prdkeyword_id=11 ) LIMIT 1   [ RunTime:0.000225s ]
INFO: [ view_parse ] --START--
INFO: [ template_filter ] --START--
INFO: Run Behavior\ContentReplaceBehavior [ RunTime:0.000121s ]
INFO: [ template_filter ] --END-- [ RunTime:0.000235s ]
NOTIC: [8] Use of undefined constant type - assumed 'type' E:\phpstudy\WWW\jfsc\Application\Admin\Runtime\Cache\Home\4d35a4d06e4d18b7fadb4eac14e5a02d.php 第 68 行.
NOTIC: [8] Use of undefined constant type_name - assumed 'type_name' E:\phpstudy\WWW\jfsc\Application\Admin\Runtime\Cache\Home\4d35a4d06e4d18b7fadb4eac14e5a02d.php 第 68 行.
NOTIC: [8] Use of undefined constant type - assumed 'type' E:\phpstudy\WWW\jfsc\Application\Admin\Runtime\Cache\Home\4d35a4d06e4d18b7fadb4eac14e5a02d.php 第 68 行.
NOTIC: [8] Use of undefined constant type_name - assumed 'type_name' E:\phpstudy\WWW\jfsc\Application\Admin\Runtime\Cache\Home\4d35a4d06e4d18b7fadb4eac14e5a02d.php 第 68 行.
NOTIC: [8] Use of undefined constant type - assumed 'type' E:\phpstudy\WWW\jfsc\Application\Admin\Runtime\Cache\Home\4d35a4d06e4d18b7fadb4eac14e5a02d.php 第 68 行.
NOTIC: [8] Use of undefined constant type_name - assumed 'type_name' E:\phpstudy\WWW\jfsc\Application\Admin\Runtime\Cache\Home\4d35a4d06e4d18b7fadb4eac14e5a02d.php 第 68 行.
NOTIC: [8] Use of undefined constant type - assumed 'type' E:\phpstudy\WWW\jfsc\Application\Admin\Runtime\Cache\Home\4d35a4d06e4d18b7fadb4eac14e5a02d.php 第 68 行.
NOTIC: [8] Use of undefined constant type_name - assumed 'type_name' E:\phpstudy\WWW\jfsc\Application\Admin\Runtime\Cache\Home\4d35a4d06e4d18b7fadb4eac14e5a02d.php 第 68 行.
NOTIC: [8] Use of undefined constant type - assumed 'type' E:\phpstudy\WWW\jfsc\Application\Admin\Runtime\Cache\Home\4d35a4d06e4d18b7fadb4eac14e5a02d.php 第 68 行.
NOTIC: [8] Use of undefined constant type_name - assumed 'type_name' E:\phpstudy\WWW\jfsc\Application\Admin\Runtime\Cache\Home\4d35a4d06e4d18b7fadb4eac14e5a02d.php 第 68 行.
NOTIC: [8] Use of undefined constant type - assumed 'type' E:\phpstudy\WWW\jfsc\Application\Admin\Runtime\Cache\Home\4d35a4d06e4d18b7fadb4eac14e5a02d.php 第 68 行.
NOTIC: [8] Use of undefined constant type_name - assumed 'type_name' E:\phpstudy\WWW\jfsc\Application\Admin\Runtime\Cache\Home\4d35a4d06e4d18b7fadb4eac14e5a02d.php 第 68 行.
NOTIC: [8] Use of undefined constant type - assumed 'type' E:\phpstudy\WWW\jfsc\Application\Admin\Runtime\Cache\Home\4d35a4d06e4d18b7fadb4eac14e5a02d.php 第 68 行.
NOTIC: [8] Use of undefined constant type_name - assumed 'type_name' E:\phpstudy\WWW\jfsc\Application\Admin\Runtime\Cache\Home\4d35a4d06e4d18b7fadb4eac14e5a02d.php 第 68 行.
NOTIC: [8] Use of undefined constant type - assumed 'type' E:\phpstudy\WWW\jfsc\Application\Admin\Runtime\Cache\Home\4d35a4d06e4d18b7fadb4eac14e5a02d.php 第 68 行.
NOTIC: [8] Use of undefined constant type_name - assumed 'type_name' E:\phpstudy\WWW\jfsc\Application\Admin\Runtime\Cache\Home\4d35a4d06e4d18b7fadb4eac14e5a02d.php 第 68 行.
NOTIC: [8] Use of undefined constant type - assumed 'type' E:\phpstudy\WWW\jfsc\Application\Admin\Runtime\Cache\Home\4d35a4d06e4d18b7fadb4eac14e5a02d.php 第 68 行.
NOTIC: [8] Use of undefined constant type_name - assumed 'type_name' E:\phpstudy\WWW\jfsc\Application\Admin\Runtime\Cache\Home\4d35a4d06e4d18b7fadb4eac14e5a02d.php 第 68 行.
NOTIC: [8] Use of undefined constant type - assumed 'type' E:\phpstudy\WWW\jfsc\Application\Admin\Runtime\Cache\Home\4d35a4d06e4d18b7fadb4eac14e5a02d.php 第 68 行.
NOTIC: [8] Use of undefined constant type_name - assumed 'type_name' E:\phpstudy\WWW\jfsc\Application\Admin\Runtime\Cache\Home\4d35a4d06e4d18b7fadb4eac14e5a02d.php 第 68 行.
NOTIC: [8] Use of undefined constant type - assumed 'type' E:\phpstudy\WWW\jfsc\Application\Admin\Runtime\Cache\Home\4d35a4d06e4d18b7fadb4eac14e5a02d.php 第 68 行.
NOTIC: [8] Use of undefined constant type_name - assumed 'type_name' E:\phpstudy\WWW\jfsc\Application\Admin\Runtime\Cache\Home\4d35a4d06e4d18b7fadb4eac14e5a02d.php 第 68 行.
NOTIC: [8] Use of undefined constant type - assumed 'type' E:\phpstudy\WWW\jfsc\Application\Admin\Runtime\Cache\Home\4d35a4d06e4d18b7fadb4eac14e5a02d.php 第 68 行.
NOTIC: [8] Use of undefined constant type_name - assumed 'type_name' E:\phpstudy\WWW\jfsc\Application\Admin\Runtime\Cache\Home\4d35a4d06e4d18b7fadb4eac14e5a02d.php 第 68 行.
NOTIC: [8] Use of undefined constant type - assumed 'type' E:\phpstudy\WWW\jfsc\Application\Admin\Runtime\Cache\Home\4d35a4d06e4d18b7fadb4eac14e5a02d.php 第 68 行.
NOTIC: [8] Use of undefined constant type_name - assumed 'type_name' E:\phpstudy\WWW\jfsc\Application\Admin\Runtime\Cache\Home\4d35a4d06e4d18b7fadb4eac14e5a02d.php 第 68 行.
NOTIC: [8] Use of undefined constant type - assumed 'type' E:\phpstudy\WWW\jfsc\Application\Admin\Runtime\Cache\Home\4d35a4d06e4d18b7fadb4eac14e5a02d.php 第 68 行.
NOTIC: [8] Use of undefined constant type_name - assumed 'type_name' E:\phpstudy\WWW\jfsc\Application\Admin\Runtime\Cache\Home\4d35a4d06e4d18b7fadb4eac14e5a02d.php 第 68 行.
NOTIC: [8] Undefined offset: 3 E:\phpstudy\WWW\jfsc\Application\Admin\Runtime\Cache\Home\4d35a4d06e4d18b7fadb4eac14e5a02d.php 第 84 行.
NOTIC: [8] Undefined offset: 4 E:\phpstudy\WWW\jfsc\Application\Admin\Runtime\Cache\Home\4d35a4d06e4d18b7fadb4eac14e5a02d.php 第 85 行.
NOTIC: [8] Undefined offset: 5 E:\phpstudy\WWW\jfsc\Application\Admin\Runtime\Cache\Home\4d35a4d06e4d18b7fadb4eac14e5a02d.php 第 86 行.
INFO: Run Behavior\ParseTemplateBehavior [ RunTime:0.016766s ]
INFO: [ view_parse ] --END-- [ RunTime:0.016859s ]
INFO: [ view_filter ] --START--
INFO: Run Behavior\WriteHtmlCacheBehavior [ RunTime:0.000507s ]
INFO: [ view_filter ] --END-- [ RunTime:0.000630s ]
INFO: [ app_end ] --START--
INFO: Run Behavior\ShowPageTraceBehavior [ RunTime:0.001264s ]
INFO: [ app_end ] --END-- [ RunTime:0.001428s ]

[ 2017-03-12T22:30:15+08:00 ] ::1 /jfsc/admin.php
INFO: [ app_init ] --START--
INFO: Run Behavior\BuildLiteBehavior [ RunTime:0.000016s ]
INFO: [ app_init ] --END-- [ RunTime:0.000343s ]
INFO: [ app_begin ] --START--
INFO: Run Behavior\ReadHtmlCacheBehavior [ RunTime:0.000456s ]
INFO: [ app_begin ] --END-- [ RunTime:0.000517s ]

[ 2017-03-12T22:30:15+08:00 ] ::1 /jfsc/admin.php/home/login/index.html
INFO: [ app_init ] --START--
INFO: Run Behavior\BuildLiteBehavior [ RunTime:0.000016s ]
INFO: [ app_init ] --END-- [ RunTime:0.000327s ]
INFO: [ app_begin ] --START--
INFO: Run Behavior\ReadHtmlCacheBehavior [ RunTime:0.000424s ]
INFO: [ app_begin ] --END-- [ RunTime:0.000483s ]
INFO: [ view_parse ] --START--
INFO: [ template_filter ] --START--
INFO: Run Behavior\ContentReplaceBehavior [ RunTime:0.000042s ]
INFO: [ template_filter ] --END-- [ RunTime:0.000100s ]
INFO: Run Behavior\ParseTemplateBehavior [ RunTime:0.005090s ]
INFO: [ view_parse ] --END-- [ RunTime:0.005157s ]
INFO: [ view_filter ] --START--
INFO: Run Behavior\WriteHtmlCacheBehavior [ RunTime:0.000212s ]
INFO: [ view_filter ] --END-- [ RunTime:0.000260s ]
INFO: [ app_end ] --START--
INFO: Run Behavior\ShowPageTraceBehavior [ RunTime:0.000440s ]
INFO: [ app_end ] --END-- [ RunTime:0.000494s ]

[ 2017-03-12T22:30:16+08:00 ] ::1 /jfsc/admin.php/home/login/verify.html
INFO: [ app_init ] --START--
INFO: Run Behavior\BuildLiteBehavior [ RunTime:0.000027s ]
INFO: [ app_init ] --END-- [ RunTime:0.000545s ]
INFO: [ app_begin ] --START--
INFO: Run Behavior\ReadHtmlCacheBehavior [ RunTime:0.001055s ]
INFO: [ app_begin ] --END-- [ RunTime:0.001184s ]
INFO: [ app_end ] --START--
INFO: Run Behavior\ShowPageTraceBehavior [ RunTime:0.001160s ]
INFO: [ app_end ] --END-- [ RunTime:0.001309s ]

[ 2017-03-12T22:30:27+08:00 ] ::1 /jfsc/admin.php?c=login&a=check
INFO: [ app_init ] --START--
INFO: Run Behavior\BuildLiteBehavior [ RunTime:0.000017s ]
INFO: [ app_init ] --END-- [ RunTime:0.000419s ]
INFO: [ app_begin ] --START--
INFO: Run Behavior\ReadHtmlCacheBehavior [ RunTime:0.000590s ]
INFO: [ app_begin ] --END-- [ RunTime:0.000645s ]

[ 2017-03-12T22:30:28+08:00 ] ::1 /jfsc/admin.php?c=index&a=index
INFO: [ app_init ] --START--
INFO: Run Behavior\BuildLiteBehavior [ RunTime:0.000016s ]
INFO: [ app_init ] --END-- [ RunTime:0.000349s ]
INFO: [ app_begin ] --START--
INFO: Run Behavior\ReadHtmlCacheBehavior [ RunTime:0.000459s ]
INFO: [ app_begin ] --END-- [ RunTime:0.000521s ]
INFO: [ view_parse ] --START--
INFO: [ template_filter ] --START--
INFO: Run Behavior\ContentReplaceBehavior [ RunTime:0.000068s ]
INFO: [ template_filter ] --END-- [ RunTime:0.000138s ]
INFO: Run Behavior\ParseTemplateBehavior [ RunTime:0.006355s ]
INFO: [ view_parse ] --END-- [ RunTime:0.006436s ]
INFO: [ view_filter ] --START--
INFO: Run Behavior\WriteHtmlCacheBehavior [ RunTime:0.000346s ]
INFO: [ view_filter ] --END-- [ RunTime:0.000397s ]
INFO: [ app_end ] --START--
INFO: Run Behavior\ShowPageTraceBehavior [ RunTime:0.000624s ]
INFO: [ app_end ] --END-- [ RunTime:0.000678s ]

[ 2017-03-12T22:30:28+08:00 ] ::1 /jfsc/admin.php/home/index/topnav.html
INFO: [ app_init ] --START--
INFO: Run Behavior\BuildLiteBehavior [ RunTime:0.000030s ]
INFO: [ app_init ] --END-- [ RunTime:0.000528s ]
INFO: [ app_begin ] --START--
INFO: Run Behavior\ReadHtmlCacheBehavior [ RunTime:0.000681s ]
INFO: [ app_begin ] --END-- [ RunTime:0.000796s ]
INFO: [ view_parse ] --START--
INFO: [ template_filter ] --START--
INFO: Run Behavior\ContentReplaceBehavior [ RunTime:0.000073s ]
INFO: [ template_filter ] --END-- [ RunTime:0.000184s ]
NOTIC: [8] Undefined variable: username E:\phpstudy\WWW\jfsc\Application\Admin\Runtime\Cache\Home\51ee4addad4952eec3b128f2c7b20c19.php 第 24 行.
INFO: Run Behavior\ParseTemplateBehavior [ RunTime:0.008411s ]
INFO: [ view_parse ] --END-- [ RunTime:0.008520s ]
INFO: [ view_filter ] --START--
INFO: Run Behavior\WriteHtmlCacheBehavior [ RunTime:0.000339s ]
INFO: [ view_filter ] --END-- [ RunTime:0.000428s ]
INFO: [ app_end ] --START--
INFO: Run Behavior\ShowPageTraceBehavior [ RunTime:0.000742s ]
INFO: [ app_end ] --END-- [ RunTime:0.000846s ]

[ 2017-03-12T22:30:28+08:00 ] ::1 /jfsc/admin.php/home/index/rightt.html
INFO: [ app_init ] --START--
INFO: Run Behavior\BuildLiteBehavior [ RunTime:0.000026s ]
INFO: [ app_init ] --END-- [ RunTime:0.000610s ]
INFO: [ app_begin ] --START--
INFO: Run Behavior\ReadHtmlCacheBehavior [ RunTime:0.000684s ]
INFO: [ app_begin ] --END-- [ RunTime:0.000795s ]
INFO: [ view_parse ] --START--
INFO: [ template_filter ] --START--
INFO: Run Behavior\ContentReplaceBehavior [ RunTime:0.000081s ]
INFO: [ template_filter ] --END-- [ RunTime:0.000290s ]
NOTIC: [8] Undefined variable: username E:\phpstudy\WWW\jfsc\Application\Admin\Runtime\Cache\Home\b15ec853da18062aef952a5d39180901.php 第 30 行.
INFO: Run Behavior\ParseTemplateBehavior [ RunTime:0.012940s ]
INFO: [ view_parse ] --END-- [ RunTime:0.013050s ]
INFO: [ view_filter ] --START--
INFO: Run Behavior\WriteHtmlCacheBehavior [ RunTime:0.000564s ]
INFO: [ view_filter ] --END-- [ RunTime:0.000654s ]
INFO: [ app_end ] --START--
INFO: Run Behavior\ShowPageTraceBehavior [ RunTime:0.000714s ]
INFO: [ app_end ] --END-- [ RunTime:0.000805s ]

[ 2017-03-12T22:30:28+08:00 ] ::1 /jfsc/admin.php/home/index/left.html
INFO: [ app_init ] --START--
INFO: Run Behavior\BuildLiteBehavior [ RunTime:0.000029s ]
INFO: [ app_init ] --END-- [ RunTime:0.001068s ]
INFO: [ app_begin ] --START--
INFO: Run Behavior\ReadHtmlCacheBehavior [ RunTime:0.000938s ]
INFO: [ app_begin ] --END-- [ RunTime:0.001062s ]
SQL: SHOW COLUMNS FROM `jf_type` [ RunTime:0.004122s ]
SQL: SELECT * FROM `jf_type` WHERE ( type_pid=0 )  [ RunTime:0.000379s ]
INFO: [ view_parse ] --START--
INFO: [ template_filter ] --START--
INFO: Run Behavior\ContentReplaceBehavior [ RunTime:0.000063s ]
INFO: [ template_filter ] --END-- [ RunTime:0.000140s ]
INFO: Run Behavior\ParseTemplateBehavior [ RunTime:0.009942s ]
INFO: [ view_parse ] --END-- [ RunTime:0.010042s ]
INFO: [ view_filter ] --START--
INFO: Run Behavior\WriteHtmlCacheBehavior [ RunTime:0.000502s ]
INFO: [ view_filter ] --END-- [ RunTime:0.000583s ]
INFO: [ app_end ] --START--
INFO: Run Behavior\ShowPageTraceBehavior [ RunTime:0.000899s ]
INFO: [ app_end ] --END-- [ RunTime:0.000983s ]

[ 2017-03-12T22:30:31+08:00 ] ::1 /jfsc/admin.php?c=Product&a=profenlei&id=53
INFO: [ app_init ] --START--
INFO: Run Behavior\BuildLiteBehavior [ RunTime:0.000015s ]
INFO: [ app_init ] --END-- [ RunTime:0.000324s ]
INFO: [ app_begin ] --START--
INFO: Run Behavior\ReadHtmlCacheBehavior [ RunTime:0.000431s ]
INFO: [ app_begin ] --END-- [ RunTime:0.000506s ]
SQL: SHOW COLUMNS FROM `jf_type` [ RunTime:0.003926s ]
SQL: SELECT * FROM `jf_type` WHERE ( type_id=53 )  [ RunTime:0.000305s ]
SQL: SELECT * FROM `jf_type` WHERE ( type_pid=53 )  [ RunTime:0.000244s ]
SQL: SHOW COLUMNS FROM `jf_prd` [ RunTime:0.004136s ]
SQL: SELECT COUNT(*) AS tp_count FROM `jf_prd` WHERE ( cid=53 AND status=1 ) LIMIT 1   [ RunTime:0.000369s ]
NOTIC: [8] Undefined index: page E:\phpstudy\WWW\jfsc\Application\Admin\Home\Controller\CommonController.class.php 第 30 行.
SQL: SELECT * FROM `jf_prd` WHERE ( cid=53 AND status=1 ) ORDER BY prd_id desc LIMIT 0,5   [ RunTime:0.000468s ]
SQL: SELECT COUNT(*) AS tp_count FROM `jf_prd` WHERE ( cid=53 AND status=1 ) LIMIT 1   [ RunTime:0.000251s ]
NOTIC: [8] Undefined index: page E:\phpstudy\WWW\jfsc\Application\Admin\Home\Controller\CommonController.class.php 第 30 行.
NOTIC: [8] Undefined index: type E:\phpstudy\WWW\jfsc\Application\Admin\Home\Controller\ProductController.class.php 第 17 行.
NOTIC: [8] Undefined index: p_Name E:\phpstudy\WWW\jfsc\Application\Admin\Home\Controller\ProductController.class.php 第 37 行.
NOTIC: [8] Undefined variable: typepid E:\phpstudy\WWW\jfsc\Application\Admin\Home\Controller\ProductController.class.php 第 49 行.
INFO: [ view_parse ] --START--
INFO: [ template_filter ] --START--
INFO: Run Behavior\ContentReplaceBehavior [ RunTime:0.000086s ]
INFO: [ template_filter ] --END-- [ RunTime:0.000159s ]
NOTIC: [8] Use of undefined constant type_id - assumed 'type_id' E:\phpstudy\WWW\jfsc\Application\Admin\Runtime\Cache\Home\c2f1e29f9551e0a3a58a143c9ede18e3.php 第 30 行.
NOTIC: [8] Use of undefined constant type_id - assumed 'type_id' E:\phpstudy\WWW\jfsc\Application\Admin\Runtime\Cache\Home\c2f1e29f9551e0a3a58a143c9ede18e3.php 第 30 行.
NOTIC: [8] Use of undefined constant type_id - assumed 'type_id' E:\phpstudy\WWW\jfsc\Application\Admin\Runtime\Cache\Home\c2f1e29f9551e0a3a58a143c9ede18e3.php 第 30 行.
NOTIC: [8] Undefined variable: p_Name E:\phpstudy\WWW\jfsc\Application\Admin\Runtime\Cache\Home\c2f1e29f9551e0a3a58a143c9ede18e3.php 第 93 行.
NOTIC: [8] Undefined variable: type E:\phpstudy\WWW\jfsc\Application\Admin\Runtime\Cache\Home\c2f1e29f9551e0a3a58a143c9ede18e3.php 第 93 行.
NOTIC: [8] Undefined variable: p_Name E:\phpstudy\WWW\jfsc\Application\Admin\Runtime\Cache\Home\c2f1e29f9551e0a3a58a143c9ede18e3.php 第 94 行.
NOTIC: [8] Undefined variable: type E:\phpstudy\WWW\jfsc\Application\Admin\Runtime\Cache\Home\c2f1e29f9551e0a3a58a143c9ede18e3.php 第 94 行.
NOTIC: [8] Undefined variable: p_Name E:\phpstudy\WWW\jfsc\Application\Admin\Runtime\Cache\Home\c2f1e29f9551e0a3a58a143c9ede18e3.php 第 95 行.
NOTIC: [8] Undefined variable: type E:\phpstudy\WWW\jfsc\Application\Admin\Runtime\Cache\Home\c2f1e29f9551e0a3a58a143c9ede18e3.php 第 95 行.
NOTIC: [8] Undefined variable: p_Name E:\phpstudy\WWW\jfsc\Application\Admin\Runtime\Cache\Home\c2f1e29f9551e0a3a58a143c9ede18e3.php 第 96 行.
NOTIC: [8] Undefined variable: type E:\phpstudy\WWW\jfsc\Application\Admin\Runtime\Cache\Home\c2f1e29f9551e0a3a58a143c9ede18e3.php 第 96 行.
NOTIC: [8] Undefined variable: type E:\phpstudy\WWW\jfsc\Application\Admin\Runtime\Cache\Home\c2f1e29f9551e0a3a58a143c9ede18e3.php 第 108 行.
NOTIC: [8] Undefined variable: p_Name E:\phpstudy\WWW\jfsc\Application\Admin\Runtime\Cache\Home\c2f1e29f9551e0a3a58a143c9ede18e3.php 第 109 行.
INFO: Run Behavior\ParseTemplateBehavior [ RunTime:0.009844s ]
INFO: [ view_parse ] --END-- [ RunTime:0.009907s ]
INFO: [ view_filter ] --START--
INFO: Run Behavior\WriteHtmlCacheBehavior [ RunTime:0.000222s ]
INFO: [ view_filter ] --END-- [ RunTime:0.000272s ]
INFO: [ app_end ] --START--
INFO: Run Behavior\ShowPageTraceBehavior [ RunTime:0.000527s ]
INFO: [ app_end ] --END-- [ RunTime:0.000586s ]

[ 2017-03-12T22:30:32+08:00 ] ::1 /jfsc/admin.php?c=Product&a=edit&prd_id=77
INFO: [ app_init ] --START--
INFO: Run Behavior\BuildLiteBehavior [ RunTime:0.000019s ]
INFO: [ app_init ] --END-- [ RunTime:0.000439s ]
INFO: [ app_begin ] --START--
INFO: Run Behavior\ReadHtmlCacheBehavior [ RunTime:0.000460s ]
INFO: [ app_begin ] --END-- [ RunTime:0.000525s ]
SQL: SHOW COLUMNS FROM `jf_type` [ RunTime:0.004061s ]
SQL: SELECT * FROM `jf_type` WHERE ( type_pid=0 )  [ RunTime:0.000340s ]
SQL: SELECT * FROM `jf_type` WHERE ( type_pid=53 )  [ RunTime:0.000239s ]
SQL: SELECT * FROM `jf_type` WHERE ( type_pid=59 )  [ RunTime:0.000233s ]
SQL: SELECT * FROM `jf_type` WHERE ( type_pid=68 )  [ RunTime:0.000237s ]
SQL: SELECT * FROM `jf_type` WHERE ( type_pid=74 )  [ RunTime:0.000223s ]
SQL: SELECT * FROM `jf_type` WHERE ( type_pid=79 )  [ RunTime:0.000224s ]
NOTIC: [8] Undefined offset: 5 E:\phpstudy\WWW\jfsc\Application\Admin\Home\Controller\ProtypeController.class.php 第 128 行.
SQL: SELECT * FROM `jf_type` WHERE ( type_pid= )  [ RunTime:0.000161s ]
ERR: 1064:You have an error in your SQL syntax; check the manual that corresponds to your MySQL server version for the right syntax to use near ')' at line 1
 [ SQL语句 ] : SELECT * FROM `jf_type` WHERE ( type_pid= ) 
SQL: SHOW COLUMNS FROM `jf_product` [ RunTime:0.005730s ]
ERR: 1146:Table 'jfsc.jf_product' doesn't exist
 [ SQL语句 ] : SHOW COLUMNS FROM `jf_product`
SQL: SHOW COLUMNS FROM `jf_prd` [ RunTime:0.003507s ]
SQL: SELECT * FROM `jf_prd` WHERE ( prd_id=77 ) LIMIT 1   [ RunTime:0.000248s ]
SQL: SHOW COLUMNS FROM `jf_prdkeyword` [ RunTime:0.003578s ]
SQL: SELECT * FROM `jf_prdkeyword` WHERE ( prdkeyword_id=1 ) LIMIT 1   [ RunTime:0.000237s ]
SQL: SELECT * FROM `jf_prdkeyword` WHERE ( prdkeyword_id=9 ) LIMIT 1   [ RunTime:0.000162s ]
SQL: SELECT * FROM `jf_prdkeyword` WHERE ( prdkeyword_id=11 ) LIMIT 1   [ RunTime:0.000159s ]
INFO: [ view_parse ] --START--
INFO: [ template_filter ] --START--
INFO: Run Behavior\ContentReplaceBehavior [ RunTime:0.000122s ]
INFO: [ template_filter ] --END-- [ RunTime:0.000237s ]
NOTIC: [8] Use of undefined constant type - assumed 'type' E:\phpstudy\WWW\jfsc\Application\Admin\Runtime\Cache\Home\4d35a4d06e4d18b7fadb4eac14e5a02d.php 第 68 行.
NOTIC: [8] Use of undefined constant type_name - assumed 'type_name' E:\phpstudy\WWW\jfsc\Application\Admin\Runtime\Cache\Home\4d35a4d06e4d18b7fadb4eac14e5a02d.php 第 68 行.
NOTIC: [8] Use of undefined constant type - assumed 'type' E:\phpstudy\WWW\jfsc\Application\Admin\Runtime\Cache\Home\4d35a4d06e4d18b7fadb4eac14e5a02d.php 第 68 行.
NOTIC: [8] Use of undefined constant type_name - assumed 'type_name' E:\phpstudy\WWW\jfsc\Application\Admin\Runtime\Cache\Home\4d35a4d06e4d18b7fadb4eac14e5a02d.php 第 68 行.
NOTIC: [8] Use of undefined constant type - assumed 'type' E:\phpstudy\WWW\jfsc\Application\Admin\Runtime\Cache\Home\4d35a4d06e4d18b7fadb4eac14e5a02d.php 第 68 行.
NOTIC: [8] Use of undefined constant type_name - assumed 'type_name' E:\phpstudy\WWW\jfsc\Application\Admin\Runtime\Cache\Home\4d35a4d06e4d18b7fadb4eac14e5a02d.php 第 68 行.
NOTIC: [8] Use of undefined constant type - assumed 'type' E:\phpstudy\WWW\jfsc\Application\Admin\Runtime\Cache\Home\4d35a4d06e4d18b7fadb4eac14e5a02d.php 第 68 行.
NOTIC: [8] Use of undefined constant type_name - assumed 'type_name' E:\phpstudy\WWW\jfsc\Application\Admin\Runtime\Cache\Home\4d35a4d06e4d18b7fadb4eac14e5a02d.php 第 68 行.
NOTIC: [8] Use of undefined constant type - assumed 'type' E:\phpstudy\WWW\jfsc\Application\Admin\Runtime\Cache\Home\4d35a4d06e4d18b7fadb4eac14e5a02d.php 第 68 行.
NOTIC: [8] Use of undefined constant type_name - assumed 'type_name' E:\phpstudy\WWW\jfsc\Application\Admin\Runtime\Cache\Home\4d35a4d06e4d18b7fadb4eac14e5a02d.php 第 68 行.
NOTIC: [8] Use of undefined constant type - assumed 'type' E:\phpstudy\WWW\jfsc\Application\Admin\Runtime\Cache\Home\4d35a4d06e4d18b7fadb4eac14e5a02d.php 第 68 行.
NOTIC: [8] Use of undefined constant type_name - assumed 'type_name' E:\phpstudy\WWW\jfsc\Application\Admin\Runtime\Cache\Home\4d35a4d06e4d18b7fadb4eac14e5a02d.php 第 68 行.
NOTIC: [8] Use of undefined constant type - assumed 'type' E:\phpstudy\WWW\jfsc\Application\Admin\Runtime\Cache\Home\4d35a4d06e4d18b7fadb4eac14e5a02d.php 第 68 行.
NOTIC: [8] Use of undefined constant type_name - assumed 'type_name' E:\phpstudy\WWW\jfsc\Application\Admin\Runtime\Cache\Home\4d35a4d06e4d18b7fadb4eac14e5a02d.php 第 68 行.
NOTIC: [8] Use of undefined constant type - assumed 'type' E:\phpstudy\WWW\jfsc\Application\Admin\Runtime\Cache\Home\4d35a4d06e4d18b7fadb4eac14e5a02d.php 第 68 行.
NOTIC: [8] Use of undefined constant type_name - assumed 'type_name' E:\phpstudy\WWW\jfsc\Application\Admin\Runtime\Cache\Home\4d35a4d06e4d18b7fadb4eac14e5a02d.php 第 68 行.
NOTIC: [8] Use of undefined constant type - assumed 'type' E:\phpstudy\WWW\jfsc\Application\Admin\Runtime\Cache\Home\4d35a4d06e4d18b7fadb4eac14e5a02d.php 第 68 行.
NOTIC: [8] Use of undefined constant type_name - assumed 'type_name' E:\phpstudy\WWW\jfsc\Application\Admin\Runtime\Cache\Home\4d35a4d06e4d18b7fadb4eac14e5a02d.php 第 68 行.
NOTIC: [8] Use of undefined constant type - assumed 'type' E:\phpstudy\WWW\jfsc\Application\Admin\Runtime\Cache\Home\4d35a4d06e4d18b7fadb4eac14e5a02d.php 第 68 行.
NOTIC: [8] Use of undefined constant type_name - assumed 'type_name' E:\phpstudy\WWW\jfsc\Application\Admin\Runtime\Cache\Home\4d35a4d06e4d18b7fadb4eac14e5a02d.php 第 68 行.
NOTIC: [8] Use of undefined constant type - assumed 'type' E:\phpstudy\WWW\jfsc\Application\Admin\Runtime\Cache\Home\4d35a4d06e4d18b7fadb4eac14e5a02d.php 第 68 行.
NOTIC: [8] Use of undefined constant type_name - assumed 'type_name' E:\phpstudy\WWW\jfsc\Application\Admin\Runtime\Cache\Home\4d35a4d06e4d18b7fadb4eac14e5a02d.php 第 68 行.
NOTIC: [8] Use of undefined constant type - assumed 'type' E:\phpstudy\WWW\jfsc\Application\Admin\Runtime\Cache\Home\4d35a4d06e4d18b7fadb4eac14e5a02d.php 第 68 行.
NOTIC: [8] Use of undefined constant type_name - assumed 'type_name' E:\phpstudy\WWW\jfsc\Application\Admin\Runtime\Cache\Home\4d35a4d06e4d18b7fadb4eac14e5a02d.php 第 68 行.
NOTIC: [8] Use of undefined constant type - assumed 'type' E:\phpstudy\WWW\jfsc\Application\Admin\Runtime\Cache\Home\4d35a4d06e4d18b7fadb4eac14e5a02d.php 第 68 行.
NOTIC: [8] Use of undefined constant type_name - assumed 'type_name' E:\phpstudy\WWW\jfsc\Application\Admin\Runtime\Cache\Home\4d35a4d06e4d18b7fadb4eac14e5a02d.php 第 68 行.
NOTIC: [8] Use of undefined constant type - assumed 'type' E:\phpstudy\WWW\jfsc\Application\Admin\Runtime\Cache\Home\4d35a4d06e4d18b7fadb4eac14e5a02d.php 第 68 行.
NOTIC: [8] Use of undefined constant type_name - assumed 'type_name' E:\phpstudy\WWW\jfsc\Application\Admin\Runtime\Cache\Home\4d35a4d06e4d18b7fadb4eac14e5a02d.php 第 68 行.
NOTIC: [8] Undefined offset: 3 E:\phpstudy\WWW\jfsc\Application\Admin\Runtime\Cache\Home\4d35a4d06e4d18b7fadb4eac14e5a02d.php 第 84 行.
NOTIC: [8] Undefined offset: 4 E:\phpstudy\WWW\jfsc\Application\Admin\Runtime\Cache\Home\4d35a4d06e4d18b7fadb4eac14e5a02d.php 第 85 行.
NOTIC: [8] Undefined offset: 5 E:\phpstudy\WWW\jfsc\Application\Admin\Runtime\Cache\Home\4d35a4d06e4d18b7fadb4eac14e5a02d.php 第 86 行.
INFO: Run Behavior\ParseTemplateBehavior [ RunTime:0.010174s ]
INFO: [ view_parse ] --END-- [ RunTime:0.010240s ]
INFO: [ view_filter ] --START--
INFO: Run Behavior\WriteHtmlCacheBehavior [ RunTime:0.000254s ]
INFO: [ view_filter ] --END-- [ RunTime:0.000306s ]
INFO: [ app_end ] --START--
INFO: Run Behavior\ShowPageTraceBehavior [ RunTime:0.000557s ]
INFO: [ app_end ] --END-- [ RunTime:0.000631s ]

[ 2017-03-12T22:30:44+08:00 ] ::1 /jfsc/admin.php?c=Product&a=profenlei&id=53
INFO: [ app_init ] --START--
INFO: Run Behavior\BuildLiteBehavior [ RunTime:0.000015s ]
INFO: [ app_init ] --END-- [ RunTime:0.000353s ]
INFO: [ app_begin ] --START--
INFO: Run Behavior\ReadHtmlCacheBehavior [ RunTime:0.000418s ]
INFO: [ app_begin ] --END-- [ RunTime:0.000478s ]
SQL: SHOW COLUMNS FROM `jf_type` [ RunTime:0.004058s ]
SQL: SELECT * FROM `jf_type` WHERE ( type_id=53 )  [ RunTime:0.000292s ]
SQL: SELECT * FROM `jf_type` WHERE ( type_pid=53 )  [ RunTime:0.000236s ]
SQL: SHOW COLUMNS FROM `jf_prd` [ RunTime:0.007925s ]
SQL: SELECT COUNT(*) AS tp_count FROM `jf_prd` WHERE ( cid=53 AND status=1 ) LIMIT 1   [ RunTime:0.000280s ]
NOTIC: [8] Undefined index: page E:\phpstudy\WWW\jfsc\Application\Admin\Home\Controller\CommonController.class.php 第 30 行.
SQL: SELECT * FROM `jf_prd` WHERE ( cid=53 AND status=1 ) ORDER BY prd_id desc LIMIT 0,5   [ RunTime:0.000326s ]
SQL: SELECT COUNT(*) AS tp_count FROM `jf_prd` WHERE ( cid=53 AND status=1 ) LIMIT 1   [ RunTime:0.000205s ]
NOTIC: [8] Undefined index: page E:\phpstudy\WWW\jfsc\Application\Admin\Home\Controller\CommonController.class.php 第 30 行.
NOTIC: [8] Undefined index: type E:\phpstudy\WWW\jfsc\Application\Admin\Home\Controller\ProductController.class.php 第 17 行.
NOTIC: [8] Undefined index: p_Name E:\phpstudy\WWW\jfsc\Application\Admin\Home\Controller\ProductController.class.php 第 37 行.
NOTIC: [8] Undefined variable: typepid E:\phpstudy\WWW\jfsc\Application\Admin\Home\Controller\ProductController.class.php 第 49 行.
INFO: [ view_parse ] --START--
INFO: [ template_filter ] --START--
INFO: Run Behavior\ContentReplaceBehavior [ RunTime:0.000098s ]
INFO: [ template_filter ] --END-- [ RunTime:0.000184s ]
NOTIC: [8] Use of undefined constant type_id - assumed 'type_id' E:\phpstudy\WWW\jfsc\Application\Admin\Runtime\Cache\Home\c2f1e29f9551e0a3a58a143c9ede18e3.php 第 30 行.
NOTIC: [8] Use of undefined constant type_id - assumed 'type_id' E:\phpstudy\WWW\jfsc\Application\Admin\Runtime\Cache\Home\c2f1e29f9551e0a3a58a143c9ede18e3.php 第 30 行.
NOTIC: [8] Use of undefined constant type_id - assumed 'type_id' E:\phpstudy\WWW\jfsc\Application\Admin\Runtime\Cache\Home\c2f1e29f9551e0a3a58a143c9ede18e3.php 第 30 行.
NOTIC: [8] Undefined variable: p_Name E:\phpstudy\WWW\jfsc\Application\Admin\Runtime\Cache\Home\c2f1e29f9551e0a3a58a143c9ede18e3.php 第 93 行.
NOTIC: [8] Undefined variable: type E:\phpstudy\WWW\jfsc\Application\Admin\Runtime\Cache\Home\c2f1e29f9551e0a3a58a143c9ede18e3.php 第 93 行.
NOTIC: [8] Undefined variable: p_Name E:\phpstudy\WWW\jfsc\Application\Admin\Runtime\Cache\Home\c2f1e29f9551e0a3a58a143c9ede18e3.php 第 94 行.
NOTIC: [8] Undefined variable: type E:\phpstudy\WWW\jfsc\Application\Admin\Runtime\Cache\Home\c2f1e29f9551e0a3a58a143c9ede18e3.php 第 94 行.
NOTIC: [8] Undefined variable: p_Name E:\phpstudy\WWW\jfsc\Application\Admin\Runtime\Cache\Home\c2f1e29f9551e0a3a58a143c9ede18e3.php 第 95 行.
NOTIC: [8] Undefined variable: type E:\phpstudy\WWW\jfsc\Application\Admin\Runtime\Cache\Home\c2f1e29f9551e0a3a58a143c9ede18e3.php 第 95 行.
NOTIC: [8] Undefined variable: p_Name E:\phpstudy\WWW\jfsc\Application\Admin\Runtime\Cache\Home\c2f1e29f9551e0a3a58a143c9ede18e3.php 第 96 行.
NOTIC: [8] Undefined variable: type E:\phpstudy\WWW\jfsc\Application\Admin\Runtime\Cache\Home\c2f1e29f9551e0a3a58a143c9ede18e3.php 第 96 行.
NOTIC: [8] Undefined variable: type E:\phpstudy\WWW\jfsc\Application\Admin\Runtime\Cache\Home\c2f1e29f9551e0a3a58a143c9ede18e3.php 第 108 行.
NOTIC: [8] Undefined variable: p_Name E:\phpstudy\WWW\jfsc\Application\Admin\Runtime\Cache\Home\c2f1e29f9551e0a3a58a143c9ede18e3.php 第 109 行.
INFO: Run Behavior\ParseTemplateBehavior [ RunTime:0.010268s ]
INFO: [ view_parse ] --END-- [ RunTime:0.010329s ]
INFO: [ view_filter ] --START--
INFO: Run Behavior\WriteHtmlCacheBehavior [ RunTime:0.000243s ]
INFO: [ view_filter ] --END-- [ RunTime:0.000296s ]
INFO: [ app_end ] --START--
INFO: Run Behavior\ShowPageTraceBehavior [ RunTime:0.000628s ]
INFO: [ app_end ] --END-- [ RunTime:0.000704s ]

