[ 2017-02-21T11:27:33+08:00 ] ::1 /jfsc/admin.php?c=order&a=edit&order_num=213123&type_name=%E7%8E%A9%E5%85%B7%E7%86%8A&uid=1
INFO: [ app_init ] --START--
INFO: Run Behavior\BuildLiteBehavior [ RunTime:0.000027s ]
INFO: [ app_init ] --END-- [ RunTime:0.000403s ]
INFO: [ app_begin ] --START--
INFO: Run Behavior\ReadHtmlCacheBehavior [ RunTime:0.000473s ]
INFO: [ app_begin ] --END-- [ RunTime:0.000537s ]

[ 2017-02-21T11:27:33+08:00 ] ::1 /jfsc/admin.php/home/login/index.html
INFO: [ app_init ] --START--
INFO: Run Behavior\BuildLiteBehavior [ RunTime:0.000018s ]
INFO: [ app_init ] --END-- [ RunTime:0.000382s ]
INFO: [ app_begin ] --START--
INFO: Run Behavior\ReadHtmlCacheBehavior [ RunTime:0.000532s ]
INFO: [ app_begin ] --END-- [ RunTime:0.000598s ]
INFO: [ view_parse ] --START--
INFO: [ template_filter ] --START--
INFO: Run Behavior\ContentReplaceBehavior [ RunTime:0.000050s ]
INFO: [ template_filter ] --END-- [ RunTime:0.000133s ]
INFO: Run Behavior\ParseTemplateBehavior [ RunTime:0.017701s ]
INFO: [ view_parse ] --END-- [ RunTime:0.017778s ]
INFO: [ view_filter ] --START--
INFO: Run Behavior\WriteHtmlCacheBehavior [ RunTime:0.000239s ]
INFO: [ view_filter ] --END-- [ RunTime:0.000295s ]
INFO: [ app_end ] --START--
INFO: Run Behavior\ShowPageTraceBehavior [ RunTime:0.000477s ]
INFO: [ app_end ] --END-- [ RunTime:0.000533s ]

[ 2017-02-21T11:27:34+08:00 ] ::1 /jfsc/admin.php/home/login/verify.html
INFO: [ app_init ] --START--
INFO: Run Behavior\BuildLiteBehavior [ RunTime:0.000030s ]
INFO: [ app_init ] --END-- [ RunTime:0.000651s ]
INFO: [ app_begin ] --START--
INFO: Run Behavior\ReadHtmlCacheBehavior [ RunTime:0.000717s ]
INFO: [ app_begin ] --END-- [ RunTime:0.000792s ]
INFO: [ app_end ] --START--
INFO: Run Behavior\ShowPageTraceBehavior [ RunTime:0.000720s ]
INFO: [ app_end ] --END-- [ RunTime:0.000803s ]

[ 2017-02-21T11:27:39+08:00 ] ::1 /jfsc/admin.php?c=order&a=edit&order_num=213123&type_name=%E7%8E%A9%E5%85%B7%E7%86%8A&uid=1
INFO: [ app_init ] --START--
INFO: Run Behavior\BuildLiteBehavior [ RunTime:0.000019s ]
INFO: [ app_init ] --END-- [ RunTime:0.000495s ]
INFO: [ app_begin ] --START--
INFO: Run Behavior\ReadHtmlCacheBehavior [ RunTime:0.000894s ]
INFO: [ app_begin ] --END-- [ RunTime:0.001000s ]

[ 2017-02-21T11:27:39+08:00 ] ::1 /jfsc/admin.php/home/login/index.html
INFO: [ app_init ] --START--
INFO: Run Behavior\BuildLiteBehavior [ RunTime:0.000016s ]
INFO: [ app_init ] --END-- [ RunTime:0.000376s ]
INFO: [ app_begin ] --START--
INFO: Run Behavior\ReadHtmlCacheBehavior [ RunTime:0.000497s ]
INFO: [ app_begin ] --END-- [ RunTime:0.000556s ]
INFO: [ view_parse ] --START--
INFO: [ template_filter ] --START--
INFO: Run Behavior\ContentReplaceBehavior [ RunTime:0.000046s ]
INFO: [ template_filter ] --END-- [ RunTime:0.000142s ]
INFO: Run Behavior\ParseTemplateBehavior [ RunTime:0.007135s ]
INFO: [ view_parse ] --END-- [ RunTime:0.007210s ]
INFO: [ view_filter ] --START--
INFO: Run Behavior\WriteHtmlCacheBehavior [ RunTime:0.000335s ]
INFO: [ view_filter ] --END-- [ RunTime:0.000401s ]
INFO: [ app_end ] --START--
INFO: Run Behavior\ShowPageTraceBehavior [ RunTime:0.000510s ]
INFO: [ app_end ] --END-- [ RunTime:0.000618s ]

[ 2017-02-21T11:27:39+08:00 ] ::1 /jfsc/admin.php/home/login/verify.html
INFO: [ app_init ] --START--
INFO: Run Behavior\BuildLiteBehavior [ RunTime:0.000018s ]
INFO: [ app_init ] --END-- [ RunTime:0.000371s ]
INFO: [ app_begin ] --START--
INFO: Run Behavior\ReadHtmlCacheBehavior [ RunTime:0.000628s ]
INFO: [ app_begin ] --END-- [ RunTime:0.000730s ]
INFO: [ app_end ] --START--
INFO: Run Behavior\ShowPageTraceBehavior [ RunTime:0.000638s ]
INFO: [ app_end ] --END-- [ RunTime:0.000729s ]

[ 2017-02-21T17:11:33+08:00 ] ::1 /jfsc/admin.php
INFO: [ app_init ] --START--
INFO: Run Behavior\BuildLiteBehavior [ RunTime:0.000020s ]
INFO: [ app_init ] --END-- [ RunTime:0.000460s ]
INFO: [ app_begin ] --START--
INFO: Run Behavior\ReadHtmlCacheBehavior [ RunTime:0.000681s ]
INFO: [ app_begin ] --END-- [ RunTime:0.000764s ]
INFO: [ view_parse ] --START--
INFO: [ template_filter ] --START--
INFO: Run Behavior\ContentReplaceBehavior [ RunTime:0.000041s ]
INFO: [ template_filter ] --END-- [ RunTime:0.000116s ]
INFO: Run Behavior\ParseTemplateBehavior [ RunTime:0.034144s ]
INFO: [ view_parse ] --END-- [ RunTime:0.034215s ]
INFO: [ view_filter ] --START--
INFO: Run Behavior\WriteHtmlCacheBehavior [ RunTime:0.000359s ]
INFO: [ view_filter ] --END-- [ RunTime:0.000416s ]
INFO: [ app_end ] --START--
INFO: Run Behavior\ShowPageTraceBehavior [ RunTime:0.000590s ]
INFO: [ app_end ] --END-- [ RunTime:0.000647s ]

[ 2017-02-21T17:11:33+08:00 ] ::1 /jfsc/admin.php/home/index/topnav.html
INFO: [ app_init ] --START--
INFO: Run Behavior\BuildLiteBehavior [ RunTime:0.000028s ]
INFO: [ app_init ] --END-- [ RunTime:0.000526s ]
INFO: [ app_begin ] --START--
INFO: Run Behavior\ReadHtmlCacheBehavior [ RunTime:0.000688s ]
INFO: [ app_begin ] --END-- [ RunTime:0.000798s ]
INFO: [ view_parse ] --START--
INFO: [ template_filter ] --START--
INFO: Run Behavior\ContentReplaceBehavior [ RunTime:0.000048s ]
INFO: [ template_filter ] --END-- [ RunTime:0.000124s ]
NOTIC: [8] Undefined variable: username E:\phpstudy\WWW\jfsc\Application\Admin\Runtime\Cache\Home\51ee4addad4952eec3b128f2c7b20c19.php 第 24 行.
INFO: Run Behavior\ParseTemplateBehavior [ RunTime:0.049532s ]
INFO: [ view_parse ] --END-- [ RunTime:0.049602s ]
INFO: [ view_filter ] --START--
INFO: Run Behavior\WriteHtmlCacheBehavior [ RunTime:0.000226s ]
INFO: [ view_filter ] --END-- [ RunTime:0.000279s ]
INFO: [ app_end ] --START--
INFO: Run Behavior\ShowPageTraceBehavior [ RunTime:0.000483s ]
INFO: [ app_end ] --END-- [ RunTime:0.000539s ]

[ 2017-02-21T17:11:33+08:00 ] ::1 /jfsc/admin.php/home/index/rightt.html
INFO: [ app_init ] --START--
INFO: Run Behavior\BuildLiteBehavior [ RunTime:0.000026s ]
INFO: [ app_init ] --END-- [ RunTime:0.000609s ]
INFO: [ app_begin ] --START--
INFO: Run Behavior\ReadHtmlCacheBehavior [ RunTime:0.001085s ]
INFO: [ app_begin ] --END-- [ RunTime:0.001214s ]
INFO: [ view_parse ] --START--
INFO: [ template_filter ] --START--
INFO: Run Behavior\ContentReplaceBehavior [ RunTime:0.000047s ]
INFO: [ template_filter ] --END-- [ RunTime:0.000121s ]
NOTIC: [8] Undefined variable: username E:\phpstudy\WWW\jfsc\Application\Admin\Runtime\Cache\Home\b15ec853da18062aef952a5d39180901.php 第 30 行.
INFO: Run Behavior\ParseTemplateBehavior [ RunTime:0.108118s ]
INFO: [ view_parse ] --END-- [ RunTime:0.108206s ]
INFO: [ view_filter ] --START--
INFO: Run Behavior\WriteHtmlCacheBehavior [ RunTime:0.000337s ]
INFO: [ view_filter ] --END-- [ RunTime:0.000393s ]
INFO: [ app_end ] --START--
INFO: Run Behavior\ShowPageTraceBehavior [ RunTime:0.000595s ]
INFO: [ app_end ] --END-- [ RunTime:0.000661s ]

[ 2017-02-21T17:11:35+08:00 ] ::1 /jfsc/admin.php/home/index/left.html
INFO: [ app_init ] --START--
INFO: Run Behavior\BuildLiteBehavior [ RunTime:0.000040s ]
INFO: [ app_init ] --END-- [ RunTime:0.000467s ]
INFO: [ app_begin ] --START--
INFO: Run Behavior\ReadHtmlCacheBehavior [ RunTime:0.000651s ]
INFO: [ app_begin ] --END-- [ RunTime:0.000721s ]
SQL: SHOW COLUMNS FROM `jf_type` [ RunTime:2.018338s ]
SQL: SELECT * FROM `jf_type` WHERE ( type_pid=0 )  [ RunTime:0.000288s ]
INFO: [ view_parse ] --START--
INFO: [ template_filter ] --START--
INFO: Run Behavior\ContentReplaceBehavior [ RunTime:0.000105s ]
INFO: [ template_filter ] --END-- [ RunTime:0.000236s ]
INFO: Run Behavior\ParseTemplateBehavior [ RunTime:0.038669s ]
INFO: [ view_parse ] --END-- [ RunTime:0.038750s ]
INFO: [ view_filter ] --START--
INFO: Run Behavior\WriteHtmlCacheBehavior [ RunTime:0.000380s ]
INFO: [ view_filter ] --END-- [ RunTime:0.000496s ]
INFO: [ app_end ] --START--
INFO: Run Behavior\ShowPageTraceBehavior [ RunTime:0.000620s ]
INFO: [ app_end ] --END-- [ RunTime:0.000681s ]

[ 2017-02-21T17:11:36+08:00 ] ::1 /jfsc/admin.php?c=User
INFO: [ app_init ] --START--
INFO: Run Behavior\BuildLiteBehavior [ RunTime:0.000020s ]
INFO: [ app_init ] --END-- [ RunTime:0.000451s ]
INFO: [ app_begin ] --START--
INFO: Run Behavior\ReadHtmlCacheBehavior [ RunTime:0.000656s ]
INFO: [ app_begin ] --END-- [ RunTime:0.000734s ]
SQL: SHOW COLUMNS FROM `jf_user` [ RunTime:0.005194s ]
SQL: SELECT COUNT(*) AS tp_count FROM `jf_user` LIMIT 1   [ RunTime:0.000303s ]
NOTIC: [8] Undefined index: page E:\phpstudy\WWW\jfsc\Application\Admin\Home\Controller\CommonController.class.php 第 30 行.
SQL: SELECT * FROM `jf_user` ORDER BY user_id desc LIMIT 0,1   [ RunTime:0.000354s ]
SQL: SELECT COUNT(*) AS tp_count FROM `jf_user` LIMIT 1   [ RunTime:0.000161s ]
NOTIC: [8] Undefined index: page E:\phpstudy\WWW\jfsc\Application\Admin\Home\Controller\CommonController.class.php 第 30 行.
NOTIC: [8] Undefined index: user_name E:\phpstudy\WWW\jfsc\Application\Admin\Home\Controller\UserController.class.php 第 11 行.
INFO: [ view_parse ] --START--
INFO: [ template_filter ] --START--
INFO: Run Behavior\ContentReplaceBehavior [ RunTime:0.000076s ]
INFO: [ template_filter ] --END-- [ RunTime:0.000148s ]
NOTIC: [8] Undefined variable: status E:\phpstudy\WWW\jfsc\Application\Admin\Runtime\Cache\Home\3ec7283119d5cae6b52cd27c82ec8d34.php 第 40 行.
NOTIC: [8] Use of undefined constant user_status - assumed 'user_status' E:\phpstudy\WWW\jfsc\Application\Admin\Runtime\Cache\Home\3ec7283119d5cae6b52cd27c82ec8d34.php 第 72 行.
NOTIC: [8] Undefined index: admin_id E:\phpstudy\WWW\jfsc\Application\Admin\Runtime\Cache\Home\3ec7283119d5cae6b52cd27c82ec8d34.php 第 73 行.
NOTIC: [8] Undefined variable: user_name E:\phpstudy\WWW\jfsc\Application\Admin\Runtime\Cache\Home\3ec7283119d5cae6b52cd27c82ec8d34.php 第 84 行.
NOTIC: [8] Undefined variable: user_name E:\phpstudy\WWW\jfsc\Application\Admin\Runtime\Cache\Home\3ec7283119d5cae6b52cd27c82ec8d34.php 第 85 行.
NOTIC: [8] Undefined variable: user_name E:\phpstudy\WWW\jfsc\Application\Admin\Runtime\Cache\Home\3ec7283119d5cae6b52cd27c82ec8d34.php 第 86 行.
NOTIC: [8] Undefined variable: user_name E:\phpstudy\WWW\jfsc\Application\Admin\Runtime\Cache\Home\3ec7283119d5cae6b52cd27c82ec8d34.php 第 87 行.
NOTIC: [8] Undefined variable: user_name E:\phpstudy\WWW\jfsc\Application\Admin\Runtime\Cache\Home\3ec7283119d5cae6b52cd27c82ec8d34.php 第 99 行.
INFO: Run Behavior\ParseTemplateBehavior [ RunTime:0.043677s ]
INFO: [ view_parse ] --END-- [ RunTime:0.043743s ]
INFO: [ view_filter ] --START--
INFO: Run Behavior\WriteHtmlCacheBehavior [ RunTime:0.000405s ]
INFO: [ view_filter ] --END-- [ RunTime:0.000464s ]
INFO: [ app_end ] --START--
INFO: Run Behavior\ShowPageTraceBehavior [ RunTime:0.000629s ]
INFO: [ app_end ] --END-- [ RunTime:0.000690s ]

[ 2017-02-21T17:11:45+08:00 ] ::1 /jfsc/admin.php?c=Protype
INFO: [ app_init ] --START--
INFO: Run Behavior\BuildLiteBehavior [ RunTime:0.000017s ]
INFO: [ app_init ] --END-- [ RunTime:0.000375s ]
INFO: [ app_begin ] --START--
INFO: Run Behavior\ReadHtmlCacheBehavior [ RunTime:0.000459s ]
INFO: [ app_begin ] --END-- [ RunTime:0.000520s ]
SQL: SHOW COLUMNS FROM `jf_type` [ RunTime:0.004444s ]
SQL: SELECT COUNT(*) AS tp_count FROM `jf_type` WHERE ( type_pid=0 ) LIMIT 1   [ RunTime:0.000254s ]
NOTIC: [8] Undefined index: page E:\phpstudy\WWW\jfsc\Application\Admin\Home\Controller\CommonController.class.php 第 30 行.
SQL: SELECT * FROM `jf_type` WHERE ( type_pid=0 ) ORDER BY type_id asc LIMIT 0,5   [ RunTime:0.000225s ]
SQL: SELECT COUNT(*) AS tp_count FROM `jf_type` WHERE ( type_pid=0 ) LIMIT 1   [ RunTime:0.000183s ]
NOTIC: [8] Undefined index: page E:\phpstudy\WWW\jfsc\Application\Admin\Home\Controller\CommonController.class.php 第 30 行.
SQL: SELECT * FROM `jf_type` WHERE ( type_pid=6 )  [ RunTime:0.000202s ]
SQL: SELECT * FROM `jf_type` WHERE ( type_pid=53 )  [ RunTime:0.000197s ]
SQL: SELECT * FROM `jf_type` WHERE ( type_pid=59 )  [ RunTime:0.000223s ]
SQL: SELECT * FROM `jf_type` WHERE ( type_pid=64 )  [ RunTime:0.000203s ]
SQL: SELECT * FROM `jf_type` WHERE ( type_pid=68 )  [ RunTime:0.000204s ]
NOTIC: [8] Undefined offset: 5 E:\phpstudy\WWW\jfsc\Application\Admin\Home\Controller\ProtypeController.class.php 第 127 行.
SQL: SELECT * FROM `jf_type` WHERE ( type_pid= )  [ RunTime:0.000137s ]
ERR: 1064:You have an error in your SQL syntax; check the manual that corresponds to your MySQL server version for the right syntax to use near ')' at line 1
 [ SQL语句 ] : SELECT * FROM `jf_type` WHERE ( type_pid= ) 
INFO: [ view_parse ] --START--
INFO: [ template_filter ] --START--
INFO: Run Behavior\ContentReplaceBehavior [ RunTime:0.000073s ]
INFO: [ template_filter ] --END-- [ RunTime:0.000210s ]
NOTIC: [8] Undefined variable: username E:\phpstudy\WWW\jfsc\Application\Admin\Runtime\Cache\Home\d2316413c7d19d992170d886f262453f.php 第 83 行.
INFO: Run Behavior\ParseTemplateBehavior [ RunTime:0.013680s ]
INFO: [ view_parse ] --END-- [ RunTime:0.013756s ]
INFO: [ view_filter ] --START--
INFO: Run Behavior\WriteHtmlCacheBehavior [ RunTime:0.000244s ]
INFO: [ view_filter ] --END-- [ RunTime:0.000300s ]
INFO: [ app_end ] --START--
INFO: Run Behavior\ShowPageTraceBehavior [ RunTime:0.000581s ]
INFO: [ app_end ] --END-- [ RunTime:0.000675s ]

[ 2017-02-21T17:11:48+08:00 ] ::1 /jfsc/admin.php?c=Product&a=profenlei&id=6
INFO: [ app_init ] --START--
INFO: Run Behavior\BuildLiteBehavior [ RunTime:0.000017s ]
INFO: [ app_init ] --END-- [ RunTime:0.000344s ]
INFO: [ app_begin ] --START--
INFO: Run Behavior\ReadHtmlCacheBehavior [ RunTime:0.000444s ]
INFO: [ app_begin ] --END-- [ RunTime:0.000507s ]
SQL: SHOW COLUMNS FROM `jf_type` [ RunTime:0.004880s ]
SQL: SELECT * FROM `jf_type` WHERE ( type_id=6 )  [ RunTime:0.000264s ]
SQL: SELECT * FROM `jf_type` WHERE ( type_pid=6 )  [ RunTime:0.000213s ]
SQL: SHOW COLUMNS FROM `jf_prd` [ RunTime:0.004343s ]
SQL: SELECT COUNT(*) AS tp_count FROM `jf_prd` WHERE ( cid=6 AND status=1 ) LIMIT 1   [ RunTime:0.000259s ]
NOTIC: [8] Undefined index: page E:\phpstudy\WWW\jfsc\Application\Admin\Home\Controller\CommonController.class.php 第 30 行.
SQL: SELECT * FROM `jf_prd` WHERE ( cid=6 AND status=1 ) ORDER BY prd_id desc LIMIT 0,5   [ RunTime:0.000326s ]
SQL: SELECT COUNT(*) AS tp_count FROM `jf_prd` WHERE ( cid=6 AND status=1 ) LIMIT 1   [ RunTime:0.000191s ]
NOTIC: [8] Undefined index: page E:\phpstudy\WWW\jfsc\Application\Admin\Home\Controller\CommonController.class.php 第 30 行.
NOTIC: [8] Undefined index: type E:\phpstudy\WWW\jfsc\Application\Admin\Home\Controller\ProductController.class.php 第 17 行.
NOTIC: [8] Undefined index: p_Name E:\phpstudy\WWW\jfsc\Application\Admin\Home\Controller\ProductController.class.php 第 37 行.
NOTIC: [8] Undefined variable: typepid E:\phpstudy\WWW\jfsc\Application\Admin\Home\Controller\ProductController.class.php 第 49 行.
INFO: [ view_parse ] --START--
INFO: [ template_filter ] --START--
INFO: Run Behavior\ContentReplaceBehavior [ RunTime:0.000077s ]
INFO: [ template_filter ] --END-- [ RunTime:0.000149s ]
NOTIC: [8] Use of undefined constant type_id - assumed 'type_id' E:\phpstudy\WWW\jfsc\Application\Admin\Runtime\Cache\Home\c2f1e29f9551e0a3a58a143c9ede18e3.php 第 30 行.
NOTIC: [8] Use of undefined constant type_id - assumed 'type_id' E:\phpstudy\WWW\jfsc\Application\Admin\Runtime\Cache\Home\c2f1e29f9551e0a3a58a143c9ede18e3.php 第 30 行.
NOTIC: [8] Use of undefined constant type_id - assumed 'type_id' E:\phpstudy\WWW\jfsc\Application\Admin\Runtime\Cache\Home\c2f1e29f9551e0a3a58a143c9ede18e3.php 第 30 行.
NOTIC: [8] Use of undefined constant type_id - assumed 'type_id' E:\phpstudy\WWW\jfsc\Application\Admin\Runtime\Cache\Home\c2f1e29f9551e0a3a58a143c9ede18e3.php 第 30 行.
NOTIC: [8] Undefined variable: p_Name E:\phpstudy\WWW\jfsc\Application\Admin\Runtime\Cache\Home\c2f1e29f9551e0a3a58a143c9ede18e3.php 第 91 行.
NOTIC: [8] Undefined variable: type E:\phpstudy\WWW\jfsc\Application\Admin\Runtime\Cache\Home\c2f1e29f9551e0a3a58a143c9ede18e3.php 第 91 行.
NOTIC: [8] Undefined variable: p_Name E:\phpstudy\WWW\jfsc\Application\Admin\Runtime\Cache\Home\c2f1e29f9551e0a3a58a143c9ede18e3.php 第 92 行.
NOTIC: [8] Undefined variable: type E:\phpstudy\WWW\jfsc\Application\Admin\Runtime\Cache\Home\c2f1e29f9551e0a3a58a143c9ede18e3.php 第 92 行.
NOTIC: [8] Undefined variable: p_Name E:\phpstudy\WWW\jfsc\Application\Admin\Runtime\Cache\Home\c2f1e29f9551e0a3a58a143c9ede18e3.php 第 93 行.
NOTIC: [8] Undefined variable: type E:\phpstudy\WWW\jfsc\Application\Admin\Runtime\Cache\Home\c2f1e29f9551e0a3a58a143c9ede18e3.php 第 93 行.
NOTIC: [8] Undefined variable: p_Name E:\phpstudy\WWW\jfsc\Application\Admin\Runtime\Cache\Home\c2f1e29f9551e0a3a58a143c9ede18e3.php 第 94 行.
NOTIC: [8] Undefined variable: type E:\phpstudy\WWW\jfsc\Application\Admin\Runtime\Cache\Home\c2f1e29f9551e0a3a58a143c9ede18e3.php 第 94 行.
NOTIC: [8] Undefined variable: type E:\phpstudy\WWW\jfsc\Application\Admin\Runtime\Cache\Home\c2f1e29f9551e0a3a58a143c9ede18e3.php 第 106 行.
NOTIC: [8] Undefined variable: p_Name E:\phpstudy\WWW\jfsc\Application\Admin\Runtime\Cache\Home\c2f1e29f9551e0a3a58a143c9ede18e3.php 第 107 行.
INFO: Run Behavior\ParseTemplateBehavior [ RunTime:0.011637s ]
INFO: [ view_parse ] --END-- [ RunTime:0.011699s ]
INFO: [ view_filter ] --START--
INFO: Run Behavior\WriteHtmlCacheBehavior [ RunTime:0.000241s ]
INFO: [ view_filter ] --END-- [ RunTime:0.000294s ]
INFO: [ app_end ] --START--
INFO: Run Behavior\ShowPageTraceBehavior [ RunTime:0.000550s ]
INFO: [ app_end ] --END-- [ RunTime:0.000627s ]

[ 2017-02-21T17:11:54+08:00 ] ::1 /jfsc/admin.php?c=Product&a=edit&prd_id=59
INFO: [ app_init ] --START--
INFO: Run Behavior\BuildLiteBehavior [ RunTime:0.000016s ]
INFO: [ app_init ] --END-- [ RunTime:0.000402s ]
INFO: [ app_begin ] --START--
INFO: Run Behavior\ReadHtmlCacheBehavior [ RunTime:0.000449s ]
INFO: [ app_begin ] --END-- [ RunTime:0.000540s ]
SQL: SHOW COLUMNS FROM `jf_type` [ RunTime:0.004387s ]
SQL: SELECT * FROM `jf_type` WHERE ( type_pid=0 )  [ RunTime:0.000292s ]
SQL: SELECT * FROM `jf_type` WHERE ( type_pid=6 )  [ RunTime:0.000205s ]
SQL: SELECT * FROM `jf_type` WHERE ( type_pid=53 )  [ RunTime:0.000202s ]
SQL: SELECT * FROM `jf_type` WHERE ( type_pid=59 )  [ RunTime:0.000193s ]
SQL: SELECT * FROM `jf_type` WHERE ( type_pid=64 )  [ RunTime:0.000197s ]
SQL: SELECT * FROM `jf_type` WHERE ( type_pid=68 )  [ RunTime:0.000196s ]
SQL: SELECT * FROM `jf_type` WHERE ( type_pid=74 )  [ RunTime:0.000190s ]
NOTIC: [8] Undefined offset: 6 E:\phpstudy\WWW\jfsc\Application\Admin\Home\Controller\ProtypeController.class.php 第 127 行.
SQL: SELECT * FROM `jf_type` WHERE ( type_pid= )  [ RunTime:0.000134s ]
ERR: 1064:You have an error in your SQL syntax; check the manual that corresponds to your MySQL server version for the right syntax to use near ')' at line 1
 [ SQL语句 ] : SELECT * FROM `jf_type` WHERE ( type_pid= ) 
SQL: SHOW COLUMNS FROM `jf_product` [ RunTime:0.004537s ]
ERR: 1146:Table 'jfsc.jf_product' doesn't exist
 [ SQL语句 ] : SHOW COLUMNS FROM `jf_product`
SQL: SHOW COLUMNS FROM `jf_prd` [ RunTime:0.005430s ]
SQL: SELECT * FROM `jf_prd` WHERE ( prd_id=59 ) LIMIT 1   [ RunTime:0.000286s ]
INFO: [ view_parse ] --START--
INFO: [ template_filter ] --START--
INFO: Run Behavior\ContentReplaceBehavior [ RunTime:0.000075s ]
INFO: [ template_filter ] --END-- [ RunTime:0.000151s ]
NOTIC: [8] Use of undefined constant type - assumed 'type' E:\phpstudy\WWW\jfsc\Application\Admin\Runtime\Cache\Home\4d35a4d06e4d18b7fadb4eac14e5a02d.php 第 68 行.
NOTIC: [8] Use of undefined constant type_name - assumed 'type_name' E:\phpstudy\WWW\jfsc\Application\Admin\Runtime\Cache\Home\4d35a4d06e4d18b7fadb4eac14e5a02d.php 第 68 行.
NOTIC: [8] Use of undefined constant type - assumed 'type' E:\phpstudy\WWW\jfsc\Application\Admin\Runtime\Cache\Home\4d35a4d06e4d18b7fadb4eac14e5a02d.php 第 68 行.
NOTIC: [8] Use of undefined constant type_name - assumed 'type_name' E:\phpstudy\WWW\jfsc\Application\Admin\Runtime\Cache\Home\4d35a4d06e4d18b7fadb4eac14e5a02d.php 第 68 行.
NOTIC: [8] Use of undefined constant type - assumed 'type' E:\phpstudy\WWW\jfsc\Application\Admin\Runtime\Cache\Home\4d35a4d06e4d18b7fadb4eac14e5a02d.php 第 68 行.
NOTIC: [8] Use of undefined constant type_name - assumed 'type_name' E:\phpstudy\WWW\jfsc\Application\Admin\Runtime\Cache\Home\4d35a4d06e4d18b7fadb4eac14e5a02d.php 第 68 行.
NOTIC: [8] Use of undefined constant type - assumed 'type' E:\phpstudy\WWW\jfsc\Application\Admin\Runtime\Cache\Home\4d35a4d06e4d18b7fadb4eac14e5a02d.php 第 68 行.
NOTIC: [8] Use of undefined constant type_name - assumed 'type_name' E:\phpstudy\WWW\jfsc\Application\Admin\Runtime\Cache\Home\4d35a4d06e4d18b7fadb4eac14e5a02d.php 第 68 行.
NOTIC: [8] Use of undefined constant type - assumed 'type' E:\phpstudy\WWW\jfsc\Application\Admin\Runtime\Cache\Home\4d35a4d06e4d18b7fadb4eac14e5a02d.php 第 68 行.
NOTIC: [8] Use of undefined constant type_name - assumed 'type_name' E:\phpstudy\WWW\jfsc\Application\Admin\Runtime\Cache\Home\4d35a4d06e4d18b7fadb4eac14e5a02d.php 第 68 行.
NOTIC: [8] Use of undefined constant type - assumed 'type' E:\phpstudy\WWW\jfsc\Application\Admin\Runtime\Cache\Home\4d35a4d06e4d18b7fadb4eac14e5a02d.php 第 68 行.
NOTIC: [8] Use of undefined constant type_name - assumed 'type_name' E:\phpstudy\WWW\jfsc\Application\Admin\Runtime\Cache\Home\4d35a4d06e4d18b7fadb4eac14e5a02d.php 第 68 行.
NOTIC: [8] Use of undefined constant type - assumed 'type' E:\phpstudy\WWW\jfsc\Application\Admin\Runtime\Cache\Home\4d35a4d06e4d18b7fadb4eac14e5a02d.php 第 68 行.
NOTIC: [8] Use of undefined constant type_name - assumed 'type_name' E:\phpstudy\WWW\jfsc\Application\Admin\Runtime\Cache\Home\4d35a4d06e4d18b7fadb4eac14e5a02d.php 第 68 行.
NOTIC: [8] Use of undefined constant type - assumed 'type' E:\phpstudy\WWW\jfsc\Application\Admin\Runtime\Cache\Home\4d35a4d06e4d18b7fadb4eac14e5a02d.php 第 68 行.
NOTIC: [8] Use of undefined constant type_name - assumed 'type_name' E:\phpstudy\WWW\jfsc\Application\Admin\Runtime\Cache\Home\4d35a4d06e4d18b7fadb4eac14e5a02d.php 第 68 行.
NOTIC: [8] Use of undefined constant type - assumed 'type' E:\phpstudy\WWW\jfsc\Application\Admin\Runtime\Cache\Home\4d35a4d06e4d18b7fadb4eac14e5a02d.php 第 68 行.
NOTIC: [8] Use of undefined constant type_name - assumed 'type_name' E:\phpstudy\WWW\jfsc\Application\Admin\Runtime\Cache\Home\4d35a4d06e4d18b7fadb4eac14e5a02d.php 第 68 行.
NOTIC: [8] Use of undefined constant type - assumed 'type' E:\phpstudy\WWW\jfsc\Application\Admin\Runtime\Cache\Home\4d35a4d06e4d18b7fadb4eac14e5a02d.php 第 68 行.
NOTIC: [8] Use of undefined constant type_name - assumed 'type_name' E:\phpstudy\WWW\jfsc\Application\Admin\Runtime\Cache\Home\4d35a4d06e4d18b7fadb4eac14e5a02d.php 第 68 行.
NOTIC: [8] Use of undefined constant type - assumed 'type' E:\phpstudy\WWW\jfsc\Application\Admin\Runtime\Cache\Home\4d35a4d06e4d18b7fadb4eac14e5a02d.php 第 68 行.
NOTIC: [8] Use of undefined constant type_name - assumed 'type_name' E:\phpstudy\WWW\jfsc\Application\Admin\Runtime\Cache\Home\4d35a4d06e4d18b7fadb4eac14e5a02d.php 第 68 行.
NOTIC: [8] Use of undefined constant type - assumed 'type' E:\phpstudy\WWW\jfsc\Application\Admin\Runtime\Cache\Home\4d35a4d06e4d18b7fadb4eac14e5a02d.php 第 68 行.
NOTIC: [8] Use of undefined constant type_name - assumed 'type_name' E:\phpstudy\WWW\jfsc\Application\Admin\Runtime\Cache\Home\4d35a4d06e4d18b7fadb4eac14e5a02d.php 第 68 行.
NOTIC: [8] Use of undefined constant type - assumed 'type' E:\phpstudy\WWW\jfsc\Application\Admin\Runtime\Cache\Home\4d35a4d06e4d18b7fadb4eac14e5a02d.php 第 68 行.
NOTIC: [8] Use of undefined constant type_name - assumed 'type_name' E:\phpstudy\WWW\jfsc\Application\Admin\Runtime\Cache\Home\4d35a4d06e4d18b7fadb4eac14e5a02d.php 第 68 行.
NOTIC: [8] Use of undefined constant type - assumed 'type' E:\phpstudy\WWW\jfsc\Application\Admin\Runtime\Cache\Home\4d35a4d06e4d18b7fadb4eac14e5a02d.php 第 68 行.
NOTIC: [8] Use of undefined constant type_name - assumed 'type_name' E:\phpstudy\WWW\jfsc\Application\Admin\Runtime\Cache\Home\4d35a4d06e4d18b7fadb4eac14e5a02d.php 第 68 行.
NOTIC: [8] Use of undefined constant type - assumed 'type' E:\phpstudy\WWW\jfsc\Application\Admin\Runtime\Cache\Home\4d35a4d06e4d18b7fadb4eac14e5a02d.php 第 68 行.
NOTIC: [8] Use of undefined constant type_name - assumed 'type_name' E:\phpstudy\WWW\jfsc\Application\Admin\Runtime\Cache\Home\4d35a4d06e4d18b7fadb4eac14e5a02d.php 第 68 行.
NOTIC: [8] Use of undefined constant type - assumed 'type' E:\phpstudy\WWW\jfsc\Application\Admin\Runtime\Cache\Home\4d35a4d06e4d18b7fadb4eac14e5a02d.php 第 68 行.
NOTIC: [8] Use of undefined constant type_name - assumed 'type_name' E:\phpstudy\WWW\jfsc\Application\Admin\Runtime\Cache\Home\4d35a4d06e4d18b7fadb4eac14e5a02d.php 第 68 行.
NOTIC: [8] Use of undefined constant type - assumed 'type' E:\phpstudy\WWW\jfsc\Application\Admin\Runtime\Cache\Home\4d35a4d06e4d18b7fadb4eac14e5a02d.php 第 68 行.
NOTIC: [8] Use of undefined constant type_name - assumed 'type_name' E:\phpstudy\WWW\jfsc\Application\Admin\Runtime\Cache\Home\4d35a4d06e4d18b7fadb4eac14e5a02d.php 第 68 行.
NOTIC: [8] Use of undefined constant type - assumed 'type' E:\phpstudy\WWW\jfsc\Application\Admin\Runtime\Cache\Home\4d35a4d06e4d18b7fadb4eac14e5a02d.php 第 68 行.
NOTIC: [8] Use of undefined constant type_name - assumed 'type_name' E:\phpstudy\WWW\jfsc\Application\Admin\Runtime\Cache\Home\4d35a4d06e4d18b7fadb4eac14e5a02d.php 第 68 行.
NOTIC: [8] Use of undefined constant type - assumed 'type' E:\phpstudy\WWW\jfsc\Application\Admin\Runtime\Cache\Home\4d35a4d06e4d18b7fadb4eac14e5a02d.php 第 68 行.
NOTIC: [8] Use of undefined constant type_name - assumed 'type_name' E:\phpstudy\WWW\jfsc\Application\Admin\Runtime\Cache\Home\4d35a4d06e4d18b7fadb4eac14e5a02d.php 第 68 行.
NOTIC: [8] Use of undefined constant type - assumed 'type' E:\phpstudy\WWW\jfsc\Application\Admin\Runtime\Cache\Home\4d35a4d06e4d18b7fadb4eac14e5a02d.php 第 68 行.
NOTIC: [8] Use of undefined constant type_name - assumed 'type_name' E:\phpstudy\WWW\jfsc\Application\Admin\Runtime\Cache\Home\4d35a4d06e4d18b7fadb4eac14e5a02d.php 第 68 行.
INFO: Run Behavior\ParseTemplateBehavior [ RunTime:0.069385s ]
INFO: [ view_parse ] --END-- [ RunTime:0.069453s ]
INFO: [ view_filter ] --START--
INFO: Run Behavior\WriteHtmlCacheBehavior [ RunTime:0.000266s ]
INFO: [ view_filter ] --END-- [ RunTime:0.000319s ]
INFO: [ app_end ] --START--
INFO: Run Behavior\ShowPageTraceBehavior [ RunTime:0.000483s ]
INFO: [ app_end ] --END-- [ RunTime:0.000537s ]

[ 2017-02-21T17:12:08+08:00 ] ::1 /jfsc/admin.php?c=Product&a=edit&prd_id=59
INFO: [ app_init ] --START--
INFO: Run Behavior\BuildLiteBehavior [ RunTime:0.000015s ]
INFO: [ app_init ] --END-- [ RunTime:0.000418s ]
INFO: [ app_begin ] --START--
INFO: Run Behavior\ReadHtmlCacheBehavior [ RunTime:0.000630s ]
INFO: [ app_begin ] --END-- [ RunTime:0.000691s ]
SQL: SHOW COLUMNS FROM `jf_type` [ RunTime:0.004363s ]
SQL: SELECT * FROM `jf_type` WHERE ( type_pid=0 )  [ RunTime:0.000244s ]
SQL: SELECT * FROM `jf_type` WHERE ( type_pid=6 )  [ RunTime:0.000203s ]
SQL: SELECT * FROM `jf_type` WHERE ( type_pid=53 )  [ RunTime:0.000200s ]
SQL: SELECT * FROM `jf_type` WHERE ( type_pid=59 )  [ RunTime:0.000196s ]
SQL: SELECT * FROM `jf_type` WHERE ( type_pid=64 )  [ RunTime:0.000195s ]
SQL: SELECT * FROM `jf_type` WHERE ( type_pid=68 )  [ RunTime:0.000197s ]
SQL: SELECT * FROM `jf_type` WHERE ( type_pid=74 )  [ RunTime:0.000212s ]
NOTIC: [8] Undefined offset: 6 E:\phpstudy\WWW\jfsc\Application\Admin\Home\Controller\ProtypeController.class.php 第 127 行.
SQL: SELECT * FROM `jf_type` WHERE ( type_pid= )  [ RunTime:0.000174s ]
ERR: 1064:You have an error in your SQL syntax; check the manual that corresponds to your MySQL server version for the right syntax to use near ')' at line 1
 [ SQL语句 ] : SELECT * FROM `jf_type` WHERE ( type_pid= ) 
SQL: SHOW COLUMNS FROM `jf_product` [ RunTime:0.014436s ]
ERR: 1146:Table 'jfsc.jf_product' doesn't exist
 [ SQL语句 ] : SHOW COLUMNS FROM `jf_product`
SQL: SHOW COLUMNS FROM `jf_prd` [ RunTime:0.004643s ]
SQL: SELECT * FROM `jf_prd` WHERE ( prd_id=59 ) LIMIT 1   [ RunTime:0.000291s ]
INFO: [ view_parse ] --START--
INFO: [ template_filter ] --START--
INFO: Run Behavior\ContentReplaceBehavior [ RunTime:0.000075s ]
INFO: [ template_filter ] --END-- [ RunTime:0.000148s ]
NOTIC: [8] Use of undefined constant type - assumed 'type' E:\phpstudy\WWW\jfsc\Application\Admin\Runtime\Cache\Home\4d35a4d06e4d18b7fadb4eac14e5a02d.php 第 68 行.
NOTIC: [8] Use of undefined constant type_name - assumed 'type_name' E:\phpstudy\WWW\jfsc\Application\Admin\Runtime\Cache\Home\4d35a4d06e4d18b7fadb4eac14e5a02d.php 第 68 行.
NOTIC: [8] Use of undefined constant type - assumed 'type' E:\phpstudy\WWW\jfsc\Application\Admin\Runtime\Cache\Home\4d35a4d06e4d18b7fadb4eac14e5a02d.php 第 68 行.
NOTIC: [8] Use of undefined constant type_name - assumed 'type_name' E:\phpstudy\WWW\jfsc\Application\Admin\Runtime\Cache\Home\4d35a4d06e4d18b7fadb4eac14e5a02d.php 第 68 行.
NOTIC: [8] Use of undefined constant type - assumed 'type' E:\phpstudy\WWW\jfsc\Application\Admin\Runtime\Cache\Home\4d35a4d06e4d18b7fadb4eac14e5a02d.php 第 68 行.
NOTIC: [8] Use of undefined constant type_name - assumed 'type_name' E:\phpstudy\WWW\jfsc\Application\Admin\Runtime\Cache\Home\4d35a4d06e4d18b7fadb4eac14e5a02d.php 第 68 行.
NOTIC: [8] Use of undefined constant type - assumed 'type' E:\phpstudy\WWW\jfsc\Application\Admin\Runtime\Cache\Home\4d35a4d06e4d18b7fadb4eac14e5a02d.php 第 68 行.
NOTIC: [8] Use of undefined constant type_name - assumed 'type_name' E:\phpstudy\WWW\jfsc\Application\Admin\Runtime\Cache\Home\4d35a4d06e4d18b7fadb4eac14e5a02d.php 第 68 行.
NOTIC: [8] Use of undefined constant type - assumed 'type' E:\phpstudy\WWW\jfsc\Application\Admin\Runtime\Cache\Home\4d35a4d06e4d18b7fadb4eac14e5a02d.php 第 68 行.
NOTIC: [8] Use of undefined constant type_name - assumed 'type_name' E:\phpstudy\WWW\jfsc\Application\Admin\Runtime\Cache\Home\4d35a4d06e4d18b7fadb4eac14e5a02d.php 第 68 行.
NOTIC: [8] Use of undefined constant type - assumed 'type' E:\phpstudy\WWW\jfsc\Application\Admin\Runtime\Cache\Home\4d35a4d06e4d18b7fadb4eac14e5a02d.php 第 68 行.
NOTIC: [8] Use of undefined constant type_name - assumed 'type_name' E:\phpstudy\WWW\jfsc\Application\Admin\Runtime\Cache\Home\4d35a4d06e4d18b7fadb4eac14e5a02d.php 第 68 行.
NOTIC: [8] Use of undefined constant type - assumed 'type' E:\phpstudy\WWW\jfsc\Application\Admin\Runtime\Cache\Home\4d35a4d06e4d18b7fadb4eac14e5a02d.php 第 68 行.
NOTIC: [8] Use of undefined constant type_name - assumed 'type_name' E:\phpstudy\WWW\jfsc\Application\Admin\Runtime\Cache\Home\4d35a4d06e4d18b7fadb4eac14e5a02d.php 第 68 行.
NOTIC: [8] Use of undefined constant type - assumed 'type' E:\phpstudy\WWW\jfsc\Application\Admin\Runtime\Cache\Home\4d35a4d06e4d18b7fadb4eac14e5a02d.php 第 68 行.
NOTIC: [8] Use of undefined constant type_name - assumed 'type_name' E:\phpstudy\WWW\jfsc\Application\Admin\Runtime\Cache\Home\4d35a4d06e4d18b7fadb4eac14e5a02d.php 第 68 行.
NOTIC: [8] Use of undefined constant type - assumed 'type' E:\phpstudy\WWW\jfsc\Application\Admin\Runtime\Cache\Home\4d35a4d06e4d18b7fadb4eac14e5a02d.php 第 68 行.
NOTIC: [8] Use of undefined constant type_name - assumed 'type_name' E:\phpstudy\WWW\jfsc\Application\Admin\Runtime\Cache\Home\4d35a4d06e4d18b7fadb4eac14e5a02d.php 第 68 行.
NOTIC: [8] Use of undefined constant type - assumed 'type' E:\phpstudy\WWW\jfsc\Application\Admin\Runtime\Cache\Home\4d35a4d06e4d18b7fadb4eac14e5a02d.php 第 68 行.
NOTIC: [8] Use of undefined constant type_name - assumed 'type_name' E:\phpstudy\WWW\jfsc\Application\Admin\Runtime\Cache\Home\4d35a4d06e4d18b7fadb4eac14e5a02d.php 第 68 行.
NOTIC: [8] Use of undefined constant type - assumed 'type' E:\phpstudy\WWW\jfsc\Application\Admin\Runtime\Cache\Home\4d35a4d06e4d18b7fadb4eac14e5a02d.php 第 68 行.
NOTIC: [8] Use of undefined constant type_name - assumed 'type_name' E:\phpstudy\WWW\jfsc\Application\Admin\Runtime\Cache\Home\4d35a4d06e4d18b7fadb4eac14e5a02d.php 第 68 行.
NOTIC: [8] Use of undefined constant type - assumed 'type' E:\phpstudy\WWW\jfsc\Application\Admin\Runtime\Cache\Home\4d35a4d06e4d18b7fadb4eac14e5a02d.php 第 68 行.
NOTIC: [8] Use of undefined constant type_name - assumed 'type_name' E:\phpstudy\WWW\jfsc\Application\Admin\Runtime\Cache\Home\4d35a4d06e4d18b7fadb4eac14e5a02d.php 第 68 行.
NOTIC: [8] Use of undefined constant type - assumed 'type' E:\phpstudy\WWW\jfsc\Application\Admin\Runtime\Cache\Home\4d35a4d06e4d18b7fadb4eac14e5a02d.php 第 68 行.
NOTIC: [8] Use of undefined constant type_name - assumed 'type_name' E:\phpstudy\WWW\jfsc\Application\Admin\Runtime\Cache\Home\4d35a4d06e4d18b7fadb4eac14e5a02d.php 第 68 行.
NOTIC: [8] Use of undefined constant type - assumed 'type' E:\phpstudy\WWW\jfsc\Application\Admin\Runtime\Cache\Home\4d35a4d06e4d18b7fadb4eac14e5a02d.php 第 68 行.
NOTIC: [8] Use of undefined constant type_name - assumed 'type_name' E:\phpstudy\WWW\jfsc\Application\Admin\Runtime\Cache\Home\4d35a4d06e4d18b7fadb4eac14e5a02d.php 第 68 行.
NOTIC: [8] Use of undefined constant type - assumed 'type' E:\phpstudy\WWW\jfsc\Application\Admin\Runtime\Cache\Home\4d35a4d06e4d18b7fadb4eac14e5a02d.php 第 68 行.
NOTIC: [8] Use of undefined constant type_name - assumed 'type_name' E:\phpstudy\WWW\jfsc\Application\Admin\Runtime\Cache\Home\4d35a4d06e4d18b7fadb4eac14e5a02d.php 第 68 行.
NOTIC: [8] Use of undefined constant type - assumed 'type' E:\phpstudy\WWW\jfsc\Application\Admin\Runtime\Cache\Home\4d35a4d06e4d18b7fadb4eac14e5a02d.php 第 68 行.
NOTIC: [8] Use of undefined constant type_name - assumed 'type_name' E:\phpstudy\WWW\jfsc\Application\Admin\Runtime\Cache\Home\4d35a4d06e4d18b7fadb4eac14e5a02d.php 第 68 行.
NOTIC: [8] Use of undefined constant type - assumed 'type' E:\phpstudy\WWW\jfsc\Application\Admin\Runtime\Cache\Home\4d35a4d06e4d18b7fadb4eac14e5a02d.php 第 68 行.
NOTIC: [8] Use of undefined constant type_name - assumed 'type_name' E:\phpstudy\WWW\jfsc\Application\Admin\Runtime\Cache\Home\4d35a4d06e4d18b7fadb4eac14e5a02d.php 第 68 行.
NOTIC: [8] Use of undefined constant type - assumed 'type' E:\phpstudy\WWW\jfsc\Application\Admin\Runtime\Cache\Home\4d35a4d06e4d18b7fadb4eac14e5a02d.php 第 68 行.
NOTIC: [8] Use of undefined constant type_name - assumed 'type_name' E:\phpstudy\WWW\jfsc\Application\Admin\Runtime\Cache\Home\4d35a4d06e4d18b7fadb4eac14e5a02d.php 第 68 行.
NOTIC: [8] Use of undefined constant type - assumed 'type' E:\phpstudy\WWW\jfsc\Application\Admin\Runtime\Cache\Home\4d35a4d06e4d18b7fadb4eac14e5a02d.php 第 68 行.
NOTIC: [8] Use of undefined constant type_name - assumed 'type_name' E:\phpstudy\WWW\jfsc\Application\Admin\Runtime\Cache\Home\4d35a4d06e4d18b7fadb4eac14e5a02d.php 第 68 行.
NOTIC: [8] Use of undefined constant type - assumed 'type' E:\phpstudy\WWW\jfsc\Application\Admin\Runtime\Cache\Home\4d35a4d06e4d18b7fadb4eac14e5a02d.php 第 68 行.
NOTIC: [8] Use of undefined constant type_name - assumed 'type_name' E:\phpstudy\WWW\jfsc\Application\Admin\Runtime\Cache\Home\4d35a4d06e4d18b7fadb4eac14e5a02d.php 第 68 行.
INFO: Run Behavior\ParseTemplateBehavior [ RunTime:0.010624s ]
INFO: [ view_parse ] --END-- [ RunTime:0.010692s ]
INFO: [ view_filter ] --START--
INFO: Run Behavior\WriteHtmlCacheBehavior [ RunTime:0.000375s ]
INFO: [ view_filter ] --END-- [ RunTime:0.000436s ]
INFO: [ app_end ] --START--
INFO: Run Behavior\ShowPageTraceBehavior [ RunTime:0.000808s ]
INFO: [ app_end ] --END-- [ RunTime:0.000885s ]

[ 2017-02-21T17:12:12+08:00 ] ::1 /jfsc/admin.php?c=Product&a=edit&prd_id=59
INFO: [ app_init ] --START--
INFO: Run Behavior\BuildLiteBehavior [ RunTime:0.000015s ]
INFO: [ app_init ] --END-- [ RunTime:0.000326s ]
INFO: [ app_begin ] --START--
INFO: Run Behavior\ReadHtmlCacheBehavior [ RunTime:0.000423s ]
INFO: [ app_begin ] --END-- [ RunTime:0.000480s ]
SQL: SHOW COLUMNS FROM `jf_type` [ RunTime:0.004444s ]
SQL: SELECT * FROM `jf_type` WHERE ( type_pid=0 )  [ RunTime:0.000280s ]
SQL: SELECT * FROM `jf_type` WHERE ( type_pid=6 )  [ RunTime:0.000205s ]
SQL: SELECT * FROM `jf_type` WHERE ( type_pid=53 )  [ RunTime:0.000200s ]
SQL: SELECT * FROM `jf_type` WHERE ( type_pid=59 )  [ RunTime:0.000195s ]
SQL: SELECT * FROM `jf_type` WHERE ( type_pid=64 )  [ RunTime:0.000199s ]
SQL: SELECT * FROM `jf_type` WHERE ( type_pid=68 )  [ RunTime:0.000198s ]
SQL: SELECT * FROM `jf_type` WHERE ( type_pid=74 )  [ RunTime:0.000189s ]
NOTIC: [8] Undefined offset: 6 E:\phpstudy\WWW\jfsc\Application\Admin\Home\Controller\ProtypeController.class.php 第 127 行.
SQL: SELECT * FROM `jf_type` WHERE ( type_pid= )  [ RunTime:0.000129s ]
ERR: 1064:You have an error in your SQL syntax; check the manual that corresponds to your MySQL server version for the right syntax to use near ')' at line 1
 [ SQL语句 ] : SELECT * FROM `jf_type` WHERE ( type_pid= ) 
SQL: SHOW COLUMNS FROM `jf_product` [ RunTime:0.011383s ]
ERR: 1146:Table 'jfsc.jf_product' doesn't exist
 [ SQL语句 ] : SHOW COLUMNS FROM `jf_product`
SQL: SHOW COLUMNS FROM `jf_prd` [ RunTime:0.004287s ]
SQL: SELECT * FROM `jf_prd` WHERE ( prd_id=59 ) LIMIT 1   [ RunTime:0.000240s ]
INFO: [ view_parse ] --START--
INFO: [ template_filter ] --START--
INFO: Run Behavior\ContentReplaceBehavior [ RunTime:0.000077s ]
INFO: [ template_filter ] --END-- [ RunTime:0.000153s ]
NOTIC: [8] Use of undefined constant type - assumed 'type' E:\phpstudy\WWW\jfsc\Application\Admin\Runtime\Cache\Home\4d35a4d06e4d18b7fadb4eac14e5a02d.php 第 68 行.
NOTIC: [8] Use of undefined constant type_name - assumed 'type_name' E:\phpstudy\WWW\jfsc\Application\Admin\Runtime\Cache\Home\4d35a4d06e4d18b7fadb4eac14e5a02d.php 第 68 行.
NOTIC: [8] Use of undefined constant type - assumed 'type' E:\phpstudy\WWW\jfsc\Application\Admin\Runtime\Cache\Home\4d35a4d06e4d18b7fadb4eac14e5a02d.php 第 68 行.
NOTIC: [8] Use of undefined constant type_name - assumed 'type_name' E:\phpstudy\WWW\jfsc\Application\Admin\Runtime\Cache\Home\4d35a4d06e4d18b7fadb4eac14e5a02d.php 第 68 行.
NOTIC: [8] Use of undefined constant type - assumed 'type' E:\phpstudy\WWW\jfsc\Application\Admin\Runtime\Cache\Home\4d35a4d06e4d18b7fadb4eac14e5a02d.php 第 68 行.
NOTIC: [8] Use of undefined constant type_name - assumed 'type_name' E:\phpstudy\WWW\jfsc\Application\Admin\Runtime\Cache\Home\4d35a4d06e4d18b7fadb4eac14e5a02d.php 第 68 行.
NOTIC: [8] Use of undefined constant type - assumed 'type' E:\phpstudy\WWW\jfsc\Application\Admin\Runtime\Cache\Home\4d35a4d06e4d18b7fadb4eac14e5a02d.php 第 68 行.
NOTIC: [8] Use of undefined constant type_name - assumed 'type_name' E:\phpstudy\WWW\jfsc\Application\Admin\Runtime\Cache\Home\4d35a4d06e4d18b7fadb4eac14e5a02d.php 第 68 行.
NOTIC: [8] Use of undefined constant type - assumed 'type' E:\phpstudy\WWW\jfsc\Application\Admin\Runtime\Cache\Home\4d35a4d06e4d18b7fadb4eac14e5a02d.php 第 68 行.
NOTIC: [8] Use of undefined constant type_name - assumed 'type_name' E:\phpstudy\WWW\jfsc\Application\Admin\Runtime\Cache\Home\4d35a4d06e4d18b7fadb4eac14e5a02d.php 第 68 行.
NOTIC: [8] Use of undefined constant type - assumed 'type' E:\phpstudy\WWW\jfsc\Application\Admin\Runtime\Cache\Home\4d35a4d06e4d18b7fadb4eac14e5a02d.php 第 68 行.
NOTIC: [8] Use of undefined constant type_name - assumed 'type_name' E:\phpstudy\WWW\jfsc\Application\Admin\Runtime\Cache\Home\4d35a4d06e4d18b7fadb4eac14e5a02d.php 第 68 行.
NOTIC: [8] Use of undefined constant type - assumed 'type' E:\phpstudy\WWW\jfsc\Application\Admin\Runtime\Cache\Home\4d35a4d06e4d18b7fadb4eac14e5a02d.php 第 68 行.
NOTIC: [8] Use of undefined constant type_name - assumed 'type_name' E:\phpstudy\WWW\jfsc\Application\Admin\Runtime\Cache\Home\4d35a4d06e4d18b7fadb4eac14e5a02d.php 第 68 行.
NOTIC: [8] Use of undefined constant type - assumed 'type' E:\phpstudy\WWW\jfsc\Application\Admin\Runtime\Cache\Home\4d35a4d06e4d18b7fadb4eac14e5a02d.php 第 68 行.
NOTIC: [8] Use of undefined constant type_name - assumed 'type_name' E:\phpstudy\WWW\jfsc\Application\Admin\Runtime\Cache\Home\4d35a4d06e4d18b7fadb4eac14e5a02d.php 第 68 行.
NOTIC: [8] Use of undefined constant type - assumed 'type' E:\phpstudy\WWW\jfsc\Application\Admin\Runtime\Cache\Home\4d35a4d06e4d18b7fadb4eac14e5a02d.php 第 68 行.
NOTIC: [8] Use of undefined constant type_name - assumed 'type_name' E:\phpstudy\WWW\jfsc\Application\Admin\Runtime\Cache\Home\4d35a4d06e4d18b7fadb4eac14e5a02d.php 第 68 行.
NOTIC: [8] Use of undefined constant type - assumed 'type' E:\phpstudy\WWW\jfsc\Application\Admin\Runtime\Cache\Home\4d35a4d06e4d18b7fadb4eac14e5a02d.php 第 68 行.
NOTIC: [8] Use of undefined constant type_name - assumed 'type_name' E:\phpstudy\WWW\jfsc\Application\Admin\Runtime\Cache\Home\4d35a4d06e4d18b7fadb4eac14e5a02d.php 第 68 行.
NOTIC: [8] Use of undefined constant type - assumed 'type' E:\phpstudy\WWW\jfsc\Application\Admin\Runtime\Cache\Home\4d35a4d06e4d18b7fadb4eac14e5a02d.php 第 68 行.
NOTIC: [8] Use of undefined constant type_name - assumed 'type_name' E:\phpstudy\WWW\jfsc\Application\Admin\Runtime\Cache\Home\4d35a4d06e4d18b7fadb4eac14e5a02d.php 第 68 行.
NOTIC: [8] Use of undefined constant type - assumed 'type' E:\phpstudy\WWW\jfsc\Application\Admin\Runtime\Cache\Home\4d35a4d06e4d18b7fadb4eac14e5a02d.php 第 68 行.
NOTIC: [8] Use of undefined constant type_name - assumed 'type_name' E:\phpstudy\WWW\jfsc\Application\Admin\Runtime\Cache\Home\4d35a4d06e4d18b7fadb4eac14e5a02d.php 第 68 行.
NOTIC: [8] Use of undefined constant type - assumed 'type' E:\phpstudy\WWW\jfsc\Application\Admin\Runtime\Cache\Home\4d35a4d06e4d18b7fadb4eac14e5a02d.php 第 68 行.
NOTIC: [8] Use of undefined constant type_name - assumed 'type_name' E:\phpstudy\WWW\jfsc\Application\Admin\Runtime\Cache\Home\4d35a4d06e4d18b7fadb4eac14e5a02d.php 第 68 行.
NOTIC: [8] Use of undefined constant type - assumed 'type' E:\phpstudy\WWW\jfsc\Application\Admin\Runtime\Cache\Home\4d35a4d06e4d18b7fadb4eac14e5a02d.php 第 68 行.
NOTIC: [8] Use of undefined constant type_name - assumed 'type_name' E:\phpstudy\WWW\jfsc\Application\Admin\Runtime\Cache\Home\4d35a4d06e4d18b7fadb4eac14e5a02d.php 第 68 行.
NOTIC: [8] Use of undefined constant type - assumed 'type' E:\phpstudy\WWW\jfsc\Application\Admin\Runtime\Cache\Home\4d35a4d06e4d18b7fadb4eac14e5a02d.php 第 68 行.
NOTIC: [8] Use of undefined constant type_name - assumed 'type_name' E:\phpstudy\WWW\jfsc\Application\Admin\Runtime\Cache\Home\4d35a4d06e4d18b7fadb4eac14e5a02d.php 第 68 行.
NOTIC: [8] Use of undefined constant type - assumed 'type' E:\phpstudy\WWW\jfsc\Application\Admin\Runtime\Cache\Home\4d35a4d06e4d18b7fadb4eac14e5a02d.php 第 68 行.
NOTIC: [8] Use of undefined constant type_name - assumed 'type_name' E:\phpstudy\WWW\jfsc\Application\Admin\Runtime\Cache\Home\4d35a4d06e4d18b7fadb4eac14e5a02d.php 第 68 行.
NOTIC: [8] Use of undefined constant type - assumed 'type' E:\phpstudy\WWW\jfsc\Application\Admin\Runtime\Cache\Home\4d35a4d06e4d18b7fadb4eac14e5a02d.php 第 68 行.
NOTIC: [8] Use of undefined constant type_name - assumed 'type_name' E:\phpstudy\WWW\jfsc\Application\Admin\Runtime\Cache\Home\4d35a4d06e4d18b7fadb4eac14e5a02d.php 第 68 行.
NOTIC: [8] Use of undefined constant type - assumed 'type' E:\phpstudy\WWW\jfsc\Application\Admin\Runtime\Cache\Home\4d35a4d06e4d18b7fadb4eac14e5a02d.php 第 68 行.
NOTIC: [8] Use of undefined constant type_name - assumed 'type_name' E:\phpstudy\WWW\jfsc\Application\Admin\Runtime\Cache\Home\4d35a4d06e4d18b7fadb4eac14e5a02d.php 第 68 行.
NOTIC: [8] Use of undefined constant type - assumed 'type' E:\phpstudy\WWW\jfsc\Application\Admin\Runtime\Cache\Home\4d35a4d06e4d18b7fadb4eac14e5a02d.php 第 68 行.
NOTIC: [8] Use of undefined constant type_name - assumed 'type_name' E:\phpstudy\WWW\jfsc\Application\Admin\Runtime\Cache\Home\4d35a4d06e4d18b7fadb4eac14e5a02d.php 第 68 行.
NOTIC: [8] Use of undefined constant type - assumed 'type' E:\phpstudy\WWW\jfsc\Application\Admin\Runtime\Cache\Home\4d35a4d06e4d18b7fadb4eac14e5a02d.php 第 68 行.
NOTIC: [8] Use of undefined constant type_name - assumed 'type_name' E:\phpstudy\WWW\jfsc\Application\Admin\Runtime\Cache\Home\4d35a4d06e4d18b7fadb4eac14e5a02d.php 第 68 行.
INFO: Run Behavior\ParseTemplateBehavior [ RunTime:0.009987s ]
INFO: [ view_parse ] --END-- [ RunTime:0.010051s ]
INFO: [ view_filter ] --START--
INFO: Run Behavior\WriteHtmlCacheBehavior [ RunTime:0.000241s ]
INFO: [ view_filter ] --END-- [ RunTime:0.000294s ]
INFO: [ app_end ] --START--
INFO: Run Behavior\ShowPageTraceBehavior [ RunTime:0.000487s ]
INFO: [ app_end ] --END-- [ RunTime:0.000545s ]

[ 2017-02-21T17:12:23+08:00 ] ::1 /jfsc/admin.php?c=User
INFO: [ app_init ] --START--
INFO: Run Behavior\BuildLiteBehavior [ RunTime:0.000019s ]
INFO: [ app_init ] --END-- [ RunTime:0.000518s ]
INFO: [ app_begin ] --START--
INFO: Run Behavior\ReadHtmlCacheBehavior [ RunTime:0.000917s ]
INFO: [ app_begin ] --END-- [ RunTime:0.000983s ]
SQL: SHOW COLUMNS FROM `jf_user` [ RunTime:0.004703s ]
SQL: SELECT COUNT(*) AS tp_count FROM `jf_user` LIMIT 1   [ RunTime:0.000215s ]
NOTIC: [8] Undefined index: page E:\phpstudy\WWW\jfsc\Application\Admin\Home\Controller\CommonController.class.php 第 30 行.
SQL: SELECT * FROM `jf_user` ORDER BY user_id desc LIMIT 0,1   [ RunTime:0.000272s ]
SQL: SELECT COUNT(*) AS tp_count FROM `jf_user` LIMIT 1   [ RunTime:0.000153s ]
NOTIC: [8] Undefined index: page E:\phpstudy\WWW\jfsc\Application\Admin\Home\Controller\CommonController.class.php 第 30 行.
NOTIC: [8] Undefined index: user_name E:\phpstudy\WWW\jfsc\Application\Admin\Home\Controller\UserController.class.php 第 11 行.
INFO: [ view_parse ] --START--
INFO: [ template_filter ] --START--
INFO: Run Behavior\ContentReplaceBehavior [ RunTime:0.000087s ]
INFO: [ template_filter ] --END-- [ RunTime:0.000171s ]
NOTIC: [8] Undefined variable: status E:\phpstudy\WWW\jfsc\Application\Admin\Runtime\Cache\Home\3ec7283119d5cae6b52cd27c82ec8d34.php 第 40 行.
NOTIC: [8] Use of undefined constant user_status - assumed 'user_status' E:\phpstudy\WWW\jfsc\Application\Admin\Runtime\Cache\Home\3ec7283119d5cae6b52cd27c82ec8d34.php 第 72 行.
NOTIC: [8] Undefined index: admin_id E:\phpstudy\WWW\jfsc\Application\Admin\Runtime\Cache\Home\3ec7283119d5cae6b52cd27c82ec8d34.php 第 73 行.
NOTIC: [8] Undefined variable: user_name E:\phpstudy\WWW\jfsc\Application\Admin\Runtime\Cache\Home\3ec7283119d5cae6b52cd27c82ec8d34.php 第 84 行.
NOTIC: [8] Undefined variable: user_name E:\phpstudy\WWW\jfsc\Application\Admin\Runtime\Cache\Home\3ec7283119d5cae6b52cd27c82ec8d34.php 第 85 行.
NOTIC: [8] Undefined variable: user_name E:\phpstudy\WWW\jfsc\Application\Admin\Runtime\Cache\Home\3ec7283119d5cae6b52cd27c82ec8d34.php 第 86 行.
NOTIC: [8] Undefined variable: user_name E:\phpstudy\WWW\jfsc\Application\Admin\Runtime\Cache\Home\3ec7283119d5cae6b52cd27c82ec8d34.php 第 87 行.
NOTIC: [8] Undefined variable: user_name E:\phpstudy\WWW\jfsc\Application\Admin\Runtime\Cache\Home\3ec7283119d5cae6b52cd27c82ec8d34.php 第 99 行.
INFO: Run Behavior\ParseTemplateBehavior [ RunTime:0.011305s ]
INFO: [ view_parse ] --END-- [ RunTime:0.011391s ]
INFO: [ view_filter ] --START--
INFO: Run Behavior\WriteHtmlCacheBehavior [ RunTime:0.000673s ]
INFO: [ view_filter ] --END-- [ RunTime:0.000729s ]
INFO: [ app_end ] --START--
INFO: Run Behavior\ShowPageTraceBehavior [ RunTime:0.000879s ]
INFO: [ app_end ] --END-- [ RunTime:0.000938s ]

[ 2017-02-21T17:12:28+08:00 ] ::1 /jfsc/admin.php
INFO: [ app_init ] --START--
INFO: Run Behavior\BuildLiteBehavior [ RunTime:0.000019s ]
INFO: [ app_init ] --END-- [ RunTime:0.000410s ]
INFO: [ app_begin ] --START--
INFO: Run Behavior\ReadHtmlCacheBehavior [ RunTime:0.001742s ]
INFO: [ app_begin ] --END-- [ RunTime:0.001870s ]
INFO: [ view_parse ] --START--
INFO: [ template_filter ] --START--
INFO: Run Behavior\ContentReplaceBehavior [ RunTime:0.000039s ]
INFO: [ template_filter ] --END-- [ RunTime:0.000106s ]
INFO: Run Behavior\ParseTemplateBehavior [ RunTime:0.007146s ]
INFO: [ view_parse ] --END-- [ RunTime:0.007237s ]
INFO: [ view_filter ] --START--
INFO: Run Behavior\WriteHtmlCacheBehavior [ RunTime:0.000623s ]
INFO: [ view_filter ] --END-- [ RunTime:0.000673s ]
INFO: [ app_end ] --START--
INFO: Run Behavior\ShowPageTraceBehavior [ RunTime:0.000885s ]
INFO: [ app_end ] --END-- [ RunTime:0.000938s ]

[ 2017-02-21T17:12:28+08:00 ] ::1 /jfsc/admin.php/home/index/left.html
INFO: [ app_init ] --START--
INFO: Run Behavior\BuildLiteBehavior [ RunTime:0.000025s ]
INFO: [ app_init ] --END-- [ RunTime:0.000512s ]
INFO: [ app_begin ] --START--
INFO: Run Behavior\ReadHtmlCacheBehavior [ RunTime:0.000478s ]
INFO: [ app_begin ] --END-- [ RunTime:0.000555s ]
SQL: SHOW COLUMNS FROM `jf_type` [ RunTime:0.005653s ]
SQL: SELECT * FROM `jf_type` WHERE ( type_pid=0 )  [ RunTime:0.000453s ]
INFO: [ view_parse ] --START--
INFO: [ template_filter ] --START--
INFO: Run Behavior\ContentReplaceBehavior [ RunTime:0.000063s ]
INFO: [ template_filter ] --END-- [ RunTime:0.000142s ]
INFO: Run Behavior\ParseTemplateBehavior [ RunTime:0.009460s ]
INFO: [ view_parse ] --END-- [ RunTime:0.009553s ]
INFO: [ view_filter ] --START--
INFO: Run Behavior\WriteHtmlCacheBehavior [ RunTime:0.000234s ]
INFO: [ view_filter ] --END-- [ RunTime:0.000345s ]
INFO: [ app_end ] --START--
INFO: Run Behavior\ShowPageTraceBehavior [ RunTime:0.000478s ]
INFO: [ app_end ] --END-- [ RunTime:0.000534s ]

[ 2017-02-21T17:12:28+08:00 ] ::1 /jfsc/admin.php/home/index/topnav.html
INFO: [ app_init ] --START--
INFO: Run Behavior\BuildLiteBehavior [ RunTime:0.000025s ]
INFO: [ app_init ] --END-- [ RunTime:0.000587s ]
INFO: [ app_begin ] --START--
INFO: Run Behavior\ReadHtmlCacheBehavior [ RunTime:0.001503s ]
INFO: [ app_begin ] --END-- [ RunTime:0.001644s ]
INFO: [ view_parse ] --START--
INFO: [ template_filter ] --START--
INFO: Run Behavior\ContentReplaceBehavior [ RunTime:0.000084s ]
INFO: [ template_filter ] --END-- [ RunTime:0.000469s ]
NOTIC: [8] Undefined variable: username E:\phpstudy\WWW\jfsc\Application\Admin\Runtime\Cache\Home\51ee4addad4952eec3b128f2c7b20c19.php 第 24 行.
INFO: Run Behavior\ParseTemplateBehavior [ RunTime:0.017918s ]
INFO: [ view_parse ] --END-- [ RunTime:0.018032s ]
INFO: [ view_filter ] --START--
INFO: Run Behavior\WriteHtmlCacheBehavior [ RunTime:0.001164s ]
INFO: [ view_filter ] --END-- [ RunTime:0.001262s ]
INFO: [ app_end ] --START--
INFO: Run Behavior\ShowPageTraceBehavior [ RunTime:0.001555s ]
INFO: [ app_end ] --END-- [ RunTime:0.001659s ]

[ 2017-02-21T17:12:28+08:00 ] ::1 /jfsc/admin.php/home/index/rightt.html
INFO: [ app_init ] --START--
INFO: Run Behavior\BuildLiteBehavior [ RunTime:0.000030s ]
INFO: [ app_init ] --END-- [ RunTime:0.000791s ]
INFO: [ app_begin ] --START--
INFO: Run Behavior\ReadHtmlCacheBehavior [ RunTime:0.000663s ]
INFO: [ app_begin ] --END-- [ RunTime:0.000738s ]
INFO: [ view_parse ] --START--
INFO: [ template_filter ] --START--
INFO: Run Behavior\ContentReplaceBehavior [ RunTime:0.000068s ]
INFO: [ template_filter ] --END-- [ RunTime:0.000308s ]
NOTIC: [8] Undefined variable: username E:\phpstudy\WWW\jfsc\Application\Admin\Runtime\Cache\Home\b15ec853da18062aef952a5d39180901.php 第 30 行.
INFO: Run Behavior\ParseTemplateBehavior [ RunTime:0.010886s ]
INFO: [ view_parse ] --END-- [ RunTime:0.010998s ]
INFO: [ view_filter ] --START--
INFO: Run Behavior\WriteHtmlCacheBehavior [ RunTime:0.009631s ]
INFO: [ view_filter ] --END-- [ RunTime:0.009754s ]
INFO: [ app_end ] --START--
INFO: Run Behavior\ShowPageTraceBehavior [ RunTime:0.002490s ]
INFO: [ app_end ] --END-- [ RunTime:0.002620s ]

[ 2017-02-21T17:12:30+08:00 ] ::1 /jfsc/admin.php?c=Protype
INFO: [ app_init ] --START--
INFO: Run Behavior\BuildLiteBehavior [ RunTime:0.000020s ]
INFO: [ app_init ] --END-- [ RunTime:0.000362s ]
INFO: [ app_begin ] --START--
INFO: Run Behavior\ReadHtmlCacheBehavior [ RunTime:0.000449s ]
INFO: [ app_begin ] --END-- [ RunTime:0.000514s ]
SQL: SHOW COLUMNS FROM `jf_type` [ RunTime:0.004451s ]
SQL: SELECT COUNT(*) AS tp_count FROM `jf_type` WHERE ( type_pid=0 ) LIMIT 1   [ RunTime:0.000264s ]
NOTIC: [8] Undefined index: page E:\phpstudy\WWW\jfsc\Application\Admin\Home\Controller\CommonController.class.php 第 30 行.
SQL: SELECT * FROM `jf_type` WHERE ( type_pid=0 ) ORDER BY type_id asc LIMIT 0,5   [ RunTime:0.000251s ]
SQL: SELECT COUNT(*) AS tp_count FROM `jf_type` WHERE ( type_pid=0 ) LIMIT 1   [ RunTime:0.000198s ]
NOTIC: [8] Undefined index: page E:\phpstudy\WWW\jfsc\Application\Admin\Home\Controller\CommonController.class.php 第 30 行.
SQL: SELECT * FROM `jf_type` WHERE ( type_pid=6 )  [ RunTime:0.000208s ]
SQL: SELECT * FROM `jf_type` WHERE ( type_pid=53 )  [ RunTime:0.000196s ]
SQL: SELECT * FROM `jf_type` WHERE ( type_pid=59 )  [ RunTime:0.000198s ]
SQL: SELECT * FROM `jf_type` WHERE ( type_pid=64 )  [ RunTime:0.000192s ]
SQL: SELECT * FROM `jf_type` WHERE ( type_pid=68 )  [ RunTime:0.000196s ]
NOTIC: [8] Undefined offset: 5 E:\phpstudy\WWW\jfsc\Application\Admin\Home\Controller\ProtypeController.class.php 第 127 行.
SQL: SELECT * FROM `jf_type` WHERE ( type_pid= )  [ RunTime:0.000133s ]
ERR: 1064:You have an error in your SQL syntax; check the manual that corresponds to your MySQL server version for the right syntax to use near ')' at line 1
 [ SQL语句 ] : SELECT * FROM `jf_type` WHERE ( type_pid= ) 
INFO: [ view_parse ] --START--
INFO: [ template_filter ] --START--
INFO: Run Behavior\ContentReplaceBehavior [ RunTime:0.000073s ]
INFO: [ template_filter ] --END-- [ RunTime:0.000214s ]
NOTIC: [8] Undefined variable: username E:\phpstudy\WWW\jfsc\Application\Admin\Runtime\Cache\Home\d2316413c7d19d992170d886f262453f.php 第 83 行.
INFO: Run Behavior\ParseTemplateBehavior [ RunTime:0.009870s ]
INFO: [ view_parse ] --END-- [ RunTime:0.009946s ]
INFO: [ view_filter ] --START--
INFO: Run Behavior\WriteHtmlCacheBehavior [ RunTime:0.000240s ]
INFO: [ view_filter ] --END-- [ RunTime:0.000295s ]
INFO: [ app_end ] --START--
INFO: Run Behavior\ShowPageTraceBehavior [ RunTime:0.000737s ]
INFO: [ app_end ] --END-- [ RunTime:0.000801s ]

[ 2017-02-21T17:12:31+08:00 ] ::1 /jfsc/admin.php?c=User
INFO: [ app_init ] --START--
INFO: Run Behavior\BuildLiteBehavior [ RunTime:0.000016s ]
INFO: [ app_init ] --END-- [ RunTime:0.000344s ]
INFO: [ app_begin ] --START--
INFO: Run Behavior\ReadHtmlCacheBehavior [ RunTime:0.000492s ]
INFO: [ app_begin ] --END-- [ RunTime:0.000564s ]
SQL: SHOW COLUMNS FROM `jf_user` [ RunTime:0.004682s ]
SQL: SELECT COUNT(*) AS tp_count FROM `jf_user` LIMIT 1   [ RunTime:0.000204s ]
NOTIC: [8] Undefined index: page E:\phpstudy\WWW\jfsc\Application\Admin\Home\Controller\CommonController.class.php 第 30 行.
SQL: SELECT * FROM `jf_user` ORDER BY user_id desc LIMIT 0,1   [ RunTime:0.000294s ]
SQL: SELECT COUNT(*) AS tp_count FROM `jf_user` LIMIT 1   [ RunTime:0.000182s ]
NOTIC: [8] Undefined index: page E:\phpstudy\WWW\jfsc\Application\Admin\Home\Controller\CommonController.class.php 第 30 行.
NOTIC: [8] Undefined index: user_name E:\phpstudy\WWW\jfsc\Application\Admin\Home\Controller\UserController.class.php 第 11 行.
INFO: [ view_parse ] --START--
INFO: [ template_filter ] --START--
INFO: Run Behavior\ContentReplaceBehavior [ RunTime:0.000076s ]
INFO: [ template_filter ] --END-- [ RunTime:0.000145s ]
NOTIC: [8] Undefined variable: status E:\phpstudy\WWW\jfsc\Application\Admin\Runtime\Cache\Home\3ec7283119d5cae6b52cd27c82ec8d34.php 第 40 行.
NOTIC: [8] Use of undefined constant user_status - assumed 'user_status' E:\phpstudy\WWW\jfsc\Application\Admin\Runtime\Cache\Home\3ec7283119d5cae6b52cd27c82ec8d34.php 第 72 行.
NOTIC: [8] Undefined index: admin_id E:\phpstudy\WWW\jfsc\Application\Admin\Runtime\Cache\Home\3ec7283119d5cae6b52cd27c82ec8d34.php 第 73 行.
NOTIC: [8] Undefined variable: user_name E:\phpstudy\WWW\jfsc\Application\Admin\Runtime\Cache\Home\3ec7283119d5cae6b52cd27c82ec8d34.php 第 84 行.
NOTIC: [8] Undefined variable: user_name E:\phpstudy\WWW\jfsc\Application\Admin\Runtime\Cache\Home\3ec7283119d5cae6b52cd27c82ec8d34.php 第 85 行.
NOTIC: [8] Undefined variable: user_name E:\phpstudy\WWW\jfsc\Application\Admin\Runtime\Cache\Home\3ec7283119d5cae6b52cd27c82ec8d34.php 第 86 行.
NOTIC: [8] Undefined variable: user_name E:\phpstudy\WWW\jfsc\Application\Admin\Runtime\Cache\Home\3ec7283119d5cae6b52cd27c82ec8d34.php 第 87 行.
NOTIC: [8] Undefined variable: user_name E:\phpstudy\WWW\jfsc\Application\Admin\Runtime\Cache\Home\3ec7283119d5cae6b52cd27c82ec8d34.php 第 99 行.
INFO: Run Behavior\ParseTemplateBehavior [ RunTime:0.009286s ]
INFO: [ view_parse ] --END-- [ RunTime:0.009358s ]
INFO: [ view_filter ] --START--
INFO: Run Behavior\WriteHtmlCacheBehavior [ RunTime:0.000233s ]
INFO: [ view_filter ] --END-- [ RunTime:0.000289s ]
INFO: [ app_end ] --START--
INFO: Run Behavior\ShowPageTraceBehavior [ RunTime:0.000460s ]
INFO: [ app_end ] --END-- [ RunTime:0.000512s ]

[ 2017-02-21T17:12:32+08:00 ] ::1 /jfsc/admin.php?c=Protype
INFO: [ app_init ] --START--
INFO: Run Behavior\BuildLiteBehavior [ RunTime:0.000015s ]
INFO: [ app_init ] --END-- [ RunTime:0.000342s ]
INFO: [ app_begin ] --START--
INFO: Run Behavior\ReadHtmlCacheBehavior [ RunTime:0.000440s ]
INFO: [ app_begin ] --END-- [ RunTime:0.000499s ]
SQL: SHOW COLUMNS FROM `jf_type` [ RunTime:0.004920s ]
SQL: SELECT COUNT(*) AS tp_count FROM `jf_type` WHERE ( type_pid=0 ) LIMIT 1   [ RunTime:0.000255s ]
NOTIC: [8] Undefined index: page E:\phpstudy\WWW\jfsc\Application\Admin\Home\Controller\CommonController.class.php 第 30 行.
SQL: SELECT * FROM `jf_type` WHERE ( type_pid=0 ) ORDER BY type_id asc LIMIT 0,5   [ RunTime:0.000227s ]
SQL: SELECT COUNT(*) AS tp_count FROM `jf_type` WHERE ( type_pid=0 ) LIMIT 1   [ RunTime:0.000179s ]
NOTIC: [8] Undefined index: page E:\phpstudy\WWW\jfsc\Application\Admin\Home\Controller\CommonController.class.php 第 30 行.
SQL: SELECT * FROM `jf_type` WHERE ( type_pid=6 )  [ RunTime:0.000192s ]
SQL: SELECT * FROM `jf_type` WHERE ( type_pid=53 )  [ RunTime:0.000192s ]
SQL: SELECT * FROM `jf_type` WHERE ( type_pid=59 )  [ RunTime:0.000185s ]
SQL: SELECT * FROM `jf_type` WHERE ( type_pid=64 )  [ RunTime:0.000185s ]
SQL: SELECT * FROM `jf_type` WHERE ( type_pid=68 )  [ RunTime:0.000194s ]
NOTIC: [8] Undefined offset: 5 E:\phpstudy\WWW\jfsc\Application\Admin\Home\Controller\ProtypeController.class.php 第 127 行.
SQL: SELECT * FROM `jf_type` WHERE ( type_pid= )  [ RunTime:0.000113s ]
ERR: 1064:You have an error in your SQL syntax; check the manual that corresponds to your MySQL server version for the right syntax to use near ')' at line 1
 [ SQL语句 ] : SELECT * FROM `jf_type` WHERE ( type_pid= ) 
INFO: [ view_parse ] --START--
INFO: [ template_filter ] --START--
INFO: Run Behavior\ContentReplaceBehavior [ RunTime:0.000089s ]
INFO: [ template_filter ] --END-- [ RunTime:0.000218s ]
NOTIC: [8] Undefined variable: username E:\phpstudy\WWW\jfsc\Application\Admin\Runtime\Cache\Home\d2316413c7d19d992170d886f262453f.php 第 83 行.
INFO: Run Behavior\ParseTemplateBehavior [ RunTime:0.010094s ]
INFO: [ view_parse ] --END-- [ RunTime:0.010169s ]
INFO: [ view_filter ] --START--
INFO: Run Behavior\WriteHtmlCacheBehavior [ RunTime:0.000214s ]
INFO: [ view_filter ] --END-- [ RunTime:0.000296s ]
INFO: [ app_end ] --START--
INFO: Run Behavior\ShowPageTraceBehavior [ RunTime:0.000733s ]
INFO: [ app_end ] --END-- [ RunTime:0.000797s ]

[ 2017-02-21T17:12:33+08:00 ] ::1 /jfsc/admin.php?c=User
INFO: [ app_init ] --START--
INFO: Run Behavior\BuildLiteBehavior [ RunTime:0.000026s ]
INFO: [ app_init ] --END-- [ RunTime:0.000547s ]
INFO: [ app_begin ] --START--
INFO: Run Behavior\ReadHtmlCacheBehavior [ RunTime:0.000702s ]
INFO: [ app_begin ] --END-- [ RunTime:0.000814s ]
SQL: SHOW COLUMNS FROM `jf_user` [ RunTime:0.005553s ]
SQL: SELECT COUNT(*) AS tp_count FROM `jf_user` LIMIT 1   [ RunTime:0.000230s ]
NOTIC: [8] Undefined index: page E:\phpstudy\WWW\jfsc\Application\Admin\Home\Controller\CommonController.class.php 第 30 行.
SQL: SELECT * FROM `jf_user` ORDER BY user_id desc LIMIT 0,1   [ RunTime:0.000289s ]
SQL: SELECT COUNT(*) AS tp_count FROM `jf_user` LIMIT 1   [ RunTime:0.000150s ]
NOTIC: [8] Undefined index: page E:\phpstudy\WWW\jfsc\Application\Admin\Home\Controller\CommonController.class.php 第 30 行.
NOTIC: [8] Undefined index: user_name E:\phpstudy\WWW\jfsc\Application\Admin\Home\Controller\UserController.class.php 第 11 行.
INFO: [ view_parse ] --START--
INFO: [ template_filter ] --START--
INFO: Run Behavior\ContentReplaceBehavior [ RunTime:0.000124s ]
INFO: [ template_filter ] --END-- [ RunTime:0.000227s ]
NOTIC: [8] Undefined variable: status E:\phpstudy\WWW\jfsc\Application\Admin\Runtime\Cache\Home\3ec7283119d5cae6b52cd27c82ec8d34.php 第 40 行.
NOTIC: [8] Use of undefined constant user_status - assumed 'user_status' E:\phpstudy\WWW\jfsc\Application\Admin\Runtime\Cache\Home\3ec7283119d5cae6b52cd27c82ec8d34.php 第 72 行.
NOTIC: [8] Undefined index: admin_id E:\phpstudy\WWW\jfsc\Application\Admin\Runtime\Cache\Home\3ec7283119d5cae6b52cd27c82ec8d34.php 第 73 行.
NOTIC: [8] Undefined variable: user_name E:\phpstudy\WWW\jfsc\Application\Admin\Runtime\Cache\Home\3ec7283119d5cae6b52cd27c82ec8d34.php 第 84 行.
NOTIC: [8] Undefined variable: user_name E:\phpstudy\WWW\jfsc\Application\Admin\Runtime\Cache\Home\3ec7283119d5cae6b52cd27c82ec8d34.php 第 85 行.
NOTIC: [8] Undefined variable: user_name E:\phpstudy\WWW\jfsc\Application\Admin\Runtime\Cache\Home\3ec7283119d5cae6b52cd27c82ec8d34.php 第 86 行.
NOTIC: [8] Undefined variable: user_name E:\phpstudy\WWW\jfsc\Application\Admin\Runtime\Cache\Home\3ec7283119d5cae6b52cd27c82ec8d34.php 第 87 行.
NOTIC: [8] Undefined variable: user_name E:\phpstudy\WWW\jfsc\Application\Admin\Runtime\Cache\Home\3ec7283119d5cae6b52cd27c82ec8d34.php 第 99 行.
INFO: Run Behavior\ParseTemplateBehavior [ RunTime:0.010054s ]
INFO: [ view_parse ] --END-- [ RunTime:0.010114s ]
INFO: [ view_filter ] --START--
INFO: Run Behavior\WriteHtmlCacheBehavior [ RunTime:0.000238s ]
INFO: [ view_filter ] --END-- [ RunTime:0.000298s ]
INFO: [ app_end ] --START--
INFO: Run Behavior\ShowPageTraceBehavior [ RunTime:0.000460s ]
INFO: [ app_end ] --END-- [ RunTime:0.000514s ]

